[2026-04-27T08:23:56.561+0000] {taskinstance.py:1956} INFO - Dependencies all met for dep_context=non-requeueable deps ti=<TaskInstance: 05_full_pipeline.trigger_extract manual__2026-04-27T08:23:52.603358+00:00 [queued]>
[2026-04-27T08:23:56.575+0000] {taskinstance.py:1956} INFO - Dependencies all met for dep_context=requeueable deps ti=<TaskInstance: 05_full_pipeline.trigger_extract manual__2026-04-27T08:23:52.603358+00:00 [queued]>
[2026-04-27T08:23:56.576+0000] {taskinstance.py:2170} INFO - Starting attempt 1 of 2
[2026-04-27T08:23:56.600+0000] {taskinstance.py:2191} INFO - Executing <Task(TriggerDagRunOperator): trigger_extract> on 2026-04-27 08:23:52.603358+00:00
[2026-04-27T08:23:56.608+0000] {standard_task_runner.py:60} INFO - Started process 873 to run task
[2026-04-27T08:23:56.612+0000] {standard_task_runner.py:87} INFO - Running: ['***', 'tasks', 'run', '05_full_pipeline', 'trigger_extract', 'manual__2026-04-27T08:23:52.603358+00:00', '--job-id', '4', '--raw', '--subdir', 'DAGS_FOLDER/05_full_pipeline.py', '--cfg-path', '/tmp/tmpg6imu_ko']
[2026-04-27T08:23:56.615+0000] {standard_task_runner.py:88} INFO - Job 4: Subtask trigger_extract
[2026-04-27T08:23:56.711+0000] {task_command.py:423} INFO - Running <TaskInstance: 05_full_pipeline.trigger_extract manual__2026-04-27T08:23:52.603358+00:00 [running]> on host 7f080beffe36
[2026-04-27T08:23:56.861+0000] {taskinstance.py:2480} INFO - Exporting env vars: AIRFLOW_CTX_DAG_OWNER='anidata-lab' AIRFLOW_CTX_DAG_ID='05_full_pipeline' AIRFLOW_CTX_TASK_ID='trigger_extract' AIRFLOW_CTX_EXECUTION_DATE='2026-04-27T08:23:52.603358+00:00' AIRFLOW_CTX_TRY_NUMBER='1' AIRFLOW_CTX_DAG_RUN_ID='manual__2026-04-27T08:23:52.603358+00:00'
[2026-04-27T08:23:57.023+0000] {trigger_dagrun.py:210} INFO - Waiting for 01_extract_anime on 2026-04-27 08:23:56.862906+00:00 to become allowed state ['success'] ...
[2026-04-27T08:24:07.042+0000] {trigger_dagrun.py:210} INFO - Waiting for 01_extract_anime on 2026-04-27 08:23:56.862906+00:00 to become allowed state ['success'] ...
[2026-04-27T08:24:17.061+0000] {trigger_dagrun.py:210} INFO - Waiting for 01_extract_anime on 2026-04-27 08:23:56.862906+00:00 to become allowed state ['success'] ...
[2026-04-27T08:24:28.665+0000] {trigger_dagrun.py:210} INFO - Waiting for 01_extract_anime on 2026-04-27 08:23:56.862906+00:00 to become allowed state ['success'] ...
[2026-04-27T08:24:38.683+0000] {trigger_dagrun.py:210} INFO - Waiting for 01_extract_anime on 2026-04-27 08:23:56.862906+00:00 to become allowed state ['success'] ...
[2026-04-27T08:24:48.704+0000] {trigger_dagrun.py:210} INFO - Waiting for 01_extract_anime on 2026-04-27 08:23:56.862906+00:00 to become allowed state ['success'] ...
[2026-04-27T08:25:00.462+0000] {trigger_dagrun.py:210} INFO - Waiting for 01_extract_anime on 2026-04-27 08:23:56.862906+00:00 to become allowed state ['success'] ...
[2026-04-27T08:25:10.481+0000] {trigger_dagrun.py:210} INFO - Waiting for 01_extract_anime on 2026-04-27 08:23:56.862906+00:00 to become allowed state ['success'] ...
[2026-04-27T08:25:20.498+0000] {trigger_dagrun.py:210} INFO - Waiting for 01_extract_anime on 2026-04-27 08:23:56.862906+00:00 to become allowed state ['success'] ...
[2026-04-27T08:25:32.259+0000] {trigger_dagrun.py:210} INFO - Waiting for 01_extract_anime on 2026-04-27 08:23:56.862906+00:00 to become allowed state ['success'] ...
[2026-04-27T08:25:42.278+0000] {trigger_dagrun.py:210} INFO - Waiting for 01_extract_anime on 2026-04-27 08:23:56.862906+00:00 to become allowed state ['success'] ...
[2026-04-27T08:25:52.300+0000] {trigger_dagrun.py:210} INFO - Waiting for 01_extract_anime on 2026-04-27 08:23:56.862906+00:00 to become allowed state ['success'] ...
[2026-04-27T08:26:03.822+0000] {trigger_dagrun.py:210} INFO - Waiting for 01_extract_anime on 2026-04-27 08:23:56.862906+00:00 to become allowed state ['success'] ...
[2026-04-27T08:26:13.840+0000] {trigger_dagrun.py:210} INFO - Waiting for 01_extract_anime on 2026-04-27 08:23:56.862906+00:00 to become allowed state ['success'] ...
[2026-04-27T08:26:23.860+0000] {trigger_dagrun.py:210} INFO - Waiting for 01_extract_anime on 2026-04-27 08:23:56.862906+00:00 to become allowed state ['success'] ...
[2026-04-27T08:26:35.463+0000] {trigger_dagrun.py:210} INFO - Waiting for 01_extract_anime on 2026-04-27 08:23:56.862906+00:00 to become allowed state ['success'] ...
[2026-04-27T08:26:45.481+0000] {trigger_dagrun.py:210} INFO - Waiting for 01_extract_anime on 2026-04-27 08:23:56.862906+00:00 to become allowed state ['success'] ...
[2026-04-27T08:26:55.499+0000] {trigger_dagrun.py:210} INFO - Waiting for 01_extract_anime on 2026-04-27 08:23:56.862906+00:00 to become allowed state ['success'] ...
[2026-04-27T08:27:07.355+0000] {trigger_dagrun.py:210} INFO - Waiting for 01_extract_anime on 2026-04-27 08:23:56.862906+00:00 to become allowed state ['success'] ...
[2026-04-27T08:27:17.376+0000] {trigger_dagrun.py:210} INFO - Waiting for 01_extract_anime on 2026-04-27 08:23:56.862906+00:00 to become allowed state ['success'] ...
[2026-04-27T08:27:27.393+0000] {trigger_dagrun.py:210} INFO - Waiting for 01_extract_anime on 2026-04-27 08:23:56.862906+00:00 to become allowed state ['success'] ...
[2026-04-27T08:27:39.158+0000] {trigger_dagrun.py:210} INFO - Waiting for 01_extract_anime on 2026-04-27 08:23:56.862906+00:00 to become allowed state ['success'] ...
[2026-04-27T08:27:49.177+0000] {trigger_dagrun.py:210} INFO - Waiting for 01_extract_anime on 2026-04-27 08:23:56.862906+00:00 to become allowed state ['success'] ...
[2026-04-27T08:27:59.198+0000] {trigger_dagrun.py:210} INFO - Waiting for 01_extract_anime on 2026-04-27 08:23:56.862906+00:00 to become allowed state ['success'] ...
[2026-04-27T08:28:10.685+0000] {trigger_dagrun.py:210} INFO - Waiting for 01_extract_anime on 2026-04-27 08:23:56.862906+00:00 to become allowed state ['success'] ...
[2026-04-27T08:28:20.703+0000] {trigger_dagrun.py:210} INFO - Waiting for 01_extract_anime on 2026-04-27 08:23:56.862906+00:00 to become allowed state ['success'] ...
[2026-04-27T08:28:30.723+0000] {trigger_dagrun.py:210} INFO - Waiting for 01_extract_anime on 2026-04-27 08:23:56.862906+00:00 to become allowed state ['success'] ...
[2026-04-27T08:28:42.341+0000] {trigger_dagrun.py:210} INFO - Waiting for 01_extract_anime on 2026-04-27 08:23:56.862906+00:00 to become allowed state ['success'] ...
[2026-04-27T08:28:52.359+0000] {trigger_dagrun.py:210} INFO - Waiting for 01_extract_anime on 2026-04-27 08:23:56.862906+00:00 to become allowed state ['success'] ...
[2026-04-27T08:29:02.376+0000] {trigger_dagrun.py:210} INFO - Waiting for 01_extract_anime on 2026-04-27 08:23:56.862906+00:00 to become allowed state ['success'] ...
[2026-04-27T08:29:13.055+0000] {trigger_dagrun.py:210} INFO - Waiting for 01_extract_anime on 2026-04-27 08:23:56.862906+00:00 to become allowed state ['success'] ...
[2026-04-27T08:29:23.075+0000] {trigger_dagrun.py:210} INFO - Waiting for 01_extract_anime on 2026-04-27 08:23:56.862906+00:00 to become allowed state ['success'] ...
[2026-04-27T08:29:33.094+0000] {trigger_dagrun.py:210} INFO - Waiting for 01_extract_anime on 2026-04-27 08:23:56.862906+00:00 to become allowed state ['success'] ...
[2026-04-27T08:29:44.424+0000] {trigger_dagrun.py:210} INFO - Waiting for 01_extract_anime on 2026-04-27 08:23:56.862906+00:00 to become allowed state ['success'] ...
[2026-04-27T08:29:54.444+0000] {trigger_dagrun.py:210} INFO - Waiting for 01_extract_anime on 2026-04-27 08:23:56.862906+00:00 to become allowed state ['success'] ...
[2026-04-27T08:30:04.463+0000] {trigger_dagrun.py:210} INFO - Waiting for 01_extract_anime on 2026-04-27 08:23:56.862906+00:00 to become allowed state ['success'] ...
[2026-04-27T08:30:15.461+0000] {trigger_dagrun.py:210} INFO - Waiting for 01_extract_anime on 2026-04-27 08:23:56.862906+00:00 to become allowed state ['success'] ...
[2026-04-27T08:30:25.480+0000] {trigger_dagrun.py:210} INFO - Waiting for 01_extract_anime on 2026-04-27 08:23:56.862906+00:00 to become allowed state ['success'] ...
[2026-04-27T08:30:35.499+0000] {trigger_dagrun.py:210} INFO - Waiting for 01_extract_anime on 2026-04-27 08:23:56.862906+00:00 to become allowed state ['success'] ...
[2026-04-27T08:30:45.808+0000] {trigger_dagrun.py:210} INFO - Waiting for 01_extract_anime on 2026-04-27 08:23:56.862906+00:00 to become allowed state ['success'] ...
[2026-04-27T08:30:55.828+0000] {trigger_dagrun.py:210} INFO - Waiting for 01_extract_anime on 2026-04-27 08:23:56.862906+00:00 to become allowed state ['success'] ...
[2026-04-27T08:31:05.847+0000] {trigger_dagrun.py:210} INFO - Waiting for 01_extract_anime on 2026-04-27 08:23:56.862906+00:00 to become allowed state ['success'] ...
[2026-04-27T08:31:15.951+0000] {trigger_dagrun.py:210} INFO - Waiting for 01_extract_anime on 2026-04-27 08:23:56.862906+00:00 to become allowed state ['success'] ...
[2026-04-27T08:31:25.970+0000] {trigger_dagrun.py:210} INFO - Waiting for 01_extract_anime on 2026-04-27 08:23:56.862906+00:00 to become allowed state ['success'] ...
[2026-04-27T08:31:35.991+0000] {trigger_dagrun.py:210} INFO - Waiting for 01_extract_anime on 2026-04-27 08:23:56.862906+00:00 to become allowed state ['success'] ...
[2026-04-27T08:31:46.029+0000] {trigger_dagrun.py:210} INFO - Waiting for 01_extract_anime on 2026-04-27 08:23:56.862906+00:00 to become allowed state ['success'] ...
[2026-04-27T08:31:56.048+0000] {trigger_dagrun.py:210} INFO - Waiting for 01_extract_anime on 2026-04-27 08:23:56.862906+00:00 to become allowed state ['success'] ...
[2026-04-27T08:32:06.068+0000] {trigger_dagrun.py:210} INFO - Waiting for 01_extract_anime on 2026-04-27 08:23:56.862906+00:00 to become allowed state ['success'] ...
[2026-04-27T08:32:16.090+0000] {trigger_dagrun.py:210} INFO - Waiting for 01_extract_anime on 2026-04-27 08:23:56.862906+00:00 to become allowed state ['success'] ...
[2026-04-27T08:32:26.110+0000] {trigger_dagrun.py:210} INFO - Waiting for 01_extract_anime on 2026-04-27 08:23:56.862906+00:00 to become allowed state ['success'] ...
[2026-04-27T08:32:36.129+0000] {trigger_dagrun.py:210} INFO - Waiting for 01_extract_anime on 2026-04-27 08:23:56.862906+00:00 to become allowed state ['success'] ...
[2026-04-27T08:32:46.149+0000] {trigger_dagrun.py:210} INFO - Waiting for 01_extract_anime on 2026-04-27 08:23:56.862906+00:00 to become allowed state ['success'] ...
[2026-04-27T08:32:56.168+0000] {trigger_dagrun.py:210} INFO - Waiting for 01_extract_anime on 2026-04-27 08:23:56.862906+00:00 to become allowed state ['success'] ...
[2026-04-27T08:33:06.187+0000] {trigger_dagrun.py:210} INFO - Waiting for 01_extract_anime on 2026-04-27 08:23:56.862906+00:00 to become allowed state ['success'] ...
[2026-04-27T08:33:16.204+0000] {trigger_dagrun.py:210} INFO - Waiting for 01_extract_anime on 2026-04-27 08:23:56.862906+00:00 to become allowed state ['success'] ...
[2026-04-27T08:33:26.223+0000] {trigger_dagrun.py:210} INFO - Waiting for 01_extract_anime on 2026-04-27 08:23:56.862906+00:00 to become allowed state ['success'] ...
[2026-04-27T08:33:36.242+0000] {trigger_dagrun.py:210} INFO - Waiting for 01_extract_anime on 2026-04-27 08:23:56.862906+00:00 to become allowed state ['success'] ...
[2026-04-27T08:33:46.257+0000] {trigger_dagrun.py:210} INFO - Waiting for 01_extract_anime on 2026-04-27 08:23:56.862906+00:00 to become allowed state ['success'] ...
[2026-04-27T08:33:56.277+0000] {trigger_dagrun.py:210} INFO - Waiting for 01_extract_anime on 2026-04-27 08:23:56.862906+00:00 to become allowed state ['success'] ...
[2026-04-27T08:34:06.296+0000] {trigger_dagrun.py:210} INFO - Waiting for 01_extract_anime on 2026-04-27 08:23:56.862906+00:00 to become allowed state ['success'] ...
[2026-04-27T08:34:16.313+0000] {trigger_dagrun.py:210} INFO - Waiting for 01_extract_anime on 2026-04-27 08:23:56.862906+00:00 to become allowed state ['success'] ...
[2026-04-27T08:34:26.332+0000] {trigger_dagrun.py:210} INFO - Waiting for 01_extract_anime on 2026-04-27 08:23:56.862906+00:00 to become allowed state ['success'] ...
[2026-04-27T08:34:36.352+0000] {trigger_dagrun.py:210} INFO - Waiting for 01_extract_anime on 2026-04-27 08:23:56.862906+00:00 to become allowed state ['success'] ...
[2026-04-27T08:34:46.369+0000] {trigger_dagrun.py:210} INFO - Waiting for 01_extract_anime on 2026-04-27 08:23:56.862906+00:00 to become allowed state ['success'] ...
[2026-04-27T08:34:56.387+0000] {trigger_dagrun.py:210} INFO - Waiting for 01_extract_anime on 2026-04-27 08:23:56.862906+00:00 to become allowed state ['success'] ...
[2026-04-27T08:35:06.406+0000] {trigger_dagrun.py:210} INFO - Waiting for 01_extract_anime on 2026-04-27 08:23:56.862906+00:00 to become allowed state ['success'] ...
[2026-04-27T08:35:16.422+0000] {trigger_dagrun.py:210} INFO - Waiting for 01_extract_anime on 2026-04-27 08:23:56.862906+00:00 to become allowed state ['success'] ...
[2026-04-27T08:35:26.442+0000] {trigger_dagrun.py:210} INFO - Waiting for 01_extract_anime on 2026-04-27 08:23:56.862906+00:00 to become allowed state ['success'] ...
[2026-04-27T08:35:36.461+0000] {trigger_dagrun.py:210} INFO - Waiting for 01_extract_anime on 2026-04-27 08:23:56.862906+00:00 to become allowed state ['success'] ...
[2026-04-27T08:35:46.477+0000] {trigger_dagrun.py:210} INFO - Waiting for 01_extract_anime on 2026-04-27 08:23:56.862906+00:00 to become allowed state ['success'] ...
[2026-04-27T08:35:56.495+0000] {trigger_dagrun.py:210} INFO - Waiting for 01_extract_anime on 2026-04-27 08:23:56.862906+00:00 to become allowed state ['success'] ...
[2026-04-27T08:36:06.515+0000] {trigger_dagrun.py:210} INFO - Waiting for 01_extract_anime on 2026-04-27 08:23:56.862906+00:00 to become allowed state ['success'] ...
[2026-04-27T08:36:16.532+0000] {trigger_dagrun.py:210} INFO - Waiting for 01_extract_anime on 2026-04-27 08:23:56.862906+00:00 to become allowed state ['success'] ...
[2026-04-27T08:36:26.552+0000] {trigger_dagrun.py:210} INFO - Waiting for 01_extract_anime on 2026-04-27 08:23:56.862906+00:00 to become allowed state ['success'] ...
[2026-04-27T08:36:36.572+0000] {trigger_dagrun.py:210} INFO - Waiting for 01_extract_anime on 2026-04-27 08:23:56.862906+00:00 to become allowed state ['success'] ...
[2026-04-27T08:36:46.590+0000] {trigger_dagrun.py:210} INFO - Waiting for 01_extract_anime on 2026-04-27 08:23:56.862906+00:00 to become allowed state ['success'] ...
[2026-04-27T08:36:56.608+0000] {trigger_dagrun.py:210} INFO - Waiting for 01_extract_anime on 2026-04-27 08:23:56.862906+00:00 to become allowed state ['success'] ...
[2026-04-27T08:37:06.628+0000] {trigger_dagrun.py:210} INFO - Waiting for 01_extract_anime on 2026-04-27 08:23:56.862906+00:00 to become allowed state ['success'] ...
[2026-04-27T08:37:16.644+0000] {trigger_dagrun.py:210} INFO - Waiting for 01_extract_anime on 2026-04-27 08:23:56.862906+00:00 to become allowed state ['success'] ...
[2026-04-27T08:37:26.664+0000] {trigger_dagrun.py:210} INFO - Waiting for 01_extract_anime on 2026-04-27 08:23:56.862906+00:00 to become allowed state ['success'] ...
[2026-04-27T08:37:36.684+0000] {trigger_dagrun.py:210} INFO - Waiting for 01_extract_anime on 2026-04-27 08:23:56.862906+00:00 to become allowed state ['success'] ...
[2026-04-27T08:37:46.700+0000] {trigger_dagrun.py:210} INFO - Waiting for 01_extract_anime on 2026-04-27 08:23:56.862906+00:00 to become allowed state ['success'] ...
[2026-04-27T08:37:56.718+0000] {trigger_dagrun.py:210} INFO - Waiting for 01_extract_anime on 2026-04-27 08:23:56.862906+00:00 to become allowed state ['success'] ...
[2026-04-27T08:38:06.738+0000] {trigger_dagrun.py:210} INFO - Waiting for 01_extract_anime on 2026-04-27 08:23:56.862906+00:00 to become allowed state ['success'] ...
[2026-04-27T08:38:16.756+0000] {trigger_dagrun.py:210} INFO - Waiting for 01_extract_anime on 2026-04-27 08:23:56.862906+00:00 to become allowed state ['success'] ...
[2026-04-27T08:38:26.776+0000] {trigger_dagrun.py:210} INFO - Waiting for 01_extract_anime on 2026-04-27 08:23:56.862906+00:00 to become allowed state ['success'] ...
[2026-04-27T08:38:36.794+0000] {trigger_dagrun.py:210} INFO - Waiting for 01_extract_anime on 2026-04-27 08:23:56.862906+00:00 to become allowed state ['success'] ...
[2026-04-27T08:38:46.810+0000] {trigger_dagrun.py:210} INFO - Waiting for 01_extract_anime on 2026-04-27 08:23:56.862906+00:00 to become allowed state ['success'] ...
[2026-04-27T08:38:56.830+0000] {trigger_dagrun.py:210} INFO - Waiting for 01_extract_anime on 2026-04-27 08:23:56.862906+00:00 to become allowed state ['success'] ...
[2026-04-27T08:39:06.851+0000] {trigger_dagrun.py:210} INFO - Waiting for 01_extract_anime on 2026-04-27 08:23:56.862906+00:00 to become allowed state ['success'] ...
[2026-04-27T08:39:16.868+0000] {trigger_dagrun.py:210} INFO - Waiting for 01_extract_anime on 2026-04-27 08:23:56.862906+00:00 to become allowed state ['success'] ...
[2026-04-27T08:39:26.889+0000] {trigger_dagrun.py:210} INFO - Waiting for 01_extract_anime on 2026-04-27 08:23:56.862906+00:00 to become allowed state ['success'] ...
[2026-04-27T08:39:36.908+0000] {trigger_dagrun.py:210} INFO - Waiting for 01_extract_anime on 2026-04-27 08:23:56.862906+00:00 to become allowed state ['success'] ...
[2026-04-27T08:39:46.925+0000] {trigger_dagrun.py:210} INFO - Waiting for 01_extract_anime on 2026-04-27 08:23:56.862906+00:00 to become allowed state ['success'] ...
[2026-04-27T08:39:56.946+0000] {trigger_dagrun.py:210} INFO - Waiting for 01_extract_anime on 2026-04-27 08:23:56.862906+00:00 to become allowed state ['success'] ...
[2026-04-27T08:40:06.965+0000] {trigger_dagrun.py:210} INFO - Waiting for 01_extract_anime on 2026-04-27 08:23:56.862906+00:00 to become allowed state ['success'] ...
[2026-04-27T08:40:16.981+0000] {trigger_dagrun.py:210} INFO - Waiting for 01_extract_anime on 2026-04-27 08:23:56.862906+00:00 to become allowed state ['success'] ...
[2026-04-27T08:40:27.000+0000] {trigger_dagrun.py:210} INFO - Waiting for 01_extract_anime on 2026-04-27 08:23:56.862906+00:00 to become allowed state ['success'] ...
[2026-04-27T08:40:37.020+0000] {trigger_dagrun.py:210} INFO - Waiting for 01_extract_anime on 2026-04-27 08:23:56.862906+00:00 to become allowed state ['success'] ...
[2026-04-27T08:40:47.036+0000] {trigger_dagrun.py:210} INFO - Waiting for 01_extract_anime on 2026-04-27 08:23:56.862906+00:00 to become allowed state ['success'] ...
[2026-04-27T08:40:57.055+0000] {trigger_dagrun.py:210} INFO - Waiting for 01_extract_anime on 2026-04-27 08:23:56.862906+00:00 to become allowed state ['success'] ...
[2026-04-27T08:41:07.071+0000] {trigger_dagrun.py:210} INFO - Waiting for 01_extract_anime on 2026-04-27 08:23:56.862906+00:00 to become allowed state ['success'] ...
[2026-04-27T08:41:17.090+0000] {trigger_dagrun.py:210} INFO - Waiting for 01_extract_anime on 2026-04-27 08:23:56.862906+00:00 to become allowed state ['success'] ...
[2026-04-27T08:41:27.110+0000] {trigger_dagrun.py:210} INFO - Waiting for 01_extract_anime on 2026-04-27 08:23:56.862906+00:00 to become allowed state ['success'] ...
[2026-04-27T08:41:37.127+0000] {trigger_dagrun.py:210} INFO - Waiting for 01_extract_anime on 2026-04-27 08:23:56.862906+00:00 to become allowed state ['success'] ...
[2026-04-27T08:41:47.146+0000] {trigger_dagrun.py:210} INFO - Waiting for 01_extract_anime on 2026-04-27 08:23:56.862906+00:00 to become allowed state ['success'] ...
[2026-04-27T08:41:57.167+0000] {trigger_dagrun.py:210} INFO - Waiting for 01_extract_anime on 2026-04-27 08:23:56.862906+00:00 to become allowed state ['success'] ...
[2026-04-27T08:42:07.182+0000] {trigger_dagrun.py:210} INFO - Waiting for 01_extract_anime on 2026-04-27 08:23:56.862906+00:00 to become allowed state ['success'] ...
[2026-04-27T08:42:17.202+0000] {trigger_dagrun.py:210} INFO - Waiting for 01_extract_anime on 2026-04-27 08:23:56.862906+00:00 to become allowed state ['success'] ...
[2026-04-27T08:42:27.220+0000] {trigger_dagrun.py:210} INFO - Waiting for 01_extract_anime on 2026-04-27 08:23:56.862906+00:00 to become allowed state ['success'] ...
[2026-04-27T08:42:37.236+0000] {trigger_dagrun.py:210} INFO - Waiting for 01_extract_anime on 2026-04-27 08:23:56.862906+00:00 to become allowed state ['success'] ...
[2026-04-27T08:42:47.255+0000] {trigger_dagrun.py:210} INFO - Waiting for 01_extract_anime on 2026-04-27 08:23:56.862906+00:00 to become allowed state ['success'] ...
[2026-04-27T08:42:57.274+0000] {trigger_dagrun.py:210} INFO - Waiting for 01_extract_anime on 2026-04-27 08:23:56.862906+00:00 to become allowed state ['success'] ...
[2026-04-27T08:43:07.295+0000] {trigger_dagrun.py:210} INFO - Waiting for 01_extract_anime on 2026-04-27 08:23:56.862906+00:00 to become allowed state ['success'] ...
[2026-04-27T08:43:17.315+0000] {trigger_dagrun.py:210} INFO - Waiting for 01_extract_anime on 2026-04-27 08:23:56.862906+00:00 to become allowed state ['success'] ...
[2026-04-27T08:43:27.334+0000] {trigger_dagrun.py:210} INFO - Waiting for 01_extract_anime on 2026-04-27 08:23:56.862906+00:00 to become allowed state ['success'] ...
[2026-04-27T08:43:37.350+0000] {trigger_dagrun.py:210} INFO - Waiting for 01_extract_anime on 2026-04-27 08:23:56.862906+00:00 to become allowed state ['success'] ...
[2026-04-27T08:43:47.367+0000] {trigger_dagrun.py:210} INFO - Waiting for 01_extract_anime on 2026-04-27 08:23:56.862906+00:00 to become allowed state ['success'] ...
[2026-04-27T08:43:57.387+0000] {trigger_dagrun.py:210} INFO - Waiting for 01_extract_anime on 2026-04-27 08:23:56.862906+00:00 to become allowed state ['success'] ...
[2026-04-27T08:44:07.405+0000] {trigger_dagrun.py:210} INFO - Waiting for 01_extract_anime on 2026-04-27 08:23:56.862906+00:00 to become allowed state ['success'] ...
[2026-04-27T08:44:17.425+0000] {trigger_dagrun.py:210} INFO - Waiting for 01_extract_anime on 2026-04-27 08:23:56.862906+00:00 to become allowed state ['success'] ...
[2026-04-27T08:44:27.444+0000] {trigger_dagrun.py:210} INFO - Waiting for 01_extract_anime on 2026-04-27 08:23:56.862906+00:00 to become allowed state ['success'] ...
[2026-04-27T08:44:37.462+0000] {trigger_dagrun.py:210} INFO - Waiting for 01_extract_anime on 2026-04-27 08:23:56.862906+00:00 to become allowed state ['success'] ...
[2026-04-27T08:44:47.483+0000] {trigger_dagrun.py:210} INFO - Waiting for 01_extract_anime on 2026-04-27 08:23:56.862906+00:00 to become allowed state ['success'] ...
[2026-04-27T08:44:57.503+0000] {trigger_dagrun.py:210} INFO - Waiting for 01_extract_anime on 2026-04-27 08:23:56.862906+00:00 to become allowed state ['success'] ...
[2026-04-27T08:45:07.519+0000] {trigger_dagrun.py:210} INFO - Waiting for 01_extract_anime on 2026-04-27 08:23:56.862906+00:00 to become allowed state ['success'] ...
[2026-04-27T08:45:17.539+0000] {trigger_dagrun.py:210} INFO - Waiting for 01_extract_anime on 2026-04-27 08:23:56.862906+00:00 to become allowed state ['success'] ...
[2026-04-27T08:45:27.559+0000] {trigger_dagrun.py:210} INFO - Waiting for 01_extract_anime on 2026-04-27 08:23:56.862906+00:00 to become allowed state ['success'] ...
[2026-04-27T08:45:37.578+0000] {trigger_dagrun.py:210} INFO - Waiting for 01_extract_anime on 2026-04-27 08:23:56.862906+00:00 to become allowed state ['success'] ...
[2026-04-27T08:45:47.597+0000] {trigger_dagrun.py:210} INFO - Waiting for 01_extract_anime on 2026-04-27 08:23:56.862906+00:00 to become allowed state ['success'] ...
[2026-04-27T08:45:57.617+0000] {trigger_dagrun.py:210} INFO - Waiting for 01_extract_anime on 2026-04-27 08:23:56.862906+00:00 to become allowed state ['success'] ...
[2026-04-27T08:46:07.634+0000] {trigger_dagrun.py:210} INFO - Waiting for 01_extract_anime on 2026-04-27 08:23:56.862906+00:00 to become allowed state ['success'] ...
[2026-04-27T08:46:17.654+0000] {trigger_dagrun.py:210} INFO - Waiting for 01_extract_anime on 2026-04-27 08:23:56.862906+00:00 to become allowed state ['success'] ...
[2026-04-27T08:46:27.674+0000] {trigger_dagrun.py:210} INFO - Waiting for 01_extract_anime on 2026-04-27 08:23:56.862906+00:00 to become allowed state ['success'] ...
[2026-04-27T08:46:37.692+0000] {trigger_dagrun.py:210} INFO - Waiting for 01_extract_anime on 2026-04-27 08:23:56.862906+00:00 to become allowed state ['success'] ...
[2026-04-27T08:46:47.712+0000] {trigger_dagrun.py:210} INFO - Waiting for 01_extract_anime on 2026-04-27 08:23:56.862906+00:00 to become allowed state ['success'] ...
[2026-04-27T08:46:57.732+0000] {trigger_dagrun.py:210} INFO - Waiting for 01_extract_anime on 2026-04-27 08:23:56.862906+00:00 to become allowed state ['success'] ...
[2026-04-27T08:47:07.749+0000] {trigger_dagrun.py:210} INFO - Waiting for 01_extract_anime on 2026-04-27 08:23:56.862906+00:00 to become allowed state ['success'] ...
[2026-04-27T08:47:17.769+0000] {trigger_dagrun.py:210} INFO - Waiting for 01_extract_anime on 2026-04-27 08:23:56.862906+00:00 to become allowed state ['success'] ...
[2026-04-27T08:47:27.788+0000] {trigger_dagrun.py:210} INFO - Waiting for 01_extract_anime on 2026-04-27 08:23:56.862906+00:00 to become allowed state ['success'] ...
[2026-04-27T08:47:37.805+0000] {trigger_dagrun.py:210} INFO - Waiting for 01_extract_anime on 2026-04-27 08:23:56.862906+00:00 to become allowed state ['success'] ...
[2026-04-27T08:47:49.062+0000] {trigger_dagrun.py:210} INFO - Waiting for 01_extract_anime on 2026-04-27 08:23:56.862906+00:00 to become allowed state ['success'] ...
[2026-04-27T08:47:59.085+0000] {trigger_dagrun.py:210} INFO - Waiting for 01_extract_anime on 2026-04-27 08:23:56.862906+00:00 to become allowed state ['success'] ...
[2026-04-27T08:48:09.147+0000] {trigger_dagrun.py:210} INFO - Waiting for 01_extract_anime on 2026-04-27 08:23:56.862906+00:00 to become allowed state ['success'] ...
[2026-04-27T08:48:19.167+0000] {trigger_dagrun.py:210} INFO - Waiting for 01_extract_anime on 2026-04-27 08:23:56.862906+00:00 to become allowed state ['success'] ...
[2026-04-27T08:48:29.186+0000] {trigger_dagrun.py:210} INFO - Waiting for 01_extract_anime on 2026-04-27 08:23:56.862906+00:00 to become allowed state ['success'] ...
[2026-04-27T08:48:39.159+0000] {trigger_dagrun.py:210} INFO - Waiting for 01_extract_anime on 2026-04-27 08:23:56.862906+00:00 to become allowed state ['success'] ...
[2026-04-27T08:48:49.178+0000] {trigger_dagrun.py:210} INFO - Waiting for 01_extract_anime on 2026-04-27 08:23:56.862906+00:00 to become allowed state ['success'] ...
[2026-04-27T08:48:59.198+0000] {trigger_dagrun.py:210} INFO - Waiting for 01_extract_anime on 2026-04-27 08:23:56.862906+00:00 to become allowed state ['success'] ...
[2026-04-27T08:49:09.216+0000] {trigger_dagrun.py:210} INFO - Waiting for 01_extract_anime on 2026-04-27 08:23:56.862906+00:00 to become allowed state ['success'] ...
[2026-04-27T08:49:19.234+0000] {trigger_dagrun.py:210} INFO - Waiting for 01_extract_anime on 2026-04-27 08:23:56.862906+00:00 to become allowed state ['success'] ...
[2026-04-27T08:49:29.253+0000] {trigger_dagrun.py:210} INFO - Waiting for 01_extract_anime on 2026-04-27 08:23:56.862906+00:00 to become allowed state ['success'] ...
[2026-04-27T08:49:39.270+0000] {trigger_dagrun.py:210} INFO - Waiting for 01_extract_anime on 2026-04-27 08:23:56.862906+00:00 to become allowed state ['success'] ...
[2026-04-27T08:49:49.290+0000] {trigger_dagrun.py:210} INFO - Waiting for 01_extract_anime on 2026-04-27 08:23:56.862906+00:00 to become allowed state ['success'] ...
[2026-04-27T08:49:59.309+0000] {trigger_dagrun.py:210} INFO - Waiting for 01_extract_anime on 2026-04-27 08:23:56.862906+00:00 to become allowed state ['success'] ...
[2026-04-27T08:50:09.319+0000] {trigger_dagrun.py:210} INFO - Waiting for 01_extract_anime on 2026-04-27 08:23:56.862906+00:00 to become allowed state ['success'] ...
[2026-04-27T08:50:19.337+0000] {trigger_dagrun.py:210} INFO - Waiting for 01_extract_anime on 2026-04-27 08:23:56.862906+00:00 to become allowed state ['success'] ...
[2026-04-27T08:50:29.356+0000] {trigger_dagrun.py:210} INFO - Waiting for 01_extract_anime on 2026-04-27 08:23:56.862906+00:00 to become allowed state ['success'] ...
[2026-04-27T08:50:39.352+0000] {trigger_dagrun.py:210} INFO - Waiting for 01_extract_anime on 2026-04-27 08:23:56.862906+00:00 to become allowed state ['success'] ...
[2026-04-27T08:50:49.372+0000] {trigger_dagrun.py:210} INFO - Waiting for 01_extract_anime on 2026-04-27 08:23:56.862906+00:00 to become allowed state ['success'] ...
[2026-04-27T08:50:59.390+0000] {trigger_dagrun.py:210} INFO - Waiting for 01_extract_anime on 2026-04-27 08:23:56.862906+00:00 to become allowed state ['success'] ...
[2026-04-27T08:51:09.404+0000] {trigger_dagrun.py:210} INFO - Waiting for 01_extract_anime on 2026-04-27 08:23:56.862906+00:00 to become allowed state ['success'] ...
[2026-04-27T08:51:19.424+0000] {trigger_dagrun.py:210} INFO - Waiting for 01_extract_anime on 2026-04-27 08:23:56.862906+00:00 to become allowed state ['success'] ...
[2026-04-27T08:51:29.442+0000] {trigger_dagrun.py:210} INFO - Waiting for 01_extract_anime on 2026-04-27 08:23:56.862906+00:00 to become allowed state ['success'] ...
[2026-04-27T08:51:39.450+0000] {trigger_dagrun.py:210} INFO - Waiting for 01_extract_anime on 2026-04-27 08:23:56.862906+00:00 to become allowed state ['success'] ...
[2026-04-27T08:51:49.471+0000] {trigger_dagrun.py:210} INFO - Waiting for 01_extract_anime on 2026-04-27 08:23:56.862906+00:00 to become allowed state ['success'] ...
[2026-04-27T08:51:59.491+0000] {trigger_dagrun.py:210} INFO - Waiting for 01_extract_anime on 2026-04-27 08:23:56.862906+00:00 to become allowed state ['success'] ...
[2026-04-27T08:52:09.491+0000] {trigger_dagrun.py:210} INFO - Waiting for 01_extract_anime on 2026-04-27 08:23:56.862906+00:00 to become allowed state ['success'] ...
[2026-04-27T08:52:19.513+0000] {trigger_dagrun.py:210} INFO - Waiting for 01_extract_anime on 2026-04-27 08:23:56.862906+00:00 to become allowed state ['success'] ...
[2026-04-27T08:52:29.534+0000] {trigger_dagrun.py:210} INFO - Waiting for 01_extract_anime on 2026-04-27 08:23:56.862906+00:00 to become allowed state ['success'] ...
[2026-04-27T08:52:39.549+0000] {trigger_dagrun.py:210} INFO - Waiting for 01_extract_anime on 2026-04-27 08:23:56.862906+00:00 to become allowed state ['success'] ...
[2026-04-27T08:52:49.568+0000] {trigger_dagrun.py:210} INFO - Waiting for 01_extract_anime on 2026-04-27 08:23:56.862906+00:00 to become allowed state ['success'] ...
[2026-04-27T08:52:59.587+0000] {trigger_dagrun.py:210} INFO - Waiting for 01_extract_anime on 2026-04-27 08:23:56.862906+00:00 to become allowed state ['success'] ...
[2026-04-27T08:53:09.604+0000] {trigger_dagrun.py:210} INFO - Waiting for 01_extract_anime on 2026-04-27 08:23:56.862906+00:00 to become allowed state ['success'] ...
[2026-04-27T08:53:19.622+0000] {trigger_dagrun.py:210} INFO - Waiting for 01_extract_anime on 2026-04-27 08:23:56.862906+00:00 to become allowed state ['success'] ...
[2026-04-27T08:53:29.643+0000] {trigger_dagrun.py:210} INFO - Waiting for 01_extract_anime on 2026-04-27 08:23:56.862906+00:00 to become allowed state ['success'] ...
[2026-04-27T08:53:39.666+0000] {trigger_dagrun.py:210} INFO - Waiting for 01_extract_anime on 2026-04-27 08:23:56.862906+00:00 to become allowed state ['success'] ...
[2026-04-27T08:53:49.689+0000] {trigger_dagrun.py:210} INFO - Waiting for 01_extract_anime on 2026-04-27 08:23:56.862906+00:00 to become allowed state ['success'] ...
[2026-04-27T08:53:59.727+0000] {taskinstance.py:2698} ERROR - Task failed with exception
Traceback (most recent call last):
  File "/home/airflow/.local/lib/python3.11/site-packages/airflow/models/taskinstance.py", line 433, in _execute_task
    result = execute_callable(context=context, **execute_callable_kwargs)
             ^^^^^^^^^^^^^^^^^^^^^^^^^^^^^^^^^^^^^^^^^^^^^^^^^^^^^^^^^^^^
  File "/home/airflow/.local/lib/python3.11/site-packages/airflow/operators/trigger_dagrun.py", line 221, in execute
    raise AirflowException(f"{self.trigger_dag_id} failed with failed states {state}")
airflow.exceptions.AirflowException: 01_extract_anime failed with failed states failed
[2026-04-27T08:53:59.734+0000] {taskinstance.py:1138} INFO - Marking task as UP_FOR_RETRY. dag_id=05_full_pipeline, task_id=trigger_extract, execution_date=20260427T082352, start_date=20260427T082356, end_date=20260427T085359
[2026-04-27T08:53:59.760+0000] {standard_task_runner.py:107} ERROR - Failed to execute job 4 for task trigger_extract (01_extract_anime failed with failed states failed; 873)
[2026-04-27T08:53:59.772+0000] {local_task_job_runner.py:234} INFO - Task exited with return code 1
[2026-04-27T08:53:59.816+0000] {taskinstance.py:3280} INFO - 0 downstream tasks scheduled from follow-on schedule check
