[2026-04-27T08:56:00.178+0000] {taskinstance.py:1956} INFO - Dependencies all met for dep_context=non-requeueable deps ti=<TaskInstance: 05_full_pipeline.trigger_extract manual__2026-04-27T08:23:52.603358+00:00 [queued]>
[2026-04-27T08:56:00.193+0000] {taskinstance.py:1956} INFO - Dependencies all met for dep_context=requeueable deps ti=<TaskInstance: 05_full_pipeline.trigger_extract manual__2026-04-27T08:23:52.603358+00:00 [queued]>
[2026-04-27T08:56:00.194+0000] {taskinstance.py:2170} INFO - Starting attempt 2 of 2
[2026-04-27T08:56:00.220+0000] {taskinstance.py:2191} INFO - Executing <Task(TriggerDagRunOperator): trigger_extract> on 2026-04-27 08:23:52.603358+00:00
[2026-04-27T08:56:00.229+0000] {standard_task_runner.py:60} INFO - Started process 3988 to run task
[2026-04-27T08:56:00.234+0000] {standard_task_runner.py:87} INFO - Running: ['***', 'tasks', 'run', '05_full_pipeline', 'trigger_extract', 'manual__2026-04-27T08:23:52.603358+00:00', '--job-id', '36', '--raw', '--subdir', 'DAGS_FOLDER/05_full_pipeline.py', '--cfg-path', '/tmp/tmps8i69ccx']
[2026-04-27T08:56:00.238+0000] {standard_task_runner.py:88} INFO - Job 36: Subtask trigger_extract
[2026-04-27T08:56:00.340+0000] {task_command.py:423} INFO - Running <TaskInstance: 05_full_pipeline.trigger_extract manual__2026-04-27T08:23:52.603358+00:00 [running]> on host 7f080beffe36
[2026-04-27T08:56:00.496+0000] {taskinstance.py:2480} INFO - Exporting env vars: AIRFLOW_CTX_DAG_OWNER='anidata-lab' AIRFLOW_CTX_DAG_ID='05_full_pipeline' AIRFLOW_CTX_TASK_ID='trigger_extract' AIRFLOW_CTX_EXECUTION_DATE='2026-04-27T08:23:52.603358+00:00' AIRFLOW_CTX_TRY_NUMBER='2' AIRFLOW_CTX_DAG_RUN_ID='manual__2026-04-27T08:23:52.603358+00:00'
[2026-04-27T08:56:00.652+0000] {trigger_dagrun.py:210} INFO - Waiting for 01_extract_anime on 2026-04-27 08:56:00.498562+00:00 to become allowed state ['success'] ...
[2026-04-27T08:56:10.678+0000] {trigger_dagrun.py:210} INFO - Waiting for 01_extract_anime on 2026-04-27 08:56:00.498562+00:00 to become allowed state ['success'] ...
[2026-04-27T08:56:20.698+0000] {trigger_dagrun.py:210} INFO - Waiting for 01_extract_anime on 2026-04-27 08:56:00.498562+00:00 to become allowed state ['success'] ...
[2026-04-27T08:56:30.717+0000] {trigger_dagrun.py:210} INFO - Waiting for 01_extract_anime on 2026-04-27 08:56:00.498562+00:00 to become allowed state ['success'] ...
[2026-04-27T08:56:40.744+0000] {trigger_dagrun.py:210} INFO - Waiting for 01_extract_anime on 2026-04-27 08:56:00.498562+00:00 to become allowed state ['success'] ...
[2026-04-27T08:56:50.763+0000] {trigger_dagrun.py:210} INFO - Waiting for 01_extract_anime on 2026-04-27 08:56:00.498562+00:00 to become allowed state ['success'] ...
[2026-04-27T08:57:00.780+0000] {trigger_dagrun.py:210} INFO - Waiting for 01_extract_anime on 2026-04-27 08:56:00.498562+00:00 to become allowed state ['success'] ...
[2026-04-27T08:57:10.808+0000] {trigger_dagrun.py:210} INFO - Waiting for 01_extract_anime on 2026-04-27 08:56:00.498562+00:00 to become allowed state ['success'] ...
[2026-04-27T08:57:20.827+0000] {trigger_dagrun.py:210} INFO - Waiting for 01_extract_anime on 2026-04-27 08:56:00.498562+00:00 to become allowed state ['success'] ...
[2026-04-27T08:57:30.846+0000] {trigger_dagrun.py:210} INFO - Waiting for 01_extract_anime on 2026-04-27 08:56:00.498562+00:00 to become allowed state ['success'] ...
[2026-04-27T08:57:40.866+0000] {trigger_dagrun.py:210} INFO - Waiting for 01_extract_anime on 2026-04-27 08:56:00.498562+00:00 to become allowed state ['success'] ...
[2026-04-27T08:57:50.885+0000] {trigger_dagrun.py:210} INFO - Waiting for 01_extract_anime on 2026-04-27 08:56:00.498562+00:00 to become allowed state ['success'] ...
[2026-04-27T08:57:54.966+0000] {local_task_job_runner.py:121} ERROR - Received SIGTERM. Terminating subprocesses
[2026-04-27T08:57:54.970+0000] {process_utils.py:131} INFO - Sending 15 to group 3988. PIDs of all processes in the group: [3988]
[2026-04-27T08:57:54.999+0000] {process_utils.py:86} INFO - Sending the signal 15 to group 3988
[2026-04-27T08:57:55.000+0000] {taskinstance.py:2450} ERROR - Received SIGTERM. Terminating subprocesses.
[2026-04-27T08:57:55.033+0000] {taskinstance.py:2698} ERROR - Task failed with exception
Traceback (most recent call last):
  File "/home/airflow/.local/lib/python3.11/site-packages/airflow/models/taskinstance.py", line 433, in _execute_task
    result = execute_callable(context=context, **execute_callable_kwargs)
             ^^^^^^^^^^^^^^^^^^^^^^^^^^^^^^^^^^^^^^^^^^^^^^^^^^^^^^^^^^^^
  File "/home/airflow/.local/lib/python3.11/site-packages/airflow/operators/trigger_dagrun.py", line 216, in execute
    time.sleep(self.poke_interval)
  File "/home/airflow/.local/lib/python3.11/site-packages/airflow/models/taskinstance.py", line 2452, in signal_handler
    raise AirflowException("Task received SIGTERM signal")
airflow.exceptions.AirflowException: Task received SIGTERM signal
[2026-04-27T08:57:55.070+0000] {taskinstance.py:1138} INFO - Marking task as FAILED. dag_id=05_full_pipeline, task_id=trigger_extract, execution_date=20260427T082352, start_date=20260427T085600, end_date=20260427T085755
[2026-04-27T08:57:55.163+0000] {standard_task_runner.py:107} ERROR - Failed to execute job 36 for task trigger_extract (Task received SIGTERM signal; 3988)
[2026-04-27T08:57:55.221+0000] {process_utils.py:79} INFO - Process psutil.Process(pid=3988, status='terminated', exitcode=1, started='08:55:59') (3988) terminated with exit code 1
[2026-04-27T08:57:55.224+0000] {local_task_job_runner.py:234} INFO - Task exited with return code 143
[2026-04-27T08:57:55.301+0000] {taskinstance.py:3280} INFO - 0 downstream tasks scheduled from follow-on schedule check
