[2026-03-26T20:02:57.592+0000] {taskinstance.py:1956} INFO - Dependencies all met for dep_context=non-requeueable deps ti=<TaskInstance: 05_full_pipeline.trigger_load manual__2026-03-26T20:01:20.715817+00:00 [queued]>
[2026-03-26T20:02:57.610+0000] {taskinstance.py:1956} INFO - Dependencies all met for dep_context=requeueable deps ti=<TaskInstance: 05_full_pipeline.trigger_load manual__2026-03-26T20:01:20.715817+00:00 [queued]>
[2026-03-26T20:02:57.611+0000] {taskinstance.py:2170} INFO - Starting attempt 1 of 2
[2026-03-26T20:02:57.634+0000] {taskinstance.py:2191} INFO - Executing <Task(TriggerDagRunOperator): trigger_load> on 2026-03-26 20:01:20.715817+00:00
[2026-03-26T20:02:57.643+0000] {standard_task_runner.py:60} INFO - Started process 544 to run task
[2026-03-26T20:02:57.647+0000] {standard_task_runner.py:87} INFO - Running: ['***', 'tasks', 'run', '05_full_pipeline', 'trigger_load', 'manual__2026-03-26T20:01:20.715817+00:00', '--job-id', '298', '--raw', '--subdir', 'DAGS_FOLDER/05_full_pipeline.py', '--cfg-path', '/tmp/tmpg8vor5qa']
[2026-03-26T20:02:57.652+0000] {standard_task_runner.py:88} INFO - Job 298: Subtask trigger_load
[2026-03-26T20:02:57.753+0000] {task_command.py:423} INFO - Running <TaskInstance: 05_full_pipeline.trigger_load manual__2026-03-26T20:01:20.715817+00:00 [running]> on host 9da8d26a51c8
[2026-03-26T20:02:57.926+0000] {taskinstance.py:2480} INFO - Exporting env vars: AIRFLOW_CTX_DAG_OWNER='anidata-lab' AIRFLOW_CTX_DAG_ID='05_full_pipeline' AIRFLOW_CTX_TASK_ID='trigger_load' AIRFLOW_CTX_EXECUTION_DATE='2026-03-26T20:01:20.715817+00:00' AIRFLOW_CTX_TRY_NUMBER='1' AIRFLOW_CTX_DAG_RUN_ID='manual__2026-03-26T20:01:20.715817+00:00'
[2026-03-26T20:02:58.091+0000] {trigger_dagrun.py:210} INFO - Waiting for 03_load_anime on 2026-03-26 20:02:57.927904+00:00 to become allowed state ['success'] ...
[2026-03-26T20:03:08.112+0000] {trigger_dagrun.py:210} INFO - Waiting for 03_load_anime on 2026-03-26 20:02:57.927904+00:00 to become allowed state ['success'] ...
[2026-03-26T20:03:18.155+0000] {trigger_dagrun.py:210} INFO - Waiting for 03_load_anime on 2026-03-26 20:02:57.927904+00:00 to become allowed state ['success'] ...
[2026-03-26T20:03:28.174+0000] {trigger_dagrun.py:210} INFO - Waiting for 03_load_anime on 2026-03-26 20:02:57.927904+00:00 to become allowed state ['success'] ...
[2026-03-26T20:03:38.193+0000] {trigger_dagrun.py:210} INFO - Waiting for 03_load_anime on 2026-03-26 20:02:57.927904+00:00 to become allowed state ['success'] ...
[2026-03-26T20:03:48.239+0000] {trigger_dagrun.py:210} INFO - Waiting for 03_load_anime on 2026-03-26 20:02:57.927904+00:00 to become allowed state ['success'] ...
[2026-03-26T20:03:58.258+0000] {trigger_dagrun.py:210} INFO - Waiting for 03_load_anime on 2026-03-26 20:02:57.927904+00:00 to become allowed state ['success'] ...
[2026-03-26T20:04:08.277+0000] {trigger_dagrun.py:210} INFO - Waiting for 03_load_anime on 2026-03-26 20:02:57.927904+00:00 to become allowed state ['success'] ...
[2026-03-26T20:04:18.324+0000] {trigger_dagrun.py:210} INFO - Waiting for 03_load_anime on 2026-03-26 20:02:57.927904+00:00 to become allowed state ['success'] ...
[2026-03-26T20:04:28.344+0000] {trigger_dagrun.py:210} INFO - Waiting for 03_load_anime on 2026-03-26 20:02:57.927904+00:00 to become allowed state ['success'] ...
[2026-03-26T20:04:38.362+0000] {trigger_dagrun.py:210} INFO - Waiting for 03_load_anime on 2026-03-26 20:02:57.927904+00:00 to become allowed state ['success'] ...
[2026-03-26T20:04:48.414+0000] {trigger_dagrun.py:210} INFO - Waiting for 03_load_anime on 2026-03-26 20:02:57.927904+00:00 to become allowed state ['success'] ...
[2026-03-26T20:04:58.433+0000] {trigger_dagrun.py:210} INFO - Waiting for 03_load_anime on 2026-03-26 20:02:57.927904+00:00 to become allowed state ['success'] ...
[2026-03-26T20:05:08.451+0000] {trigger_dagrun.py:210} INFO - Waiting for 03_load_anime on 2026-03-26 20:02:57.927904+00:00 to become allowed state ['success'] ...
[2026-03-26T20:05:18.497+0000] {trigger_dagrun.py:210} INFO - Waiting for 03_load_anime on 2026-03-26 20:02:57.927904+00:00 to become allowed state ['success'] ...
[2026-03-26T20:05:28.516+0000] {trigger_dagrun.py:210} INFO - Waiting for 03_load_anime on 2026-03-26 20:02:57.927904+00:00 to become allowed state ['success'] ...
[2026-03-26T20:05:38.535+0000] {trigger_dagrun.py:210} INFO - Waiting for 03_load_anime on 2026-03-26 20:02:57.927904+00:00 to become allowed state ['success'] ...
[2026-03-26T20:05:48.582+0000] {trigger_dagrun.py:210} INFO - Waiting for 03_load_anime on 2026-03-26 20:02:57.927904+00:00 to become allowed state ['success'] ...
[2026-03-26T20:05:58.601+0000] {trigger_dagrun.py:210} INFO - Waiting for 03_load_anime on 2026-03-26 20:02:57.927904+00:00 to become allowed state ['success'] ...
[2026-03-26T20:06:08.620+0000] {trigger_dagrun.py:210} INFO - Waiting for 03_load_anime on 2026-03-26 20:02:57.927904+00:00 to become allowed state ['success'] ...
[2026-03-26T20:06:18.665+0000] {trigger_dagrun.py:210} INFO - Waiting for 03_load_anime on 2026-03-26 20:02:57.927904+00:00 to become allowed state ['success'] ...
[2026-03-26T20:06:28.684+0000] {trigger_dagrun.py:210} INFO - Waiting for 03_load_anime on 2026-03-26 20:02:57.927904+00:00 to become allowed state ['success'] ...
[2026-03-26T20:06:38.703+0000] {trigger_dagrun.py:210} INFO - Waiting for 03_load_anime on 2026-03-26 20:02:57.927904+00:00 to become allowed state ['success'] ...
[2026-03-26T20:06:48.754+0000] {trigger_dagrun.py:210} INFO - Waiting for 03_load_anime on 2026-03-26 20:02:57.927904+00:00 to become allowed state ['success'] ...
[2026-03-26T20:06:58.773+0000] {trigger_dagrun.py:210} INFO - Waiting for 03_load_anime on 2026-03-26 20:02:57.927904+00:00 to become allowed state ['success'] ...
[2026-03-26T20:07:08.792+0000] {trigger_dagrun.py:210} INFO - Waiting for 03_load_anime on 2026-03-26 20:02:57.927904+00:00 to become allowed state ['success'] ...
[2026-03-26T20:07:18.858+0000] {taskinstance.py:2698} ERROR - Task failed with exception
Traceback (most recent call last):
  File "/home/airflow/.local/lib/python3.11/site-packages/airflow/models/taskinstance.py", line 433, in _execute_task
    result = execute_callable(context=context, **execute_callable_kwargs)
             ^^^^^^^^^^^^^^^^^^^^^^^^^^^^^^^^^^^^^^^^^^^^^^^^^^^^^^^^^^^^
  File "/home/airflow/.local/lib/python3.11/site-packages/airflow/operators/trigger_dagrun.py", line 221, in execute
    raise AirflowException(f"{self.trigger_dag_id} failed with failed states {state}")
airflow.exceptions.AirflowException: 03_load_anime failed with failed states failed
[2026-03-26T20:07:18.865+0000] {taskinstance.py:1138} INFO - Marking task as UP_FOR_RETRY. dag_id=05_full_pipeline, task_id=trigger_load, execution_date=20260326T200120, start_date=20260326T200257, end_date=20260326T200718
[2026-03-26T20:07:18.888+0000] {standard_task_runner.py:107} ERROR - Failed to execute job 298 for task trigger_load (03_load_anime failed with failed states failed; 544)
[2026-03-26T20:07:18.921+0000] {local_task_job_runner.py:234} INFO - Task exited with return code 1
[2026-03-26T20:07:18.968+0000] {taskinstance.py:3280} INFO - 0 downstream tasks scheduled from follow-on schedule check
