[2026-03-26T20:09:20.392+0000] {taskinstance.py:1956} INFO - Dependencies all met for dep_context=non-requeueable deps ti=<TaskInstance: 05_full_pipeline.trigger_load manual__2026-03-26T20:01:20.715817+00:00 [queued]>
[2026-03-26T20:09:20.409+0000] {taskinstance.py:1956} INFO - Dependencies all met for dep_context=requeueable deps ti=<TaskInstance: 05_full_pipeline.trigger_load manual__2026-03-26T20:01:20.715817+00:00 [queued]>
[2026-03-26T20:09:20.410+0000] {taskinstance.py:2170} INFO - Starting attempt 2 of 2
[2026-03-26T20:09:20.434+0000] {taskinstance.py:2191} INFO - Executing <Task(TriggerDagRunOperator): trigger_load> on 2026-03-26 20:01:20.715817+00:00
[2026-03-26T20:09:20.443+0000] {standard_task_runner.py:60} INFO - Started process 1000 to run task
[2026-03-26T20:09:20.447+0000] {standard_task_runner.py:87} INFO - Running: ['***', 'tasks', 'run', '05_full_pipeline', 'trigger_load', 'manual__2026-03-26T20:01:20.715817+00:00', '--job-id', '303', '--raw', '--subdir', 'DAGS_FOLDER/05_full_pipeline.py', '--cfg-path', '/tmp/tmp8kdii08h']
[2026-03-26T20:09:20.451+0000] {standard_task_runner.py:88} INFO - Job 303: Subtask trigger_load
[2026-03-26T20:09:20.554+0000] {task_command.py:423} INFO - Running <TaskInstance: 05_full_pipeline.trigger_load manual__2026-03-26T20:01:20.715817+00:00 [running]> on host 9da8d26a51c8
[2026-03-26T20:09:20.724+0000] {taskinstance.py:2480} INFO - Exporting env vars: AIRFLOW_CTX_DAG_OWNER='anidata-lab' AIRFLOW_CTX_DAG_ID='05_full_pipeline' AIRFLOW_CTX_TASK_ID='trigger_load' AIRFLOW_CTX_EXECUTION_DATE='2026-03-26T20:01:20.715817+00:00' AIRFLOW_CTX_TRY_NUMBER='2' AIRFLOW_CTX_DAG_RUN_ID='manual__2026-03-26T20:01:20.715817+00:00'
[2026-03-26T20:09:20.883+0000] {trigger_dagrun.py:210} INFO - Waiting for 03_load_anime on 2026-03-26 20:09:20.726289+00:00 to become allowed state ['success'] ...
[2026-03-26T20:09:30.903+0000] {trigger_dagrun.py:210} INFO - Waiting for 03_load_anime on 2026-03-26 20:09:20.726289+00:00 to become allowed state ['success'] ...
[2026-03-26T20:09:40.921+0000] {trigger_dagrun.py:210} INFO - Waiting for 03_load_anime on 2026-03-26 20:09:20.726289+00:00 to become allowed state ['success'] ...
[2026-03-26T20:09:50.969+0000] {trigger_dagrun.py:210} INFO - Waiting for 03_load_anime on 2026-03-26 20:09:20.726289+00:00 to become allowed state ['success'] ...
[2026-03-26T20:10:00.990+0000] {trigger_dagrun.py:210} INFO - Waiting for 03_load_anime on 2026-03-26 20:09:20.726289+00:00 to become allowed state ['success'] ...
[2026-03-26T20:10:11.008+0000] {trigger_dagrun.py:210} INFO - Waiting for 03_load_anime on 2026-03-26 20:09:20.726289+00:00 to become allowed state ['success'] ...
[2026-03-26T20:10:21.054+0000] {trigger_dagrun.py:210} INFO - Waiting for 03_load_anime on 2026-03-26 20:09:20.726289+00:00 to become allowed state ['success'] ...
[2026-03-26T20:10:31.076+0000] {trigger_dagrun.py:210} INFO - Waiting for 03_load_anime on 2026-03-26 20:09:20.726289+00:00 to become allowed state ['success'] ...
[2026-03-26T20:10:41.096+0000] {trigger_dagrun.py:210} INFO - Waiting for 03_load_anime on 2026-03-26 20:09:20.726289+00:00 to become allowed state ['success'] ...
[2026-03-26T20:10:51.145+0000] {trigger_dagrun.py:210} INFO - Waiting for 03_load_anime on 2026-03-26 20:09:20.726289+00:00 to become allowed state ['success'] ...
[2026-03-26T20:11:01.163+0000] {trigger_dagrun.py:210} INFO - Waiting for 03_load_anime on 2026-03-26 20:09:20.726289+00:00 to become allowed state ['success'] ...
[2026-03-26T20:11:11.183+0000] {trigger_dagrun.py:210} INFO - Waiting for 03_load_anime on 2026-03-26 20:09:20.726289+00:00 to become allowed state ['success'] ...
[2026-03-26T20:11:21.228+0000] {trigger_dagrun.py:210} INFO - Waiting for 03_load_anime on 2026-03-26 20:09:20.726289+00:00 to become allowed state ['success'] ...
[2026-03-26T20:11:31.247+0000] {trigger_dagrun.py:210} INFO - Waiting for 03_load_anime on 2026-03-26 20:09:20.726289+00:00 to become allowed state ['success'] ...
[2026-03-26T20:11:41.266+0000] {trigger_dagrun.py:210} INFO - Waiting for 03_load_anime on 2026-03-26 20:09:20.726289+00:00 to become allowed state ['success'] ...
[2026-03-26T20:11:51.320+0000] {trigger_dagrun.py:210} INFO - Waiting for 03_load_anime on 2026-03-26 20:09:20.726289+00:00 to become allowed state ['success'] ...
[2026-03-26T20:12:01.340+0000] {trigger_dagrun.py:210} INFO - Waiting for 03_load_anime on 2026-03-26 20:09:20.726289+00:00 to become allowed state ['success'] ...
[2026-03-26T20:12:11.359+0000] {trigger_dagrun.py:210} INFO - Waiting for 03_load_anime on 2026-03-26 20:09:20.726289+00:00 to become allowed state ['success'] ...
[2026-03-26T20:12:21.403+0000] {trigger_dagrun.py:210} INFO - Waiting for 03_load_anime on 2026-03-26 20:09:20.726289+00:00 to become allowed state ['success'] ...
[2026-03-26T20:12:31.422+0000] {trigger_dagrun.py:210} INFO - Waiting for 03_load_anime on 2026-03-26 20:09:20.726289+00:00 to become allowed state ['success'] ...
[2026-03-26T20:12:41.441+0000] {trigger_dagrun.py:210} INFO - Waiting for 03_load_anime on 2026-03-26 20:09:20.726289+00:00 to become allowed state ['success'] ...
[2026-03-26T20:12:51.489+0000] {trigger_dagrun.py:210} INFO - Waiting for 03_load_anime on 2026-03-26 20:09:20.726289+00:00 to become allowed state ['success'] ...
[2026-03-26T20:13:01.508+0000] {trigger_dagrun.py:210} INFO - Waiting for 03_load_anime on 2026-03-26 20:09:20.726289+00:00 to become allowed state ['success'] ...
[2026-03-26T20:13:11.527+0000] {trigger_dagrun.py:210} INFO - Waiting for 03_load_anime on 2026-03-26 20:09:20.726289+00:00 to become allowed state ['success'] ...
[2026-03-26T20:13:21.575+0000] {trigger_dagrun.py:210} INFO - Waiting for 03_load_anime on 2026-03-26 20:09:20.726289+00:00 to become allowed state ['success'] ...
[2026-03-26T20:13:31.597+0000] {trigger_dagrun.py:210} INFO - Waiting for 03_load_anime on 2026-03-26 20:09:20.726289+00:00 to become allowed state ['success'] ...
[2026-03-26T20:13:41.640+0000] {taskinstance.py:2698} ERROR - Task failed with exception
Traceback (most recent call last):
  File "/home/airflow/.local/lib/python3.11/site-packages/airflow/models/taskinstance.py", line 433, in _execute_task
    result = execute_callable(context=context, **execute_callable_kwargs)
             ^^^^^^^^^^^^^^^^^^^^^^^^^^^^^^^^^^^^^^^^^^^^^^^^^^^^^^^^^^^^
  File "/home/airflow/.local/lib/python3.11/site-packages/airflow/operators/trigger_dagrun.py", line 221, in execute
    raise AirflowException(f"{self.trigger_dag_id} failed with failed states {state}")
airflow.exceptions.AirflowException: 03_load_anime failed with failed states failed
[2026-03-26T20:13:41.647+0000] {taskinstance.py:1138} INFO - Marking task as FAILED. dag_id=05_full_pipeline, task_id=trigger_load, execution_date=20260326T200120, start_date=20260326T200920, end_date=20260326T201341
[2026-03-26T20:13:41.672+0000] {standard_task_runner.py:107} ERROR - Failed to execute job 303 for task trigger_load (03_load_anime failed with failed states failed; 1000)
[2026-03-26T20:13:41.714+0000] {local_task_job_runner.py:234} INFO - Task exited with return code 1
[2026-03-26T20:13:41.757+0000] {taskinstance.py:3280} INFO - 0 downstream tasks scheduled from follow-on schedule check
