[2026-03-24T13:58:08.072+0000] {taskinstance.py:1956} INFO - Dependencies all met for dep_context=non-requeueable deps ti=<TaskInstance: 02_transform_anime.feature_engineering manual__2026-03-24T13:57:30.878523+00:00 [queued]>
[2026-03-24T13:58:08.087+0000] {taskinstance.py:1956} INFO - Dependencies all met for dep_context=requeueable deps ti=<TaskInstance: 02_transform_anime.feature_engineering manual__2026-03-24T13:57:30.878523+00:00 [queued]>
[2026-03-24T13:58:08.088+0000] {taskinstance.py:2170} INFO - Starting attempt 1 of 3
[2026-03-24T13:58:08.111+0000] {taskinstance.py:2191} INFO - Executing <Task(PythonOperator): feature_engineering> on 2026-03-24 13:57:30.878523+00:00
[2026-03-24T13:58:08.119+0000] {standard_task_runner.py:60} INFO - Started process 22626 to run task
[2026-03-24T13:58:08.124+0000] {standard_task_runner.py:87} INFO - Running: ['***', 'tasks', 'run', '02_transform_anime', 'feature_engineering', 'manual__2026-03-24T13:57:30.878523+00:00', '--job-id', '193', '--raw', '--subdir', 'DAGS_FOLDER/02_transform_anime.py', '--cfg-path', '/tmp/tmp6nt1f24t']
[2026-03-24T13:58:08.129+0000] {standard_task_runner.py:88} INFO - Job 193: Subtask feature_engineering
[2026-03-24T13:58:08.225+0000] {task_command.py:423} INFO - Running <TaskInstance: 02_transform_anime.feature_engineering manual__2026-03-24T13:57:30.878523+00:00 [running]> on host 67583f3fa599
[2026-03-24T13:58:08.393+0000] {taskinstance.py:2480} INFO - Exporting env vars: AIRFLOW_CTX_DAG_OWNER='anidata-lab' AIRFLOW_CTX_DAG_ID='02_transform_anime' AIRFLOW_CTX_TASK_ID='feature_engineering' AIRFLOW_CTX_EXECUTION_DATE='2026-03-24T13:57:30.878523+00:00' AIRFLOW_CTX_TRY_NUMBER='1' AIRFLOW_CTX_DAG_RUN_ID='manual__2026-03-24T13:57:30.878523+00:00'
[2026-03-24T13:58:09.094+0000] {taskinstance.py:2698} ERROR - Task failed with exception
Traceback (most recent call last):
  File "/home/airflow/.local/lib/python3.11/site-packages/airflow/models/taskinstance.py", line 433, in _execute_task
    result = execute_callable(context=context, **execute_callable_kwargs)
             ^^^^^^^^^^^^^^^^^^^^^^^^^^^^^^^^^^^^^^^^^^^^^^^^^^^^^^^^^^^^
  File "/home/airflow/.local/lib/python3.11/site-packages/airflow/operators/python.py", line 199, in execute
    return_value = self.execute_callable()
                   ^^^^^^^^^^^^^^^^^^^^^^^
  File "/home/airflow/.local/lib/python3.11/site-packages/airflow/operators/python.py", line 216, in execute_callable
    return self.python_callable(*self.op_args, **self.op_kwargs)
           ^^^^^^^^^^^^^^^^^^^^^^^^^^^^^^^^^^^^^^^^^^^^^^^^^^^^^
  File "/opt/airflow/dags/02_transform_anime.py", line 43, in _features
    result = feature_engineering()
             ^^^^^^^^^^^^^^^^^^^^^
  File "/opt/airflow/scripts/transform.py", line 157, in feature_engineering
    assert df["engagement_ratio"].between(0, 1).all(), "engagement_ratio hors bornes [0, 1]"
AssertionError: engagement_ratio hors bornes [0, 1]
[2026-03-24T13:58:09.133+0000] {taskinstance.py:1138} INFO - Marking task as UP_FOR_RETRY. dag_id=02_transform_anime, task_id=feature_engineering, execution_date=20260324T135730, start_date=20260324T135808, end_date=20260324T135809
[2026-03-24T13:58:09.158+0000] {standard_task_runner.py:107} ERROR - Failed to execute job 193 for task feature_engineering (engagement_ratio hors bornes [0, 1]; 22626)
[2026-03-24T13:58:09.181+0000] {local_task_job_runner.py:234} INFO - Task exited with return code 1
[2026-03-24T13:58:09.226+0000] {taskinstance.py:3280} INFO - 0 downstream tasks scheduled from follow-on schedule check
