[2026-04-27T09:04:05.732+0000] {taskinstance.py:1956} INFO - Dependencies all met for dep_context=non-requeueable deps ti=<TaskInstance: 02_transform_anime.clean_synopsis manual__2026-04-27T09:00:01.083676+00:00 [queued]>
[2026-04-27T09:04:05.745+0000] {taskinstance.py:1956} INFO - Dependencies all met for dep_context=requeueable deps ti=<TaskInstance: 02_transform_anime.clean_synopsis manual__2026-04-27T09:00:01.083676+00:00 [queued]>
[2026-04-27T09:04:05.746+0000] {taskinstance.py:2170} INFO - Starting attempt 3 of 3
[2026-04-27T09:04:05.767+0000] {taskinstance.py:2191} INFO - Executing <Task(PythonOperator): clean_synopsis> on 2026-04-27 09:00:01.083676+00:00
[2026-04-27T09:04:05.776+0000] {standard_task_runner.py:60} INFO - Started process 828 to run task
[2026-04-27T09:04:05.782+0000] {standard_task_runner.py:87} INFO - Running: ['***', 'tasks', 'run', '02_transform_anime', 'clean_synopsis', 'manual__2026-04-27T09:00:01.083676+00:00', '--job-id', '76', '--raw', '--subdir', 'DAGS_FOLDER/02_transform_anime.py', '--cfg-path', '/tmp/tmpu_w_4js9']
[2026-04-27T09:04:05.786+0000] {standard_task_runner.py:88} INFO - Job 76: Subtask clean_synopsis
[2026-04-27T09:04:05.883+0000] {task_command.py:423} INFO - Running <TaskInstance: 02_transform_anime.clean_synopsis manual__2026-04-27T09:00:01.083676+00:00 [running]> on host 7a8516cd5613
[2026-04-27T09:04:06.034+0000] {taskinstance.py:2480} INFO - Exporting env vars: AIRFLOW_CTX_DAG_OWNER='anidata-lab' AIRFLOW_CTX_DAG_ID='02_transform_anime' AIRFLOW_CTX_TASK_ID='clean_synopsis' AIRFLOW_CTX_EXECUTION_DATE='2026-04-27T09:00:01.083676+00:00' AIRFLOW_CTX_TRY_NUMBER='3' AIRFLOW_CTX_DAG_RUN_ID='manual__2026-04-27T09:00:01.083676+00:00'
[2026-04-27T09:04:06.037+0000] {taskinstance.py:2698} ERROR - Task failed with exception
Traceback (most recent call last):
  File "/home/airflow/.local/lib/python3.11/site-packages/airflow/models/taskinstance.py", line 433, in _execute_task
    result = execute_callable(context=context, **execute_callable_kwargs)
             ^^^^^^^^^^^^^^^^^^^^^^^^^^^^^^^^^^^^^^^^^^^^^^^^^^^^^^^^^^^^
  File "/home/airflow/.local/lib/python3.11/site-packages/airflow/operators/python.py", line 199, in execute
    return_value = self.execute_callable()
                   ^^^^^^^^^^^^^^^^^^^^^^^
  File "/home/airflow/.local/lib/python3.11/site-packages/airflow/operators/python.py", line 216, in execute_callable
    return self.python_callable(*self.op_args, **self.op_kwargs)
           ^^^^^^^^^^^^^^^^^^^^^^^^^^^^^^^^^^^^^^^^^^^^^^^^^^^^^
  File "/opt/airflow/dags/02_transform_anime.py", line 28, in _clean_synopsis
    result = clean_synopsis()
             ^^^^^^^^^^^^^^^^
  File "/opt/airflow/scripts/transform.py", line 40, in clean_synopsis
    df = load_raw("synopsis")
         ^^^^^^^^^^^^^^^^^^^^
  File "/opt/airflow/scripts/transform.py", line 15, in load_raw
    raise FileNotFoundError(f"Parquet introuvable : {path}. Avez-vous lancé le DAG Extract ?")
FileNotFoundError: Parquet introuvable : /opt/***/data/raw_synopsis.parquet. Avez-vous lancé le DAG Extract ?
[2026-04-27T09:04:06.067+0000] {taskinstance.py:1138} INFO - Marking task as FAILED. dag_id=02_transform_anime, task_id=clean_synopsis, execution_date=20260427T090001, start_date=20260427T090405, end_date=20260427T090406
[2026-04-27T09:04:06.087+0000] {standard_task_runner.py:107} ERROR - Failed to execute job 76 for task clean_synopsis (Parquet introuvable : /opt/***/data/raw_synopsis.parquet. Avez-vous lancé le DAG Extract ?; 828)
[2026-04-27T09:04:06.116+0000] {local_task_job_runner.py:234} INFO - Task exited with return code 1
[2026-04-27T09:04:06.192+0000] {taskinstance.py:3280} INFO - 0 downstream tasks scheduled from follow-on schedule check
