[2026-04-27T09:00:00.761+0000] {taskinstance.py:1956} INFO - Dependencies all met for dep_context=non-requeueable deps ti=<TaskInstance: 05_full_pipeline.trigger_transform manual__2026-04-27T08:59:16.313145+00:00 [queued]>
[2026-04-27T09:00:00.779+0000] {taskinstance.py:1956} INFO - Dependencies all met for dep_context=requeueable deps ti=<TaskInstance: 05_full_pipeline.trigger_transform manual__2026-04-27T08:59:16.313145+00:00 [queued]>
[2026-04-27T09:00:00.780+0000] {taskinstance.py:2170} INFO - Starting attempt 1 of 2
[2026-04-27T09:00:00.804+0000] {taskinstance.py:2191} INFO - Executing <Task(TriggerDagRunOperator): trigger_transform> on 2026-04-27 08:59:16.313145+00:00
[2026-04-27T09:00:00.814+0000] {standard_task_runner.py:60} INFO - Started process 416 to run task
[2026-04-27T09:00:00.819+0000] {standard_task_runner.py:87} INFO - Running: ['***', 'tasks', 'run', '05_full_pipeline', 'trigger_transform', 'manual__2026-04-27T08:59:16.313145+00:00', '--job-id', '67', '--raw', '--subdir', 'DAGS_FOLDER/05_full_pipeline.py', '--cfg-path', '/tmp/tmp66k_vqxt']
[2026-04-27T09:00:00.823+0000] {standard_task_runner.py:88} INFO - Job 67: Subtask trigger_transform
[2026-04-27T09:00:00.922+0000] {task_command.py:423} INFO - Running <TaskInstance: 05_full_pipeline.trigger_transform manual__2026-04-27T08:59:16.313145+00:00 [running]> on host 7a8516cd5613
[2026-04-27T09:00:01.081+0000] {taskinstance.py:2480} INFO - Exporting env vars: AIRFLOW_CTX_DAG_OWNER='anidata-lab' AIRFLOW_CTX_DAG_ID='05_full_pipeline' AIRFLOW_CTX_TASK_ID='trigger_transform' AIRFLOW_CTX_EXECUTION_DATE='2026-04-27T08:59:16.313145+00:00' AIRFLOW_CTX_TRY_NUMBER='1' AIRFLOW_CTX_DAG_RUN_ID='manual__2026-04-27T08:59:16.313145+00:00'
[2026-04-27T09:00:01.244+0000] {trigger_dagrun.py:210} INFO - Waiting for 02_transform_anime on 2026-04-27 09:00:01.083676+00:00 to become allowed state ['success'] ...
[2026-04-27T09:00:11.266+0000] {trigger_dagrun.py:210} INFO - Waiting for 02_transform_anime on 2026-04-27 09:00:01.083676+00:00 to become allowed state ['success'] ...
[2026-04-27T09:00:21.286+0000] {trigger_dagrun.py:210} INFO - Waiting for 02_transform_anime on 2026-04-27 09:00:01.083676+00:00 to become allowed state ['success'] ...
[2026-04-27T09:00:31.307+0000] {trigger_dagrun.py:210} INFO - Waiting for 02_transform_anime on 2026-04-27 09:00:01.083676+00:00 to become allowed state ['success'] ...
[2026-04-27T09:00:41.313+0000] {trigger_dagrun.py:210} INFO - Waiting for 02_transform_anime on 2026-04-27 09:00:01.083676+00:00 to become allowed state ['success'] ...
[2026-04-27T09:00:51.332+0000] {trigger_dagrun.py:210} INFO - Waiting for 02_transform_anime on 2026-04-27 09:00:01.083676+00:00 to become allowed state ['success'] ...
[2026-04-27T09:01:01.363+0000] {trigger_dagrun.py:210} INFO - Waiting for 02_transform_anime on 2026-04-27 09:00:01.083676+00:00 to become allowed state ['success'] ...
[2026-04-27T09:01:11.381+0000] {trigger_dagrun.py:210} INFO - Waiting for 02_transform_anime on 2026-04-27 09:00:01.083676+00:00 to become allowed state ['success'] ...
[2026-04-27T09:01:21.399+0000] {trigger_dagrun.py:210} INFO - Waiting for 02_transform_anime on 2026-04-27 09:00:01.083676+00:00 to become allowed state ['success'] ...
[2026-04-27T09:01:31.418+0000] {trigger_dagrun.py:210} INFO - Waiting for 02_transform_anime on 2026-04-27 09:00:01.083676+00:00 to become allowed state ['success'] ...
[2026-04-27T09:01:41.437+0000] {trigger_dagrun.py:210} INFO - Waiting for 02_transform_anime on 2026-04-27 09:00:01.083676+00:00 to become allowed state ['success'] ...
[2026-04-27T09:01:51.458+0000] {trigger_dagrun.py:210} INFO - Waiting for 02_transform_anime on 2026-04-27 09:00:01.083676+00:00 to become allowed state ['success'] ...
[2026-04-27T09:02:01.477+0000] {trigger_dagrun.py:210} INFO - Waiting for 02_transform_anime on 2026-04-27 09:00:01.083676+00:00 to become allowed state ['success'] ...
[2026-04-27T09:02:11.498+0000] {trigger_dagrun.py:210} INFO - Waiting for 02_transform_anime on 2026-04-27 09:00:01.083676+00:00 to become allowed state ['success'] ...
[2026-04-27T09:02:21.519+0000] {trigger_dagrun.py:210} INFO - Waiting for 02_transform_anime on 2026-04-27 09:00:01.083676+00:00 to become allowed state ['success'] ...
[2026-04-27T09:02:31.543+0000] {trigger_dagrun.py:210} INFO - Waiting for 02_transform_anime on 2026-04-27 09:00:01.083676+00:00 to become allowed state ['success'] ...
[2026-04-27T09:02:41.564+0000] {trigger_dagrun.py:210} INFO - Waiting for 02_transform_anime on 2026-04-27 09:00:01.083676+00:00 to become allowed state ['success'] ...
[2026-04-27T09:02:51.583+0000] {trigger_dagrun.py:210} INFO - Waiting for 02_transform_anime on 2026-04-27 09:00:01.083676+00:00 to become allowed state ['success'] ...
[2026-04-27T09:03:01.601+0000] {trigger_dagrun.py:210} INFO - Waiting for 02_transform_anime on 2026-04-27 09:00:01.083676+00:00 to become allowed state ['success'] ...
[2026-04-27T09:03:11.619+0000] {trigger_dagrun.py:210} INFO - Waiting for 02_transform_anime on 2026-04-27 09:00:01.083676+00:00 to become allowed state ['success'] ...
[2026-04-27T09:03:21.637+0000] {trigger_dagrun.py:210} INFO - Waiting for 02_transform_anime on 2026-04-27 09:00:01.083676+00:00 to become allowed state ['success'] ...
[2026-04-27T09:03:31.655+0000] {trigger_dagrun.py:210} INFO - Waiting for 02_transform_anime on 2026-04-27 09:00:01.083676+00:00 to become allowed state ['success'] ...
[2026-04-27T09:03:41.672+0000] {trigger_dagrun.py:210} INFO - Waiting for 02_transform_anime on 2026-04-27 09:00:01.083676+00:00 to become allowed state ['success'] ...
[2026-04-27T09:03:51.692+0000] {trigger_dagrun.py:210} INFO - Waiting for 02_transform_anime on 2026-04-27 09:00:01.083676+00:00 to become allowed state ['success'] ...
[2026-04-27T09:04:01.712+0000] {trigger_dagrun.py:210} INFO - Waiting for 02_transform_anime on 2026-04-27 09:00:01.083676+00:00 to become allowed state ['success'] ...
[2026-04-27T09:04:11.752+0000] {taskinstance.py:2698} ERROR - Task failed with exception
Traceback (most recent call last):
  File "/home/airflow/.local/lib/python3.11/site-packages/airflow/models/taskinstance.py", line 433, in _execute_task
    result = execute_callable(context=context, **execute_callable_kwargs)
             ^^^^^^^^^^^^^^^^^^^^^^^^^^^^^^^^^^^^^^^^^^^^^^^^^^^^^^^^^^^^
  File "/home/airflow/.local/lib/python3.11/site-packages/airflow/operators/trigger_dagrun.py", line 221, in execute
    raise AirflowException(f"{self.trigger_dag_id} failed with failed states {state}")
airflow.exceptions.AirflowException: 02_transform_anime failed with failed states failed
[2026-04-27T09:04:11.758+0000] {taskinstance.py:1138} INFO - Marking task as UP_FOR_RETRY. dag_id=05_full_pipeline, task_id=trigger_transform, execution_date=20260427T085916, start_date=20260427T090000, end_date=20260427T090411
[2026-04-27T09:04:11.781+0000] {standard_task_runner.py:107} ERROR - Failed to execute job 67 for task trigger_transform (02_transform_anime failed with failed states failed; 416)
[2026-04-27T09:04:11.794+0000] {local_task_job_runner.py:234} INFO - Task exited with return code 1
[2026-04-27T09:04:11.839+0000] {taskinstance.py:3280} INFO - 0 downstream tasks scheduled from follow-on schedule check
