[2026-04-27T09:06:12.990+0000] {taskinstance.py:1956} INFO - Dependencies all met for dep_context=non-requeueable deps ti=<TaskInstance: 05_full_pipeline.trigger_transform manual__2026-04-27T08:59:16.313145+00:00 [queued]>
[2026-04-27T09:06:13.008+0000] {taskinstance.py:1956} INFO - Dependencies all met for dep_context=requeueable deps ti=<TaskInstance: 05_full_pipeline.trigger_transform manual__2026-04-27T08:59:16.313145+00:00 [queued]>
[2026-04-27T09:06:13.009+0000] {taskinstance.py:2170} INFO - Starting attempt 2 of 2
[2026-04-27T09:06:13.032+0000] {taskinstance.py:2191} INFO - Executing <Task(TriggerDagRunOperator): trigger_transform> on 2026-04-27 08:59:16.313145+00:00
[2026-04-27T09:06:13.042+0000] {standard_task_runner.py:60} INFO - Started process 1033 to run task
[2026-04-27T09:06:13.046+0000] {standard_task_runner.py:87} INFO - Running: ['***', 'tasks', 'run', '05_full_pipeline', 'trigger_transform', 'manual__2026-04-27T08:59:16.313145+00:00', '--job-id', '77', '--raw', '--subdir', 'DAGS_FOLDER/05_full_pipeline.py', '--cfg-path', '/tmp/tmpolb5vusj']
[2026-04-27T09:06:13.051+0000] {standard_task_runner.py:88} INFO - Job 77: Subtask trigger_transform
[2026-04-27T09:06:13.151+0000] {task_command.py:423} INFO - Running <TaskInstance: 05_full_pipeline.trigger_transform manual__2026-04-27T08:59:16.313145+00:00 [running]> on host 7a8516cd5613
[2026-04-27T09:06:13.307+0000] {taskinstance.py:2480} INFO - Exporting env vars: AIRFLOW_CTX_DAG_OWNER='anidata-lab' AIRFLOW_CTX_DAG_ID='05_full_pipeline' AIRFLOW_CTX_TASK_ID='trigger_transform' AIRFLOW_CTX_EXECUTION_DATE='2026-04-27T08:59:16.313145+00:00' AIRFLOW_CTX_TRY_NUMBER='2' AIRFLOW_CTX_DAG_RUN_ID='manual__2026-04-27T08:59:16.313145+00:00'
[2026-04-27T09:06:13.463+0000] {trigger_dagrun.py:210} INFO - Waiting for 02_transform_anime on 2026-04-27 09:06:13.310074+00:00 to become allowed state ['success'] ...
[2026-04-27T09:06:23.485+0000] {trigger_dagrun.py:210} INFO - Waiting for 02_transform_anime on 2026-04-27 09:06:13.310074+00:00 to become allowed state ['success'] ...
[2026-04-27T09:06:33.507+0000] {trigger_dagrun.py:210} INFO - Waiting for 02_transform_anime on 2026-04-27 09:06:13.310074+00:00 to become allowed state ['success'] ...
[2026-04-27T09:06:43.521+0000] {trigger_dagrun.py:210} INFO - Waiting for 02_transform_anime on 2026-04-27 09:06:13.310074+00:00 to become allowed state ['success'] ...
[2026-04-27T09:06:53.538+0000] {trigger_dagrun.py:210} INFO - Waiting for 02_transform_anime on 2026-04-27 09:06:13.310074+00:00 to become allowed state ['success'] ...
[2026-04-27T09:07:03.558+0000] {trigger_dagrun.py:210} INFO - Waiting for 02_transform_anime on 2026-04-27 09:06:13.310074+00:00 to become allowed state ['success'] ...
[2026-04-27T09:07:13.577+0000] {trigger_dagrun.py:210} INFO - Waiting for 02_transform_anime on 2026-04-27 09:06:13.310074+00:00 to become allowed state ['success'] ...
[2026-04-27T09:07:23.596+0000] {trigger_dagrun.py:210} INFO - Waiting for 02_transform_anime on 2026-04-27 09:06:13.310074+00:00 to become allowed state ['success'] ...
[2026-04-27T09:07:33.623+0000] {trigger_dagrun.py:210} INFO - Waiting for 02_transform_anime on 2026-04-27 09:06:13.310074+00:00 to become allowed state ['success'] ...
[2026-04-27T09:07:43.651+0000] {trigger_dagrun.py:210} INFO - Waiting for 02_transform_anime on 2026-04-27 09:06:13.310074+00:00 to become allowed state ['success'] ...
[2026-04-27T09:07:53.669+0000] {trigger_dagrun.py:210} INFO - Waiting for 02_transform_anime on 2026-04-27 09:06:13.310074+00:00 to become allowed state ['success'] ...
[2026-04-27T09:08:03.689+0000] {trigger_dagrun.py:210} INFO - Waiting for 02_transform_anime on 2026-04-27 09:06:13.310074+00:00 to become allowed state ['success'] ...
[2026-04-27T09:08:13.701+0000] {trigger_dagrun.py:210} INFO - Waiting for 02_transform_anime on 2026-04-27 09:06:13.310074+00:00 to become allowed state ['success'] ...
[2026-04-27T09:08:23.723+0000] {trigger_dagrun.py:210} INFO - Waiting for 02_transform_anime on 2026-04-27 09:06:13.310074+00:00 to become allowed state ['success'] ...
[2026-04-27T09:08:33.743+0000] {trigger_dagrun.py:210} INFO - Waiting for 02_transform_anime on 2026-04-27 09:06:13.310074+00:00 to become allowed state ['success'] ...
[2026-04-27T09:08:43.766+0000] {trigger_dagrun.py:210} INFO - Waiting for 02_transform_anime on 2026-04-27 09:06:13.310074+00:00 to become allowed state ['success'] ...
[2026-04-27T09:08:53.793+0000] {trigger_dagrun.py:210} INFO - Waiting for 02_transform_anime on 2026-04-27 09:06:13.310074+00:00 to become allowed state ['success'] ...
[2026-04-27T09:09:03.812+0000] {trigger_dagrun.py:210} INFO - Waiting for 02_transform_anime on 2026-04-27 09:06:13.310074+00:00 to become allowed state ['success'] ...
[2026-04-27T09:09:13.834+0000] {trigger_dagrun.py:210} INFO - Waiting for 02_transform_anime on 2026-04-27 09:06:13.310074+00:00 to become allowed state ['success'] ...
[2026-04-27T09:09:23.855+0000] {trigger_dagrun.py:210} INFO - Waiting for 02_transform_anime on 2026-04-27 09:06:13.310074+00:00 to become allowed state ['success'] ...
[2026-04-27T09:09:33.881+0000] {trigger_dagrun.py:210} INFO - Waiting for 02_transform_anime on 2026-04-27 09:06:13.310074+00:00 to become allowed state ['success'] ...
[2026-04-27T09:09:43.904+0000] {trigger_dagrun.py:210} INFO - Waiting for 02_transform_anime on 2026-04-27 09:06:13.310074+00:00 to become allowed state ['success'] ...
[2026-04-27T09:09:53.924+0000] {trigger_dagrun.py:210} INFO - Waiting for 02_transform_anime on 2026-04-27 09:06:13.310074+00:00 to become allowed state ['success'] ...
[2026-04-27T09:10:03.962+0000] {trigger_dagrun.py:210} INFO - Waiting for 02_transform_anime on 2026-04-27 09:06:13.310074+00:00 to become allowed state ['success'] ...
[2026-04-27T09:10:13.984+0000] {trigger_dagrun.py:210} INFO - Waiting for 02_transform_anime on 2026-04-27 09:06:13.310074+00:00 to become allowed state ['success'] ...
[2026-04-27T09:10:24.023+0000] {taskinstance.py:2698} ERROR - Task failed with exception
Traceback (most recent call last):
  File "/home/airflow/.local/lib/python3.11/site-packages/airflow/models/taskinstance.py", line 433, in _execute_task
    result = execute_callable(context=context, **execute_callable_kwargs)
             ^^^^^^^^^^^^^^^^^^^^^^^^^^^^^^^^^^^^^^^^^^^^^^^^^^^^^^^^^^^^
  File "/home/airflow/.local/lib/python3.11/site-packages/airflow/operators/trigger_dagrun.py", line 221, in execute
    raise AirflowException(f"{self.trigger_dag_id} failed with failed states {state}")
airflow.exceptions.AirflowException: 02_transform_anime failed with failed states failed
[2026-04-27T09:10:24.029+0000] {taskinstance.py:1138} INFO - Marking task as FAILED. dag_id=05_full_pipeline, task_id=trigger_transform, execution_date=20260427T085916, start_date=20260427T090612, end_date=20260427T091024
[2026-04-27T09:10:24.054+0000] {standard_task_runner.py:107} ERROR - Failed to execute job 77 for task trigger_transform (02_transform_anime failed with failed states failed; 1033)
[2026-04-27T09:10:24.086+0000] {local_task_job_runner.py:234} INFO - Task exited with return code 1
[2026-04-27T09:10:24.132+0000] {taskinstance.py:3280} INFO - 0 downstream tasks scheduled from follow-on schedule check
