[2026-03-24T08:35:09.189+0000] {taskinstance.py:1956} INFO - Dependencies all met for dep_context=non-requeueable deps ti=<TaskInstance: 05_full_pipeline.trigger_extract manual__2026-03-24T08:35:05.535084+00:00 [queued]>
[2026-03-24T08:35:09.203+0000] {taskinstance.py:1956} INFO - Dependencies all met for dep_context=requeueable deps ti=<TaskInstance: 05_full_pipeline.trigger_extract manual__2026-03-24T08:35:05.535084+00:00 [queued]>
[2026-03-24T08:35:09.204+0000] {taskinstance.py:2170} INFO - Starting attempt 1 of 2
[2026-03-24T08:35:09.228+0000] {taskinstance.py:2191} INFO - Executing <Task(TriggerDagRunOperator): trigger_extract> on 2026-03-24 08:35:05.535084+00:00
[2026-03-24T08:35:09.235+0000] {standard_task_runner.py:60} INFO - Started process 225 to run task
[2026-03-24T08:35:09.240+0000] {standard_task_runner.py:87} INFO - Running: ['***', 'tasks', 'run', '05_full_pipeline', 'trigger_extract', 'manual__2026-03-24T08:35:05.535084+00:00', '--job-id', '18', '--raw', '--subdir', 'DAGS_FOLDER/05_full_pipeline.py', '--cfg-path', '/tmp/tmp593msyfn']
[2026-03-24T08:35:09.244+0000] {standard_task_runner.py:88} INFO - Job 18: Subtask trigger_extract
[2026-03-24T08:35:09.344+0000] {task_command.py:423} INFO - Running <TaskInstance: 05_full_pipeline.trigger_extract manual__2026-03-24T08:35:05.535084+00:00 [running]> on host 67583f3fa599
[2026-03-24T08:35:09.504+0000] {taskinstance.py:2480} INFO - Exporting env vars: AIRFLOW_CTX_DAG_OWNER='anidata-lab' AIRFLOW_CTX_DAG_ID='05_full_pipeline' AIRFLOW_CTX_TASK_ID='trigger_extract' AIRFLOW_CTX_EXECUTION_DATE='2026-03-24T08:35:05.535084+00:00' AIRFLOW_CTX_TRY_NUMBER='1' AIRFLOW_CTX_DAG_RUN_ID='manual__2026-03-24T08:35:05.535084+00:00'
[2026-03-24T08:35:09.737+0000] {trigger_dagrun.py:210} INFO - Waiting for 01_extract_anime on 2026-03-24 08:35:09.506698+00:00 to become allowed state ['success'] ...
[2026-03-24T08:35:19.757+0000] {trigger_dagrun.py:210} INFO - Waiting for 01_extract_anime on 2026-03-24 08:35:09.506698+00:00 to become allowed state ['success'] ...
[2026-03-24T08:35:29.609+0000] {trigger_dagrun.py:210} INFO - Waiting for 01_extract_anime on 2026-03-24 08:35:09.506698+00:00 to become allowed state ['success'] ...
[2026-03-24T08:35:39.630+0000] {trigger_dagrun.py:210} INFO - Waiting for 01_extract_anime on 2026-03-24 08:35:09.506698+00:00 to become allowed state ['success'] ...
[2026-03-24T08:35:49.651+0000] {trigger_dagrun.py:210} INFO - Waiting for 01_extract_anime on 2026-03-24 08:35:09.506698+00:00 to become allowed state ['success'] ...
[2026-03-24T08:35:59.486+0000] {trigger_dagrun.py:210} INFO - Waiting for 01_extract_anime on 2026-03-24 08:35:09.506698+00:00 to become allowed state ['success'] ...
[2026-03-24T08:36:09.504+0000] {trigger_dagrun.py:210} INFO - Waiting for 01_extract_anime on 2026-03-24 08:35:09.506698+00:00 to become allowed state ['success'] ...
[2026-03-24T08:36:20.104+0000] {trigger_dagrun.py:210} INFO - Waiting for 01_extract_anime on 2026-03-24 08:35:09.506698+00:00 to become allowed state ['success'] ...
[2026-03-24T08:36:30.042+0000] {trigger_dagrun.py:210} INFO - Waiting for 01_extract_anime on 2026-03-24 08:35:09.506698+00:00 to become allowed state ['success'] ...
[2026-03-24T08:36:40.068+0000] {trigger_dagrun.py:223} INFO - 01_extract_anime finished with allowed state success
[2026-03-24T08:36:40.351+0000] {taskinstance.py:1138} INFO - Marking task as SUCCESS. dag_id=05_full_pipeline, task_id=trigger_extract, execution_date=20260324T083505, start_date=20260324T083509, end_date=20260324T083640
[2026-03-24T08:36:40.612+0000] {local_task_job_runner.py:234} INFO - Task exited with return code 0
[2026-03-24T08:36:40.897+0000] {taskinstance.py:3280} INFO - 0 downstream tasks scheduled from follow-on schedule check
