[2026-03-26T19:27:44.780+0000] {taskinstance.py:1956} INFO - Dependencies all met for dep_context=non-requeueable deps ti=<TaskInstance: 05_full_pipeline.trigger_load manual__2026-03-26T19:26:07.776558+00:00 [queued]>
[2026-03-26T19:27:44.798+0000] {taskinstance.py:1956} INFO - Dependencies all met for dep_context=requeueable deps ti=<TaskInstance: 05_full_pipeline.trigger_load manual__2026-03-26T19:26:07.776558+00:00 [queued]>
[2026-03-26T19:27:44.799+0000] {taskinstance.py:2170} INFO - Starting attempt 1 of 2
[2026-03-26T19:27:44.826+0000] {taskinstance.py:2191} INFO - Executing <Task(TriggerDagRunOperator): trigger_load> on 2026-03-26 19:26:07.776558+00:00
[2026-03-26T19:27:44.835+0000] {standard_task_runner.py:60} INFO - Started process 598 to run task
[2026-03-26T19:27:44.840+0000] {standard_task_runner.py:87} INFO - Running: ['***', 'tasks', 'run', '05_full_pipeline', 'trigger_load', 'manual__2026-03-26T19:26:07.776558+00:00', '--job-id', '273', '--raw', '--subdir', 'DAGS_FOLDER/05_full_pipeline.py', '--cfg-path', '/tmp/tmpnf_pbb40']
[2026-03-26T19:27:44.845+0000] {standard_task_runner.py:88} INFO - Job 273: Subtask trigger_load
[2026-03-26T19:27:44.944+0000] {task_command.py:423} INFO - Running <TaskInstance: 05_full_pipeline.trigger_load manual__2026-03-26T19:26:07.776558+00:00 [running]> on host d05980edad3f
[2026-03-26T19:27:45.112+0000] {taskinstance.py:2480} INFO - Exporting env vars: AIRFLOW_CTX_DAG_OWNER='anidata-lab' AIRFLOW_CTX_DAG_ID='05_full_pipeline' AIRFLOW_CTX_TASK_ID='trigger_load' AIRFLOW_CTX_EXECUTION_DATE='2026-03-26T19:26:07.776558+00:00' AIRFLOW_CTX_TRY_NUMBER='1' AIRFLOW_CTX_DAG_RUN_ID='manual__2026-03-26T19:26:07.776558+00:00'
[2026-03-26T19:27:45.269+0000] {trigger_dagrun.py:210} INFO - Waiting for 03_load_anime on 2026-03-26 19:27:45.114341+00:00 to become allowed state ['success'] ...
[2026-03-26T19:27:55.296+0000] {trigger_dagrun.py:210} INFO - Waiting for 03_load_anime on 2026-03-26 19:27:45.114341+00:00 to become allowed state ['success'] ...
[2026-03-26T19:28:05.329+0000] {trigger_dagrun.py:210} INFO - Waiting for 03_load_anime on 2026-03-26 19:27:45.114341+00:00 to become allowed state ['success'] ...
[2026-03-26T19:28:15.368+0000] {trigger_dagrun.py:210} INFO - Waiting for 03_load_anime on 2026-03-26 19:27:45.114341+00:00 to become allowed state ['success'] ...
[2026-03-26T19:28:25.387+0000] {trigger_dagrun.py:210} INFO - Waiting for 03_load_anime on 2026-03-26 19:27:45.114341+00:00 to become allowed state ['success'] ...
[2026-03-26T19:28:35.404+0000] {trigger_dagrun.py:210} INFO - Waiting for 03_load_anime on 2026-03-26 19:27:45.114341+00:00 to become allowed state ['success'] ...
[2026-03-26T19:28:45.444+0000] {trigger_dagrun.py:210} INFO - Waiting for 03_load_anime on 2026-03-26 19:27:45.114341+00:00 to become allowed state ['success'] ...
[2026-03-26T19:28:55.464+0000] {trigger_dagrun.py:210} INFO - Waiting for 03_load_anime on 2026-03-26 19:27:45.114341+00:00 to become allowed state ['success'] ...
[2026-03-26T19:29:05.482+0000] {trigger_dagrun.py:210} INFO - Waiting for 03_load_anime on 2026-03-26 19:27:45.114341+00:00 to become allowed state ['success'] ...
[2026-03-26T19:29:15.521+0000] {trigger_dagrun.py:210} INFO - Waiting for 03_load_anime on 2026-03-26 19:27:45.114341+00:00 to become allowed state ['success'] ...
[2026-03-26T19:29:25.540+0000] {trigger_dagrun.py:210} INFO - Waiting for 03_load_anime on 2026-03-26 19:27:45.114341+00:00 to become allowed state ['success'] ...
[2026-03-26T19:29:35.559+0000] {trigger_dagrun.py:210} INFO - Waiting for 03_load_anime on 2026-03-26 19:27:45.114341+00:00 to become allowed state ['success'] ...
[2026-03-26T19:29:45.597+0000] {trigger_dagrun.py:210} INFO - Waiting for 03_load_anime on 2026-03-26 19:27:45.114341+00:00 to become allowed state ['success'] ...
[2026-03-26T19:29:55.617+0000] {trigger_dagrun.py:210} INFO - Waiting for 03_load_anime on 2026-03-26 19:27:45.114341+00:00 to become allowed state ['success'] ...
[2026-03-26T19:30:05.636+0000] {trigger_dagrun.py:210} INFO - Waiting for 03_load_anime on 2026-03-26 19:27:45.114341+00:00 to become allowed state ['success'] ...
[2026-03-26T19:30:15.676+0000] {trigger_dagrun.py:210} INFO - Waiting for 03_load_anime on 2026-03-26 19:27:45.114341+00:00 to become allowed state ['success'] ...
[2026-03-26T19:30:25.694+0000] {trigger_dagrun.py:210} INFO - Waiting for 03_load_anime on 2026-03-26 19:27:45.114341+00:00 to become allowed state ['success'] ...
[2026-03-26T19:30:35.712+0000] {trigger_dagrun.py:210} INFO - Waiting for 03_load_anime on 2026-03-26 19:27:45.114341+00:00 to become allowed state ['success'] ...
[2026-03-26T19:30:45.752+0000] {trigger_dagrun.py:210} INFO - Waiting for 03_load_anime on 2026-03-26 19:27:45.114341+00:00 to become allowed state ['success'] ...
[2026-03-26T19:30:55.771+0000] {trigger_dagrun.py:210} INFO - Waiting for 03_load_anime on 2026-03-26 19:27:45.114341+00:00 to become allowed state ['success'] ...
[2026-03-26T19:31:05.790+0000] {trigger_dagrun.py:210} INFO - Waiting for 03_load_anime on 2026-03-26 19:27:45.114341+00:00 to become allowed state ['success'] ...
[2026-03-26T19:31:15.831+0000] {trigger_dagrun.py:210} INFO - Waiting for 03_load_anime on 2026-03-26 19:27:45.114341+00:00 to become allowed state ['success'] ...
[2026-03-26T19:31:25.849+0000] {trigger_dagrun.py:210} INFO - Waiting for 03_load_anime on 2026-03-26 19:27:45.114341+00:00 to become allowed state ['success'] ...
[2026-03-26T19:31:35.868+0000] {trigger_dagrun.py:210} INFO - Waiting for 03_load_anime on 2026-03-26 19:27:45.114341+00:00 to become allowed state ['success'] ...
[2026-03-26T19:31:45.905+0000] {trigger_dagrun.py:210} INFO - Waiting for 03_load_anime on 2026-03-26 19:27:45.114341+00:00 to become allowed state ['success'] ...
[2026-03-26T19:31:55.924+0000] {trigger_dagrun.py:210} INFO - Waiting for 03_load_anime on 2026-03-26 19:27:45.114341+00:00 to become allowed state ['success'] ...
[2026-03-26T19:32:05.942+0000] {trigger_dagrun.py:210} INFO - Waiting for 03_load_anime on 2026-03-26 19:27:45.114341+00:00 to become allowed state ['success'] ...
[2026-03-26T19:32:15.979+0000] {trigger_dagrun.py:210} INFO - Waiting for 03_load_anime on 2026-03-26 19:27:45.114341+00:00 to become allowed state ['success'] ...
[2026-03-26T19:32:26.018+0000] {taskinstance.py:2698} ERROR - Task failed with exception
Traceback (most recent call last):
  File "/home/airflow/.local/lib/python3.11/site-packages/airflow/models/taskinstance.py", line 433, in _execute_task
    result = execute_callable(context=context, **execute_callable_kwargs)
             ^^^^^^^^^^^^^^^^^^^^^^^^^^^^^^^^^^^^^^^^^^^^^^^^^^^^^^^^^^^^
  File "/home/airflow/.local/lib/python3.11/site-packages/airflow/operators/trigger_dagrun.py", line 221, in execute
    raise AirflowException(f"{self.trigger_dag_id} failed with failed states {state}")
airflow.exceptions.AirflowException: 03_load_anime failed with failed states failed
[2026-03-26T19:32:26.025+0000] {taskinstance.py:1138} INFO - Marking task as UP_FOR_RETRY. dag_id=05_full_pipeline, task_id=trigger_load, execution_date=20260326T192607, start_date=20260326T192744, end_date=20260326T193226
[2026-03-26T19:32:26.053+0000] {standard_task_runner.py:107} ERROR - Failed to execute job 273 for task trigger_load (03_load_anime failed with failed states failed; 598)
[2026-03-26T19:32:26.082+0000] {local_task_job_runner.py:234} INFO - Task exited with return code 1
[2026-03-26T19:32:26.130+0000] {taskinstance.py:3280} INFO - 0 downstream tasks scheduled from follow-on schedule check
