[2026-03-26T19:34:26.782+0000] {taskinstance.py:1956} INFO - Dependencies all met for dep_context=non-requeueable deps ti=<TaskInstance: 05_full_pipeline.trigger_load manual__2026-03-26T19:26:07.776558+00:00 [queued]>
[2026-03-26T19:34:26.800+0000] {taskinstance.py:1956} INFO - Dependencies all met for dep_context=requeueable deps ti=<TaskInstance: 05_full_pipeline.trigger_load manual__2026-03-26T19:26:07.776558+00:00 [queued]>
[2026-03-26T19:34:26.801+0000] {taskinstance.py:2170} INFO - Starting attempt 2 of 2
[2026-03-26T19:34:26.824+0000] {taskinstance.py:2191} INFO - Executing <Task(TriggerDagRunOperator): trigger_load> on 2026-03-26 19:26:07.776558+00:00
[2026-03-26T19:34:26.832+0000] {standard_task_runner.py:60} INFO - Started process 1038 to run task
[2026-03-26T19:34:26.839+0000] {standard_task_runner.py:87} INFO - Running: ['***', 'tasks', 'run', '05_full_pipeline', 'trigger_load', 'manual__2026-03-26T19:26:07.776558+00:00', '--job-id', '278', '--raw', '--subdir', 'DAGS_FOLDER/05_full_pipeline.py', '--cfg-path', '/tmp/tmp11ckqf2t']
[2026-03-26T19:34:26.844+0000] {standard_task_runner.py:88} INFO - Job 278: Subtask trigger_load
[2026-03-26T19:34:26.947+0000] {task_command.py:423} INFO - Running <TaskInstance: 05_full_pipeline.trigger_load manual__2026-03-26T19:26:07.776558+00:00 [running]> on host d05980edad3f
[2026-03-26T19:34:27.121+0000] {taskinstance.py:2480} INFO - Exporting env vars: AIRFLOW_CTX_DAG_OWNER='anidata-lab' AIRFLOW_CTX_DAG_ID='05_full_pipeline' AIRFLOW_CTX_TASK_ID='trigger_load' AIRFLOW_CTX_EXECUTION_DATE='2026-03-26T19:26:07.776558+00:00' AIRFLOW_CTX_TRY_NUMBER='2' AIRFLOW_CTX_DAG_RUN_ID='manual__2026-03-26T19:26:07.776558+00:00'
[2026-03-26T19:34:27.277+0000] {trigger_dagrun.py:210} INFO - Waiting for 03_load_anime on 2026-03-26 19:34:27.122740+00:00 to become allowed state ['success'] ...
[2026-03-26T19:34:37.297+0000] {trigger_dagrun.py:210} INFO - Waiting for 03_load_anime on 2026-03-26 19:34:27.122740+00:00 to become allowed state ['success'] ...
[2026-03-26T19:34:47.339+0000] {trigger_dagrun.py:210} INFO - Waiting for 03_load_anime on 2026-03-26 19:34:27.122740+00:00 to become allowed state ['success'] ...
[2026-03-26T19:34:57.358+0000] {trigger_dagrun.py:210} INFO - Waiting for 03_load_anime on 2026-03-26 19:34:27.122740+00:00 to become allowed state ['success'] ...
[2026-03-26T19:35:07.375+0000] {trigger_dagrun.py:210} INFO - Waiting for 03_load_anime on 2026-03-26 19:34:27.122740+00:00 to become allowed state ['success'] ...
[2026-03-26T19:35:17.412+0000] {trigger_dagrun.py:210} INFO - Waiting for 03_load_anime on 2026-03-26 19:34:27.122740+00:00 to become allowed state ['success'] ...
[2026-03-26T19:35:27.429+0000] {trigger_dagrun.py:210} INFO - Waiting for 03_load_anime on 2026-03-26 19:34:27.122740+00:00 to become allowed state ['success'] ...
[2026-03-26T19:35:37.449+0000] {trigger_dagrun.py:210} INFO - Waiting for 03_load_anime on 2026-03-26 19:34:27.122740+00:00 to become allowed state ['success'] ...
[2026-03-26T19:35:47.489+0000] {trigger_dagrun.py:210} INFO - Waiting for 03_load_anime on 2026-03-26 19:34:27.122740+00:00 to become allowed state ['success'] ...
[2026-03-26T19:35:57.509+0000] {trigger_dagrun.py:210} INFO - Waiting for 03_load_anime on 2026-03-26 19:34:27.122740+00:00 to become allowed state ['success'] ...
[2026-03-26T19:36:07.528+0000] {trigger_dagrun.py:210} INFO - Waiting for 03_load_anime on 2026-03-26 19:34:27.122740+00:00 to become allowed state ['success'] ...
[2026-03-26T19:36:17.571+0000] {trigger_dagrun.py:210} INFO - Waiting for 03_load_anime on 2026-03-26 19:34:27.122740+00:00 to become allowed state ['success'] ...
[2026-03-26T19:36:27.589+0000] {trigger_dagrun.py:210} INFO - Waiting for 03_load_anime on 2026-03-26 19:34:27.122740+00:00 to become allowed state ['success'] ...
[2026-03-26T19:36:37.608+0000] {trigger_dagrun.py:210} INFO - Waiting for 03_load_anime on 2026-03-26 19:34:27.122740+00:00 to become allowed state ['success'] ...
[2026-03-26T19:36:47.652+0000] {trigger_dagrun.py:210} INFO - Waiting for 03_load_anime on 2026-03-26 19:34:27.122740+00:00 to become allowed state ['success'] ...
[2026-03-26T19:36:57.671+0000] {trigger_dagrun.py:210} INFO - Waiting for 03_load_anime on 2026-03-26 19:34:27.122740+00:00 to become allowed state ['success'] ...
[2026-03-26T19:37:07.689+0000] {trigger_dagrun.py:210} INFO - Waiting for 03_load_anime on 2026-03-26 19:34:27.122740+00:00 to become allowed state ['success'] ...
[2026-03-26T19:37:17.729+0000] {trigger_dagrun.py:210} INFO - Waiting for 03_load_anime on 2026-03-26 19:34:27.122740+00:00 to become allowed state ['success'] ...
[2026-03-26T19:37:27.748+0000] {trigger_dagrun.py:210} INFO - Waiting for 03_load_anime on 2026-03-26 19:34:27.122740+00:00 to become allowed state ['success'] ...
[2026-03-26T19:37:37.767+0000] {trigger_dagrun.py:210} INFO - Waiting for 03_load_anime on 2026-03-26 19:34:27.122740+00:00 to become allowed state ['success'] ...
[2026-03-26T19:37:47.806+0000] {trigger_dagrun.py:210} INFO - Waiting for 03_load_anime on 2026-03-26 19:34:27.122740+00:00 to become allowed state ['success'] ...
[2026-03-26T19:37:57.825+0000] {trigger_dagrun.py:210} INFO - Waiting for 03_load_anime on 2026-03-26 19:34:27.122740+00:00 to become allowed state ['success'] ...
[2026-03-26T19:38:07.846+0000] {trigger_dagrun.py:210} INFO - Waiting for 03_load_anime on 2026-03-26 19:34:27.122740+00:00 to become allowed state ['success'] ...
[2026-03-26T19:38:17.887+0000] {trigger_dagrun.py:210} INFO - Waiting for 03_load_anime on 2026-03-26 19:34:27.122740+00:00 to become allowed state ['success'] ...
[2026-03-26T19:38:27.906+0000] {trigger_dagrun.py:210} INFO - Waiting for 03_load_anime on 2026-03-26 19:34:27.122740+00:00 to become allowed state ['success'] ...
[2026-03-26T19:38:37.947+0000] {taskinstance.py:2698} ERROR - Task failed with exception
Traceback (most recent call last):
  File "/home/airflow/.local/lib/python3.11/site-packages/airflow/models/taskinstance.py", line 433, in _execute_task
    result = execute_callable(context=context, **execute_callable_kwargs)
             ^^^^^^^^^^^^^^^^^^^^^^^^^^^^^^^^^^^^^^^^^^^^^^^^^^^^^^^^^^^^
  File "/home/airflow/.local/lib/python3.11/site-packages/airflow/operators/trigger_dagrun.py", line 221, in execute
    raise AirflowException(f"{self.trigger_dag_id} failed with failed states {state}")
airflow.exceptions.AirflowException: 03_load_anime failed with failed states failed
[2026-03-26T19:38:37.954+0000] {taskinstance.py:1138} INFO - Marking task as FAILED. dag_id=05_full_pipeline, task_id=trigger_load, execution_date=20260326T192607, start_date=20260326T193426, end_date=20260326T193837
[2026-03-26T19:38:37.982+0000] {standard_task_runner.py:107} ERROR - Failed to execute job 278 for task trigger_load (03_load_anime failed with failed states failed; 1038)
[2026-03-26T19:38:38.021+0000] {local_task_job_runner.py:234} INFO - Task exited with return code 1
[2026-03-26T19:38:38.067+0000] {taskinstance.py:3280} INFO - 0 downstream tasks scheduled from follow-on schedule check
