[2026-04-27T09:14:52.094+0000] {taskinstance.py:1956} INFO - Dependencies all met for dep_context=non-requeueable deps ti=<TaskInstance: 03_load_anime.bulk_index manual__2026-04-27T09:14:47.459565+00:00 [queued]>
[2026-04-27T09:14:52.131+0000] {taskinstance.py:1956} INFO - Dependencies all met for dep_context=requeueable deps ti=<TaskInstance: 03_load_anime.bulk_index manual__2026-04-27T09:14:47.459565+00:00 [queued]>
[2026-04-27T09:14:52.132+0000] {taskinstance.py:2170} INFO - Starting attempt 1 of 3
[2026-04-27T09:14:52.170+0000] {taskinstance.py:2191} INFO - Executing <Task(PythonOperator): bulk_index> on 2026-04-27 09:14:47.459565+00:00
[2026-04-27T09:14:52.187+0000] {standard_task_runner.py:60} INFO - Started process 1995 to run task
[2026-04-27T09:14:52.194+0000] {standard_task_runner.py:87} INFO - Running: ['***', 'tasks', 'run', '03_load_anime', 'bulk_index', 'manual__2026-04-27T09:14:47.459565+00:00', '--job-id', '103', '--raw', '--subdir', 'DAGS_FOLDER/03_load_anime.py', '--cfg-path', '/tmp/tmpjmaaig2j']
[2026-04-27T09:14:52.200+0000] {standard_task_runner.py:88} INFO - Job 103: Subtask bulk_index
[2026-04-27T09:14:52.350+0000] {task_command.py:423} INFO - Running <TaskInstance: 03_load_anime.bulk_index manual__2026-04-27T09:14:47.459565+00:00 [running]> on host 7a8516cd5613
[2026-04-27T09:14:52.531+0000] {taskinstance.py:2480} INFO - Exporting env vars: AIRFLOW_CTX_DAG_OWNER='anidata-lab' AIRFLOW_CTX_DAG_ID='03_load_anime' AIRFLOW_CTX_TASK_ID='bulk_index' AIRFLOW_CTX_EXECUTION_DATE='2026-04-27T09:14:47.459565+00:00' AIRFLOW_CTX_TRY_NUMBER='1' AIRFLOW_CTX_DAG_RUN_ID='manual__2026-04-27T09:14:47.459565+00:00'
[2026-04-27T09:14:53.536+0000] {_transport.py:335} INFO - HEAD http://elasticsearch:9200/ [status:200 duration:0.008s]
[2026-04-27T09:14:57.661+0000] {_transport.py:335} INFO - PUT http://elasticsearch:9200/_bulk [status:200 duration:1.101s]
[2026-04-27T09:14:58.111+0000] {_transport.py:335} INFO - PUT http://elasticsearch:9200/_bulk [status:200 duration:0.412s]
[2026-04-27T09:14:58.509+0000] {_transport.py:335} INFO - PUT http://elasticsearch:9200/_bulk [status:200 duration:0.362s]
[2026-04-27T09:14:58.859+0000] {_transport.py:335} INFO - PUT http://elasticsearch:9200/_bulk [status:200 duration:0.303s]
[2026-04-27T09:14:59.152+0000] {_transport.py:335} INFO - PUT http://elasticsearch:9200/_bulk [status:200 duration:0.254s]
[2026-04-27T09:14:59.467+0000] {_transport.py:335} INFO - PUT http://elasticsearch:9200/_bulk [status:200 duration:0.275s]
[2026-04-27T09:14:59.973+0000] {_transport.py:335} INFO - PUT http://elasticsearch:9200/_bulk [status:200 duration:0.250s]
[2026-04-27T09:15:00.265+0000] {_transport.py:335} INFO - PUT http://elasticsearch:9200/_bulk [status:200 duration:0.255s]
[2026-04-27T09:15:00.497+0000] {_transport.py:335} INFO - PUT http://elasticsearch:9200/_bulk [status:200 duration:0.192s]
[2026-04-27T09:15:00.738+0000] {_transport.py:335} INFO - PUT http://elasticsearch:9200/_bulk [status:200 duration:0.203s]
[2026-04-27T09:15:00.954+0000] {_transport.py:335} INFO - PUT http://elasticsearch:9200/_bulk [status:200 duration:0.179s]
[2026-04-27T09:15:01.173+0000] {_transport.py:335} INFO - PUT http://elasticsearch:9200/_bulk [status:200 duration:0.187s]
[2026-04-27T09:15:01.399+0000] {_transport.py:335} INFO - PUT http://elasticsearch:9200/_bulk [status:200 duration:0.190s]
[2026-04-27T09:15:01.611+0000] {_transport.py:335} INFO - PUT http://elasticsearch:9200/_bulk [status:200 duration:0.173s]
[2026-04-27T09:15:01.825+0000] {_transport.py:335} INFO - PUT http://elasticsearch:9200/_bulk [status:200 duration:0.180s]
[2026-04-27T09:15:02.054+0000] {_transport.py:335} INFO - PUT http://elasticsearch:9200/_bulk [status:200 duration:0.191s]
[2026-04-27T09:15:02.268+0000] {_transport.py:335} INFO - PUT http://elasticsearch:9200/_bulk [status:200 duration:0.180s]
[2026-04-27T09:15:02.456+0000] {_transport.py:335} INFO - PUT http://elasticsearch:9200/_bulk [status:200 duration:0.151s]
[2026-04-27T09:15:02.650+0000] {_transport.py:335} INFO - PUT http://elasticsearch:9200/_bulk [status:200 duration:0.154s]
[2026-04-27T09:15:02.847+0000] {_transport.py:335} INFO - PUT http://elasticsearch:9200/_bulk [status:200 duration:0.165s]
[2026-04-27T09:15:03.064+0000] {_transport.py:335} INFO - PUT http://elasticsearch:9200/_bulk [status:200 duration:0.185s]
[2026-04-27T09:15:03.268+0000] {_transport.py:335} INFO - PUT http://elasticsearch:9200/_bulk [status:200 duration:0.165s]
[2026-04-27T09:15:03.473+0000] {_transport.py:335} INFO - PUT http://elasticsearch:9200/_bulk [status:200 duration:0.166s]
[2026-04-27T09:15:03.679+0000] {_transport.py:335} INFO - PUT http://elasticsearch:9200/_bulk [status:200 duration:0.173s]
[2026-04-27T09:15:03.879+0000] {_transport.py:335} INFO - PUT http://elasticsearch:9200/_bulk [status:200 duration:0.167s]
[2026-04-27T09:15:04.052+0000] {_transport.py:335} INFO - PUT http://elasticsearch:9200/_bulk [status:200 duration:0.143s]
[2026-04-27T09:15:04.245+0000] {_transport.py:335} INFO - PUT http://elasticsearch:9200/_bulk [status:200 duration:0.161s]
[2026-04-27T09:15:04.424+0000] {_transport.py:335} INFO - PUT http://elasticsearch:9200/_bulk [status:200 duration:0.147s]
[2026-04-27T09:15:04.597+0000] {_transport.py:335} INFO - PUT http://elasticsearch:9200/_bulk [status:200 duration:0.142s]
[2026-04-27T09:15:04.793+0000] {_transport.py:335} INFO - PUT http://elasticsearch:9200/_bulk [status:200 duration:0.161s]
[2026-04-27T09:15:04.981+0000] {_transport.py:335} INFO - PUT http://elasticsearch:9200/_bulk [status:200 duration:0.154s]
[2026-04-27T09:15:05.160+0000] {_transport.py:335} INFO - PUT http://elasticsearch:9200/_bulk [status:200 duration:0.148s]
[2026-04-27T09:15:05.340+0000] {_transport.py:335} INFO - PUT http://elasticsearch:9200/_bulk [status:200 duration:0.149s]
[2026-04-27T09:15:05.520+0000] {_transport.py:335} INFO - PUT http://elasticsearch:9200/_bulk [status:200 duration:0.144s]
[2026-04-27T09:15:05.698+0000] {_transport.py:335} INFO - PUT http://elasticsearch:9200/_bulk [status:200 duration:0.150s]
[2026-04-27T09:15:05.732+0000] {_transport.py:335} INFO - PUT http://elasticsearch:9200/_bulk [status:200 duration:0.026s]
[2026-04-27T09:15:05.769+0000] {logging_mixin.py:188} INFO - Indexation : 17562/17562 docs, 0 erreurs
[2026-04-27T09:15:05.770+0000] {python.py:201} INFO - Done. Returned value was: None
[2026-04-27T09:15:05.792+0000] {taskinstance.py:1138} INFO - Marking task as SUCCESS. dag_id=03_load_anime, task_id=bulk_index, execution_date=20260427T091447, start_date=20260427T091452, end_date=20260427T091505
[2026-04-27T09:15:05.851+0000] {local_task_job_runner.py:234} INFO - Task exited with return code 0
[2026-04-27T09:15:05.893+0000] {taskinstance.py:3280} INFO - 1 downstream tasks scheduled from follow-on schedule check
