[2026-03-24T08:11:03.030+0000] {taskinstance.py:1956} INFO - Dependencies all met for dep_context=non-requeueable deps ti=<TaskInstance: 05_full_pipeline.trigger_extract manual__2026-03-24T08:10:35.854136+00:00 [queued]>
[2026-03-24T08:11:03.046+0000] {taskinstance.py:1956} INFO - Dependencies all met for dep_context=requeueable deps ti=<TaskInstance: 05_full_pipeline.trigger_extract manual__2026-03-24T08:10:35.854136+00:00 [queued]>
[2026-03-24T08:11:03.048+0000] {taskinstance.py:2170} INFO - Starting attempt 1 of 2
[2026-03-24T08:11:03.070+0000] {taskinstance.py:2191} INFO - Executing <Task(TriggerDagRunOperator): trigger_extract> on 2026-03-24 08:10:35.854136+00:00
[2026-03-24T08:11:03.079+0000] {standard_task_runner.py:60} INFO - Started process 655 to run task
[2026-03-24T08:11:03.085+0000] {standard_task_runner.py:87} INFO - Running: ['***', 'tasks', 'run', '05_full_pipeline', 'trigger_extract', 'manual__2026-03-24T08:10:35.854136+00:00', '--job-id', '9', '--raw', '--subdir', 'DAGS_FOLDER/05_full_pipeline.py', '--cfg-path', '/tmp/tmppn6s0oz6']
[2026-03-24T08:11:03.089+0000] {standard_task_runner.py:88} INFO - Job 9: Subtask trigger_extract
[2026-03-24T08:11:03.211+0000] {task_command.py:423} INFO - Running <TaskInstance: 05_full_pipeline.trigger_extract manual__2026-03-24T08:10:35.854136+00:00 [running]> on host 2345ef06643f
[2026-03-24T08:11:03.403+0000] {taskinstance.py:2480} INFO - Exporting env vars: AIRFLOW_CTX_DAG_OWNER='anidata-lab' AIRFLOW_CTX_DAG_ID='05_full_pipeline' AIRFLOW_CTX_TASK_ID='trigger_extract' AIRFLOW_CTX_EXECUTION_DATE='2026-03-24T08:10:35.854136+00:00' AIRFLOW_CTX_TRY_NUMBER='1' AIRFLOW_CTX_DAG_RUN_ID='manual__2026-03-24T08:10:35.854136+00:00'
[2026-03-24T08:11:03.577+0000] {trigger_dagrun.py:210} INFO - Waiting for 01_extract_anime on 2026-03-24 08:11:03.405933+00:00 to become allowed state ['success'] ...
[2026-03-24T08:11:13.008+0000] {trigger_dagrun.py:210} INFO - Waiting for 01_extract_anime on 2026-03-24 08:11:03.405933+00:00 to become allowed state ['success'] ...
[2026-03-24T08:11:23.029+0000] {trigger_dagrun.py:210} INFO - Waiting for 01_extract_anime on 2026-03-24 08:11:03.405933+00:00 to become allowed state ['success'] ...
[2026-03-24T08:11:33.053+0000] {trigger_dagrun.py:210} INFO - Waiting for 01_extract_anime on 2026-03-24 08:11:03.405933+00:00 to become allowed state ['success'] ...
[2026-03-24T08:11:42.575+0000] {trigger_dagrun.py:210} INFO - Waiting for 01_extract_anime on 2026-03-24 08:11:03.405933+00:00 to become allowed state ['success'] ...
[2026-03-24T08:11:52.593+0000] {trigger_dagrun.py:210} INFO - Waiting for 01_extract_anime on 2026-03-24 08:11:03.405933+00:00 to become allowed state ['success'] ...
[2026-03-24T08:12:02.621+0000] {trigger_dagrun.py:210} INFO - Waiting for 01_extract_anime on 2026-03-24 08:11:03.405933+00:00 to become allowed state ['success'] ...
[2026-03-24T08:12:12.076+0000] {trigger_dagrun.py:210} INFO - Waiting for 01_extract_anime on 2026-03-24 08:11:03.405933+00:00 to become allowed state ['success'] ...
[2026-03-24T08:12:22.106+0000] {trigger_dagrun.py:210} INFO - Waiting for 01_extract_anime on 2026-03-24 08:11:03.405933+00:00 to become allowed state ['success'] ...
[2026-03-24T08:12:32.131+0000] {trigger_dagrun.py:210} INFO - Waiting for 01_extract_anime on 2026-03-24 08:11:03.405933+00:00 to become allowed state ['success'] ...
[2026-03-24T08:12:41.996+0000] {trigger_dagrun.py:210} INFO - Waiting for 01_extract_anime on 2026-03-24 08:11:03.405933+00:00 to become allowed state ['success'] ...
[2026-03-24T08:12:52.013+0000] {trigger_dagrun.py:210} INFO - Waiting for 01_extract_anime on 2026-03-24 08:11:03.405933+00:00 to become allowed state ['success'] ...
[2026-03-24T08:13:02.031+0000] {trigger_dagrun.py:210} INFO - Waiting for 01_extract_anime on 2026-03-24 08:11:03.405933+00:00 to become allowed state ['success'] ...
[2026-03-24T08:13:11.460+0000] {trigger_dagrun.py:210} INFO - Waiting for 01_extract_anime on 2026-03-24 08:11:03.405933+00:00 to become allowed state ['success'] ...
[2026-03-24T08:13:21.505+0000] {trigger_dagrun.py:210} INFO - Waiting for 01_extract_anime on 2026-03-24 08:11:03.405933+00:00 to become allowed state ['success'] ...
[2026-03-24T08:13:31.531+0000] {trigger_dagrun.py:210} INFO - Waiting for 01_extract_anime on 2026-03-24 08:11:03.405933+00:00 to become allowed state ['success'] ...
[2026-03-24T08:13:40.933+0000] {trigger_dagrun.py:210} INFO - Waiting for 01_extract_anime on 2026-03-24 08:11:03.405933+00:00 to become allowed state ['success'] ...
[2026-03-24T08:13:50.967+0000] {trigger_dagrun.py:210} INFO - Waiting for 01_extract_anime on 2026-03-24 08:11:03.405933+00:00 to become allowed state ['success'] ...
[2026-03-24T08:14:00.989+0000] {trigger_dagrun.py:210} INFO - Waiting for 01_extract_anime on 2026-03-24 08:11:03.405933+00:00 to become allowed state ['success'] ...
[2026-03-24T08:14:10.860+0000] {trigger_dagrun.py:210} INFO - Waiting for 01_extract_anime on 2026-03-24 08:11:03.405933+00:00 to become allowed state ['success'] ...
[2026-03-24T08:14:20.880+0000] {trigger_dagrun.py:210} INFO - Waiting for 01_extract_anime on 2026-03-24 08:11:03.405933+00:00 to become allowed state ['success'] ...
[2026-03-24T08:14:30.899+0000] {trigger_dagrun.py:210} INFO - Waiting for 01_extract_anime on 2026-03-24 08:11:03.405933+00:00 to become allowed state ['success'] ...
[2026-03-24T08:14:40.746+0000] {trigger_dagrun.py:210} INFO - Waiting for 01_extract_anime on 2026-03-24 08:11:03.405933+00:00 to become allowed state ['success'] ...
[2026-03-24T08:14:50.769+0000] {trigger_dagrun.py:210} INFO - Waiting for 01_extract_anime on 2026-03-24 08:11:03.405933+00:00 to become allowed state ['success'] ...
[2026-03-24T08:15:00.789+0000] {trigger_dagrun.py:210} INFO - Waiting for 01_extract_anime on 2026-03-24 08:11:03.405933+00:00 to become allowed state ['success'] ...
[2026-03-24T08:15:10.627+0000] {trigger_dagrun.py:210} INFO - Waiting for 01_extract_anime on 2026-03-24 08:11:03.405933+00:00 to become allowed state ['success'] ...
[2026-03-24T08:15:20.649+0000] {trigger_dagrun.py:210} INFO - Waiting for 01_extract_anime on 2026-03-24 08:11:03.405933+00:00 to become allowed state ['success'] ...
[2026-03-24T08:15:30.672+0000] {trigger_dagrun.py:210} INFO - Waiting for 01_extract_anime on 2026-03-24 08:11:03.405933+00:00 to become allowed state ['success'] ...
[2026-03-24T08:15:40.516+0000] {trigger_dagrun.py:210} INFO - Waiting for 01_extract_anime on 2026-03-24 08:11:03.405933+00:00 to become allowed state ['success'] ...
[2026-03-24T08:15:50.538+0000] {trigger_dagrun.py:210} INFO - Waiting for 01_extract_anime on 2026-03-24 08:11:03.405933+00:00 to become allowed state ['success'] ...
[2026-03-24T08:16:00.561+0000] {trigger_dagrun.py:210} INFO - Waiting for 01_extract_anime on 2026-03-24 08:11:03.405933+00:00 to become allowed state ['success'] ...
[2026-03-24T08:16:10.400+0000] {trigger_dagrun.py:210} INFO - Waiting for 01_extract_anime on 2026-03-24 08:11:03.405933+00:00 to become allowed state ['success'] ...
[2026-03-24T08:16:20.427+0000] {trigger_dagrun.py:210} INFO - Waiting for 01_extract_anime on 2026-03-24 08:11:03.405933+00:00 to become allowed state ['success'] ...
[2026-03-24T08:16:30.449+0000] {trigger_dagrun.py:210} INFO - Waiting for 01_extract_anime on 2026-03-24 08:11:03.405933+00:00 to become allowed state ['success'] ...
[2026-03-24T08:16:40.286+0000] {trigger_dagrun.py:210} INFO - Waiting for 01_extract_anime on 2026-03-24 08:11:03.405933+00:00 to become allowed state ['success'] ...
[2026-03-24T08:16:50.309+0000] {trigger_dagrun.py:210} INFO - Waiting for 01_extract_anime on 2026-03-24 08:11:03.405933+00:00 to become allowed state ['success'] ...
[2026-03-24T08:17:00.329+0000] {trigger_dagrun.py:210} INFO - Waiting for 01_extract_anime on 2026-03-24 08:11:03.405933+00:00 to become allowed state ['success'] ...
[2026-03-24T08:17:10.157+0000] {trigger_dagrun.py:210} INFO - Waiting for 01_extract_anime on 2026-03-24 08:11:03.405933+00:00 to become allowed state ['success'] ...
[2026-03-24T08:17:20.190+0000] {trigger_dagrun.py:210} INFO - Waiting for 01_extract_anime on 2026-03-24 08:11:03.405933+00:00 to become allowed state ['success'] ...
[2026-03-24T08:17:30.220+0000] {trigger_dagrun.py:210} INFO - Waiting for 01_extract_anime on 2026-03-24 08:11:03.405933+00:00 to become allowed state ['success'] ...
[2026-03-24T08:17:40.065+0000] {trigger_dagrun.py:210} INFO - Waiting for 01_extract_anime on 2026-03-24 08:11:03.405933+00:00 to become allowed state ['success'] ...
[2026-03-24T08:17:50.089+0000] {trigger_dagrun.py:210} INFO - Waiting for 01_extract_anime on 2026-03-24 08:11:03.405933+00:00 to become allowed state ['success'] ...
[2026-03-24T08:18:00.117+0000] {trigger_dagrun.py:210} INFO - Waiting for 01_extract_anime on 2026-03-24 08:11:03.405933+00:00 to become allowed state ['success'] ...
[2026-03-24T08:18:09.950+0000] {trigger_dagrun.py:210} INFO - Waiting for 01_extract_anime on 2026-03-24 08:11:03.405933+00:00 to become allowed state ['success'] ...
[2026-03-24T08:18:19.972+0000] {trigger_dagrun.py:210} INFO - Waiting for 01_extract_anime on 2026-03-24 08:11:03.405933+00:00 to become allowed state ['success'] ...
