[2026-04-27T09:10:19.783+0000] {taskinstance.py:1956} INFO - Dependencies all met for dep_context=non-requeueable deps ti=<TaskInstance: 02_transform_anime.clean_ratings manual__2026-04-27T09:06:13.310074+00:00 [queued]>
[2026-04-27T09:10:19.799+0000] {taskinstance.py:1956} INFO - Dependencies all met for dep_context=requeueable deps ti=<TaskInstance: 02_transform_anime.clean_ratings manual__2026-04-27T09:06:13.310074+00:00 [queued]>
[2026-04-27T09:10:19.800+0000] {taskinstance.py:2170} INFO - Starting attempt 3 of 3
[2026-04-27T09:10:19.826+0000] {taskinstance.py:2191} INFO - Executing <Task(PythonOperator): clean_ratings> on 2026-04-27 09:06:13.310074+00:00
[2026-04-27T09:10:19.835+0000] {standard_task_runner.py:60} INFO - Started process 1448 to run task
[2026-04-27T09:10:19.840+0000] {standard_task_runner.py:87} INFO - Running: ['***', 'tasks', 'run', '02_transform_anime', 'clean_ratings', 'manual__2026-04-27T09:06:13.310074+00:00', '--job-id', '86', '--raw', '--subdir', 'DAGS_FOLDER/02_transform_anime.py', '--cfg-path', '/tmp/tmp73lr4tmc']
[2026-04-27T09:10:19.844+0000] {standard_task_runner.py:88} INFO - Job 86: Subtask clean_ratings
[2026-04-27T09:10:19.954+0000] {task_command.py:423} INFO - Running <TaskInstance: 02_transform_anime.clean_ratings manual__2026-04-27T09:06:13.310074+00:00 [running]> on host 7a8516cd5613
[2026-04-27T09:10:20.117+0000] {taskinstance.py:2480} INFO - Exporting env vars: AIRFLOW_CTX_DAG_OWNER='anidata-lab' AIRFLOW_CTX_DAG_ID='02_transform_anime' AIRFLOW_CTX_TASK_ID='clean_ratings' AIRFLOW_CTX_EXECUTION_DATE='2026-04-27T09:06:13.310074+00:00' AIRFLOW_CTX_TRY_NUMBER='3' AIRFLOW_CTX_DAG_RUN_ID='manual__2026-04-27T09:06:13.310074+00:00'
[2026-04-27T09:10:20.120+0000] {taskinstance.py:2698} ERROR - Task failed with exception
Traceback (most recent call last):
  File "/home/airflow/.local/lib/python3.11/site-packages/airflow/models/taskinstance.py", line 433, in _execute_task
    result = execute_callable(context=context, **execute_callable_kwargs)
             ^^^^^^^^^^^^^^^^^^^^^^^^^^^^^^^^^^^^^^^^^^^^^^^^^^^^^^^^^^^^
  File "/home/airflow/.local/lib/python3.11/site-packages/airflow/operators/python.py", line 199, in execute
    return_value = self.execute_callable()
                   ^^^^^^^^^^^^^^^^^^^^^^^
  File "/home/airflow/.local/lib/python3.11/site-packages/airflow/operators/python.py", line 216, in execute_callable
    return self.python_callable(*self.op_args, **self.op_kwargs)
           ^^^^^^^^^^^^^^^^^^^^^^^^^^^^^^^^^^^^^^^^^^^^^^^^^^^^^
  File "/opt/airflow/dags/02_transform_anime.py", line 33, in _clean_ratings
    result = clean_ratings()
             ^^^^^^^^^^^^^^^
  File "/opt/airflow/scripts/transform.py", line 51, in clean_ratings
    df = load_raw("ratings")
         ^^^^^^^^^^^^^^^^^^^
  File "/opt/airflow/scripts/transform.py", line 15, in load_raw
    raise FileNotFoundError(f"Parquet introuvable : {path}. Avez-vous lancé le DAG Extract ?")
FileNotFoundError: Parquet introuvable : /opt/***/data/raw_ratings.parquet. Avez-vous lancé le DAG Extract ?
[2026-04-27T09:10:20.151+0000] {taskinstance.py:1138} INFO - Marking task as FAILED. dag_id=02_transform_anime, task_id=clean_ratings, execution_date=20260427T090613, start_date=20260427T091019, end_date=20260427T091020
[2026-04-27T09:10:20.174+0000] {standard_task_runner.py:107} ERROR - Failed to execute job 86 for task clean_ratings (Parquet introuvable : /opt/***/data/raw_ratings.parquet. Avez-vous lancé le DAG Extract ?; 1448)
[2026-04-27T09:10:20.215+0000] {local_task_job_runner.py:234} INFO - Task exited with return code 1
[2026-04-27T09:10:20.263+0000] {taskinstance.py:3280} INFO - 0 downstream tasks scheduled from follow-on schedule check
