[2026-03-26T19:38:35.130+0000] {taskinstance.py:1956} INFO - Dependencies all met for dep_context=non-requeueable deps ti=<TaskInstance: 03_load_anime.run_logstash manual__2026-03-26T19:34:27.122740+00:00 [queued]>
[2026-03-26T19:38:35.147+0000] {taskinstance.py:1956} INFO - Dependencies all met for dep_context=requeueable deps ti=<TaskInstance: 03_load_anime.run_logstash manual__2026-03-26T19:34:27.122740+00:00 [queued]>
[2026-03-26T19:38:35.148+0000] {taskinstance.py:2170} INFO - Starting attempt 3 of 3
[2026-03-26T19:38:35.171+0000] {taskinstance.py:2191} INFO - Executing <Task(DockerOperator): run_logstash> on 2026-03-26 19:34:27.122740+00:00
[2026-03-26T19:38:35.181+0000] {standard_task_runner.py:60} INFO - Started process 1314 to run task
[2026-03-26T19:38:35.186+0000] {standard_task_runner.py:87} INFO - Running: ['***', 'tasks', 'run', '03_load_anime', 'run_logstash', 'manual__2026-03-26T19:34:27.122740+00:00', '--job-id', '282', '--raw', '--subdir', 'DAGS_FOLDER/03_load_anime.py', '--cfg-path', '/tmp/tmpyqucyac3']
[2026-03-26T19:38:35.191+0000] {standard_task_runner.py:88} INFO - Job 282: Subtask run_logstash
[2026-03-26T19:38:35.299+0000] {task_command.py:423} INFO - Running <TaskInstance: 03_load_anime.run_logstash manual__2026-03-26T19:34:27.122740+00:00 [running]> on host d05980edad3f
[2026-03-26T19:38:35.765+0000] {taskinstance.py:2480} INFO - Exporting env vars: AIRFLOW_CTX_DAG_OWNER='anidata-lab' AIRFLOW_CTX_DAG_ID='03_load_anime' AIRFLOW_CTX_TASK_ID='run_logstash' AIRFLOW_CTX_EXECUTION_DATE='2026-03-26T19:34:27.122740+00:00' AIRFLOW_CTX_TRY_NUMBER='3' AIRFLOW_CTX_DAG_RUN_ID='manual__2026-03-26T19:34:27.122740+00:00'
[2026-03-26T19:38:35.867+0000] {docker.py:359} INFO - Starting docker container from image docker.elastic.co/logstash/logstash:8.12.0
[2026-03-26T19:38:35.884+0000] {taskinstance.py:2698} ERROR - Task failed with exception
Traceback (most recent call last):
  File "/home/airflow/.local/lib/python3.11/site-packages/docker/api/client.py", line 265, in _raise_for_status
    response.raise_for_status()
  File "/home/airflow/.local/lib/python3.11/site-packages/requests/models.py", line 1021, in raise_for_status
    raise HTTPError(http_error_msg, response=self)
requests.exceptions.HTTPError: 400 Client Error: Bad Request for url: http+docker://localhost/v1.48/containers/create?name=anidata-logstash-run

The above exception was the direct cause of the following exception:

Traceback (most recent call last):
  File "/home/airflow/.local/lib/python3.11/site-packages/airflow/models/taskinstance.py", line 428, in _execute_task
    result = execute_callable(context=context, **execute_callable_kwargs)
             ^^^^^^^^^^^^^^^^^^^^^^^^^^^^^^^^^^^^^^^^^^^^^^^^^^^^^^^^^^^^
  File "/home/airflow/.local/lib/python3.11/site-packages/airflow/providers/docker/operators/docker.py", line 502, in execute
    return self._run_image()
           ^^^^^^^^^^^^^^^^^
  File "/home/airflow/.local/lib/python3.11/site-packages/airflow/providers/docker/operators/docker.py", line 364, in _run_image
    return self._run_image_with_mounts([*self.mounts, tmp_mount], add_tmp_variable=True)
           ^^^^^^^^^^^^^^^^^^^^^^^^^^^^^^^^^^^^^^^^^^^^^^^^^^^^^^^^^^^^^^^^^^^^^^^^^^^^^
  File "/home/airflow/.local/lib/python3.11/site-packages/airflow/providers/docker/operators/docker.py", line 391, in _run_image_with_mounts
    self.container = self.cli.create_container(
                     ^^^^^^^^^^^^^^^^^^^^^^^^^^
  File "/home/airflow/.local/lib/python3.11/site-packages/docker/api/container.py", line 439, in create_container
    return self.create_container_from_config(config, name, platform)
           ^^^^^^^^^^^^^^^^^^^^^^^^^^^^^^^^^^^^^^^^^^^^^^^^^^^^^^^^^
  File "/home/airflow/.local/lib/python3.11/site-packages/docker/api/container.py", line 456, in create_container_from_config
    return self._result(res, True)
           ^^^^^^^^^^^^^^^^^^^^^^^
  File "/home/airflow/.local/lib/python3.11/site-packages/docker/api/client.py", line 271, in _result
    self._raise_for_status(response)
  File "/home/airflow/.local/lib/python3.11/site-packages/docker/api/client.py", line 267, in _raise_for_status
    raise create_api_error_from_http_exception(e) from e
          ^^^^^^^^^^^^^^^^^^^^^^^^^^^^^^^^^^^^^^^
  File "/home/airflow/.local/lib/python3.11/site-packages/docker/errors.py", line 39, in create_api_error_from_http_exception
    raise cls(e, response=response, explanation=explanation) from e
docker.errors.APIError: 400 Client Error for http+docker://localhost/v1.48/containers/create?name=anidata-logstash-run: Bad Request ("invalid mount config for type "bind": bind source path does not exist: /opt/airflow/data")
[2026-03-26T19:38:35.906+0000] {taskinstance.py:1138} INFO - Marking task as FAILED. dag_id=03_load_anime, task_id=run_logstash, execution_date=20260326T193427, start_date=20260326T193835, end_date=20260326T193835
[2026-03-26T19:38:35.927+0000] {standard_task_runner.py:107} ERROR - Failed to execute job 282 for task run_logstash (400 Client Error for http+docker://localhost/v1.48/containers/create?name=anidata-logstash-run: Bad Request ("invalid mount config for type "bind": bind source path does not exist: /opt/airflow/data"); 1314)
[2026-03-26T19:38:35.962+0000] {local_task_job_runner.py:234} INFO - Task exited with return code 1
[2026-03-26T19:38:36.008+0000] {taskinstance.py:3280} INFO - 0 downstream tasks scheduled from follow-on schedule check
