[2026-03-24T14:01:39.795+0000] {taskinstance.py:1956} INFO - Dependencies all met for dep_context=non-requeueable deps ti=<TaskInstance: 03_load_anime.bulk_index manual__2026-03-24T14:01:35.271084+00:00 [queued]>
[2026-03-24T14:01:39.810+0000] {taskinstance.py:1956} INFO - Dependencies all met for dep_context=requeueable deps ti=<TaskInstance: 03_load_anime.bulk_index manual__2026-03-24T14:01:35.271084+00:00 [queued]>
[2026-03-24T14:01:39.812+0000] {taskinstance.py:2170} INFO - Starting attempt 1 of 3
[2026-03-24T14:01:39.835+0000] {taskinstance.py:2191} INFO - Executing <Task(PythonOperator): bulk_index> on 2026-03-24 14:01:35.271084+00:00
[2026-03-24T14:01:39.845+0000] {standard_task_runner.py:60} INFO - Started process 22988 to run task
[2026-03-24T14:01:39.850+0000] {standard_task_runner.py:87} INFO - Running: ['***', 'tasks', 'run', '03_load_anime', 'bulk_index', 'manual__2026-03-24T14:01:35.271084+00:00', '--job-id', '211', '--raw', '--subdir', 'DAGS_FOLDER/03_load_anime.py', '--cfg-path', '/tmp/tmph9bhnxti']
[2026-03-24T14:01:39.854+0000] {standard_task_runner.py:88} INFO - Job 211: Subtask bulk_index
[2026-03-24T14:01:39.953+0000] {task_command.py:423} INFO - Running <TaskInstance: 03_load_anime.bulk_index manual__2026-03-24T14:01:35.271084+00:00 [running]> on host 67583f3fa599
[2026-03-24T14:01:40.401+0000] {taskinstance.py:2480} INFO - Exporting env vars: AIRFLOW_CTX_DAG_OWNER='anidata-lab' AIRFLOW_CTX_DAG_ID='03_load_anime' AIRFLOW_CTX_TASK_ID='bulk_index' AIRFLOW_CTX_EXECUTION_DATE='2026-03-24T14:01:35.271084+00:00' AIRFLOW_CTX_TRY_NUMBER='1' AIRFLOW_CTX_DAG_RUN_ID='manual__2026-03-24T14:01:35.271084+00:00'
[2026-03-24T14:01:40.927+0000] {_transport.py:335} INFO - HEAD http://elasticsearch:9200/ [status:200 duration:0.005s]
[2026-03-24T14:01:43.745+0000] {_transport.py:335} INFO - PUT http://elasticsearch:9200/_bulk [status:200 duration:0.164s]
[2026-03-24T14:01:43.872+0000] {_transport.py:335} INFO - PUT http://elasticsearch:9200/_bulk [status:200 duration:0.093s]
[2026-03-24T14:01:43.998+0000] {_transport.py:335} INFO - PUT http://elasticsearch:9200/_bulk [status:200 duration:0.092s]
[2026-03-24T14:01:44.126+0000] {_transport.py:335} INFO - PUT http://elasticsearch:9200/_bulk [status:200 duration:0.095s]
[2026-03-24T14:01:44.249+0000] {_transport.py:335} INFO - PUT http://elasticsearch:9200/_bulk [status:200 duration:0.085s]
[2026-03-24T14:01:44.364+0000] {_transport.py:335} INFO - PUT http://elasticsearch:9200/_bulk [status:200 duration:0.083s]
[2026-03-24T14:01:44.679+0000] {_transport.py:335} INFO - PUT http://elasticsearch:9200/_bulk [status:200 duration:0.089s]
[2026-03-24T14:01:44.796+0000] {_transport.py:335} INFO - PUT http://elasticsearch:9200/_bulk [status:200 duration:0.078s]
[2026-03-24T14:01:44.922+0000] {_transport.py:335} INFO - PUT http://elasticsearch:9200/_bulk [status:200 duration:0.095s]
[2026-03-24T14:01:45.065+0000] {_transport.py:335} INFO - PUT http://elasticsearch:9200/_bulk [status:200 duration:0.107s]
[2026-03-24T14:01:45.264+0000] {_transport.py:335} INFO - PUT http://elasticsearch:9200/_bulk [status:200 duration:0.139s]
[2026-03-24T14:01:45.371+0000] {_transport.py:335} INFO - PUT http://elasticsearch:9200/_bulk [status:200 duration:0.078s]
[2026-03-24T14:01:45.484+0000] {_transport.py:335} INFO - PUT http://elasticsearch:9200/_bulk [status:200 duration:0.080s]
[2026-03-24T14:01:45.605+0000] {_transport.py:335} INFO - PUT http://elasticsearch:9200/_bulk [status:200 duration:0.090s]
[2026-03-24T14:01:45.723+0000] {_transport.py:335} INFO - PUT http://elasticsearch:9200/_bulk [status:200 duration:0.086s]
[2026-03-24T14:01:45.844+0000] {_transport.py:335} INFO - PUT http://elasticsearch:9200/_bulk [status:200 duration:0.077s]
[2026-03-24T14:01:45.949+0000] {_transport.py:335} INFO - PUT http://elasticsearch:9200/_bulk [status:200 duration:0.075s]
[2026-03-24T14:01:46.060+0000] {_transport.py:335} INFO - PUT http://elasticsearch:9200/_bulk [status:200 duration:0.081s]
[2026-03-24T14:01:46.162+0000] {_transport.py:335} INFO - PUT http://elasticsearch:9200/_bulk [status:200 duration:0.072s]
[2026-03-24T14:01:46.280+0000] {_transport.py:335} INFO - PUT http://elasticsearch:9200/_bulk [status:200 duration:0.088s]
[2026-03-24T14:01:46.371+0000] {_transport.py:335} INFO - PUT http://elasticsearch:9200/_bulk [status:200 duration:0.062s]
[2026-03-24T14:01:46.478+0000] {_transport.py:335} INFO - PUT http://elasticsearch:9200/_bulk [status:200 duration:0.076s]
[2026-03-24T14:01:46.588+0000] {_transport.py:335} INFO - PUT http://elasticsearch:9200/_bulk [status:200 duration:0.079s]
[2026-03-24T14:01:46.704+0000] {_transport.py:335} INFO - PUT http://elasticsearch:9200/_bulk [status:200 duration:0.084s]
[2026-03-24T14:01:46.815+0000] {_transport.py:335} INFO - PUT http://elasticsearch:9200/_bulk [status:200 duration:0.080s]
[2026-03-24T14:01:46.937+0000] {_transport.py:335} INFO - PUT http://elasticsearch:9200/_bulk [status:200 duration:0.092s]
[2026-03-24T14:01:47.048+0000] {_transport.py:335} INFO - PUT http://elasticsearch:9200/_bulk [status:200 duration:0.081s]
[2026-03-24T14:01:47.179+0000] {_transport.py:335} INFO - PUT http://elasticsearch:9200/_bulk [status:200 duration:0.100s]
[2026-03-24T14:01:47.288+0000] {_transport.py:335} INFO - PUT http://elasticsearch:9200/_bulk [status:200 duration:0.078s]
[2026-03-24T14:01:47.401+0000] {_transport.py:335} INFO - PUT http://elasticsearch:9200/_bulk [status:200 duration:0.083s]
[2026-03-24T14:01:47.501+0000] {_transport.py:335} INFO - PUT http://elasticsearch:9200/_bulk [status:200 duration:0.070s]
[2026-03-24T14:01:47.605+0000] {_transport.py:335} INFO - PUT http://elasticsearch:9200/_bulk [status:200 duration:0.073s]
[2026-03-24T14:01:47.718+0000] {_transport.py:335} INFO - PUT http://elasticsearch:9200/_bulk [status:200 duration:0.083s]
[2026-03-24T14:01:47.818+0000] {_transport.py:335} INFO - PUT http://elasticsearch:9200/_bulk [status:200 duration:0.072s]
[2026-03-24T14:01:47.914+0000] {_transport.py:335} INFO - PUT http://elasticsearch:9200/_bulk [status:200 duration:0.068s]
[2026-03-24T14:01:47.942+0000] {_transport.py:335} INFO - PUT http://elasticsearch:9200/_bulk [status:200 duration:0.020s]
[2026-03-24T14:01:47.977+0000] {logging_mixin.py:188} INFO - Indexation : 17562/17562 docs, 0 erreurs
[2026-03-24T14:01:47.978+0000] {python.py:201} INFO - Done. Returned value was: None
[2026-03-24T14:01:48.001+0000] {taskinstance.py:1138} INFO - Marking task as SUCCESS. dag_id=03_load_anime, task_id=bulk_index, execution_date=20260324T140135, start_date=20260324T140139, end_date=20260324T140148
[2026-03-24T14:01:48.066+0000] {local_task_job_runner.py:234} INFO - Task exited with return code 0
[2026-03-24T14:01:48.105+0000] {taskinstance.py:3280} INFO - 1 downstream tasks scheduled from follow-on schedule check
