[2026-03-24T09:27:01.367+0000] {taskinstance.py:1956} INFO - Dependencies all met for dep_context=non-requeueable deps ti=<TaskInstance: 03_load_anime.bulk_index manual__2026-03-24T09:26:56.911228+00:00 [queued]>
[2026-03-24T09:27:01.382+0000] {taskinstance.py:1956} INFO - Dependencies all met for dep_context=requeueable deps ti=<TaskInstance: 03_load_anime.bulk_index manual__2026-03-24T09:26:56.911228+00:00 [queued]>
[2026-03-24T09:27:01.383+0000] {taskinstance.py:2170} INFO - Starting attempt 1 of 3
[2026-03-24T09:27:01.405+0000] {taskinstance.py:2191} INFO - Executing <Task(PythonOperator): bulk_index> on 2026-03-24 09:26:56.911228+00:00
[2026-03-24T09:27:01.414+0000] {standard_task_runner.py:60} INFO - Started process 4353 to run task
[2026-03-24T09:27:01.419+0000] {standard_task_runner.py:87} INFO - Running: ['***', 'tasks', 'run', '03_load_anime', 'bulk_index', 'manual__2026-03-24T09:26:56.911228+00:00', '--job-id', '118', '--raw', '--subdir', 'DAGS_FOLDER/03_load_anime.py', '--cfg-path', '/tmp/tmpd6p2ki5n']
[2026-03-24T09:27:01.424+0000] {standard_task_runner.py:88} INFO - Job 118: Subtask bulk_index
[2026-03-24T09:27:01.519+0000] {task_command.py:423} INFO - Running <TaskInstance: 03_load_anime.bulk_index manual__2026-03-24T09:26:56.911228+00:00 [running]> on host 67583f3fa599
[2026-03-24T09:27:01.964+0000] {taskinstance.py:2480} INFO - Exporting env vars: AIRFLOW_CTX_DAG_OWNER='anidata-lab' AIRFLOW_CTX_DAG_ID='03_load_anime' AIRFLOW_CTX_TASK_ID='bulk_index' AIRFLOW_CTX_EXECUTION_DATE='2026-03-24T09:26:56.911228+00:00' AIRFLOW_CTX_TRY_NUMBER='1' AIRFLOW_CTX_DAG_RUN_ID='manual__2026-03-24T09:26:56.911228+00:00'
[2026-03-24T09:27:02.433+0000] {_transport.py:335} INFO - HEAD http://elasticsearch:9200/ [status:200 duration:0.006s]
[2026-03-24T09:27:04.980+0000] {_transport.py:335} INFO - PUT http://elasticsearch:9200/_bulk [status:200 duration:0.162s]
[2026-03-24T09:27:05.115+0000] {_transport.py:335} INFO - PUT http://elasticsearch:9200/_bulk [status:200 duration:0.100s]
[2026-03-24T09:27:05.248+0000] {_transport.py:335} INFO - PUT http://elasticsearch:9200/_bulk [status:200 duration:0.097s]
[2026-03-24T09:27:05.385+0000] {_transport.py:335} INFO - PUT http://elasticsearch:9200/_bulk [status:200 duration:0.103s]
[2026-03-24T09:27:05.512+0000] {_transport.py:335} INFO - PUT http://elasticsearch:9200/_bulk [status:200 duration:0.094s]
[2026-03-24T09:27:05.631+0000] {_transport.py:335} INFO - PUT http://elasticsearch:9200/_bulk [status:200 duration:0.087s]
[2026-03-24T09:27:05.968+0000] {_transport.py:335} INFO - PUT http://elasticsearch:9200/_bulk [status:200 duration:0.092s]
[2026-03-24T09:27:06.105+0000] {_transport.py:335} INFO - PUT http://elasticsearch:9200/_bulk [status:200 duration:0.098s]
[2026-03-24T09:27:06.235+0000] {_transport.py:335} INFO - PUT http://elasticsearch:9200/_bulk [status:200 duration:0.088s]
[2026-03-24T09:27:06.348+0000] {_transport.py:335} INFO - PUT http://elasticsearch:9200/_bulk [status:200 duration:0.083s]
[2026-03-24T09:27:06.483+0000] {_transport.py:335} INFO - PUT http://elasticsearch:9200/_bulk [status:200 duration:0.085s]
[2026-03-24T09:27:06.403+0000] {_transport.py:335} INFO - PUT http://elasticsearch:9200/_bulk [status:200 duration:-0.111s]
[2026-03-24T09:27:06.517+0000] {_transport.py:335} INFO - PUT http://elasticsearch:9200/_bulk [status:200 duration:0.084s]
[2026-03-24T09:27:06.634+0000] {_transport.py:335} INFO - PUT http://elasticsearch:9200/_bulk [status:200 duration:0.086s]
[2026-03-24T09:27:06.749+0000] {_transport.py:335} INFO - PUT http://elasticsearch:9200/_bulk [status:200 duration:0.084s]
[2026-03-24T09:27:06.856+0000] {_transport.py:335} INFO - PUT http://elasticsearch:9200/_bulk [status:200 duration:0.076s]
[2026-03-24T09:27:06.989+0000] {_transport.py:335} INFO - PUT http://elasticsearch:9200/_bulk [status:200 duration:0.103s]
[2026-03-24T09:27:07.095+0000] {_transport.py:335} INFO - PUT http://elasticsearch:9200/_bulk [status:200 duration:0.075s]
[2026-03-24T09:27:07.187+0000] {_transport.py:335} INFO - PUT http://elasticsearch:9200/_bulk [status:200 duration:0.066s]
[2026-03-24T09:27:07.298+0000] {_transport.py:335} INFO - PUT http://elasticsearch:9200/_bulk [status:200 duration:0.083s]
[2026-03-24T09:27:07.388+0000] {_transport.py:335} INFO - PUT http://elasticsearch:9200/_bulk [status:200 duration:0.064s]
[2026-03-24T09:27:07.496+0000] {_transport.py:335} INFO - PUT http://elasticsearch:9200/_bulk [status:200 duration:0.079s]
[2026-03-24T09:27:07.601+0000] {_transport.py:335} INFO - PUT http://elasticsearch:9200/_bulk [status:200 duration:0.076s]
[2026-03-24T09:27:07.706+0000] {_transport.py:335} INFO - PUT http://elasticsearch:9200/_bulk [status:200 duration:0.077s]
[2026-03-24T09:27:07.807+0000] {_transport.py:335} INFO - PUT http://elasticsearch:9200/_bulk [status:200 duration:0.073s]
[2026-03-24T09:27:07.912+0000] {_transport.py:335} INFO - PUT http://elasticsearch:9200/_bulk [status:200 duration:0.077s]
[2026-03-24T09:27:08.026+0000] {_transport.py:335} INFO - PUT http://elasticsearch:9200/_bulk [status:200 duration:0.082s]
[2026-03-24T09:27:08.131+0000] {_transport.py:335} INFO - PUT http://elasticsearch:9200/_bulk [status:200 duration:0.077s]
[2026-03-24T09:27:08.233+0000] {_transport.py:335} INFO - PUT http://elasticsearch:9200/_bulk [status:200 duration:0.074s]
[2026-03-24T09:27:08.348+0000] {_transport.py:335} INFO - PUT http://elasticsearch:9200/_bulk [status:200 duration:0.084s]
[2026-03-24T09:27:08.447+0000] {_transport.py:335} INFO - PUT http://elasticsearch:9200/_bulk [status:200 duration:0.072s]
[2026-03-24T09:27:08.549+0000] {_transport.py:335} INFO - PUT http://elasticsearch:9200/_bulk [status:200 duration:0.072s]
[2026-03-24T09:27:08.673+0000] {_transport.py:335} INFO - PUT http://elasticsearch:9200/_bulk [status:200 duration:0.097s]
[2026-03-24T09:27:08.758+0000] {_transport.py:335} INFO - PUT http://elasticsearch:9200/_bulk [status:200 duration:0.060s]
[2026-03-24T09:27:08.846+0000] {_transport.py:335} INFO - PUT http://elasticsearch:9200/_bulk [status:200 duration:0.063s]
[2026-03-24T09:27:08.872+0000] {_transport.py:335} INFO - PUT http://elasticsearch:9200/_bulk [status:200 duration:0.019s]
[2026-03-24T09:27:08.903+0000] {logging_mixin.py:188} INFO - Indexation : 17562/17562 docs, 0 erreurs
[2026-03-24T09:27:08.904+0000] {python.py:201} INFO - Done. Returned value was: None
[2026-03-24T09:27:08.926+0000] {taskinstance.py:1138} INFO - Marking task as SUCCESS. dag_id=03_load_anime, task_id=bulk_index, execution_date=20260324T092656, start_date=20260324T092701, end_date=20260324T092708
[2026-03-24T09:27:08.970+0000] {local_task_job_runner.py:234} INFO - Task exited with return code 0
[2026-03-24T09:27:09.008+0000] {taskinstance.py:3280} INFO - 1 downstream tasks scheduled from follow-on schedule check
