[2026-03-24T13:50:39.463+0000] {taskinstance.py:1956} INFO - Dependencies all met for dep_context=non-requeueable deps ti=<TaskInstance: 05_full_pipeline.trigger_transform manual__2026-03-24T13:49:54.600428+00:00 [queued]>
[2026-03-24T13:50:39.480+0000] {taskinstance.py:1956} INFO - Dependencies all met for dep_context=requeueable deps ti=<TaskInstance: 05_full_pipeline.trigger_transform manual__2026-03-24T13:49:54.600428+00:00 [queued]>
[2026-03-24T13:50:39.481+0000] {taskinstance.py:2170} INFO - Starting attempt 1 of 2
[2026-03-24T13:50:39.506+0000] {taskinstance.py:2191} INFO - Executing <Task(TriggerDagRunOperator): trigger_transform> on 2026-03-24 13:49:54.600428+00:00
[2026-03-24T13:50:39.514+0000] {standard_task_runner.py:60} INFO - Started process 21956 to run task
[2026-03-24T13:50:39.519+0000] {standard_task_runner.py:87} INFO - Running: ['***', 'tasks', 'run', '05_full_pipeline', 'trigger_transform', 'manual__2026-03-24T13:49:54.600428+00:00', '--job-id', '180', '--raw', '--subdir', 'DAGS_FOLDER/05_full_pipeline.py', '--cfg-path', '/tmp/tmpl8w8u917']
[2026-03-24T13:50:39.524+0000] {standard_task_runner.py:88} INFO - Job 180: Subtask trigger_transform
[2026-03-24T13:50:39.630+0000] {task_command.py:423} INFO - Running <TaskInstance: 05_full_pipeline.trigger_transform manual__2026-03-24T13:49:54.600428+00:00 [running]> on host 67583f3fa599
[2026-03-24T13:50:39.805+0000] {taskinstance.py:2480} INFO - Exporting env vars: AIRFLOW_CTX_DAG_OWNER='anidata-lab' AIRFLOW_CTX_DAG_ID='05_full_pipeline' AIRFLOW_CTX_TASK_ID='trigger_transform' AIRFLOW_CTX_EXECUTION_DATE='2026-03-24T13:49:54.600428+00:00' AIRFLOW_CTX_TRY_NUMBER='1' AIRFLOW_CTX_DAG_RUN_ID='manual__2026-03-24T13:49:54.600428+00:00'
[2026-03-24T13:50:39.975+0000] {trigger_dagrun.py:210} INFO - Waiting for 02_transform_anime on 2026-03-24 13:50:39.807618+00:00 to become allowed state ['success'] ...
[2026-03-24T13:50:49.998+0000] {trigger_dagrun.py:210} INFO - Waiting for 02_transform_anime on 2026-03-24 13:50:39.807618+00:00 to become allowed state ['success'] ...
[2026-03-24T13:51:00.017+0000] {trigger_dagrun.py:210} INFO - Waiting for 02_transform_anime on 2026-03-24 13:50:39.807618+00:00 to become allowed state ['success'] ...
[2026-03-24T13:51:09.916+0000] {trigger_dagrun.py:210} INFO - Waiting for 02_transform_anime on 2026-03-24 13:50:39.807618+00:00 to become allowed state ['success'] ...
[2026-03-24T13:51:19.937+0000] {trigger_dagrun.py:210} INFO - Waiting for 02_transform_anime on 2026-03-24 13:50:39.807618+00:00 to become allowed state ['success'] ...
[2026-03-24T13:51:29.957+0000] {trigger_dagrun.py:210} INFO - Waiting for 02_transform_anime on 2026-03-24 13:50:39.807618+00:00 to become allowed state ['success'] ...
[2026-03-24T13:51:39.863+0000] {trigger_dagrun.py:210} INFO - Waiting for 02_transform_anime on 2026-03-24 13:50:39.807618+00:00 to become allowed state ['success'] ...
[2026-03-24T13:51:49.883+0000] {trigger_dagrun.py:210} INFO - Waiting for 02_transform_anime on 2026-03-24 13:50:39.807618+00:00 to become allowed state ['success'] ...
[2026-03-24T13:51:59.902+0000] {trigger_dagrun.py:210} INFO - Waiting for 02_transform_anime on 2026-03-24 13:50:39.807618+00:00 to become allowed state ['success'] ...
[2026-03-24T13:52:09.811+0000] {trigger_dagrun.py:210} INFO - Waiting for 02_transform_anime on 2026-03-24 13:50:39.807618+00:00 to become allowed state ['success'] ...
[2026-03-24T13:52:19.832+0000] {trigger_dagrun.py:210} INFO - Waiting for 02_transform_anime on 2026-03-24 13:50:39.807618+00:00 to become allowed state ['success'] ...
[2026-03-24T13:52:29.851+0000] {trigger_dagrun.py:210} INFO - Waiting for 02_transform_anime on 2026-03-24 13:50:39.807618+00:00 to become allowed state ['success'] ...
[2026-03-24T13:52:39.750+0000] {trigger_dagrun.py:210} INFO - Waiting for 02_transform_anime on 2026-03-24 13:50:39.807618+00:00 to become allowed state ['success'] ...
[2026-03-24T13:52:49.769+0000] {trigger_dagrun.py:210} INFO - Waiting for 02_transform_anime on 2026-03-24 13:50:39.807618+00:00 to become allowed state ['success'] ...
[2026-03-24T13:52:59.789+0000] {trigger_dagrun.py:210} INFO - Waiting for 02_transform_anime on 2026-03-24 13:50:39.807618+00:00 to become allowed state ['success'] ...
[2026-03-24T13:53:09.686+0000] {trigger_dagrun.py:210} INFO - Waiting for 02_transform_anime on 2026-03-24 13:50:39.807618+00:00 to become allowed state ['success'] ...
[2026-03-24T13:53:19.705+0000] {trigger_dagrun.py:210} INFO - Waiting for 02_transform_anime on 2026-03-24 13:50:39.807618+00:00 to become allowed state ['success'] ...
[2026-03-24T13:53:29.724+0000] {trigger_dagrun.py:210} INFO - Waiting for 02_transform_anime on 2026-03-24 13:50:39.807618+00:00 to become allowed state ['success'] ...
[2026-03-24T13:53:39.633+0000] {trigger_dagrun.py:210} INFO - Waiting for 02_transform_anime on 2026-03-24 13:50:39.807618+00:00 to become allowed state ['success'] ...
[2026-03-24T13:53:49.653+0000] {trigger_dagrun.py:210} INFO - Waiting for 02_transform_anime on 2026-03-24 13:50:39.807618+00:00 to become allowed state ['success'] ...
[2026-03-24T13:53:59.672+0000] {trigger_dagrun.py:210} INFO - Waiting for 02_transform_anime on 2026-03-24 13:50:39.807618+00:00 to become allowed state ['success'] ...
[2026-03-24T13:54:09.575+0000] {trigger_dagrun.py:210} INFO - Waiting for 02_transform_anime on 2026-03-24 13:50:39.807618+00:00 to become allowed state ['success'] ...
[2026-03-24T13:54:19.595+0000] {trigger_dagrun.py:210} INFO - Waiting for 02_transform_anime on 2026-03-24 13:50:39.807618+00:00 to become allowed state ['success'] ...
[2026-03-24T13:54:29.616+0000] {trigger_dagrun.py:210} INFO - Waiting for 02_transform_anime on 2026-03-24 13:50:39.807618+00:00 to become allowed state ['success'] ...
[2026-03-24T13:54:39.522+0000] {trigger_dagrun.py:210} INFO - Waiting for 02_transform_anime on 2026-03-24 13:50:39.807618+00:00 to become allowed state ['success'] ...
[2026-03-24T13:54:49.541+0000] {trigger_dagrun.py:210} INFO - Waiting for 02_transform_anime on 2026-03-24 13:50:39.807618+00:00 to become allowed state ['success'] ...
[2026-03-24T13:54:59.560+0000] {trigger_dagrun.py:210} INFO - Waiting for 02_transform_anime on 2026-03-24 13:50:39.807618+00:00 to become allowed state ['success'] ...
[2026-03-24T13:55:09.456+0000] {trigger_dagrun.py:210} INFO - Waiting for 02_transform_anime on 2026-03-24 13:50:39.807618+00:00 to become allowed state ['success'] ...
[2026-03-24T13:55:19.482+0000] {trigger_dagrun.py:210} INFO - Waiting for 02_transform_anime on 2026-03-24 13:50:39.807618+00:00 to become allowed state ['success'] ...
[2026-03-24T13:55:29.522+0000] {taskinstance.py:2698} ERROR - Task failed with exception
Traceback (most recent call last):
  File "/home/airflow/.local/lib/python3.11/site-packages/airflow/models/taskinstance.py", line 433, in _execute_task
    result = execute_callable(context=context, **execute_callable_kwargs)
             ^^^^^^^^^^^^^^^^^^^^^^^^^^^^^^^^^^^^^^^^^^^^^^^^^^^^^^^^^^^^
  File "/home/airflow/.local/lib/python3.11/site-packages/airflow/operators/trigger_dagrun.py", line 221, in execute
    raise AirflowException(f"{self.trigger_dag_id} failed with failed states {state}")
airflow.exceptions.AirflowException: 02_transform_anime failed with failed states failed
[2026-03-24T13:55:29.534+0000] {taskinstance.py:1138} INFO - Marking task as UP_FOR_RETRY. dag_id=05_full_pipeline, task_id=trigger_transform, execution_date=20260324T134954, start_date=20260324T135039, end_date=20260324T135529
[2026-03-24T13:55:29.556+0000] {standard_task_runner.py:107} ERROR - Failed to execute job 180 for task trigger_transform (02_transform_anime failed with failed states failed; 21956)
[2026-03-24T13:55:29.591+0000] {local_task_job_runner.py:234} INFO - Task exited with return code 1
[2026-03-24T13:55:29.635+0000] {taskinstance.py:3280} INFO - 0 downstream tasks scheduled from follow-on schedule check
