[2026-03-24T13:57:30.549+0000] {taskinstance.py:1956} INFO - Dependencies all met for dep_context=non-requeueable deps ti=<TaskInstance: 05_full_pipeline.trigger_transform manual__2026-03-24T13:49:54.600428+00:00 [queued]>
[2026-03-24T13:57:30.565+0000] {taskinstance.py:1956} INFO - Dependencies all met for dep_context=requeueable deps ti=<TaskInstance: 05_full_pipeline.trigger_transform manual__2026-03-24T13:49:54.600428+00:00 [queued]>
[2026-03-24T13:57:30.567+0000] {taskinstance.py:2170} INFO - Starting attempt 2 of 2
[2026-03-24T13:57:30.590+0000] {taskinstance.py:2191} INFO - Executing <Task(TriggerDagRunOperator): trigger_transform> on 2026-03-24 13:49:54.600428+00:00
[2026-03-24T13:57:30.597+0000] {standard_task_runner.py:60} INFO - Started process 22506 to run task
[2026-03-24T13:57:30.602+0000] {standard_task_runner.py:87} INFO - Running: ['***', 'tasks', 'run', '05_full_pipeline', 'trigger_transform', 'manual__2026-03-24T13:49:54.600428+00:00', '--job-id', '188', '--raw', '--subdir', 'DAGS_FOLDER/05_full_pipeline.py', '--cfg-path', '/tmp/tmpuv7q1vx3']
[2026-03-24T13:57:30.606+0000] {standard_task_runner.py:88} INFO - Job 188: Subtask trigger_transform
[2026-03-24T13:57:30.708+0000] {task_command.py:423} INFO - Running <TaskInstance: 05_full_pipeline.trigger_transform manual__2026-03-24T13:49:54.600428+00:00 [running]> on host 67583f3fa599
[2026-03-24T13:57:30.876+0000] {taskinstance.py:2480} INFO - Exporting env vars: AIRFLOW_CTX_DAG_OWNER='anidata-lab' AIRFLOW_CTX_DAG_ID='05_full_pipeline' AIRFLOW_CTX_TASK_ID='trigger_transform' AIRFLOW_CTX_EXECUTION_DATE='2026-03-24T13:49:54.600428+00:00' AIRFLOW_CTX_TRY_NUMBER='2' AIRFLOW_CTX_DAG_RUN_ID='manual__2026-03-24T13:49:54.600428+00:00'
[2026-03-24T13:57:31.039+0000] {trigger_dagrun.py:210} INFO - Waiting for 02_transform_anime on 2026-03-24 13:57:30.878523+00:00 to become allowed state ['success'] ...
[2026-03-24T13:57:40.939+0000] {trigger_dagrun.py:210} INFO - Waiting for 02_transform_anime on 2026-03-24 13:57:30.878523+00:00 to become allowed state ['success'] ...
[2026-03-24T13:57:50.960+0000] {trigger_dagrun.py:210} INFO - Waiting for 02_transform_anime on 2026-03-24 13:57:30.878523+00:00 to become allowed state ['success'] ...
[2026-03-24T13:58:00.979+0000] {trigger_dagrun.py:210} INFO - Waiting for 02_transform_anime on 2026-03-24 13:57:30.878523+00:00 to become allowed state ['success'] ...
[2026-03-24T13:58:10.879+0000] {trigger_dagrun.py:210} INFO - Waiting for 02_transform_anime on 2026-03-24 13:57:30.878523+00:00 to become allowed state ['success'] ...
[2026-03-24T13:58:20.899+0000] {trigger_dagrun.py:210} INFO - Waiting for 02_transform_anime on 2026-03-24 13:57:30.878523+00:00 to become allowed state ['success'] ...
[2026-03-24T13:58:30.918+0000] {trigger_dagrun.py:210} INFO - Waiting for 02_transform_anime on 2026-03-24 13:57:30.878523+00:00 to become allowed state ['success'] ...
[2026-03-24T13:58:40.819+0000] {trigger_dagrun.py:210} INFO - Waiting for 02_transform_anime on 2026-03-24 13:57:30.878523+00:00 to become allowed state ['success'] ...
[2026-03-24T13:58:50.838+0000] {trigger_dagrun.py:210} INFO - Waiting for 02_transform_anime on 2026-03-24 13:57:30.878523+00:00 to become allowed state ['success'] ...
[2026-03-24T13:59:00.857+0000] {trigger_dagrun.py:210} INFO - Waiting for 02_transform_anime on 2026-03-24 13:57:30.878523+00:00 to become allowed state ['success'] ...
[2026-03-24T13:59:10.763+0000] {trigger_dagrun.py:210} INFO - Waiting for 02_transform_anime on 2026-03-24 13:57:30.878523+00:00 to become allowed state ['success'] ...
[2026-03-24T13:59:20.788+0000] {trigger_dagrun.py:210} INFO - Waiting for 02_transform_anime on 2026-03-24 13:57:30.878523+00:00 to become allowed state ['success'] ...
[2026-03-24T13:59:30.808+0000] {trigger_dagrun.py:210} INFO - Waiting for 02_transform_anime on 2026-03-24 13:57:30.878523+00:00 to become allowed state ['success'] ...
[2026-03-24T13:59:40.717+0000] {trigger_dagrun.py:210} INFO - Waiting for 02_transform_anime on 2026-03-24 13:57:30.878523+00:00 to become allowed state ['success'] ...
[2026-03-24T13:59:50.736+0000] {trigger_dagrun.py:210} INFO - Waiting for 02_transform_anime on 2026-03-24 13:57:30.878523+00:00 to become allowed state ['success'] ...
[2026-03-24T14:00:00.753+0000] {trigger_dagrun.py:210} INFO - Waiting for 02_transform_anime on 2026-03-24 13:57:30.878523+00:00 to become allowed state ['success'] ...
[2026-03-24T14:00:10.653+0000] {trigger_dagrun.py:210} INFO - Waiting for 02_transform_anime on 2026-03-24 13:57:30.878523+00:00 to become allowed state ['success'] ...
[2026-03-24T14:00:20.671+0000] {trigger_dagrun.py:210} INFO - Waiting for 02_transform_anime on 2026-03-24 13:57:30.878523+00:00 to become allowed state ['success'] ...
[2026-03-24T14:00:30.690+0000] {trigger_dagrun.py:210} INFO - Waiting for 02_transform_anime on 2026-03-24 13:57:30.878523+00:00 to become allowed state ['success'] ...
[2026-03-24T14:00:40.597+0000] {trigger_dagrun.py:210} INFO - Waiting for 02_transform_anime on 2026-03-24 13:57:30.878523+00:00 to become allowed state ['success'] ...
[2026-03-24T14:00:50.614+0000] {trigger_dagrun.py:210} INFO - Waiting for 02_transform_anime on 2026-03-24 13:57:30.878523+00:00 to become allowed state ['success'] ...
[2026-03-24T14:01:00.636+0000] {trigger_dagrun.py:210} INFO - Waiting for 02_transform_anime on 2026-03-24 13:57:30.878523+00:00 to become allowed state ['success'] ...
[2026-03-24T14:01:10.547+0000] {trigger_dagrun.py:210} INFO - Waiting for 02_transform_anime on 2026-03-24 13:57:30.878523+00:00 to become allowed state ['success'] ...
[2026-03-24T14:01:20.566+0000] {trigger_dagrun.py:210} INFO - Waiting for 02_transform_anime on 2026-03-24 13:57:30.878523+00:00 to become allowed state ['success'] ...
[2026-03-24T14:01:30.586+0000] {trigger_dagrun.py:210} INFO - Waiting for 02_transform_anime on 2026-03-24 13:57:30.878523+00:00 to become allowed state ['success'] ...
[2026-03-24T14:01:40.477+0000] {trigger_dagrun.py:210} INFO - Waiting for 02_transform_anime on 2026-03-24 13:57:30.878523+00:00 to become allowed state ['success'] ...
[2026-03-24T14:01:50.495+0000] {trigger_dagrun.py:210} INFO - Waiting for 02_transform_anime on 2026-03-24 13:57:30.878523+00:00 to become allowed state ['success'] ...
[2026-03-24T14:02:00.518+0000] {trigger_dagrun.py:210} INFO - Waiting for 02_transform_anime on 2026-03-24 13:57:30.878523+00:00 to become allowed state ['success'] ...
[2026-03-24T14:02:10.425+0000] {trigger_dagrun.py:210} INFO - Waiting for 02_transform_anime on 2026-03-24 13:57:30.878523+00:00 to become allowed state ['success'] ...
[2026-03-24T14:02:20.445+0000] {trigger_dagrun.py:210} INFO - Waiting for 02_transform_anime on 2026-03-24 13:57:30.878523+00:00 to become allowed state ['success'] ...
[2026-03-24T14:02:30.465+0000] {trigger_dagrun.py:223} INFO - 02_transform_anime finished with allowed state success
[2026-03-24T14:02:30.487+0000] {taskinstance.py:1138} INFO - Marking task as SUCCESS. dag_id=05_full_pipeline, task_id=trigger_transform, execution_date=20260324T134954, start_date=20260324T135730, end_date=20260324T140230
[2026-03-24T14:02:30.540+0000] {local_task_job_runner.py:234} INFO - Task exited with return code 0
[2026-03-24T14:02:30.591+0000] {taskinstance.py:3280} INFO - 1 downstream tasks scheduled from follow-on schedule check
