[2026-03-26T19:06:00.939+0000] {taskinstance.py:1956} INFO - Dependencies all met for dep_context=non-requeueable deps ti=<TaskInstance: 05_full_pipeline.trigger_extract manual__2026-03-26T19:05:57.132242+00:00 [queued]>
[2026-03-26T19:06:00.952+0000] {taskinstance.py:1956} INFO - Dependencies all met for dep_context=requeueable deps ti=<TaskInstance: 05_full_pipeline.trigger_extract manual__2026-03-26T19:05:57.132242+00:00 [queued]>
[2026-03-26T19:06:00.954+0000] {taskinstance.py:2170} INFO - Starting attempt 1 of 2
[2026-03-26T19:06:00.976+0000] {taskinstance.py:2191} INFO - Executing <Task(TriggerDagRunOperator): trigger_extract> on 2026-03-26 19:05:57.132242+00:00
[2026-03-26T19:06:00.982+0000] {standard_task_runner.py:60} INFO - Started process 217 to run task
[2026-03-26T19:06:00.987+0000] {standard_task_runner.py:87} INFO - Running: ['***', 'tasks', 'run', '05_full_pipeline', 'trigger_extract', 'manual__2026-03-26T19:05:57.132242+00:00', '--job-id', '237', '--raw', '--subdir', 'DAGS_FOLDER/05_full_pipeline.py', '--cfg-path', '/tmp/tmph3fuehk6']
[2026-03-26T19:06:00.991+0000] {standard_task_runner.py:88} INFO - Job 237: Subtask trigger_extract
[2026-03-26T19:06:01.086+0000] {task_command.py:423} INFO - Running <TaskInstance: 05_full_pipeline.trigger_extract manual__2026-03-26T19:05:57.132242+00:00 [running]> on host 397a5f27f712
[2026-03-26T19:06:01.250+0000] {taskinstance.py:2480} INFO - Exporting env vars: AIRFLOW_CTX_DAG_OWNER='anidata-lab' AIRFLOW_CTX_DAG_ID='05_full_pipeline' AIRFLOW_CTX_TASK_ID='trigger_extract' AIRFLOW_CTX_EXECUTION_DATE='2026-03-26T19:05:57.132242+00:00' AIRFLOW_CTX_TRY_NUMBER='1' AIRFLOW_CTX_DAG_RUN_ID='manual__2026-03-26T19:05:57.132242+00:00'
[2026-03-26T19:06:01.412+0000] {trigger_dagrun.py:210} INFO - Waiting for 01_extract_anime on 2026-03-26 19:06:01.253008+00:00 to become allowed state ['success'] ...
[2026-03-26T19:06:11.443+0000] {trigger_dagrun.py:210} INFO - Waiting for 01_extract_anime on 2026-03-26 19:06:01.253008+00:00 to become allowed state ['success'] ...
[2026-03-26T19:06:21.462+0000] {trigger_dagrun.py:210} INFO - Waiting for 01_extract_anime on 2026-03-26 19:06:01.253008+00:00 to become allowed state ['success'] ...
[2026-03-26T19:06:31.481+0000] {trigger_dagrun.py:210} INFO - Waiting for 01_extract_anime on 2026-03-26 19:06:01.253008+00:00 to become allowed state ['success'] ...
[2026-03-26T19:06:41.511+0000] {trigger_dagrun.py:210} INFO - Waiting for 01_extract_anime on 2026-03-26 19:06:01.253008+00:00 to become allowed state ['success'] ...
[2026-03-26T19:06:51.529+0000] {trigger_dagrun.py:210} INFO - Waiting for 01_extract_anime on 2026-03-26 19:06:01.253008+00:00 to become allowed state ['success'] ...
[2026-03-26T19:07:01.550+0000] {trigger_dagrun.py:210} INFO - Waiting for 01_extract_anime on 2026-03-26 19:06:01.253008+00:00 to become allowed state ['success'] ...
[2026-03-26T19:07:11.584+0000] {trigger_dagrun.py:210} INFO - Waiting for 01_extract_anime on 2026-03-26 19:06:01.253008+00:00 to become allowed state ['success'] ...
[2026-03-26T19:07:21.604+0000] {trigger_dagrun.py:210} INFO - Waiting for 01_extract_anime on 2026-03-26 19:06:01.253008+00:00 to become allowed state ['success'] ...
[2026-03-26T19:07:31.623+0000] {trigger_dagrun.py:210} INFO - Waiting for 01_extract_anime on 2026-03-26 19:06:01.253008+00:00 to become allowed state ['success'] ...
[2026-03-26T19:07:41.649+0000] {trigger_dagrun.py:210} INFO - Waiting for 01_extract_anime on 2026-03-26 19:06:01.253008+00:00 to become allowed state ['success'] ...
[2026-03-26T19:07:51.668+0000] {trigger_dagrun.py:210} INFO - Waiting for 01_extract_anime on 2026-03-26 19:06:01.253008+00:00 to become allowed state ['success'] ...
[2026-03-26T19:08:01.687+0000] {trigger_dagrun.py:210} INFO - Waiting for 01_extract_anime on 2026-03-26 19:06:01.253008+00:00 to become allowed state ['success'] ...
[2026-03-26T19:08:11.716+0000] {trigger_dagrun.py:210} INFO - Waiting for 01_extract_anime on 2026-03-26 19:06:01.253008+00:00 to become allowed state ['success'] ...
[2026-03-26T19:08:21.735+0000] {trigger_dagrun.py:210} INFO - Waiting for 01_extract_anime on 2026-03-26 19:06:01.253008+00:00 to become allowed state ['success'] ...
[2026-03-26T19:08:31.754+0000] {trigger_dagrun.py:210} INFO - Waiting for 01_extract_anime on 2026-03-26 19:06:01.253008+00:00 to become allowed state ['success'] ...
[2026-03-26T19:08:41.792+0000] {trigger_dagrun.py:210} INFO - Waiting for 01_extract_anime on 2026-03-26 19:06:01.253008+00:00 to become allowed state ['success'] ...
[2026-03-26T19:08:51.811+0000] {trigger_dagrun.py:210} INFO - Waiting for 01_extract_anime on 2026-03-26 19:06:01.253008+00:00 to become allowed state ['success'] ...
[2026-03-26T19:09:01.830+0000] {trigger_dagrun.py:210} INFO - Waiting for 01_extract_anime on 2026-03-26 19:06:01.253008+00:00 to become allowed state ['success'] ...
[2026-03-26T19:09:11.866+0000] {trigger_dagrun.py:210} INFO - Waiting for 01_extract_anime on 2026-03-26 19:06:01.253008+00:00 to become allowed state ['success'] ...
[2026-03-26T19:09:21.884+0000] {trigger_dagrun.py:210} INFO - Waiting for 01_extract_anime on 2026-03-26 19:06:01.253008+00:00 to become allowed state ['success'] ...
[2026-03-26T19:09:31.903+0000] {trigger_dagrun.py:210} INFO - Waiting for 01_extract_anime on 2026-03-26 19:06:01.253008+00:00 to become allowed state ['success'] ...
[2026-03-26T19:09:41.937+0000] {trigger_dagrun.py:210} INFO - Waiting for 01_extract_anime on 2026-03-26 19:06:01.253008+00:00 to become allowed state ['success'] ...
[2026-03-26T19:09:51.955+0000] {trigger_dagrun.py:210} INFO - Waiting for 01_extract_anime on 2026-03-26 19:06:01.253008+00:00 to become allowed state ['success'] ...
[2026-03-26T19:10:01.974+0000] {trigger_dagrun.py:210} INFO - Waiting for 01_extract_anime on 2026-03-26 19:06:01.253008+00:00 to become allowed state ['success'] ...
[2026-03-26T19:10:12.025+0000] {taskinstance.py:2698} ERROR - Task failed with exception
Traceback (most recent call last):
  File "/home/airflow/.local/lib/python3.11/site-packages/airflow/models/taskinstance.py", line 433, in _execute_task
    result = execute_callable(context=context, **execute_callable_kwargs)
             ^^^^^^^^^^^^^^^^^^^^^^^^^^^^^^^^^^^^^^^^^^^^^^^^^^^^^^^^^^^^
  File "/home/airflow/.local/lib/python3.11/site-packages/airflow/operators/trigger_dagrun.py", line 221, in execute
    raise AirflowException(f"{self.trigger_dag_id} failed with failed states {state}")
airflow.exceptions.AirflowException: 01_extract_anime failed with failed states failed
[2026-03-26T19:10:12.032+0000] {taskinstance.py:1138} INFO - Marking task as UP_FOR_RETRY. dag_id=05_full_pipeline, task_id=trigger_extract, execution_date=20260326T190557, start_date=20260326T190600, end_date=20260326T191012
[2026-03-26T19:10:12.057+0000] {standard_task_runner.py:107} ERROR - Failed to execute job 237 for task trigger_extract (01_extract_anime failed with failed states failed; 217)
[2026-03-26T19:10:12.092+0000] {local_task_job_runner.py:234} INFO - Task exited with return code 1
[2026-03-26T19:10:12.137+0000] {taskinstance.py:3280} INFO - 0 downstream tasks scheduled from follow-on schedule check
