[2026-03-26T19:12:13.159+0000] {taskinstance.py:1956} INFO - Dependencies all met for dep_context=non-requeueable deps ti=<TaskInstance: 05_full_pipeline.trigger_extract manual__2026-03-26T19:05:57.132242+00:00 [queued]>
[2026-03-26T19:12:13.175+0000] {taskinstance.py:1956} INFO - Dependencies all met for dep_context=requeueable deps ti=<TaskInstance: 05_full_pipeline.trigger_extract manual__2026-03-26T19:05:57.132242+00:00 [queued]>
[2026-03-26T19:12:13.176+0000] {taskinstance.py:2170} INFO - Starting attempt 2 of 2
[2026-03-26T19:12:13.200+0000] {taskinstance.py:2191} INFO - Executing <Task(TriggerDagRunOperator): trigger_extract> on 2026-03-26 19:05:57.132242+00:00
[2026-03-26T19:12:13.208+0000] {standard_task_runner.py:60} INFO - Started process 652 to run task
[2026-03-26T19:12:13.213+0000] {standard_task_runner.py:87} INFO - Running: ['***', 'tasks', 'run', '05_full_pipeline', 'trigger_extract', 'manual__2026-03-26T19:05:57.132242+00:00', '--job-id', '247', '--raw', '--subdir', 'DAGS_FOLDER/05_full_pipeline.py', '--cfg-path', '/tmp/tmp_ma2hdem']
[2026-03-26T19:12:13.217+0000] {standard_task_runner.py:88} INFO - Job 247: Subtask trigger_extract
[2026-03-26T19:12:13.315+0000] {task_command.py:423} INFO - Running <TaskInstance: 05_full_pipeline.trigger_extract manual__2026-03-26T19:05:57.132242+00:00 [running]> on host 397a5f27f712
[2026-03-26T19:12:13.482+0000] {taskinstance.py:2480} INFO - Exporting env vars: AIRFLOW_CTX_DAG_OWNER='anidata-lab' AIRFLOW_CTX_DAG_ID='05_full_pipeline' AIRFLOW_CTX_TASK_ID='trigger_extract' AIRFLOW_CTX_EXECUTION_DATE='2026-03-26T19:05:57.132242+00:00' AIRFLOW_CTX_TRY_NUMBER='2' AIRFLOW_CTX_DAG_RUN_ID='manual__2026-03-26T19:05:57.132242+00:00'
[2026-03-26T19:12:13.636+0000] {trigger_dagrun.py:210} INFO - Waiting for 01_extract_anime on 2026-03-26 19:12:13.484421+00:00 to become allowed state ['success'] ...
[2026-03-26T19:12:23.657+0000] {trigger_dagrun.py:210} INFO - Waiting for 01_extract_anime on 2026-03-26 19:12:13.484421+00:00 to become allowed state ['success'] ...
[2026-03-26T19:12:33.674+0000] {trigger_dagrun.py:210} INFO - Waiting for 01_extract_anime on 2026-03-26 19:12:13.484421+00:00 to become allowed state ['success'] ...
[2026-03-26T19:12:43.711+0000] {trigger_dagrun.py:210} INFO - Waiting for 01_extract_anime on 2026-03-26 19:12:13.484421+00:00 to become allowed state ['success'] ...
[2026-03-26T19:12:53.728+0000] {trigger_dagrun.py:210} INFO - Waiting for 01_extract_anime on 2026-03-26 19:12:13.484421+00:00 to become allowed state ['success'] ...
[2026-03-26T19:13:03.748+0000] {trigger_dagrun.py:210} INFO - Waiting for 01_extract_anime on 2026-03-26 19:12:13.484421+00:00 to become allowed state ['success'] ...
[2026-03-26T19:13:13.787+0000] {trigger_dagrun.py:210} INFO - Waiting for 01_extract_anime on 2026-03-26 19:12:13.484421+00:00 to become allowed state ['success'] ...
[2026-03-26T19:13:23.807+0000] {trigger_dagrun.py:210} INFO - Waiting for 01_extract_anime on 2026-03-26 19:12:13.484421+00:00 to become allowed state ['success'] ...
[2026-03-26T19:13:33.824+0000] {trigger_dagrun.py:210} INFO - Waiting for 01_extract_anime on 2026-03-26 19:12:13.484421+00:00 to become allowed state ['success'] ...
[2026-03-26T19:13:43.857+0000] {trigger_dagrun.py:210} INFO - Waiting for 01_extract_anime on 2026-03-26 19:12:13.484421+00:00 to become allowed state ['success'] ...
[2026-03-26T19:13:53.876+0000] {trigger_dagrun.py:210} INFO - Waiting for 01_extract_anime on 2026-03-26 19:12:13.484421+00:00 to become allowed state ['success'] ...
[2026-03-26T19:14:03.894+0000] {trigger_dagrun.py:210} INFO - Waiting for 01_extract_anime on 2026-03-26 19:12:13.484421+00:00 to become allowed state ['success'] ...
[2026-03-26T19:14:13.927+0000] {trigger_dagrun.py:210} INFO - Waiting for 01_extract_anime on 2026-03-26 19:12:13.484421+00:00 to become allowed state ['success'] ...
[2026-03-26T19:14:23.946+0000] {trigger_dagrun.py:210} INFO - Waiting for 01_extract_anime on 2026-03-26 19:12:13.484421+00:00 to become allowed state ['success'] ...
[2026-03-26T19:14:33.963+0000] {trigger_dagrun.py:210} INFO - Waiting for 01_extract_anime on 2026-03-26 19:12:13.484421+00:00 to become allowed state ['success'] ...
[2026-03-26T19:14:44.001+0000] {trigger_dagrun.py:210} INFO - Waiting for 01_extract_anime on 2026-03-26 19:12:13.484421+00:00 to become allowed state ['success'] ...
[2026-03-26T19:14:54.021+0000] {trigger_dagrun.py:210} INFO - Waiting for 01_extract_anime on 2026-03-26 19:12:13.484421+00:00 to become allowed state ['success'] ...
[2026-03-26T19:15:04.039+0000] {trigger_dagrun.py:210} INFO - Waiting for 01_extract_anime on 2026-03-26 19:12:13.484421+00:00 to become allowed state ['success'] ...
[2026-03-26T19:15:14.074+0000] {trigger_dagrun.py:210} INFO - Waiting for 01_extract_anime on 2026-03-26 19:12:13.484421+00:00 to become allowed state ['success'] ...
[2026-03-26T19:15:24.091+0000] {trigger_dagrun.py:210} INFO - Waiting for 01_extract_anime on 2026-03-26 19:12:13.484421+00:00 to become allowed state ['success'] ...
[2026-03-26T19:15:34.110+0000] {trigger_dagrun.py:210} INFO - Waiting for 01_extract_anime on 2026-03-26 19:12:13.484421+00:00 to become allowed state ['success'] ...
[2026-03-26T19:15:44.143+0000] {trigger_dagrun.py:210} INFO - Waiting for 01_extract_anime on 2026-03-26 19:12:13.484421+00:00 to become allowed state ['success'] ...
[2026-03-26T19:15:54.162+0000] {trigger_dagrun.py:210} INFO - Waiting for 01_extract_anime on 2026-03-26 19:12:13.484421+00:00 to become allowed state ['success'] ...
[2026-03-26T19:16:04.181+0000] {trigger_dagrun.py:210} INFO - Waiting for 01_extract_anime on 2026-03-26 19:12:13.484421+00:00 to become allowed state ['success'] ...
[2026-03-26T19:16:07.356+0000] {local_task_job_runner.py:121} ERROR - Received SIGTERM. Terminating subprocesses
[2026-03-26T19:16:07.362+0000] {process_utils.py:131} INFO - Sending 15 to group 652. PIDs of all processes in the group: [652]
[2026-03-26T19:16:07.364+0000] {process_utils.py:86} INFO - Sending the signal 15 to group 652
[2026-03-26T19:16:07.366+0000] {taskinstance.py:2450} ERROR - Received SIGTERM. Terminating subprocesses.
[2026-03-26T19:16:07.419+0000] {taskinstance.py:2698} ERROR - Task failed with exception
Traceback (most recent call last):
  File "/home/airflow/.local/lib/python3.11/site-packages/airflow/models/taskinstance.py", line 433, in _execute_task
    result = execute_callable(context=context, **execute_callable_kwargs)
             ^^^^^^^^^^^^^^^^^^^^^^^^^^^^^^^^^^^^^^^^^^^^^^^^^^^^^^^^^^^^
  File "/home/airflow/.local/lib/python3.11/site-packages/airflow/operators/trigger_dagrun.py", line 216, in execute
    time.sleep(self.poke_interval)
  File "/home/airflow/.local/lib/python3.11/site-packages/airflow/models/taskinstance.py", line 2452, in signal_handler
    raise AirflowException("Task received SIGTERM signal")
airflow.exceptions.AirflowException: Task received SIGTERM signal
[2026-03-26T19:16:07.446+0000] {taskinstance.py:1138} INFO - Marking task as FAILED. dag_id=05_full_pipeline, task_id=trigger_extract, execution_date=20260326T190557, start_date=20260326T191213, end_date=20260326T191607
[2026-03-26T19:16:07.477+0000] {standard_task_runner.py:107} ERROR - Failed to execute job 247 for task trigger_extract (Task received SIGTERM signal; 652)
[2026-03-26T19:16:07.519+0000] {process_utils.py:79} INFO - Process psutil.Process(pid=652, status='terminated', exitcode=1, started='19:12:12') (652) terminated with exit code 1
[2026-03-26T19:16:07.520+0000] {local_task_job_runner.py:234} INFO - Task exited with return code 143
[2026-03-26T19:16:07.566+0000] {taskinstance.py:3280} INFO - 0 downstream tasks scheduled from follow-on schedule check
