[2026-03-23T15:45:24.639+0000] {taskinstance.py:1956} INFO - Dependencies all met for dep_context=non-requeueable deps ti=<TaskInstance: 05_full_pipeline.trigger_extract manual__2026-03-23T15:45:18.683006+00:00 [queued]>
[2026-03-23T15:45:24.654+0000] {taskinstance.py:1956} INFO - Dependencies all met for dep_context=requeueable deps ti=<TaskInstance: 05_full_pipeline.trigger_extract manual__2026-03-23T15:45:18.683006+00:00 [queued]>
[2026-03-23T15:45:24.655+0000] {taskinstance.py:2170} INFO - Starting attempt 1 of 2
[2026-03-23T15:45:24.679+0000] {taskinstance.py:2191} INFO - Executing <Task(TriggerDagRunOperator): trigger_extract> on 2026-03-23 15:45:18.683006+00:00
[2026-03-23T15:45:24.687+0000] {standard_task_runner.py:60} INFO - Started process 362 to run task
[2026-03-23T15:45:24.691+0000] {standard_task_runner.py:87} INFO - Running: ['***', 'tasks', 'run', '05_full_pipeline', 'trigger_extract', 'manual__2026-03-23T15:45:18.683006+00:00', '--job-id', '3', '--raw', '--subdir', 'DAGS_FOLDER/05_full_pipeline.py', '--cfg-path', '/tmp/tmp1_ca5n71']
[2026-03-23T15:45:24.695+0000] {standard_task_runner.py:88} INFO - Job 3: Subtask trigger_extract
[2026-03-23T15:45:24.791+0000] {task_command.py:423} INFO - Running <TaskInstance: 05_full_pipeline.trigger_extract manual__2026-03-23T15:45:18.683006+00:00 [running]> on host 2345ef06643f
[2026-03-23T15:45:24.953+0000] {taskinstance.py:2480} INFO - Exporting env vars: AIRFLOW_CTX_DAG_OWNER='anidata-lab' AIRFLOW_CTX_DAG_ID='05_full_pipeline' AIRFLOW_CTX_TASK_ID='trigger_extract' AIRFLOW_CTX_EXECUTION_DATE='2026-03-23T15:45:18.683006+00:00' AIRFLOW_CTX_TRY_NUMBER='1' AIRFLOW_CTX_DAG_RUN_ID='manual__2026-03-23T15:45:18.683006+00:00'
[2026-03-23T15:45:25.132+0000] {trigger_dagrun.py:210} INFO - Waiting for 01_extract_anime on 2026-03-23 15:45:24.955732+00:00 to become allowed state ['success'] ...
[2026-03-23T15:45:35.161+0000] {trigger_dagrun.py:210} INFO - Waiting for 01_extract_anime on 2026-03-23 15:45:24.955732+00:00 to become allowed state ['success'] ...
[2026-03-23T15:45:45.180+0000] {trigger_dagrun.py:210} INFO - Waiting for 01_extract_anime on 2026-03-23 15:45:24.955732+00:00 to become allowed state ['success'] ...
[2026-03-23T15:45:54.394+0000] {trigger_dagrun.py:210} INFO - Waiting for 01_extract_anime on 2026-03-23 15:45:24.955732+00:00 to become allowed state ['success'] ...
[2026-03-23T15:46:04.414+0000] {trigger_dagrun.py:210} INFO - Waiting for 01_extract_anime on 2026-03-23 15:45:24.955732+00:00 to become allowed state ['success'] ...
[2026-03-23T15:46:14.433+0000] {trigger_dagrun.py:210} INFO - Waiting for 01_extract_anime on 2026-03-23 15:45:24.955732+00:00 to become allowed state ['success'] ...
[2026-03-23T15:46:23.702+0000] {trigger_dagrun.py:210} INFO - Waiting for 01_extract_anime on 2026-03-23 15:45:24.955732+00:00 to become allowed state ['success'] ...
[2026-03-23T15:46:33.724+0000] {trigger_dagrun.py:210} INFO - Waiting for 01_extract_anime on 2026-03-23 15:45:24.955732+00:00 to become allowed state ['success'] ...
[2026-03-23T15:46:43.743+0000] {trigger_dagrun.py:210} INFO - Waiting for 01_extract_anime on 2026-03-23 15:45:24.955732+00:00 to become allowed state ['success'] ...
[2026-03-23T15:46:53.001+0000] {trigger_dagrun.py:210} INFO - Waiting for 01_extract_anime on 2026-03-23 15:45:24.955732+00:00 to become allowed state ['success'] ...
[2026-03-23T15:47:03.021+0000] {trigger_dagrun.py:210} INFO - Waiting for 01_extract_anime on 2026-03-23 15:45:24.955732+00:00 to become allowed state ['success'] ...
[2026-03-23T15:47:13.040+0000] {trigger_dagrun.py:210} INFO - Waiting for 01_extract_anime on 2026-03-23 15:45:24.955732+00:00 to become allowed state ['success'] ...
[2026-03-23T15:47:22.274+0000] {trigger_dagrun.py:210} INFO - Waiting for 01_extract_anime on 2026-03-23 15:45:24.955732+00:00 to become allowed state ['success'] ...
[2026-03-23T15:47:32.293+0000] {trigger_dagrun.py:210} INFO - Waiting for 01_extract_anime on 2026-03-23 15:45:24.955732+00:00 to become allowed state ['success'] ...
[2026-03-23T15:47:42.311+0000] {trigger_dagrun.py:210} INFO - Waiting for 01_extract_anime on 2026-03-23 15:45:24.955732+00:00 to become allowed state ['success'] ...
[2026-03-23T15:47:51.560+0000] {trigger_dagrun.py:210} INFO - Waiting for 01_extract_anime on 2026-03-23 15:45:24.955732+00:00 to become allowed state ['success'] ...
[2026-03-23T15:48:01.579+0000] {trigger_dagrun.py:210} INFO - Waiting for 01_extract_anime on 2026-03-23 15:45:24.955732+00:00 to become allowed state ['success'] ...
[2026-03-23T15:48:11.597+0000] {trigger_dagrun.py:210} INFO - Waiting for 01_extract_anime on 2026-03-23 15:45:24.955732+00:00 to become allowed state ['success'] ...
[2026-03-23T15:48:20.716+0000] {trigger_dagrun.py:210} INFO - Waiting for 01_extract_anime on 2026-03-23 15:45:24.955732+00:00 to become allowed state ['success'] ...
[2026-03-23T15:48:30.736+0000] {trigger_dagrun.py:210} INFO - Waiting for 01_extract_anime on 2026-03-23 15:45:24.955732+00:00 to become allowed state ['success'] ...
[2026-03-23T15:48:40.756+0000] {trigger_dagrun.py:210} INFO - Waiting for 01_extract_anime on 2026-03-23 15:45:24.955732+00:00 to become allowed state ['success'] ...
[2026-03-23T15:48:49.934+0000] {trigger_dagrun.py:210} INFO - Waiting for 01_extract_anime on 2026-03-23 15:45:24.955732+00:00 to become allowed state ['success'] ...
[2026-03-23T15:48:59.954+0000] {trigger_dagrun.py:210} INFO - Waiting for 01_extract_anime on 2026-03-23 15:45:24.955732+00:00 to become allowed state ['success'] ...
[2026-03-23T15:49:09.974+0000] {trigger_dagrun.py:210} INFO - Waiting for 01_extract_anime on 2026-03-23 15:45:24.955732+00:00 to become allowed state ['success'] ...
[2026-03-23T15:49:19.215+0000] {trigger_dagrun.py:210} INFO - Waiting for 01_extract_anime on 2026-03-23 15:45:24.955732+00:00 to become allowed state ['success'] ...
[2026-03-23T15:49:29.234+0000] {trigger_dagrun.py:210} INFO - Waiting for 01_extract_anime on 2026-03-23 15:45:24.955732+00:00 to become allowed state ['success'] ...
[2026-03-23T15:49:39.253+0000] {trigger_dagrun.py:210} INFO - Waiting for 01_extract_anime on 2026-03-23 15:45:24.955732+00:00 to become allowed state ['success'] ...
[2026-03-23T15:49:48.405+0000] {trigger_dagrun.py:210} INFO - Waiting for 01_extract_anime on 2026-03-23 15:45:24.955732+00:00 to become allowed state ['success'] ...
[2026-03-23T15:49:58.424+0000] {trigger_dagrun.py:210} INFO - Waiting for 01_extract_anime on 2026-03-23 15:45:24.955732+00:00 to become allowed state ['success'] ...
[2026-03-23T15:50:08.443+0000] {trigger_dagrun.py:210} INFO - Waiting for 01_extract_anime on 2026-03-23 15:45:24.955732+00:00 to become allowed state ['success'] ...
[2026-03-23T15:50:17.660+0000] {trigger_dagrun.py:210} INFO - Waiting for 01_extract_anime on 2026-03-23 15:45:24.955732+00:00 to become allowed state ['success'] ...
[2026-03-23T15:50:27.683+0000] {trigger_dagrun.py:210} INFO - Waiting for 01_extract_anime on 2026-03-23 15:45:24.955732+00:00 to become allowed state ['success'] ...
[2026-03-23T15:50:37.702+0000] {trigger_dagrun.py:210} INFO - Waiting for 01_extract_anime on 2026-03-23 15:45:24.955732+00:00 to become allowed state ['success'] ...
[2026-03-23T15:50:46.912+0000] {trigger_dagrun.py:210} INFO - Waiting for 01_extract_anime on 2026-03-23 15:45:24.955732+00:00 to become allowed state ['success'] ...
