[2026-03-27T12:29:20.023+0000] {taskinstance.py:1956} INFO - Dependencies all met for dep_context=non-requeueable deps ti=<TaskInstance: 03_load_anime.bulk_index manual__2026-03-27T12:29:15.271113+00:00 [queued]>
[2026-03-27T12:29:20.038+0000] {taskinstance.py:1956} INFO - Dependencies all met for dep_context=requeueable deps ti=<TaskInstance: 03_load_anime.bulk_index manual__2026-03-27T12:29:15.271113+00:00 [queued]>
[2026-03-27T12:29:20.039+0000] {taskinstance.py:2170} INFO - Starting attempt 1 of 3
[2026-03-27T12:29:20.062+0000] {taskinstance.py:2191} INFO - Executing <Task(PythonOperator): bulk_index> on 2026-03-27 12:29:15.271113+00:00
[2026-03-27T12:29:20.070+0000] {standard_task_runner.py:60} INFO - Started process 551 to run task
[2026-03-27T12:29:20.075+0000] {standard_task_runner.py:87} INFO - Running: ['***', 'tasks', 'run', '03_load_anime', 'bulk_index', 'manual__2026-03-27T12:29:15.271113+00:00', '--job-id', '370', '--raw', '--subdir', 'DAGS_FOLDER/03_load_anime.py', '--cfg-path', '/tmp/tmpdtzqbjpr']
[2026-03-27T12:29:20.079+0000] {standard_task_runner.py:88} INFO - Job 370: Subtask bulk_index
[2026-03-27T12:29:20.173+0000] {task_command.py:423} INFO - Running <TaskInstance: 03_load_anime.bulk_index manual__2026-03-27T12:29:15.271113+00:00 [running]> on host 9d83036e0ab7
[2026-03-27T12:29:20.589+0000] {taskinstance.py:2480} INFO - Exporting env vars: AIRFLOW_CTX_DAG_OWNER='anidata-lab' AIRFLOW_CTX_DAG_ID='03_load_anime' AIRFLOW_CTX_TASK_ID='bulk_index' AIRFLOW_CTX_EXECUTION_DATE='2026-03-27T12:29:15.271113+00:00' AIRFLOW_CTX_TRY_NUMBER='1' AIRFLOW_CTX_DAG_RUN_ID='manual__2026-03-27T12:29:15.271113+00:00'
[2026-03-27T12:29:21.119+0000] {_transport.py:335} INFO - HEAD http://elasticsearch:9200/ [status:200 duration:0.016s]
[2026-03-27T12:29:25.029+0000] {_transport.py:335} INFO - PUT http://elasticsearch:9200/_bulk [status:200 duration:1.106s]
[2026-03-27T12:29:25.432+0000] {_transport.py:335} INFO - PUT http://elasticsearch:9200/_bulk [status:200 duration:0.369s]
[2026-03-27T12:29:25.761+0000] {_transport.py:335} INFO - PUT http://elasticsearch:9200/_bulk [status:200 duration:0.294s]
[2026-03-27T12:29:26.024+0000] {_transport.py:335} INFO - PUT http://elasticsearch:9200/_bulk [status:200 duration:0.229s]
[2026-03-27T12:29:26.283+0000] {_transport.py:335} INFO - PUT http://elasticsearch:9200/_bulk [status:200 duration:0.227s]
[2026-03-27T12:29:26.537+0000] {_transport.py:335} INFO - PUT http://elasticsearch:9200/_bulk [status:200 duration:0.221s]
[2026-03-27T12:29:26.973+0000] {_transport.py:335} INFO - PUT http://elasticsearch:9200/_bulk [status:200 duration:0.198s]
[2026-03-27T12:29:27.190+0000] {_transport.py:335} INFO - PUT http://elasticsearch:9200/_bulk [status:200 duration:0.183s]
[2026-03-27T12:29:27.502+0000] {_transport.py:335} INFO - PUT http://elasticsearch:9200/_bulk [status:200 duration:0.281s]
[2026-03-27T12:29:27.710+0000] {_transport.py:335} INFO - PUT http://elasticsearch:9200/_bulk [status:200 duration:0.176s]
[2026-03-27T12:29:27.919+0000] {_transport.py:335} INFO - PUT http://elasticsearch:9200/_bulk [status:200 duration:0.176s]
[2026-03-27T12:29:28.142+0000] {_transport.py:335} INFO - PUT http://elasticsearch:9200/_bulk [status:200 duration:0.191s]
[2026-03-27T12:29:28.349+0000] {_transport.py:335} INFO - PUT http://elasticsearch:9200/_bulk [status:200 duration:0.174s]
[2026-03-27T12:29:28.563+0000] {_transport.py:335} INFO - PUT http://elasticsearch:9200/_bulk [status:200 duration:0.182s]
[2026-03-27T12:29:28.788+0000] {_transport.py:335} INFO - PUT http://elasticsearch:9200/_bulk [status:200 duration:0.192s]
[2026-03-27T12:29:28.976+0000] {_transport.py:335} INFO - PUT http://elasticsearch:9200/_bulk [status:200 duration:0.155s]
[2026-03-27T12:29:29.174+0000] {_transport.py:335} INFO - PUT http://elasticsearch:9200/_bulk [status:200 duration:0.163s]
[2026-03-27T12:29:29.368+0000] {_transport.py:335} INFO - PUT http://elasticsearch:9200/_bulk [status:200 duration:0.161s]
[2026-03-27T12:29:29.546+0000] {_transport.py:335} INFO - PUT http://elasticsearch:9200/_bulk [status:200 duration:0.147s]
[2026-03-27T12:29:29.740+0000] {_transport.py:335} INFO - PUT http://elasticsearch:9200/_bulk [status:200 duration:0.163s]
[2026-03-27T12:29:29.899+0000] {_transport.py:335} INFO - PUT http://elasticsearch:9200/_bulk [status:200 duration:0.130s]
[2026-03-27T12:29:30.097+0000] {_transport.py:335} INFO - PUT http://elasticsearch:9200/_bulk [status:200 duration:0.167s]
[2026-03-27T12:29:30.273+0000] {_transport.py:335} INFO - PUT http://elasticsearch:9200/_bulk [status:200 duration:0.144s]
[2026-03-27T12:29:30.460+0000] {_transport.py:335} INFO - PUT http://elasticsearch:9200/_bulk [status:200 duration:0.156s]
[2026-03-27T12:29:30.650+0000] {_transport.py:335} INFO - PUT http://elasticsearch:9200/_bulk [status:200 duration:0.159s]
[2026-03-27T12:29:30.825+0000] {_transport.py:335} INFO - PUT http://elasticsearch:9200/_bulk [status:200 duration:0.138s]
[2026-03-27T12:29:31.005+0000] {_transport.py:335} INFO - PUT http://elasticsearch:9200/_bulk [status:200 duration:0.149s]
[2026-03-27T12:29:31.193+0000] {_transport.py:335} INFO - PUT http://elasticsearch:9200/_bulk [status:200 duration:0.156s]
[2026-03-27T12:29:31.364+0000] {_transport.py:335} INFO - PUT http://elasticsearch:9200/_bulk [status:200 duration:0.138s]
[2026-03-27T12:29:31.528+0000] {_transport.py:335} INFO - PUT http://elasticsearch:9200/_bulk [status:200 duration:0.133s]
[2026-03-27T12:29:31.668+0000] {_transport.py:335} INFO - PUT http://elasticsearch:9200/_bulk [status:200 duration:0.110s]
[2026-03-27T12:29:31.830+0000] {_transport.py:335} INFO - PUT http://elasticsearch:9200/_bulk [status:200 duration:0.131s]
[2026-03-27T12:29:32.010+0000] {_transport.py:335} INFO - PUT http://elasticsearch:9200/_bulk [status:200 duration:0.147s]
[2026-03-27T12:29:32.164+0000] {_transport.py:335} INFO - PUT http://elasticsearch:9200/_bulk [status:200 duration:0.125s]
[2026-03-27T12:29:32.315+0000] {_transport.py:335} INFO - PUT http://elasticsearch:9200/_bulk [status:200 duration:0.124s]
[2026-03-27T12:29:32.348+0000] {_transport.py:335} INFO - PUT http://elasticsearch:9200/_bulk [status:200 duration:0.024s]
[2026-03-27T12:29:32.384+0000] {logging_mixin.py:188} INFO - Indexation : 17562/17562 docs, 0 erreurs
[2026-03-27T12:29:32.385+0000] {python.py:201} INFO - Done. Returned value was: None
[2026-03-27T12:29:32.409+0000] {taskinstance.py:1138} INFO - Marking task as SUCCESS. dag_id=03_load_anime, task_id=bulk_index, execution_date=20260327T122915, start_date=20260327T122920, end_date=20260327T122932
[2026-03-27T12:29:32.458+0000] {local_task_job_runner.py:234} INFO - Task exited with return code 0
[2026-03-27T12:29:32.500+0000] {taskinstance.py:3280} INFO - 1 downstream tasks scheduled from follow-on schedule check
