[2026-03-24T08:24:33.860+0000] {taskinstance.py:1956} INFO - Dependencies all met for dep_context=non-requeueable deps ti=<TaskInstance: 05_full_pipeline.trigger_extract manual__2026-03-24T08:24:15.084718+00:00 [queued]>
[2026-03-24T08:24:33.874+0000] {taskinstance.py:1956} INFO - Dependencies all met for dep_context=requeueable deps ti=<TaskInstance: 05_full_pipeline.trigger_extract manual__2026-03-24T08:24:15.084718+00:00 [queued]>
[2026-03-24T08:24:33.875+0000] {taskinstance.py:2170} INFO - Starting attempt 1 of 2
[2026-03-24T08:24:33.894+0000] {taskinstance.py:2191} INFO - Executing <Task(TriggerDagRunOperator): trigger_extract> on 2026-03-24 08:24:15.084718+00:00
[2026-03-24T08:24:33.901+0000] {standard_task_runner.py:60} INFO - Started process 528 to run task
[2026-03-24T08:24:33.905+0000] {standard_task_runner.py:87} INFO - Running: ['***', 'tasks', 'run', '05_full_pipeline', 'trigger_extract', 'manual__2026-03-24T08:24:15.084718+00:00', '--job-id', '14', '--raw', '--subdir', 'DAGS_FOLDER/05_full_pipeline.py', '--cfg-path', '/tmp/tmp25pd1xzc']
[2026-03-24T08:24:33.909+0000] {standard_task_runner.py:88} INFO - Job 14: Subtask trigger_extract
[2026-03-24T08:24:33.995+0000] {task_command.py:423} INFO - Running <TaskInstance: 05_full_pipeline.trigger_extract manual__2026-03-24T08:24:15.084718+00:00 [running]> on host 2345ef06643f
[2026-03-24T08:24:34.144+0000] {taskinstance.py:2480} INFO - Exporting env vars: AIRFLOW_CTX_DAG_OWNER='anidata-lab' AIRFLOW_CTX_DAG_ID='05_full_pipeline' AIRFLOW_CTX_TASK_ID='trigger_extract' AIRFLOW_CTX_EXECUTION_DATE='2026-03-24T08:24:15.084718+00:00' AIRFLOW_CTX_TRY_NUMBER='1' AIRFLOW_CTX_DAG_RUN_ID='manual__2026-03-24T08:24:15.084718+00:00'
[2026-03-24T08:24:34.288+0000] {trigger_dagrun.py:210} INFO - Waiting for 01_extract_anime on 2026-03-24 08:24:34.145534+00:00 to become allowed state ['success'] ...
[2026-03-24T08:24:44.308+0000] {trigger_dagrun.py:210} INFO - Waiting for 01_extract_anime on 2026-03-24 08:24:34.145534+00:00 to become allowed state ['success'] ...
[2026-03-24T08:24:54.327+0000] {trigger_dagrun.py:210} INFO - Waiting for 01_extract_anime on 2026-03-24 08:24:34.145534+00:00 to become allowed state ['success'] ...
[2026-03-24T08:25:04.245+0000] {trigger_dagrun.py:210} INFO - Waiting for 01_extract_anime on 2026-03-24 08:24:34.145534+00:00 to become allowed state ['success'] ...
[2026-03-24T08:25:14.263+0000] {trigger_dagrun.py:210} INFO - Waiting for 01_extract_anime on 2026-03-24 08:24:34.145534+00:00 to become allowed state ['success'] ...
[2026-03-24T08:25:24.283+0000] {trigger_dagrun.py:210} INFO - Waiting for 01_extract_anime on 2026-03-24 08:24:34.145534+00:00 to become allowed state ['success'] ...
[2026-03-24T08:25:34.134+0000] {trigger_dagrun.py:210} INFO - Waiting for 01_extract_anime on 2026-03-24 08:24:34.145534+00:00 to become allowed state ['success'] ...
[2026-03-24T08:25:44.152+0000] {trigger_dagrun.py:210} INFO - Waiting for 01_extract_anime on 2026-03-24 08:24:34.145534+00:00 to become allowed state ['success'] ...
[2026-03-24T08:25:54.172+0000] {trigger_dagrun.py:210} INFO - Waiting for 01_extract_anime on 2026-03-24 08:24:34.145534+00:00 to become allowed state ['success'] ...
[2026-03-24T08:26:04.084+0000] {trigger_dagrun.py:210} INFO - Waiting for 01_extract_anime on 2026-03-24 08:24:34.145534+00:00 to become allowed state ['success'] ...
[2026-03-24T08:26:14.105+0000] {trigger_dagrun.py:210} INFO - Waiting for 01_extract_anime on 2026-03-24 08:24:34.145534+00:00 to become allowed state ['success'] ...
[2026-03-24T08:26:24.125+0000] {trigger_dagrun.py:210} INFO - Waiting for 01_extract_anime on 2026-03-24 08:24:34.145534+00:00 to become allowed state ['success'] ...
[2026-03-24T08:26:34.016+0000] {trigger_dagrun.py:210} INFO - Waiting for 01_extract_anime on 2026-03-24 08:24:34.145534+00:00 to become allowed state ['success'] ...
[2026-03-24T08:26:44.042+0000] {trigger_dagrun.py:210} INFO - Waiting for 01_extract_anime on 2026-03-24 08:24:34.145534+00:00 to become allowed state ['success'] ...
[2026-03-24T08:26:54.062+0000] {trigger_dagrun.py:210} INFO - Waiting for 01_extract_anime on 2026-03-24 08:24:34.145534+00:00 to become allowed state ['success'] ...
[2026-03-24T08:27:03.962+0000] {trigger_dagrun.py:210} INFO - Waiting for 01_extract_anime on 2026-03-24 08:24:34.145534+00:00 to become allowed state ['success'] ...
[2026-03-24T08:27:13.981+0000] {trigger_dagrun.py:210} INFO - Waiting for 01_extract_anime on 2026-03-24 08:24:34.145534+00:00 to become allowed state ['success'] ...
[2026-03-24T08:27:24.000+0000] {trigger_dagrun.py:210} INFO - Waiting for 01_extract_anime on 2026-03-24 08:24:34.145534+00:00 to become allowed state ['success'] ...
[2026-03-24T08:27:33.844+0000] {trigger_dagrun.py:210} INFO - Waiting for 01_extract_anime on 2026-03-24 08:24:34.145534+00:00 to become allowed state ['success'] ...
[2026-03-24T08:27:43.862+0000] {trigger_dagrun.py:210} INFO - Waiting for 01_extract_anime on 2026-03-24 08:24:34.145534+00:00 to become allowed state ['success'] ...
[2026-03-24T08:27:53.884+0000] {trigger_dagrun.py:210} INFO - Waiting for 01_extract_anime on 2026-03-24 08:24:34.145534+00:00 to become allowed state ['success'] ...
[2026-03-24T08:28:03.376+0000] {trigger_dagrun.py:210} INFO - Waiting for 01_extract_anime on 2026-03-24 08:24:34.145534+00:00 to become allowed state ['success'] ...
[2026-03-24T08:28:13.398+0000] {trigger_dagrun.py:210} INFO - Waiting for 01_extract_anime on 2026-03-24 08:24:34.145534+00:00 to become allowed state ['success'] ...
[2026-03-24T08:28:23.418+0000] {trigger_dagrun.py:210} INFO - Waiting for 01_extract_anime on 2026-03-24 08:24:34.145534+00:00 to become allowed state ['success'] ...
[2026-03-24T08:28:33.330+0000] {trigger_dagrun.py:210} INFO - Waiting for 01_extract_anime on 2026-03-24 08:24:34.145534+00:00 to become allowed state ['success'] ...
[2026-03-24T08:28:43.348+0000] {trigger_dagrun.py:210} INFO - Waiting for 01_extract_anime on 2026-03-24 08:24:34.145534+00:00 to become allowed state ['success'] ...
[2026-03-24T08:28:53.377+0000] {trigger_dagrun.py:210} INFO - Waiting for 01_extract_anime on 2026-03-24 08:24:34.145534+00:00 to become allowed state ['success'] ...
[2026-03-24T08:29:03.263+0000] {trigger_dagrun.py:210} INFO - Waiting for 01_extract_anime on 2026-03-24 08:24:34.145534+00:00 to become allowed state ['success'] ...
[2026-03-24T08:29:13.283+0000] {trigger_dagrun.py:210} INFO - Waiting for 01_extract_anime on 2026-03-24 08:24:34.145534+00:00 to become allowed state ['success'] ...
[2026-03-24T08:29:23.301+0000] {trigger_dagrun.py:210} INFO - Waiting for 01_extract_anime on 2026-03-24 08:24:34.145534+00:00 to become allowed state ['success'] ...
[2026-03-24T08:29:33.188+0000] {trigger_dagrun.py:210} INFO - Waiting for 01_extract_anime on 2026-03-24 08:24:34.145534+00:00 to become allowed state ['success'] ...
[2026-03-24T08:29:43.207+0000] {trigger_dagrun.py:210} INFO - Waiting for 01_extract_anime on 2026-03-24 08:24:34.145534+00:00 to become allowed state ['success'] ...
[2026-03-24T08:29:53.226+0000] {trigger_dagrun.py:210} INFO - Waiting for 01_extract_anime on 2026-03-24 08:24:34.145534+00:00 to become allowed state ['success'] ...
[2026-03-24T08:30:03.066+0000] {trigger_dagrun.py:210} INFO - Waiting for 01_extract_anime on 2026-03-24 08:24:34.145534+00:00 to become allowed state ['success'] ...
[2026-03-24T08:30:13.085+0000] {trigger_dagrun.py:210} INFO - Waiting for 01_extract_anime on 2026-03-24 08:24:34.145534+00:00 to become allowed state ['success'] ...
[2026-03-24T08:30:23.109+0000] {trigger_dagrun.py:210} INFO - Waiting for 01_extract_anime on 2026-03-24 08:24:34.145534+00:00 to become allowed state ['success'] ...
[2026-03-24T08:30:32.997+0000] {trigger_dagrun.py:210} INFO - Waiting for 01_extract_anime on 2026-03-24 08:24:34.145534+00:00 to become allowed state ['success'] ...
[2026-03-24T08:30:43.019+0000] {trigger_dagrun.py:210} INFO - Waiting for 01_extract_anime on 2026-03-24 08:24:34.145534+00:00 to become allowed state ['success'] ...
[2026-03-24T08:30:53.038+0000] {trigger_dagrun.py:210} INFO - Waiting for 01_extract_anime on 2026-03-24 08:24:34.145534+00:00 to become allowed state ['success'] ...
[2026-03-24T08:31:02.890+0000] {trigger_dagrun.py:210} INFO - Waiting for 01_extract_anime on 2026-03-24 08:24:34.145534+00:00 to become allowed state ['success'] ...
[2026-03-24T08:31:12.910+0000] {trigger_dagrun.py:210} INFO - Waiting for 01_extract_anime on 2026-03-24 08:24:34.145534+00:00 to become allowed state ['success'] ...
[2026-03-24T08:31:22.931+0000] {trigger_dagrun.py:210} INFO - Waiting for 01_extract_anime on 2026-03-24 08:24:34.145534+00:00 to become allowed state ['success'] ...
[2026-03-24T08:31:32.802+0000] {trigger_dagrun.py:210} INFO - Waiting for 01_extract_anime on 2026-03-24 08:24:34.145534+00:00 to become allowed state ['success'] ...
[2026-03-24T08:31:42.821+0000] {trigger_dagrun.py:210} INFO - Waiting for 01_extract_anime on 2026-03-24 08:24:34.145534+00:00 to become allowed state ['success'] ...
[2026-03-24T08:31:52.843+0000] {trigger_dagrun.py:210} INFO - Waiting for 01_extract_anime on 2026-03-24 08:24:34.145534+00:00 to become allowed state ['success'] ...
[2026-03-24T08:32:02.710+0000] {trigger_dagrun.py:210} INFO - Waiting for 01_extract_anime on 2026-03-24 08:24:34.145534+00:00 to become allowed state ['success'] ...
[2026-03-24T08:32:12.727+0000] {trigger_dagrun.py:210} INFO - Waiting for 01_extract_anime on 2026-03-24 08:24:34.145534+00:00 to become allowed state ['success'] ...
[2026-03-24T08:32:22.746+0000] {trigger_dagrun.py:210} INFO - Waiting for 01_extract_anime on 2026-03-24 08:24:34.145534+00:00 to become allowed state ['success'] ...
[2026-03-24T08:32:24.746+0000] {local_task_job_runner.py:121} ERROR - Received SIGTERM. Terminating subprocesses
[2026-03-24T08:32:24.751+0000] {process_utils.py:131} INFO - Sending 15 to group 528. PIDs of all processes in the group: [528]
[2026-03-24T08:32:24.752+0000] {process_utils.py:86} INFO - Sending the signal 15 to group 528
[2026-03-24T08:32:24.754+0000] {taskinstance.py:2450} ERROR - Received SIGTERM. Terminating subprocesses.
[2026-03-24T08:32:24.790+0000] {taskinstance.py:2698} ERROR - Task failed with exception
Traceback (most recent call last):
  File "/home/airflow/.local/lib/python3.11/site-packages/airflow/models/taskinstance.py", line 433, in _execute_task
    result = execute_callable(context=context, **execute_callable_kwargs)
             ^^^^^^^^^^^^^^^^^^^^^^^^^^^^^^^^^^^^^^^^^^^^^^^^^^^^^^^^^^^^
  File "/home/airflow/.local/lib/python3.11/site-packages/airflow/operators/trigger_dagrun.py", line 216, in execute
    time.sleep(self.poke_interval)
  File "/home/airflow/.local/lib/python3.11/site-packages/airflow/models/taskinstance.py", line 2452, in signal_handler
    raise AirflowException("Task received SIGTERM signal")
airflow.exceptions.AirflowException: Task received SIGTERM signal
[2026-03-24T08:32:24.806+0000] {taskinstance.py:1138} INFO - Marking task as UP_FOR_RETRY. dag_id=05_full_pipeline, task_id=trigger_extract, execution_date=20260324T082415, start_date=20260324T082433, end_date=20260324T083224
[2026-03-24T08:32:24.842+0000] {standard_task_runner.py:107} ERROR - Failed to execute job 14 for task trigger_extract (Task received SIGTERM signal; 528)
[2026-03-24T08:32:24.889+0000] {process_utils.py:79} INFO - Process psutil.Process(pid=528, status='terminated', exitcode=1, started='08:24:33') (528) terminated with exit code 1
[2026-03-24T08:32:24.893+0000] {local_task_job_runner.py:234} INFO - Task exited with return code 143
[2026-03-24T08:32:24.959+0000] {taskinstance.py:3280} INFO - 0 downstream tasks scheduled from follow-on schedule check
