[2026-04-27T08:48:19.214+0000] {taskinstance.py:1956} INFO - Dependencies all met for dep_context=non-requeueable deps ti=<TaskInstance: 05_full_pipeline.trigger_extract manual__2026-04-27T08:48:16.890866+00:00 [queued]>
[2026-04-27T08:48:19.230+0000] {taskinstance.py:1956} INFO - Dependencies all met for dep_context=requeueable deps ti=<TaskInstance: 05_full_pipeline.trigger_extract manual__2026-04-27T08:48:16.890866+00:00 [queued]>
[2026-04-27T08:48:19.232+0000] {taskinstance.py:2170} INFO - Starting attempt 1 of 2
[2026-04-27T08:48:19.260+0000] {taskinstance.py:2191} INFO - Executing <Task(TriggerDagRunOperator): trigger_extract> on 2026-04-27 08:48:16.890866+00:00
[2026-04-27T08:48:19.268+0000] {standard_task_runner.py:60} INFO - Started process 3166 to run task
[2026-04-27T08:48:19.273+0000] {standard_task_runner.py:87} INFO - Running: ['***', 'tasks', 'run', '05_full_pipeline', 'trigger_extract', 'manual__2026-04-27T08:48:16.890866+00:00', '--job-id', '6', '--raw', '--subdir', 'DAGS_FOLDER/05_full_pipeline.py', '--cfg-path', '/tmp/tmpotsia_fa']
[2026-04-27T08:48:19.277+0000] {standard_task_runner.py:88} INFO - Job 6: Subtask trigger_extract
[2026-04-27T08:48:19.379+0000] {task_command.py:423} INFO - Running <TaskInstance: 05_full_pipeline.trigger_extract manual__2026-04-27T08:48:16.890866+00:00 [running]> on host 7f080beffe36
[2026-04-27T08:48:19.545+0000] {taskinstance.py:2480} INFO - Exporting env vars: AIRFLOW_CTX_DAG_OWNER='anidata-lab' AIRFLOW_CTX_DAG_ID='05_full_pipeline' AIRFLOW_CTX_TASK_ID='trigger_extract' AIRFLOW_CTX_EXECUTION_DATE='2026-04-27T08:48:16.890866+00:00' AIRFLOW_CTX_TRY_NUMBER='1' AIRFLOW_CTX_DAG_RUN_ID='manual__2026-04-27T08:48:16.890866+00:00'
[2026-04-27T08:48:19.718+0000] {trigger_dagrun.py:210} INFO - Waiting for 01_extract_anime on 2026-04-27 08:48:19.547370+00:00 to become allowed state ['success'] ...
[2026-04-27T08:48:29.739+0000] {trigger_dagrun.py:210} INFO - Waiting for 01_extract_anime on 2026-04-27 08:48:19.547370+00:00 to become allowed state ['success'] ...
[2026-04-27T08:48:39.714+0000] {trigger_dagrun.py:210} INFO - Waiting for 01_extract_anime on 2026-04-27 08:48:19.547370+00:00 to become allowed state ['success'] ...
[2026-04-27T08:48:49.734+0000] {trigger_dagrun.py:210} INFO - Waiting for 01_extract_anime on 2026-04-27 08:48:19.547370+00:00 to become allowed state ['success'] ...
[2026-04-27T08:48:59.753+0000] {trigger_dagrun.py:210} INFO - Waiting for 01_extract_anime on 2026-04-27 08:48:19.547370+00:00 to become allowed state ['success'] ...
[2026-04-27T08:49:09.770+0000] {trigger_dagrun.py:210} INFO - Waiting for 01_extract_anime on 2026-04-27 08:48:19.547370+00:00 to become allowed state ['success'] ...
[2026-04-27T08:49:19.789+0000] {trigger_dagrun.py:210} INFO - Waiting for 01_extract_anime on 2026-04-27 08:48:19.547370+00:00 to become allowed state ['success'] ...
[2026-04-27T08:49:29.808+0000] {trigger_dagrun.py:210} INFO - Waiting for 01_extract_anime on 2026-04-27 08:48:19.547370+00:00 to become allowed state ['success'] ...
[2026-04-27T08:49:39.825+0000] {trigger_dagrun.py:210} INFO - Waiting for 01_extract_anime on 2026-04-27 08:48:19.547370+00:00 to become allowed state ['success'] ...
[2026-04-27T08:49:49.844+0000] {trigger_dagrun.py:210} INFO - Waiting for 01_extract_anime on 2026-04-27 08:48:19.547370+00:00 to become allowed state ['success'] ...
[2026-04-27T08:49:59.863+0000] {trigger_dagrun.py:210} INFO - Waiting for 01_extract_anime on 2026-04-27 08:48:19.547370+00:00 to become allowed state ['success'] ...
[2026-04-27T08:50:09.874+0000] {trigger_dagrun.py:210} INFO - Waiting for 01_extract_anime on 2026-04-27 08:48:19.547370+00:00 to become allowed state ['success'] ...
[2026-04-27T08:50:19.892+0000] {trigger_dagrun.py:210} INFO - Waiting for 01_extract_anime on 2026-04-27 08:48:19.547370+00:00 to become allowed state ['success'] ...
[2026-04-27T08:50:29.910+0000] {trigger_dagrun.py:210} INFO - Waiting for 01_extract_anime on 2026-04-27 08:48:19.547370+00:00 to become allowed state ['success'] ...
[2026-04-27T08:50:39.910+0000] {trigger_dagrun.py:210} INFO - Waiting for 01_extract_anime on 2026-04-27 08:48:19.547370+00:00 to become allowed state ['success'] ...
[2026-04-27T08:50:49.930+0000] {trigger_dagrun.py:210} INFO - Waiting for 01_extract_anime on 2026-04-27 08:48:19.547370+00:00 to become allowed state ['success'] ...
[2026-04-27T08:50:59.949+0000] {trigger_dagrun.py:210} INFO - Waiting for 01_extract_anime on 2026-04-27 08:48:19.547370+00:00 to become allowed state ['success'] ...
[2026-04-27T08:51:09.965+0000] {trigger_dagrun.py:210} INFO - Waiting for 01_extract_anime on 2026-04-27 08:48:19.547370+00:00 to become allowed state ['success'] ...
[2026-04-27T08:51:19.988+0000] {trigger_dagrun.py:210} INFO - Waiting for 01_extract_anime on 2026-04-27 08:48:19.547370+00:00 to become allowed state ['success'] ...
[2026-04-27T08:51:30.007+0000] {trigger_dagrun.py:210} INFO - Waiting for 01_extract_anime on 2026-04-27 08:48:19.547370+00:00 to become allowed state ['success'] ...
[2026-04-27T08:51:40.014+0000] {trigger_dagrun.py:210} INFO - Waiting for 01_extract_anime on 2026-04-27 08:48:19.547370+00:00 to become allowed state ['success'] ...
[2026-04-27T08:51:50.033+0000] {trigger_dagrun.py:210} INFO - Waiting for 01_extract_anime on 2026-04-27 08:48:19.547370+00:00 to become allowed state ['success'] ...
[2026-04-27T08:52:00.052+0000] {trigger_dagrun.py:210} INFO - Waiting for 01_extract_anime on 2026-04-27 08:48:19.547370+00:00 to become allowed state ['success'] ...
[2026-04-27T08:52:10.051+0000] {trigger_dagrun.py:210} INFO - Waiting for 01_extract_anime on 2026-04-27 08:48:19.547370+00:00 to become allowed state ['success'] ...
[2026-04-27T08:52:20.075+0000] {trigger_dagrun.py:210} INFO - Waiting for 01_extract_anime on 2026-04-27 08:48:19.547370+00:00 to become allowed state ['success'] ...
[2026-04-27T08:52:30.093+0000] {trigger_dagrun.py:210} INFO - Waiting for 01_extract_anime on 2026-04-27 08:48:19.547370+00:00 to become allowed state ['success'] ...
[2026-04-27T08:52:40.107+0000] {trigger_dagrun.py:210} INFO - Waiting for 01_extract_anime on 2026-04-27 08:48:19.547370+00:00 to become allowed state ['success'] ...
[2026-04-27T08:52:50.127+0000] {trigger_dagrun.py:210} INFO - Waiting for 01_extract_anime on 2026-04-27 08:48:19.547370+00:00 to become allowed state ['success'] ...
[2026-04-27T08:53:00.146+0000] {trigger_dagrun.py:210} INFO - Waiting for 01_extract_anime on 2026-04-27 08:48:19.547370+00:00 to become allowed state ['success'] ...
[2026-04-27T08:53:10.163+0000] {trigger_dagrun.py:210} INFO - Waiting for 01_extract_anime on 2026-04-27 08:48:19.547370+00:00 to become allowed state ['success'] ...
[2026-04-27T08:53:20.183+0000] {trigger_dagrun.py:210} INFO - Waiting for 01_extract_anime on 2026-04-27 08:48:19.547370+00:00 to become allowed state ['success'] ...
[2026-04-27T08:53:30.201+0000] {trigger_dagrun.py:210} INFO - Waiting for 01_extract_anime on 2026-04-27 08:48:19.547370+00:00 to become allowed state ['success'] ...
[2026-04-27T08:53:40.224+0000] {trigger_dagrun.py:210} INFO - Waiting for 01_extract_anime on 2026-04-27 08:48:19.547370+00:00 to become allowed state ['success'] ...
[2026-04-27T08:53:50.255+0000] {trigger_dagrun.py:210} INFO - Waiting for 01_extract_anime on 2026-04-27 08:48:19.547370+00:00 to become allowed state ['success'] ...
[2026-04-27T08:54:00.294+0000] {taskinstance.py:2698} ERROR - Task failed with exception
Traceback (most recent call last):
  File "/home/airflow/.local/lib/python3.11/site-packages/airflow/models/taskinstance.py", line 433, in _execute_task
    result = execute_callable(context=context, **execute_callable_kwargs)
             ^^^^^^^^^^^^^^^^^^^^^^^^^^^^^^^^^^^^^^^^^^^^^^^^^^^^^^^^^^^^
  File "/home/airflow/.local/lib/python3.11/site-packages/airflow/operators/trigger_dagrun.py", line 221, in execute
    raise AirflowException(f"{self.trigger_dag_id} failed with failed states {state}")
airflow.exceptions.AirflowException: 01_extract_anime failed with failed states failed
[2026-04-27T08:54:00.300+0000] {taskinstance.py:1138} INFO - Marking task as UP_FOR_RETRY. dag_id=05_full_pipeline, task_id=trigger_extract, execution_date=20260427T084816, start_date=20260427T084819, end_date=20260427T085400
[2026-04-27T08:54:00.321+0000] {standard_task_runner.py:107} ERROR - Failed to execute job 6 for task trigger_extract (01_extract_anime failed with failed states failed; 3166)
[2026-04-27T08:54:00.339+0000] {local_task_job_runner.py:234} INFO - Task exited with return code 1
[2026-04-27T08:54:00.384+0000] {taskinstance.py:3280} INFO - 0 downstream tasks scheduled from follow-on schedule check
