[2026-04-27T08:56:01.804+0000] {taskinstance.py:1956} INFO - Dependencies all met for dep_context=non-requeueable deps ti=<TaskInstance: 05_full_pipeline.trigger_extract manual__2026-04-27T08:48:16.890866+00:00 [queued]>
[2026-04-27T08:56:01.821+0000] {taskinstance.py:1956} INFO - Dependencies all met for dep_context=requeueable deps ti=<TaskInstance: 05_full_pipeline.trigger_extract manual__2026-04-27T08:48:16.890866+00:00 [queued]>
[2026-04-27T08:56:01.823+0000] {taskinstance.py:2170} INFO - Starting attempt 2 of 2
[2026-04-27T08:56:01.845+0000] {taskinstance.py:2191} INFO - Executing <Task(TriggerDagRunOperator): trigger_extract> on 2026-04-27 08:48:16.890866+00:00
[2026-04-27T08:56:01.853+0000] {standard_task_runner.py:60} INFO - Started process 3996 to run task
[2026-04-27T08:56:01.857+0000] {standard_task_runner.py:87} INFO - Running: ['***', 'tasks', 'run', '05_full_pipeline', 'trigger_extract', 'manual__2026-04-27T08:48:16.890866+00:00', '--job-id', '37', '--raw', '--subdir', 'DAGS_FOLDER/05_full_pipeline.py', '--cfg-path', '/tmp/tmpwvco87d2']
[2026-04-27T08:56:01.861+0000] {standard_task_runner.py:88} INFO - Job 37: Subtask trigger_extract
[2026-04-27T08:56:01.959+0000] {task_command.py:423} INFO - Running <TaskInstance: 05_full_pipeline.trigger_extract manual__2026-04-27T08:48:16.890866+00:00 [running]> on host 7f080beffe36
[2026-04-27T08:56:02.110+0000] {taskinstance.py:2480} INFO - Exporting env vars: AIRFLOW_CTX_DAG_OWNER='anidata-lab' AIRFLOW_CTX_DAG_ID='05_full_pipeline' AIRFLOW_CTX_TASK_ID='trigger_extract' AIRFLOW_CTX_EXECUTION_DATE='2026-04-27T08:48:16.890866+00:00' AIRFLOW_CTX_TRY_NUMBER='2' AIRFLOW_CTX_DAG_RUN_ID='manual__2026-04-27T08:48:16.890866+00:00'
[2026-04-27T08:56:02.257+0000] {trigger_dagrun.py:210} INFO - Waiting for 01_extract_anime on 2026-04-27 08:56:02.112286+00:00 to become allowed state ['success'] ...
[2026-04-27T08:56:12.282+0000] {trigger_dagrun.py:210} INFO - Waiting for 01_extract_anime on 2026-04-27 08:56:02.112286+00:00 to become allowed state ['success'] ...
[2026-04-27T08:56:22.300+0000] {trigger_dagrun.py:210} INFO - Waiting for 01_extract_anime on 2026-04-27 08:56:02.112286+00:00 to become allowed state ['success'] ...
[2026-04-27T08:56:32.318+0000] {trigger_dagrun.py:210} INFO - Waiting for 01_extract_anime on 2026-04-27 08:56:02.112286+00:00 to become allowed state ['success'] ...
[2026-04-27T08:56:42.343+0000] {trigger_dagrun.py:210} INFO - Waiting for 01_extract_anime on 2026-04-27 08:56:02.112286+00:00 to become allowed state ['success'] ...
[2026-04-27T08:56:52.361+0000] {trigger_dagrun.py:210} INFO - Waiting for 01_extract_anime on 2026-04-27 08:56:02.112286+00:00 to become allowed state ['success'] ...
[2026-04-27T08:57:02.379+0000] {trigger_dagrun.py:210} INFO - Waiting for 01_extract_anime on 2026-04-27 08:56:02.112286+00:00 to become allowed state ['success'] ...
[2026-04-27T08:57:12.405+0000] {trigger_dagrun.py:210} INFO - Waiting for 01_extract_anime on 2026-04-27 08:56:02.112286+00:00 to become allowed state ['success'] ...
[2026-04-27T08:57:22.423+0000] {trigger_dagrun.py:210} INFO - Waiting for 01_extract_anime on 2026-04-27 08:56:02.112286+00:00 to become allowed state ['success'] ...
[2026-04-27T08:57:32.442+0000] {trigger_dagrun.py:210} INFO - Waiting for 01_extract_anime on 2026-04-27 08:56:02.112286+00:00 to become allowed state ['success'] ...
[2026-04-27T08:57:42.461+0000] {trigger_dagrun.py:210} INFO - Waiting for 01_extract_anime on 2026-04-27 08:56:02.112286+00:00 to become allowed state ['success'] ...
[2026-04-27T08:57:52.480+0000] {trigger_dagrun.py:210} INFO - Waiting for 01_extract_anime on 2026-04-27 08:56:02.112286+00:00 to become allowed state ['success'] ...
[2026-04-27T08:57:55.033+0000] {local_task_job_runner.py:121} ERROR - Received SIGTERM. Terminating subprocesses
[2026-04-27T08:57:55.036+0000] {process_utils.py:131} INFO - Sending 15 to group 3996. PIDs of all processes in the group: [3996]
[2026-04-27T08:57:55.050+0000] {process_utils.py:86} INFO - Sending the signal 15 to group 3996
[2026-04-27T08:57:55.057+0000] {taskinstance.py:2450} ERROR - Received SIGTERM. Terminating subprocesses.
[2026-04-27T08:57:55.090+0000] {taskinstance.py:2698} ERROR - Task failed with exception
Traceback (most recent call last):
  File "/home/airflow/.local/lib/python3.11/site-packages/airflow/models/taskinstance.py", line 433, in _execute_task
    result = execute_callable(context=context, **execute_callable_kwargs)
             ^^^^^^^^^^^^^^^^^^^^^^^^^^^^^^^^^^^^^^^^^^^^^^^^^^^^^^^^^^^^
  File "/home/airflow/.local/lib/python3.11/site-packages/airflow/operators/trigger_dagrun.py", line 216, in execute
    time.sleep(self.poke_interval)
  File "/home/airflow/.local/lib/python3.11/site-packages/airflow/models/taskinstance.py", line 2452, in signal_handler
    raise AirflowException("Task received SIGTERM signal")
airflow.exceptions.AirflowException: Task received SIGTERM signal
[2026-04-27T08:57:55.118+0000] {taskinstance.py:1138} INFO - Marking task as FAILED. dag_id=05_full_pipeline, task_id=trigger_extract, execution_date=20260427T084816, start_date=20260427T085601, end_date=20260427T085755
[2026-04-27T08:57:55.185+0000] {standard_task_runner.py:107} ERROR - Failed to execute job 37 for task trigger_extract (Task received SIGTERM signal; 3996)
[2026-04-27T08:57:55.228+0000] {process_utils.py:79} INFO - Process psutil.Process(pid=3996, status='terminated', exitcode=1, started='08:56:00') (3996) terminated with exit code 1
[2026-04-27T08:57:55.231+0000] {local_task_job_runner.py:234} INFO - Task exited with return code 143
[2026-04-27T08:57:55.306+0000] {taskinstance.py:3280} INFO - 0 downstream tasks scheduled from follow-on schedule check
