[2026-04-27T08:20:28.337+0000] {processor.py:161} INFO - Started process (PID=529) to work on /opt/airflow/dags/anidata_scraper/scraper.py
[2026-04-27T08:20:28.339+0000] {processor.py:830} INFO - Processing file /opt/airflow/dags/anidata_scraper/scraper.py for tasks to queue
[2026-04-27T08:20:28.340+0000] {logging_mixin.py:188} INFO - [2026-04-27T08:20:28.340+0000] {dagbag.py:538} INFO - Filling up the DagBag from /opt/airflow/dags/anidata_scraper/scraper.py
[2026-04-27T08:20:28.587+0000] {processor.py:842} WARNING - No viable dags retrieved from /opt/airflow/dags/anidata_scraper/scraper.py
[2026-04-27T08:20:28.622+0000] {processor.py:183} INFO - Processing /opt/airflow/dags/anidata_scraper/scraper.py took 0.290 seconds
[2026-04-27T08:20:58.800+0000] {processor.py:161} INFO - Started process (PID=578) to work on /opt/airflow/dags/anidata_scraper/scraper.py
[2026-04-27T08:20:58.801+0000] {processor.py:830} INFO - Processing file /opt/airflow/dags/anidata_scraper/scraper.py for tasks to queue
[2026-04-27T08:20:58.803+0000] {logging_mixin.py:188} INFO - [2026-04-27T08:20:58.803+0000] {dagbag.py:538} INFO - Filling up the DagBag from /opt/airflow/dags/anidata_scraper/scraper.py
[2026-04-27T08:20:58.957+0000] {processor.py:842} WARNING - No viable dags retrieved from /opt/airflow/dags/anidata_scraper/scraper.py
[2026-04-27T08:20:58.986+0000] {processor.py:183} INFO - Processing /opt/airflow/dags/anidata_scraper/scraper.py took 0.192 seconds
[2026-04-27T08:21:29.166+0000] {processor.py:161} INFO - Started process (PID=622) to work on /opt/airflow/dags/anidata_scraper/scraper.py
[2026-04-27T08:21:29.169+0000] {processor.py:830} INFO - Processing file /opt/airflow/dags/anidata_scraper/scraper.py for tasks to queue
[2026-04-27T08:21:29.171+0000] {logging_mixin.py:188} INFO - [2026-04-27T08:21:29.171+0000] {dagbag.py:538} INFO - Filling up the DagBag from /opt/airflow/dags/anidata_scraper/scraper.py
[2026-04-27T08:21:29.433+0000] {processor.py:842} WARNING - No viable dags retrieved from /opt/airflow/dags/anidata_scraper/scraper.py
[2026-04-27T08:21:29.463+0000] {processor.py:183} INFO - Processing /opt/airflow/dags/anidata_scraper/scraper.py took 0.304 seconds
[2026-04-27T08:22:00.786+0000] {processor.py:161} INFO - Started process (PID=676) to work on /opt/airflow/dags/anidata_scraper/scraper.py
[2026-04-27T08:22:00.788+0000] {processor.py:830} INFO - Processing file /opt/airflow/dags/anidata_scraper/scraper.py for tasks to queue
[2026-04-27T08:22:00.791+0000] {logging_mixin.py:188} INFO - [2026-04-27T08:22:00.790+0000] {dagbag.py:538} INFO - Filling up the DagBag from /opt/airflow/dags/anidata_scraper/scraper.py
[2026-04-27T08:22:00.970+0000] {processor.py:842} WARNING - No viable dags retrieved from /opt/airflow/dags/anidata_scraper/scraper.py
[2026-04-27T08:22:01.001+0000] {processor.py:183} INFO - Processing /opt/airflow/dags/anidata_scraper/scraper.py took 0.220 seconds
[2026-04-27T08:22:31.166+0000] {processor.py:161} INFO - Started process (PID=725) to work on /opt/airflow/dags/anidata_scraper/scraper.py
[2026-04-27T08:22:31.168+0000] {processor.py:830} INFO - Processing file /opt/airflow/dags/anidata_scraper/scraper.py for tasks to queue
[2026-04-27T08:22:31.170+0000] {logging_mixin.py:188} INFO - [2026-04-27T08:22:31.169+0000] {dagbag.py:538} INFO - Filling up the DagBag from /opt/airflow/dags/anidata_scraper/scraper.py
[2026-04-27T08:22:31.341+0000] {processor.py:842} WARNING - No viable dags retrieved from /opt/airflow/dags/anidata_scraper/scraper.py
[2026-04-27T08:22:31.372+0000] {processor.py:183} INFO - Processing /opt/airflow/dags/anidata_scraper/scraper.py took 0.212 seconds
[2026-04-27T08:23:02.098+0000] {processor.py:161} INFO - Started process (PID=774) to work on /opt/airflow/dags/anidata_scraper/scraper.py
[2026-04-27T08:23:02.100+0000] {processor.py:830} INFO - Processing file /opt/airflow/dags/anidata_scraper/scraper.py for tasks to queue
[2026-04-27T08:23:02.102+0000] {logging_mixin.py:188} INFO - [2026-04-27T08:23:02.102+0000] {dagbag.py:538} INFO - Filling up the DagBag from /opt/airflow/dags/anidata_scraper/scraper.py
[2026-04-27T08:23:02.298+0000] {processor.py:842} WARNING - No viable dags retrieved from /opt/airflow/dags/anidata_scraper/scraper.py
[2026-04-27T08:23:02.329+0000] {processor.py:183} INFO - Processing /opt/airflow/dags/anidata_scraper/scraper.py took 0.238 seconds
[2026-04-27T08:23:32.701+0000] {processor.py:161} INFO - Started process (PID=829) to work on /opt/airflow/dags/anidata_scraper/scraper.py
[2026-04-27T08:23:32.703+0000] {processor.py:830} INFO - Processing file /opt/airflow/dags/anidata_scraper/scraper.py for tasks to queue
[2026-04-27T08:23:32.705+0000] {logging_mixin.py:188} INFO - [2026-04-27T08:23:32.704+0000] {dagbag.py:538} INFO - Filling up the DagBag from /opt/airflow/dags/anidata_scraper/scraper.py
[2026-04-27T08:23:32.885+0000] {processor.py:842} WARNING - No viable dags retrieved from /opt/airflow/dags/anidata_scraper/scraper.py
[2026-04-27T08:23:32.914+0000] {processor.py:183} INFO - Processing /opt/airflow/dags/anidata_scraper/scraper.py took 0.218 seconds
[2026-04-27T08:24:03.320+0000] {processor.py:161} INFO - Started process (PID=882) to work on /opt/airflow/dags/anidata_scraper/scraper.py
[2026-04-27T08:24:03.322+0000] {processor.py:830} INFO - Processing file /opt/airflow/dags/anidata_scraper/scraper.py for tasks to queue
[2026-04-27T08:24:03.324+0000] {logging_mixin.py:188} INFO - [2026-04-27T08:24:03.323+0000] {dagbag.py:538} INFO - Filling up the DagBag from /opt/airflow/dags/anidata_scraper/scraper.py
[2026-04-27T08:24:03.500+0000] {processor.py:842} WARNING - No viable dags retrieved from /opt/airflow/dags/anidata_scraper/scraper.py
[2026-04-27T08:24:03.527+0000] {processor.py:183} INFO - Processing /opt/airflow/dags/anidata_scraper/scraper.py took 0.211 seconds
[2026-04-27T08:24:33.716+0000] {processor.py:161} INFO - Started process (PID=931) to work on /opt/airflow/dags/anidata_scraper/scraper.py
[2026-04-27T08:24:33.718+0000] {processor.py:830} INFO - Processing file /opt/airflow/dags/anidata_scraper/scraper.py for tasks to queue
[2026-04-27T08:24:33.720+0000] {logging_mixin.py:188} INFO - [2026-04-27T08:24:33.719+0000] {dagbag.py:538} INFO - Filling up the DagBag from /opt/airflow/dags/anidata_scraper/scraper.py
[2026-04-27T08:24:33.885+0000] {processor.py:842} WARNING - No viable dags retrieved from /opt/airflow/dags/anidata_scraper/scraper.py
[2026-04-27T08:24:33.913+0000] {processor.py:183} INFO - Processing /opt/airflow/dags/anidata_scraper/scraper.py took 0.204 seconds
[2026-04-27T08:25:04.575+0000] {processor.py:161} INFO - Started process (PID=982) to work on /opt/airflow/dags/anidata_scraper/scraper.py
[2026-04-27T08:25:04.577+0000] {processor.py:830} INFO - Processing file /opt/airflow/dags/anidata_scraper/scraper.py for tasks to queue
[2026-04-27T08:25:04.579+0000] {logging_mixin.py:188} INFO - [2026-04-27T08:25:04.578+0000] {dagbag.py:538} INFO - Filling up the DagBag from /opt/airflow/dags/anidata_scraper/scraper.py
[2026-04-27T08:25:04.758+0000] {processor.py:842} WARNING - No viable dags retrieved from /opt/airflow/dags/anidata_scraper/scraper.py
[2026-04-27T08:25:04.788+0000] {processor.py:183} INFO - Processing /opt/airflow/dags/anidata_scraper/scraper.py took 0.219 seconds
[2026-04-27T08:25:34.944+0000] {processor.py:161} INFO - Started process (PID=1029) to work on /opt/airflow/dags/anidata_scraper/scraper.py
[2026-04-27T08:25:34.946+0000] {processor.py:830} INFO - Processing file /opt/airflow/dags/anidata_scraper/scraper.py for tasks to queue
[2026-04-27T08:25:34.947+0000] {logging_mixin.py:188} INFO - [2026-04-27T08:25:34.947+0000] {dagbag.py:538} INFO - Filling up the DagBag from /opt/airflow/dags/anidata_scraper/scraper.py
[2026-04-27T08:25:35.134+0000] {processor.py:842} WARNING - No viable dags retrieved from /opt/airflow/dags/anidata_scraper/scraper.py
[2026-04-27T08:25:35.169+0000] {processor.py:183} INFO - Processing /opt/airflow/dags/anidata_scraper/scraper.py took 0.230 seconds
[2026-04-27T08:26:05.384+0000] {processor.py:161} INFO - Started process (PID=1078) to work on /opt/airflow/dags/anidata_scraper/scraper.py
[2026-04-27T08:26:05.386+0000] {processor.py:830} INFO - Processing file /opt/airflow/dags/anidata_scraper/scraper.py for tasks to queue
[2026-04-27T08:26:05.387+0000] {logging_mixin.py:188} INFO - [2026-04-27T08:26:05.387+0000] {dagbag.py:538} INFO - Filling up the DagBag from /opt/airflow/dags/anidata_scraper/scraper.py
[2026-04-27T08:26:05.571+0000] {processor.py:842} WARNING - No viable dags retrieved from /opt/airflow/dags/anidata_scraper/scraper.py
[2026-04-27T08:26:05.601+0000] {processor.py:183} INFO - Processing /opt/airflow/dags/anidata_scraper/scraper.py took 0.223 seconds
[2026-04-27T08:26:35.797+0000] {processor.py:161} INFO - Started process (PID=1127) to work on /opt/airflow/dags/anidata_scraper/scraper.py
[2026-04-27T08:26:35.798+0000] {processor.py:830} INFO - Processing file /opt/airflow/dags/anidata_scraper/scraper.py for tasks to queue
[2026-04-27T08:26:35.800+0000] {logging_mixin.py:188} INFO - [2026-04-27T08:26:35.799+0000] {dagbag.py:538} INFO - Filling up the DagBag from /opt/airflow/dags/anidata_scraper/scraper.py
[2026-04-27T08:26:35.963+0000] {processor.py:842} WARNING - No viable dags retrieved from /opt/airflow/dags/anidata_scraper/scraper.py
[2026-04-27T08:26:35.991+0000] {processor.py:183} INFO - Processing /opt/airflow/dags/anidata_scraper/scraper.py took 0.200 seconds
[2026-04-27T08:27:06.563+0000] {processor.py:161} INFO - Started process (PID=1176) to work on /opt/airflow/dags/anidata_scraper/scraper.py
[2026-04-27T08:27:06.564+0000] {processor.py:830} INFO - Processing file /opt/airflow/dags/anidata_scraper/scraper.py for tasks to queue
[2026-04-27T08:27:06.566+0000] {logging_mixin.py:188} INFO - [2026-04-27T08:27:06.565+0000] {dagbag.py:538} INFO - Filling up the DagBag from /opt/airflow/dags/anidata_scraper/scraper.py
[2026-04-27T08:27:06.738+0000] {processor.py:842} WARNING - No viable dags retrieved from /opt/airflow/dags/anidata_scraper/scraper.py
[2026-04-27T08:27:06.768+0000] {processor.py:183} INFO - Processing /opt/airflow/dags/anidata_scraper/scraper.py took 0.210 seconds
[2026-04-27T08:27:36.915+0000] {processor.py:161} INFO - Started process (PID=1225) to work on /opt/airflow/dags/anidata_scraper/scraper.py
[2026-04-27T08:27:36.917+0000] {processor.py:830} INFO - Processing file /opt/airflow/dags/anidata_scraper/scraper.py for tasks to queue
[2026-04-27T08:27:36.919+0000] {logging_mixin.py:188} INFO - [2026-04-27T08:27:36.919+0000] {dagbag.py:538} INFO - Filling up the DagBag from /opt/airflow/dags/anidata_scraper/scraper.py
[2026-04-27T08:27:37.095+0000] {processor.py:842} WARNING - No viable dags retrieved from /opt/airflow/dags/anidata_scraper/scraper.py
[2026-04-27T08:27:37.126+0000] {processor.py:183} INFO - Processing /opt/airflow/dags/anidata_scraper/scraper.py took 0.216 seconds
[2026-04-27T08:28:07.314+0000] {processor.py:161} INFO - Started process (PID=1274) to work on /opt/airflow/dags/anidata_scraper/scraper.py
[2026-04-27T08:28:07.316+0000] {processor.py:830} INFO - Processing file /opt/airflow/dags/anidata_scraper/scraper.py for tasks to queue
[2026-04-27T08:28:07.318+0000] {logging_mixin.py:188} INFO - [2026-04-27T08:28:07.317+0000] {dagbag.py:538} INFO - Filling up the DagBag from /opt/airflow/dags/anidata_scraper/scraper.py
[2026-04-27T08:28:07.498+0000] {processor.py:842} WARNING - No viable dags retrieved from /opt/airflow/dags/anidata_scraper/scraper.py
[2026-04-27T08:28:07.528+0000] {processor.py:183} INFO - Processing /opt/airflow/dags/anidata_scraper/scraper.py took 0.220 seconds
[2026-04-27T08:28:37.688+0000] {processor.py:161} INFO - Started process (PID=1320) to work on /opt/airflow/dags/anidata_scraper/scraper.py
[2026-04-27T08:28:37.690+0000] {processor.py:830} INFO - Processing file /opt/airflow/dags/anidata_scraper/scraper.py for tasks to queue
[2026-04-27T08:28:37.692+0000] {logging_mixin.py:188} INFO - [2026-04-27T08:28:37.691+0000] {dagbag.py:538} INFO - Filling up the DagBag from /opt/airflow/dags/anidata_scraper/scraper.py
[2026-04-27T08:28:37.865+0000] {processor.py:842} WARNING - No viable dags retrieved from /opt/airflow/dags/anidata_scraper/scraper.py
[2026-04-27T08:28:37.894+0000] {processor.py:183} INFO - Processing /opt/airflow/dags/anidata_scraper/scraper.py took 0.212 seconds
[2026-04-27T08:29:08.368+0000] {processor.py:161} INFO - Started process (PID=1367) to work on /opt/airflow/dags/anidata_scraper/scraper.py
[2026-04-27T08:29:08.370+0000] {processor.py:830} INFO - Processing file /opt/airflow/dags/anidata_scraper/scraper.py for tasks to queue
[2026-04-27T08:29:08.372+0000] {logging_mixin.py:188} INFO - [2026-04-27T08:29:08.371+0000] {dagbag.py:538} INFO - Filling up the DagBag from /opt/airflow/dags/anidata_scraper/scraper.py
[2026-04-27T08:29:08.563+0000] {processor.py:842} WARNING - No viable dags retrieved from /opt/airflow/dags/anidata_scraper/scraper.py
[2026-04-27T08:29:08.596+0000] {processor.py:183} INFO - Processing /opt/airflow/dags/anidata_scraper/scraper.py took 0.233 seconds
[2026-04-27T08:29:39.497+0000] {processor.py:161} INFO - Started process (PID=1421) to work on /opt/airflow/dags/anidata_scraper/scraper.py
[2026-04-27T08:29:39.499+0000] {processor.py:830} INFO - Processing file /opt/airflow/dags/anidata_scraper/scraper.py for tasks to queue
[2026-04-27T08:29:39.501+0000] {logging_mixin.py:188} INFO - [2026-04-27T08:29:39.500+0000] {dagbag.py:538} INFO - Filling up the DagBag from /opt/airflow/dags/anidata_scraper/scraper.py
[2026-04-27T08:29:39.683+0000] {processor.py:842} WARNING - No viable dags retrieved from /opt/airflow/dags/anidata_scraper/scraper.py
[2026-04-27T08:29:39.716+0000] {processor.py:183} INFO - Processing /opt/airflow/dags/anidata_scraper/scraper.py took 0.226 seconds
[2026-04-27T08:30:10.291+0000] {processor.py:161} INFO - Started process (PID=1472) to work on /opt/airflow/dags/anidata_scraper/scraper.py
[2026-04-27T08:30:10.294+0000] {processor.py:830} INFO - Processing file /opt/airflow/dags/anidata_scraper/scraper.py for tasks to queue
[2026-04-27T08:30:10.296+0000] {logging_mixin.py:188} INFO - [2026-04-27T08:30:10.295+0000] {dagbag.py:538} INFO - Filling up the DagBag from /opt/airflow/dags/anidata_scraper/scraper.py
[2026-04-27T08:30:10.506+0000] {processor.py:842} WARNING - No viable dags retrieved from /opt/airflow/dags/anidata_scraper/scraper.py
[2026-04-27T08:30:10.543+0000] {processor.py:183} INFO - Processing /opt/airflow/dags/anidata_scraper/scraper.py took 0.258 seconds
[2026-04-27T08:30:41.091+0000] {processor.py:161} INFO - Started process (PID=1519) to work on /opt/airflow/dags/anidata_scraper/scraper.py
[2026-04-27T08:30:41.093+0000] {processor.py:830} INFO - Processing file /opt/airflow/dags/anidata_scraper/scraper.py for tasks to queue
[2026-04-27T08:30:41.095+0000] {logging_mixin.py:188} INFO - [2026-04-27T08:30:41.094+0000] {dagbag.py:538} INFO - Filling up the DagBag from /opt/airflow/dags/anidata_scraper/scraper.py
[2026-04-27T08:30:41.271+0000] {processor.py:842} WARNING - No viable dags retrieved from /opt/airflow/dags/anidata_scraper/scraper.py
[2026-04-27T08:30:41.304+0000] {processor.py:183} INFO - Processing /opt/airflow/dags/anidata_scraper/scraper.py took 0.219 seconds
[2026-04-27T08:31:11.905+0000] {processor.py:161} INFO - Started process (PID=1568) to work on /opt/airflow/dags/anidata_scraper/scraper.py
[2026-04-27T08:31:11.907+0000] {processor.py:830} INFO - Processing file /opt/airflow/dags/anidata_scraper/scraper.py for tasks to queue
[2026-04-27T08:31:11.909+0000] {logging_mixin.py:188} INFO - [2026-04-27T08:31:11.909+0000] {dagbag.py:538} INFO - Filling up the DagBag from /opt/airflow/dags/anidata_scraper/scraper.py
[2026-04-27T08:31:12.084+0000] {processor.py:842} WARNING - No viable dags retrieved from /opt/airflow/dags/anidata_scraper/scraper.py
[2026-04-27T08:31:12.117+0000] {processor.py:183} INFO - Processing /opt/airflow/dags/anidata_scraper/scraper.py took 0.217 seconds
[2026-04-27T08:31:42.611+0000] {processor.py:161} INFO - Started process (PID=1612) to work on /opt/airflow/dags/anidata_scraper/scraper.py
[2026-04-27T08:31:42.614+0000] {processor.py:830} INFO - Processing file /opt/airflow/dags/anidata_scraper/scraper.py for tasks to queue
[2026-04-27T08:31:42.616+0000] {logging_mixin.py:188} INFO - [2026-04-27T08:31:42.615+0000] {dagbag.py:538} INFO - Filling up the DagBag from /opt/airflow/dags/anidata_scraper/scraper.py
[2026-04-27T08:31:42.794+0000] {processor.py:842} WARNING - No viable dags retrieved from /opt/airflow/dags/anidata_scraper/scraper.py
[2026-04-27T08:31:42.825+0000] {processor.py:183} INFO - Processing /opt/airflow/dags/anidata_scraper/scraper.py took 0.219 seconds
[2026-04-27T08:32:13.906+0000] {processor.py:161} INFO - Started process (PID=1663) to work on /opt/airflow/dags/anidata_scraper/scraper.py
[2026-04-27T08:32:13.908+0000] {processor.py:830} INFO - Processing file /opt/airflow/dags/anidata_scraper/scraper.py for tasks to queue
[2026-04-27T08:32:13.910+0000] {logging_mixin.py:188} INFO - [2026-04-27T08:32:13.909+0000] {dagbag.py:538} INFO - Filling up the DagBag from /opt/airflow/dags/anidata_scraper/scraper.py
[2026-04-27T08:32:14.081+0000] {processor.py:842} WARNING - No viable dags retrieved from /opt/airflow/dags/anidata_scraper/scraper.py
[2026-04-27T08:32:14.115+0000] {processor.py:183} INFO - Processing /opt/airflow/dags/anidata_scraper/scraper.py took 0.215 seconds
[2026-04-27T08:32:44.783+0000] {processor.py:161} INFO - Started process (PID=1704) to work on /opt/airflow/dags/anidata_scraper/scraper.py
[2026-04-27T08:32:44.785+0000] {processor.py:830} INFO - Processing file /opt/airflow/dags/anidata_scraper/scraper.py for tasks to queue
[2026-04-27T08:32:44.787+0000] {logging_mixin.py:188} INFO - [2026-04-27T08:32:44.786+0000] {dagbag.py:538} INFO - Filling up the DagBag from /opt/airflow/dags/anidata_scraper/scraper.py
[2026-04-27T08:32:44.966+0000] {processor.py:842} WARNING - No viable dags retrieved from /opt/airflow/dags/anidata_scraper/scraper.py
[2026-04-27T08:32:44.995+0000] {processor.py:183} INFO - Processing /opt/airflow/dags/anidata_scraper/scraper.py took 0.218 seconds
[2026-04-27T08:33:15.493+0000] {processor.py:161} INFO - Started process (PID=1749) to work on /opt/airflow/dags/anidata_scraper/scraper.py
[2026-04-27T08:33:15.495+0000] {processor.py:830} INFO - Processing file /opt/airflow/dags/anidata_scraper/scraper.py for tasks to queue
[2026-04-27T08:33:15.497+0000] {logging_mixin.py:188} INFO - [2026-04-27T08:33:15.496+0000] {dagbag.py:538} INFO - Filling up the DagBag from /opt/airflow/dags/anidata_scraper/scraper.py
[2026-04-27T08:33:15.675+0000] {processor.py:842} WARNING - No viable dags retrieved from /opt/airflow/dags/anidata_scraper/scraper.py
[2026-04-27T08:33:15.705+0000] {processor.py:183} INFO - Processing /opt/airflow/dags/anidata_scraper/scraper.py took 0.217 seconds
[2026-04-27T08:33:45.838+0000] {processor.py:161} INFO - Started process (PID=1790) to work on /opt/airflow/dags/anidata_scraper/scraper.py
[2026-04-27T08:33:45.839+0000] {processor.py:830} INFO - Processing file /opt/airflow/dags/anidata_scraper/scraper.py for tasks to queue
[2026-04-27T08:33:45.841+0000] {logging_mixin.py:188} INFO - [2026-04-27T08:33:45.841+0000] {dagbag.py:538} INFO - Filling up the DagBag from /opt/airflow/dags/anidata_scraper/scraper.py
[2026-04-27T08:33:46.007+0000] {processor.py:842} WARNING - No viable dags retrieved from /opt/airflow/dags/anidata_scraper/scraper.py
[2026-04-27T08:33:46.037+0000] {processor.py:183} INFO - Processing /opt/airflow/dags/anidata_scraper/scraper.py took 0.205 seconds
[2026-04-27T08:34:16.586+0000] {processor.py:161} INFO - Started process (PID=1833) to work on /opt/airflow/dags/anidata_scraper/scraper.py
[2026-04-27T08:34:16.588+0000] {processor.py:830} INFO - Processing file /opt/airflow/dags/anidata_scraper/scraper.py for tasks to queue
[2026-04-27T08:34:16.590+0000] {logging_mixin.py:188} INFO - [2026-04-27T08:34:16.589+0000] {dagbag.py:538} INFO - Filling up the DagBag from /opt/airflow/dags/anidata_scraper/scraper.py
[2026-04-27T08:34:16.763+0000] {processor.py:842} WARNING - No viable dags retrieved from /opt/airflow/dags/anidata_scraper/scraper.py
[2026-04-27T08:34:16.793+0000] {processor.py:183} INFO - Processing /opt/airflow/dags/anidata_scraper/scraper.py took 0.212 seconds
[2026-04-27T08:34:47.006+0000] {processor.py:161} INFO - Started process (PID=1882) to work on /opt/airflow/dags/anidata_scraper/scraper.py
[2026-04-27T08:34:47.008+0000] {processor.py:830} INFO - Processing file /opt/airflow/dags/anidata_scraper/scraper.py for tasks to queue
[2026-04-27T08:34:47.010+0000] {logging_mixin.py:188} INFO - [2026-04-27T08:34:47.009+0000] {dagbag.py:538} INFO - Filling up the DagBag from /opt/airflow/dags/anidata_scraper/scraper.py
[2026-04-27T08:34:47.178+0000] {processor.py:842} WARNING - No viable dags retrieved from /opt/airflow/dags/anidata_scraper/scraper.py
[2026-04-27T08:34:47.209+0000] {processor.py:183} INFO - Processing /opt/airflow/dags/anidata_scraper/scraper.py took 0.209 seconds
[2026-04-27T08:35:17.390+0000] {processor.py:161} INFO - Started process (PID=1926) to work on /opt/airflow/dags/anidata_scraper/scraper.py
[2026-04-27T08:35:17.392+0000] {processor.py:830} INFO - Processing file /opt/airflow/dags/anidata_scraper/scraper.py for tasks to queue
[2026-04-27T08:35:17.394+0000] {logging_mixin.py:188} INFO - [2026-04-27T08:35:17.393+0000] {dagbag.py:538} INFO - Filling up the DagBag from /opt/airflow/dags/anidata_scraper/scraper.py
[2026-04-27T08:35:17.563+0000] {processor.py:842} WARNING - No viable dags retrieved from /opt/airflow/dags/anidata_scraper/scraper.py
[2026-04-27T08:35:17.593+0000] {processor.py:183} INFO - Processing /opt/airflow/dags/anidata_scraper/scraper.py took 0.208 seconds
[2026-04-27T08:35:47.786+0000] {processor.py:161} INFO - Started process (PID=1975) to work on /opt/airflow/dags/anidata_scraper/scraper.py
[2026-04-27T08:35:47.788+0000] {processor.py:830} INFO - Processing file /opt/airflow/dags/anidata_scraper/scraper.py for tasks to queue
[2026-04-27T08:35:47.790+0000] {logging_mixin.py:188} INFO - [2026-04-27T08:35:47.789+0000] {dagbag.py:538} INFO - Filling up the DagBag from /opt/airflow/dags/anidata_scraper/scraper.py
[2026-04-27T08:35:47.964+0000] {processor.py:842} WARNING - No viable dags retrieved from /opt/airflow/dags/anidata_scraper/scraper.py
[2026-04-27T08:35:47.994+0000] {processor.py:183} INFO - Processing /opt/airflow/dags/anidata_scraper/scraper.py took 0.213 seconds
[2026-04-27T08:36:19.071+0000] {processor.py:161} INFO - Started process (PID=2029) to work on /opt/airflow/dags/anidata_scraper/scraper.py
[2026-04-27T08:36:19.073+0000] {processor.py:830} INFO - Processing file /opt/airflow/dags/anidata_scraper/scraper.py for tasks to queue
[2026-04-27T08:36:19.075+0000] {logging_mixin.py:188} INFO - [2026-04-27T08:36:19.074+0000] {dagbag.py:538} INFO - Filling up the DagBag from /opt/airflow/dags/anidata_scraper/scraper.py
[2026-04-27T08:36:19.258+0000] {processor.py:842} WARNING - No viable dags retrieved from /opt/airflow/dags/anidata_scraper/scraper.py
[2026-04-27T08:36:19.292+0000] {processor.py:183} INFO - Processing /opt/airflow/dags/anidata_scraper/scraper.py took 0.227 seconds
[2026-04-27T08:36:49.511+0000] {processor.py:161} INFO - Started process (PID=2078) to work on /opt/airflow/dags/anidata_scraper/scraper.py
[2026-04-27T08:36:49.513+0000] {processor.py:830} INFO - Processing file /opt/airflow/dags/anidata_scraper/scraper.py for tasks to queue
[2026-04-27T08:36:49.515+0000] {logging_mixin.py:188} INFO - [2026-04-27T08:36:49.514+0000] {dagbag.py:538} INFO - Filling up the DagBag from /opt/airflow/dags/anidata_scraper/scraper.py
[2026-04-27T08:36:49.690+0000] {processor.py:842} WARNING - No viable dags retrieved from /opt/airflow/dags/anidata_scraper/scraper.py
[2026-04-27T08:36:49.721+0000] {processor.py:183} INFO - Processing /opt/airflow/dags/anidata_scraper/scraper.py took 0.216 seconds
[2026-04-27T08:37:20.249+0000] {processor.py:161} INFO - Started process (PID=2127) to work on /opt/airflow/dags/anidata_scraper/scraper.py
[2026-04-27T08:37:20.251+0000] {processor.py:830} INFO - Processing file /opt/airflow/dags/anidata_scraper/scraper.py for tasks to queue
[2026-04-27T08:37:20.253+0000] {logging_mixin.py:188} INFO - [2026-04-27T08:37:20.253+0000] {dagbag.py:538} INFO - Filling up the DagBag from /opt/airflow/dags/anidata_scraper/scraper.py
[2026-04-27T08:37:20.429+0000] {processor.py:842} WARNING - No viable dags retrieved from /opt/airflow/dags/anidata_scraper/scraper.py
[2026-04-27T08:37:20.461+0000] {processor.py:183} INFO - Processing /opt/airflow/dags/anidata_scraper/scraper.py took 0.218 seconds
[2026-04-27T08:37:50.955+0000] {processor.py:161} INFO - Started process (PID=2176) to work on /opt/airflow/dags/anidata_scraper/scraper.py
[2026-04-27T08:37:50.957+0000] {processor.py:830} INFO - Processing file /opt/airflow/dags/anidata_scraper/scraper.py for tasks to queue
[2026-04-27T08:37:50.958+0000] {logging_mixin.py:188} INFO - [2026-04-27T08:37:50.958+0000] {dagbag.py:538} INFO - Filling up the DagBag from /opt/airflow/dags/anidata_scraper/scraper.py
[2026-04-27T08:37:51.141+0000] {processor.py:842} WARNING - No viable dags retrieved from /opt/airflow/dags/anidata_scraper/scraper.py
[2026-04-27T08:37:51.173+0000] {processor.py:183} INFO - Processing /opt/airflow/dags/anidata_scraper/scraper.py took 0.224 seconds
[2026-04-27T08:38:21.700+0000] {processor.py:161} INFO - Started process (PID=2225) to work on /opt/airflow/dags/anidata_scraper/scraper.py
[2026-04-27T08:38:21.702+0000] {processor.py:830} INFO - Processing file /opt/airflow/dags/anidata_scraper/scraper.py for tasks to queue
[2026-04-27T08:38:21.704+0000] {logging_mixin.py:188} INFO - [2026-04-27T08:38:21.703+0000] {dagbag.py:538} INFO - Filling up the DagBag from /opt/airflow/dags/anidata_scraper/scraper.py
[2026-04-27T08:38:21.884+0000] {processor.py:842} WARNING - No viable dags retrieved from /opt/airflow/dags/anidata_scraper/scraper.py
[2026-04-27T08:38:21.914+0000] {processor.py:183} INFO - Processing /opt/airflow/dags/anidata_scraper/scraper.py took 0.220 seconds
[2026-04-27T08:38:52.421+0000] {processor.py:161} INFO - Started process (PID=2274) to work on /opt/airflow/dags/anidata_scraper/scraper.py
[2026-04-27T08:38:52.423+0000] {processor.py:830} INFO - Processing file /opt/airflow/dags/anidata_scraper/scraper.py for tasks to queue
[2026-04-27T08:38:52.424+0000] {logging_mixin.py:188} INFO - [2026-04-27T08:38:52.424+0000] {dagbag.py:538} INFO - Filling up the DagBag from /opt/airflow/dags/anidata_scraper/scraper.py
[2026-04-27T08:38:52.600+0000] {processor.py:842} WARNING - No viable dags retrieved from /opt/airflow/dags/anidata_scraper/scraper.py
[2026-04-27T08:38:52.632+0000] {processor.py:183} INFO - Processing /opt/airflow/dags/anidata_scraper/scraper.py took 0.218 seconds
[2026-04-27T08:39:22.880+0000] {processor.py:161} INFO - Started process (PID=2323) to work on /opt/airflow/dags/anidata_scraper/scraper.py
[2026-04-27T08:39:22.882+0000] {processor.py:830} INFO - Processing file /opt/airflow/dags/anidata_scraper/scraper.py for tasks to queue
[2026-04-27T08:39:22.884+0000] {logging_mixin.py:188} INFO - [2026-04-27T08:39:22.883+0000] {dagbag.py:538} INFO - Filling up the DagBag from /opt/airflow/dags/anidata_scraper/scraper.py
[2026-04-27T08:39:23.059+0000] {processor.py:842} WARNING - No viable dags retrieved from /opt/airflow/dags/anidata_scraper/scraper.py
[2026-04-27T08:39:23.091+0000] {processor.py:183} INFO - Processing /opt/airflow/dags/anidata_scraper/scraper.py took 0.217 seconds
[2026-04-27T08:39:53.415+0000] {processor.py:161} INFO - Started process (PID=2372) to work on /opt/airflow/dags/anidata_scraper/scraper.py
[2026-04-27T08:39:53.416+0000] {processor.py:830} INFO - Processing file /opt/airflow/dags/anidata_scraper/scraper.py for tasks to queue
[2026-04-27T08:39:53.418+0000] {logging_mixin.py:188} INFO - [2026-04-27T08:39:53.418+0000] {dagbag.py:538} INFO - Filling up the DagBag from /opt/airflow/dags/anidata_scraper/scraper.py
[2026-04-27T08:39:53.595+0000] {processor.py:842} WARNING - No viable dags retrieved from /opt/airflow/dags/anidata_scraper/scraper.py
[2026-04-27T08:39:53.629+0000] {processor.py:183} INFO - Processing /opt/airflow/dags/anidata_scraper/scraper.py took 0.221 seconds
[2026-04-27T08:40:23.931+0000] {processor.py:161} INFO - Started process (PID=2421) to work on /opt/airflow/dags/anidata_scraper/scraper.py
[2026-04-27T08:40:23.933+0000] {processor.py:830} INFO - Processing file /opt/airflow/dags/anidata_scraper/scraper.py for tasks to queue
[2026-04-27T08:40:23.935+0000] {logging_mixin.py:188} INFO - [2026-04-27T08:40:23.934+0000] {dagbag.py:538} INFO - Filling up the DagBag from /opt/airflow/dags/anidata_scraper/scraper.py
[2026-04-27T08:40:24.114+0000] {processor.py:842} WARNING - No viable dags retrieved from /opt/airflow/dags/anidata_scraper/scraper.py
[2026-04-27T08:40:24.148+0000] {processor.py:183} INFO - Processing /opt/airflow/dags/anidata_scraper/scraper.py took 0.222 seconds
[2026-04-27T08:40:54.487+0000] {processor.py:161} INFO - Started process (PID=2470) to work on /opt/airflow/dags/anidata_scraper/scraper.py
[2026-04-27T08:40:54.489+0000] {processor.py:830} INFO - Processing file /opt/airflow/dags/anidata_scraper/scraper.py for tasks to queue
[2026-04-27T08:40:54.490+0000] {logging_mixin.py:188} INFO - [2026-04-27T08:40:54.490+0000] {dagbag.py:538} INFO - Filling up the DagBag from /opt/airflow/dags/anidata_scraper/scraper.py
[2026-04-27T08:40:54.664+0000] {processor.py:842} WARNING - No viable dags retrieved from /opt/airflow/dags/anidata_scraper/scraper.py
[2026-04-27T08:40:54.697+0000] {processor.py:183} INFO - Processing /opt/airflow/dags/anidata_scraper/scraper.py took 0.216 seconds
[2026-04-27T08:41:25.536+0000] {processor.py:161} INFO - Started process (PID=2519) to work on /opt/airflow/dags/anidata_scraper/scraper.py
[2026-04-27T08:41:25.538+0000] {processor.py:830} INFO - Processing file /opt/airflow/dags/anidata_scraper/scraper.py for tasks to queue
[2026-04-27T08:41:25.540+0000] {logging_mixin.py:188} INFO - [2026-04-27T08:41:25.539+0000] {dagbag.py:538} INFO - Filling up the DagBag from /opt/airflow/dags/anidata_scraper/scraper.py
[2026-04-27T08:41:25.723+0000] {processor.py:842} WARNING - No viable dags retrieved from /opt/airflow/dags/anidata_scraper/scraper.py
[2026-04-27T08:41:25.757+0000] {processor.py:183} INFO - Processing /opt/airflow/dags/anidata_scraper/scraper.py took 0.226 seconds
[2026-04-27T08:41:56.310+0000] {processor.py:161} INFO - Started process (PID=2568) to work on /opt/airflow/dags/anidata_scraper/scraper.py
[2026-04-27T08:41:56.312+0000] {processor.py:830} INFO - Processing file /opt/airflow/dags/anidata_scraper/scraper.py for tasks to queue
[2026-04-27T08:41:56.314+0000] {logging_mixin.py:188} INFO - [2026-04-27T08:41:56.313+0000] {dagbag.py:538} INFO - Filling up the DagBag from /opt/airflow/dags/anidata_scraper/scraper.py
[2026-04-27T08:41:56.494+0000] {processor.py:842} WARNING - No viable dags retrieved from /opt/airflow/dags/anidata_scraper/scraper.py
[2026-04-27T08:41:56.524+0000] {processor.py:183} INFO - Processing /opt/airflow/dags/anidata_scraper/scraper.py took 0.221 seconds
[2026-04-27T08:42:27.031+0000] {processor.py:161} INFO - Started process (PID=2617) to work on /opt/airflow/dags/anidata_scraper/scraper.py
[2026-04-27T08:42:27.033+0000] {processor.py:830} INFO - Processing file /opt/airflow/dags/anidata_scraper/scraper.py for tasks to queue
[2026-04-27T08:42:27.036+0000] {logging_mixin.py:188} INFO - [2026-04-27T08:42:27.035+0000] {dagbag.py:538} INFO - Filling up the DagBag from /opt/airflow/dags/anidata_scraper/scraper.py
[2026-04-27T08:42:27.215+0000] {processor.py:842} WARNING - No viable dags retrieved from /opt/airflow/dags/anidata_scraper/scraper.py
[2026-04-27T08:42:27.246+0000] {processor.py:183} INFO - Processing /opt/airflow/dags/anidata_scraper/scraper.py took 0.221 seconds
[2026-04-27T08:42:57.783+0000] {processor.py:161} INFO - Started process (PID=2666) to work on /opt/airflow/dags/anidata_scraper/scraper.py
[2026-04-27T08:42:57.785+0000] {processor.py:830} INFO - Processing file /opt/airflow/dags/anidata_scraper/scraper.py for tasks to queue
[2026-04-27T08:42:57.787+0000] {logging_mixin.py:188} INFO - [2026-04-27T08:42:57.786+0000] {dagbag.py:538} INFO - Filling up the DagBag from /opt/airflow/dags/anidata_scraper/scraper.py
[2026-04-27T08:42:57.961+0000] {processor.py:842} WARNING - No viable dags retrieved from /opt/airflow/dags/anidata_scraper/scraper.py
[2026-04-27T08:42:57.994+0000] {processor.py:183} INFO - Processing /opt/airflow/dags/anidata_scraper/scraper.py took 0.216 seconds
[2026-04-27T08:43:28.925+0000] {processor.py:161} INFO - Started process (PID=2715) to work on /opt/airflow/dags/anidata_scraper/scraper.py
[2026-04-27T08:43:28.927+0000] {processor.py:830} INFO - Processing file /opt/airflow/dags/anidata_scraper/scraper.py for tasks to queue
[2026-04-27T08:43:28.929+0000] {logging_mixin.py:188} INFO - [2026-04-27T08:43:28.928+0000] {dagbag.py:538} INFO - Filling up the DagBag from /opt/airflow/dags/anidata_scraper/scraper.py
[2026-04-27T08:43:29.108+0000] {processor.py:842} WARNING - No viable dags retrieved from /opt/airflow/dags/anidata_scraper/scraper.py
[2026-04-27T08:43:29.139+0000] {processor.py:183} INFO - Processing /opt/airflow/dags/anidata_scraper/scraper.py took 0.220 seconds
[2026-04-27T08:43:59.419+0000] {processor.py:161} INFO - Started process (PID=2764) to work on /opt/airflow/dags/anidata_scraper/scraper.py
[2026-04-27T08:43:59.421+0000] {processor.py:830} INFO - Processing file /opt/airflow/dags/anidata_scraper/scraper.py for tasks to queue
[2026-04-27T08:43:59.423+0000] {logging_mixin.py:188} INFO - [2026-04-27T08:43:59.422+0000] {dagbag.py:538} INFO - Filling up the DagBag from /opt/airflow/dags/anidata_scraper/scraper.py
[2026-04-27T08:43:59.602+0000] {processor.py:842} WARNING - No viable dags retrieved from /opt/airflow/dags/anidata_scraper/scraper.py
[2026-04-27T08:43:59.636+0000] {processor.py:183} INFO - Processing /opt/airflow/dags/anidata_scraper/scraper.py took 0.226 seconds
[2026-04-27T08:44:30.542+0000] {processor.py:161} INFO - Started process (PID=2813) to work on /opt/airflow/dags/anidata_scraper/scraper.py
[2026-04-27T08:44:30.544+0000] {processor.py:830} INFO - Processing file /opt/airflow/dags/anidata_scraper/scraper.py for tasks to queue
[2026-04-27T08:44:30.546+0000] {logging_mixin.py:188} INFO - [2026-04-27T08:44:30.545+0000] {dagbag.py:538} INFO - Filling up the DagBag from /opt/airflow/dags/anidata_scraper/scraper.py
[2026-04-27T08:44:30.726+0000] {processor.py:842} WARNING - No viable dags retrieved from /opt/airflow/dags/anidata_scraper/scraper.py
[2026-04-27T08:44:30.758+0000] {processor.py:183} INFO - Processing /opt/airflow/dags/anidata_scraper/scraper.py took 0.222 seconds
[2026-04-27T08:45:00.997+0000] {processor.py:161} INFO - Started process (PID=2862) to work on /opt/airflow/dags/anidata_scraper/scraper.py
[2026-04-27T08:45:00.999+0000] {processor.py:830} INFO - Processing file /opt/airflow/dags/anidata_scraper/scraper.py for tasks to queue
[2026-04-27T08:45:01.000+0000] {logging_mixin.py:188} INFO - [2026-04-27T08:45:01.000+0000] {dagbag.py:538} INFO - Filling up the DagBag from /opt/airflow/dags/anidata_scraper/scraper.py
[2026-04-27T08:45:01.176+0000] {processor.py:842} WARNING - No viable dags retrieved from /opt/airflow/dags/anidata_scraper/scraper.py
[2026-04-27T08:45:01.209+0000] {processor.py:183} INFO - Processing /opt/airflow/dags/anidata_scraper/scraper.py took 0.218 seconds
[2026-04-27T08:45:31.398+0000] {processor.py:161} INFO - Started process (PID=2911) to work on /opt/airflow/dags/anidata_scraper/scraper.py
[2026-04-27T08:45:31.400+0000] {processor.py:830} INFO - Processing file /opt/airflow/dags/anidata_scraper/scraper.py for tasks to queue
[2026-04-27T08:45:31.402+0000] {logging_mixin.py:188} INFO - [2026-04-27T08:45:31.401+0000] {dagbag.py:538} INFO - Filling up the DagBag from /opt/airflow/dags/anidata_scraper/scraper.py
[2026-04-27T08:45:31.577+0000] {processor.py:842} WARNING - No viable dags retrieved from /opt/airflow/dags/anidata_scraper/scraper.py
[2026-04-27T08:45:31.608+0000] {processor.py:183} INFO - Processing /opt/airflow/dags/anidata_scraper/scraper.py took 0.215 seconds
[2026-04-27T08:46:02.573+0000] {processor.py:161} INFO - Started process (PID=2960) to work on /opt/airflow/dags/anidata_scraper/scraper.py
[2026-04-27T08:46:02.575+0000] {processor.py:830} INFO - Processing file /opt/airflow/dags/anidata_scraper/scraper.py for tasks to queue
[2026-04-27T08:46:02.576+0000] {logging_mixin.py:188} INFO - [2026-04-27T08:46:02.576+0000] {dagbag.py:538} INFO - Filling up the DagBag from /opt/airflow/dags/anidata_scraper/scraper.py
[2026-04-27T08:46:02.750+0000] {processor.py:842} WARNING - No viable dags retrieved from /opt/airflow/dags/anidata_scraper/scraper.py
[2026-04-27T08:46:02.783+0000] {processor.py:183} INFO - Processing /opt/airflow/dags/anidata_scraper/scraper.py took 0.216 seconds
[2026-04-27T08:46:33.013+0000] {processor.py:161} INFO - Started process (PID=3009) to work on /opt/airflow/dags/anidata_scraper/scraper.py
[2026-04-27T08:46:33.015+0000] {processor.py:830} INFO - Processing file /opt/airflow/dags/anidata_scraper/scraper.py for tasks to queue
[2026-04-27T08:46:33.017+0000] {logging_mixin.py:188} INFO - [2026-04-27T08:46:33.016+0000] {dagbag.py:538} INFO - Filling up the DagBag from /opt/airflow/dags/anidata_scraper/scraper.py
[2026-04-27T08:46:33.182+0000] {processor.py:842} WARNING - No viable dags retrieved from /opt/airflow/dags/anidata_scraper/scraper.py
[2026-04-27T08:46:33.214+0000] {processor.py:183} INFO - Processing /opt/airflow/dags/anidata_scraper/scraper.py took 0.208 seconds
[2026-04-27T08:47:03.519+0000] {processor.py:161} INFO - Started process (PID=3058) to work on /opt/airflow/dags/anidata_scraper/scraper.py
[2026-04-27T08:47:03.521+0000] {processor.py:830} INFO - Processing file /opt/airflow/dags/anidata_scraper/scraper.py for tasks to queue
[2026-04-27T08:47:03.523+0000] {logging_mixin.py:188} INFO - [2026-04-27T08:47:03.522+0000] {dagbag.py:538} INFO - Filling up the DagBag from /opt/airflow/dags/anidata_scraper/scraper.py
[2026-04-27T08:47:03.691+0000] {processor.py:842} WARNING - No viable dags retrieved from /opt/airflow/dags/anidata_scraper/scraper.py
[2026-04-27T08:47:03.724+0000] {processor.py:183} INFO - Processing /opt/airflow/dags/anidata_scraper/scraper.py took 0.210 seconds
[2026-04-27T08:47:34.080+0000] {processor.py:161} INFO - Started process (PID=3107) to work on /opt/airflow/dags/anidata_scraper/scraper.py
[2026-04-27T08:47:34.082+0000] {processor.py:830} INFO - Processing file /opt/airflow/dags/anidata_scraper/scraper.py for tasks to queue
[2026-04-27T08:47:34.083+0000] {logging_mixin.py:188} INFO - [2026-04-27T08:47:34.083+0000] {dagbag.py:538} INFO - Filling up the DagBag from /opt/airflow/dags/anidata_scraper/scraper.py
[2026-04-27T08:47:34.270+0000] {processor.py:842} WARNING - No viable dags retrieved from /opt/airflow/dags/anidata_scraper/scraper.py
[2026-04-27T08:47:34.301+0000] {processor.py:183} INFO - Processing /opt/airflow/dags/anidata_scraper/scraper.py took 0.228 seconds
[2026-04-27T08:48:04.526+0000] {processor.py:161} INFO - Started process (PID=3156) to work on /opt/airflow/dags/anidata_scraper/scraper.py
[2026-04-27T08:48:04.528+0000] {processor.py:830} INFO - Processing file /opt/airflow/dags/anidata_scraper/scraper.py for tasks to queue
[2026-04-27T08:48:04.530+0000] {logging_mixin.py:188} INFO - [2026-04-27T08:48:04.530+0000] {dagbag.py:538} INFO - Filling up the DagBag from /opt/airflow/dags/anidata_scraper/scraper.py
[2026-04-27T08:48:04.744+0000] {processor.py:842} WARNING - No viable dags retrieved from /opt/airflow/dags/anidata_scraper/scraper.py
[2026-04-27T08:48:04.780+0000] {processor.py:183} INFO - Processing /opt/airflow/dags/anidata_scraper/scraper.py took 0.261 seconds
[2026-04-27T08:48:35.376+0000] {processor.py:161} INFO - Started process (PID=3209) to work on /opt/airflow/dags/anidata_scraper/scraper.py
[2026-04-27T08:48:35.377+0000] {processor.py:830} INFO - Processing file /opt/airflow/dags/anidata_scraper/scraper.py for tasks to queue
[2026-04-27T08:48:35.379+0000] {logging_mixin.py:188} INFO - [2026-04-27T08:48:35.378+0000] {dagbag.py:538} INFO - Filling up the DagBag from /opt/airflow/dags/anidata_scraper/scraper.py
[2026-04-27T08:48:35.550+0000] {processor.py:842} WARNING - No viable dags retrieved from /opt/airflow/dags/anidata_scraper/scraper.py
[2026-04-27T08:48:35.581+0000] {processor.py:183} INFO - Processing /opt/airflow/dags/anidata_scraper/scraper.py took 0.211 seconds
[2026-04-27T08:49:06.560+0000] {processor.py:161} INFO - Started process (PID=3258) to work on /opt/airflow/dags/anidata_scraper/scraper.py
[2026-04-27T08:49:06.562+0000] {processor.py:830} INFO - Processing file /opt/airflow/dags/anidata_scraper/scraper.py for tasks to queue
[2026-04-27T08:49:06.563+0000] {logging_mixin.py:188} INFO - [2026-04-27T08:49:06.563+0000] {dagbag.py:538} INFO - Filling up the DagBag from /opt/airflow/dags/anidata_scraper/scraper.py
[2026-04-27T08:49:06.738+0000] {processor.py:842} WARNING - No viable dags retrieved from /opt/airflow/dags/anidata_scraper/scraper.py
[2026-04-27T08:49:06.768+0000] {processor.py:183} INFO - Processing /opt/airflow/dags/anidata_scraper/scraper.py took 0.214 seconds
[2026-04-27T08:49:36.959+0000] {processor.py:161} INFO - Started process (PID=3307) to work on /opt/airflow/dags/anidata_scraper/scraper.py
[2026-04-27T08:49:36.961+0000] {processor.py:830} INFO - Processing file /opt/airflow/dags/anidata_scraper/scraper.py for tasks to queue
[2026-04-27T08:49:36.963+0000] {logging_mixin.py:188} INFO - [2026-04-27T08:49:36.962+0000] {dagbag.py:538} INFO - Filling up the DagBag from /opt/airflow/dags/anidata_scraper/scraper.py
[2026-04-27T08:49:37.123+0000] {processor.py:842} WARNING - No viable dags retrieved from /opt/airflow/dags/anidata_scraper/scraper.py
[2026-04-27T08:49:37.153+0000] {processor.py:183} INFO - Processing /opt/airflow/dags/anidata_scraper/scraper.py took 0.201 seconds
[2026-04-27T08:50:07.426+0000] {processor.py:161} INFO - Started process (PID=3374) to work on /opt/airflow/dags/anidata_scraper/scraper.py
[2026-04-27T08:50:07.428+0000] {processor.py:830} INFO - Processing file /opt/airflow/dags/anidata_scraper/scraper.py for tasks to queue
[2026-04-27T08:50:07.429+0000] {logging_mixin.py:188} INFO - [2026-04-27T08:50:07.429+0000] {dagbag.py:538} INFO - Filling up the DagBag from /opt/airflow/dags/anidata_scraper/scraper.py
[2026-04-27T08:50:07.596+0000] {processor.py:842} WARNING - No viable dags retrieved from /opt/airflow/dags/anidata_scraper/scraper.py
[2026-04-27T08:50:07.627+0000] {processor.py:183} INFO - Processing /opt/airflow/dags/anidata_scraper/scraper.py took 0.207 seconds
[2026-04-27T08:50:37.735+0000] {processor.py:161} INFO - Started process (PID=3431) to work on /opt/airflow/dags/anidata_scraper/scraper.py
[2026-04-27T08:50:37.737+0000] {processor.py:830} INFO - Processing file /opt/airflow/dags/anidata_scraper/scraper.py for tasks to queue
[2026-04-27T08:50:37.738+0000] {logging_mixin.py:188} INFO - [2026-04-27T08:50:37.738+0000] {dagbag.py:538} INFO - Filling up the DagBag from /opt/airflow/dags/anidata_scraper/scraper.py
[2026-04-27T08:50:37.920+0000] {processor.py:842} WARNING - No viable dags retrieved from /opt/airflow/dags/anidata_scraper/scraper.py
[2026-04-27T08:50:37.950+0000] {processor.py:183} INFO - Processing /opt/airflow/dags/anidata_scraper/scraper.py took 0.221 seconds
[2026-04-27T08:51:08.990+0000] {processor.py:161} INFO - Started process (PID=3485) to work on /opt/airflow/dags/anidata_scraper/scraper.py
[2026-04-27T08:51:08.992+0000] {processor.py:830} INFO - Processing file /opt/airflow/dags/anidata_scraper/scraper.py for tasks to queue
[2026-04-27T08:51:08.994+0000] {logging_mixin.py:188} INFO - [2026-04-27T08:51:08.993+0000] {dagbag.py:538} INFO - Filling up the DagBag from /opt/airflow/dags/anidata_scraper/scraper.py
[2026-04-27T08:51:09.171+0000] {processor.py:842} WARNING - No viable dags retrieved from /opt/airflow/dags/anidata_scraper/scraper.py
[2026-04-27T08:51:09.204+0000] {processor.py:183} INFO - Processing /opt/airflow/dags/anidata_scraper/scraper.py took 0.219 seconds
[2026-04-27T08:51:40.120+0000] {processor.py:161} INFO - Started process (PID=3534) to work on /opt/airflow/dags/anidata_scraper/scraper.py
[2026-04-27T08:51:40.122+0000] {processor.py:830} INFO - Processing file /opt/airflow/dags/anidata_scraper/scraper.py for tasks to queue
[2026-04-27T08:51:40.124+0000] {logging_mixin.py:188} INFO - [2026-04-27T08:51:40.123+0000] {dagbag.py:538} INFO - Filling up the DagBag from /opt/airflow/dags/anidata_scraper/scraper.py
[2026-04-27T08:51:40.293+0000] {processor.py:842} WARNING - No viable dags retrieved from /opt/airflow/dags/anidata_scraper/scraper.py
[2026-04-27T08:51:40.326+0000] {processor.py:183} INFO - Processing /opt/airflow/dags/anidata_scraper/scraper.py took 0.211 seconds
[2026-04-27T08:52:11.181+0000] {processor.py:161} INFO - Started process (PID=3601) to work on /opt/airflow/dags/anidata_scraper/scraper.py
[2026-04-27T08:52:11.183+0000] {processor.py:830} INFO - Processing file /opt/airflow/dags/anidata_scraper/scraper.py for tasks to queue
[2026-04-27T08:52:11.184+0000] {logging_mixin.py:188} INFO - [2026-04-27T08:52:11.184+0000] {dagbag.py:538} INFO - Filling up the DagBag from /opt/airflow/dags/anidata_scraper/scraper.py
[2026-04-27T08:52:11.358+0000] {processor.py:842} WARNING - No viable dags retrieved from /opt/airflow/dags/anidata_scraper/scraper.py
[2026-04-27T08:52:11.390+0000] {processor.py:183} INFO - Processing /opt/airflow/dags/anidata_scraper/scraper.py took 0.215 seconds
[2026-04-27T08:52:42.231+0000] {processor.py:161} INFO - Started process (PID=3659) to work on /opt/airflow/dags/anidata_scraper/scraper.py
[2026-04-27T08:52:42.233+0000] {processor.py:830} INFO - Processing file /opt/airflow/dags/anidata_scraper/scraper.py for tasks to queue
[2026-04-27T08:52:42.234+0000] {logging_mixin.py:188} INFO - [2026-04-27T08:52:42.234+0000] {dagbag.py:538} INFO - Filling up the DagBag from /opt/airflow/dags/anidata_scraper/scraper.py
[2026-04-27T08:52:42.409+0000] {processor.py:842} WARNING - No viable dags retrieved from /opt/airflow/dags/anidata_scraper/scraper.py
[2026-04-27T08:52:42.440+0000] {processor.py:183} INFO - Processing /opt/airflow/dags/anidata_scraper/scraper.py took 0.215 seconds
[2026-04-27T08:53:13.198+0000] {processor.py:161} INFO - Started process (PID=3708) to work on /opt/airflow/dags/anidata_scraper/scraper.py
[2026-04-27T08:53:13.199+0000] {processor.py:830} INFO - Processing file /opt/airflow/dags/anidata_scraper/scraper.py for tasks to queue
[2026-04-27T08:53:13.201+0000] {logging_mixin.py:188} INFO - [2026-04-27T08:53:13.200+0000] {dagbag.py:538} INFO - Filling up the DagBag from /opt/airflow/dags/anidata_scraper/scraper.py
[2026-04-27T08:53:13.372+0000] {processor.py:842} WARNING - No viable dags retrieved from /opt/airflow/dags/anidata_scraper/scraper.py
[2026-04-27T08:53:13.401+0000] {processor.py:183} INFO - Processing /opt/airflow/dags/anidata_scraper/scraper.py took 0.211 seconds
[2026-04-27T08:53:44.512+0000] {processor.py:161} INFO - Started process (PID=3757) to work on /opt/airflow/dags/anidata_scraper/scraper.py
[2026-04-27T08:53:44.513+0000] {processor.py:830} INFO - Processing file /opt/airflow/dags/anidata_scraper/scraper.py for tasks to queue
[2026-04-27T08:53:44.515+0000] {logging_mixin.py:188} INFO - [2026-04-27T08:53:44.515+0000] {dagbag.py:538} INFO - Filling up the DagBag from /opt/airflow/dags/anidata_scraper/scraper.py
[2026-04-27T08:53:44.689+0000] {processor.py:842} WARNING - No viable dags retrieved from /opt/airflow/dags/anidata_scraper/scraper.py
[2026-04-27T08:53:44.720+0000] {processor.py:183} INFO - Processing /opt/airflow/dags/anidata_scraper/scraper.py took 0.214 seconds
[2026-04-27T08:54:15.585+0000] {processor.py:161} INFO - Started process (PID=3824) to work on /opt/airflow/dags/anidata_scraper/scraper.py
[2026-04-27T08:54:15.588+0000] {processor.py:830} INFO - Processing file /opt/airflow/dags/anidata_scraper/scraper.py for tasks to queue
[2026-04-27T08:54:15.590+0000] {logging_mixin.py:188} INFO - [2026-04-27T08:54:15.589+0000] {dagbag.py:538} INFO - Filling up the DagBag from /opt/airflow/dags/anidata_scraper/scraper.py
[2026-04-27T08:54:15.765+0000] {processor.py:842} WARNING - No viable dags retrieved from /opt/airflow/dags/anidata_scraper/scraper.py
[2026-04-27T08:54:15.798+0000] {processor.py:183} INFO - Processing /opt/airflow/dags/anidata_scraper/scraper.py took 0.219 seconds
[2026-04-27T08:54:46.137+0000] {processor.py:161} INFO - Started process (PID=3882) to work on /opt/airflow/dags/anidata_scraper/scraper.py
[2026-04-27T08:54:46.140+0000] {processor.py:830} INFO - Processing file /opt/airflow/dags/anidata_scraper/scraper.py for tasks to queue
[2026-04-27T08:54:46.142+0000] {logging_mixin.py:188} INFO - [2026-04-27T08:54:46.141+0000] {dagbag.py:538} INFO - Filling up the DagBag from /opt/airflow/dags/anidata_scraper/scraper.py
[2026-04-27T08:54:46.329+0000] {processor.py:842} WARNING - No viable dags retrieved from /opt/airflow/dags/anidata_scraper/scraper.py
[2026-04-27T08:54:46.362+0000] {processor.py:183} INFO - Processing /opt/airflow/dags/anidata_scraper/scraper.py took 0.230 seconds
[2026-04-27T08:55:17.165+0000] {processor.py:161} INFO - Started process (PID=3931) to work on /opt/airflow/dags/anidata_scraper/scraper.py
[2026-04-27T08:55:17.167+0000] {processor.py:830} INFO - Processing file /opt/airflow/dags/anidata_scraper/scraper.py for tasks to queue
[2026-04-27T08:55:17.169+0000] {logging_mixin.py:188} INFO - [2026-04-27T08:55:17.168+0000] {dagbag.py:538} INFO - Filling up the DagBag from /opt/airflow/dags/anidata_scraper/scraper.py
[2026-04-27T08:55:17.344+0000] {processor.py:842} WARNING - No viable dags retrieved from /opt/airflow/dags/anidata_scraper/scraper.py
[2026-04-27T08:55:17.378+0000] {processor.py:183} INFO - Processing /opt/airflow/dags/anidata_scraper/scraper.py took 0.219 seconds
[2026-04-27T08:55:47.554+0000] {processor.py:161} INFO - Started process (PID=3980) to work on /opt/airflow/dags/anidata_scraper/scraper.py
[2026-04-27T08:55:47.556+0000] {processor.py:830} INFO - Processing file /opt/airflow/dags/anidata_scraper/scraper.py for tasks to queue
[2026-04-27T08:55:47.558+0000] {logging_mixin.py:188} INFO - [2026-04-27T08:55:47.557+0000] {dagbag.py:538} INFO - Filling up the DagBag from /opt/airflow/dags/anidata_scraper/scraper.py
[2026-04-27T08:55:47.738+0000] {processor.py:842} WARNING - No viable dags retrieved from /opt/airflow/dags/anidata_scraper/scraper.py
[2026-04-27T08:55:47.770+0000] {processor.py:183} INFO - Processing /opt/airflow/dags/anidata_scraper/scraper.py took 0.221 seconds
[2026-04-27T08:56:18.003+0000] {processor.py:161} INFO - Started process (PID=4051) to work on /opt/airflow/dags/anidata_scraper/scraper.py
[2026-04-27T08:56:18.005+0000] {processor.py:830} INFO - Processing file /opt/airflow/dags/anidata_scraper/scraper.py for tasks to queue
[2026-04-27T08:56:18.007+0000] {logging_mixin.py:188} INFO - [2026-04-27T08:56:18.006+0000] {dagbag.py:538} INFO - Filling up the DagBag from /opt/airflow/dags/anidata_scraper/scraper.py
[2026-04-27T08:56:18.172+0000] {processor.py:842} WARNING - No viable dags retrieved from /opt/airflow/dags/anidata_scraper/scraper.py
[2026-04-27T08:56:18.203+0000] {processor.py:183} INFO - Processing /opt/airflow/dags/anidata_scraper/scraper.py took 0.206 seconds
[2026-04-27T08:56:48.365+0000] {processor.py:161} INFO - Started process (PID=4108) to work on /opt/airflow/dags/anidata_scraper/scraper.py
[2026-04-27T08:56:48.366+0000] {processor.py:830} INFO - Processing file /opt/airflow/dags/anidata_scraper/scraper.py for tasks to queue
[2026-04-27T08:56:48.368+0000] {logging_mixin.py:188} INFO - [2026-04-27T08:56:48.368+0000] {dagbag.py:538} INFO - Filling up the DagBag from /opt/airflow/dags/anidata_scraper/scraper.py
[2026-04-27T08:56:48.541+0000] {processor.py:842} WARNING - No viable dags retrieved from /opt/airflow/dags/anidata_scraper/scraper.py
[2026-04-27T08:56:48.575+0000] {processor.py:183} INFO - Processing /opt/airflow/dags/anidata_scraper/scraper.py took 0.217 seconds
[2026-04-27T08:57:18.729+0000] {processor.py:161} INFO - Started process (PID=4157) to work on /opt/airflow/dags/anidata_scraper/scraper.py
[2026-04-27T08:57:18.731+0000] {processor.py:830} INFO - Processing file /opt/airflow/dags/anidata_scraper/scraper.py for tasks to queue
[2026-04-27T08:57:18.733+0000] {logging_mixin.py:188} INFO - [2026-04-27T08:57:18.732+0000] {dagbag.py:538} INFO - Filling up the DagBag from /opt/airflow/dags/anidata_scraper/scraper.py
[2026-04-27T08:57:18.903+0000] {processor.py:842} WARNING - No viable dags retrieved from /opt/airflow/dags/anidata_scraper/scraper.py
[2026-04-27T08:57:18.936+0000] {processor.py:183} INFO - Processing /opt/airflow/dags/anidata_scraper/scraper.py took 0.212 seconds
[2026-04-27T08:57:49.126+0000] {processor.py:161} INFO - Started process (PID=4206) to work on /opt/airflow/dags/anidata_scraper/scraper.py
[2026-04-27T08:57:49.128+0000] {processor.py:830} INFO - Processing file /opt/airflow/dags/anidata_scraper/scraper.py for tasks to queue
[2026-04-27T08:57:49.130+0000] {logging_mixin.py:188} INFO - [2026-04-27T08:57:49.130+0000] {dagbag.py:538} INFO - Filling up the DagBag from /opt/airflow/dags/anidata_scraper/scraper.py
[2026-04-27T08:57:49.301+0000] {processor.py:842} WARNING - No viable dags retrieved from /opt/airflow/dags/anidata_scraper/scraper.py
[2026-04-27T08:57:49.332+0000] {processor.py:183} INFO - Processing /opt/airflow/dags/anidata_scraper/scraper.py took 0.212 seconds
[2026-04-27T08:58:52.353+0000] {processor.py:161} INFO - Started process (PID=189) to work on /opt/airflow/dags/anidata_scraper/scraper.py
[2026-04-27T08:58:52.356+0000] {processor.py:830} INFO - Processing file /opt/airflow/dags/anidata_scraper/scraper.py for tasks to queue
[2026-04-27T08:58:52.358+0000] {logging_mixin.py:188} INFO - [2026-04-27T08:58:52.357+0000] {dagbag.py:538} INFO - Filling up the DagBag from /opt/airflow/dags/anidata_scraper/scraper.py
[2026-04-27T08:58:52.551+0000] {processor.py:842} WARNING - No viable dags retrieved from /opt/airflow/dags/anidata_scraper/scraper.py
[2026-04-27T08:58:52.580+0000] {processor.py:183} INFO - Processing /opt/airflow/dags/anidata_scraper/scraper.py took 0.233 seconds
[2026-04-27T08:59:23.232+0000] {processor.py:161} INFO - Started process (PID=313) to work on /opt/airflow/dags/anidata_scraper/scraper.py
[2026-04-27T08:59:23.234+0000] {processor.py:830} INFO - Processing file /opt/airflow/dags/anidata_scraper/scraper.py for tasks to queue
[2026-04-27T08:59:23.236+0000] {logging_mixin.py:188} INFO - [2026-04-27T08:59:23.235+0000] {dagbag.py:538} INFO - Filling up the DagBag from /opt/airflow/dags/anidata_scraper/scraper.py
[2026-04-27T08:59:23.436+0000] {processor.py:842} WARNING - No viable dags retrieved from /opt/airflow/dags/anidata_scraper/scraper.py
[2026-04-27T08:59:23.474+0000] {processor.py:183} INFO - Processing /opt/airflow/dags/anidata_scraper/scraper.py took 0.248 seconds
[2026-04-27T08:59:54.016+0000] {processor.py:161} INFO - Started process (PID=373) to work on /opt/airflow/dags/anidata_scraper/scraper.py
[2026-04-27T08:59:54.018+0000] {processor.py:830} INFO - Processing file /opt/airflow/dags/anidata_scraper/scraper.py for tasks to queue
[2026-04-27T08:59:54.020+0000] {logging_mixin.py:188} INFO - [2026-04-27T08:59:54.019+0000] {dagbag.py:538} INFO - Filling up the DagBag from /opt/airflow/dags/anidata_scraper/scraper.py
[2026-04-27T08:59:54.197+0000] {processor.py:842} WARNING - No viable dags retrieved from /opt/airflow/dags/anidata_scraper/scraper.py
[2026-04-27T08:59:54.228+0000] {processor.py:183} INFO - Processing /opt/airflow/dags/anidata_scraper/scraper.py took 0.217 seconds
[2026-04-27T09:00:24.430+0000] {processor.py:161} INFO - Started process (PID=434) to work on /opt/airflow/dags/anidata_scraper/scraper.py
[2026-04-27T09:00:24.432+0000] {processor.py:830} INFO - Processing file /opt/airflow/dags/anidata_scraper/scraper.py for tasks to queue
[2026-04-27T09:00:24.434+0000] {logging_mixin.py:188} INFO - [2026-04-27T09:00:24.434+0000] {dagbag.py:538} INFO - Filling up the DagBag from /opt/airflow/dags/anidata_scraper/scraper.py
[2026-04-27T09:00:24.605+0000] {processor.py:842} WARNING - No viable dags retrieved from /opt/airflow/dags/anidata_scraper/scraper.py
[2026-04-27T09:00:24.637+0000] {processor.py:183} INFO - Processing /opt/airflow/dags/anidata_scraper/scraper.py took 0.214 seconds
[2026-04-27T09:00:55.328+0000] {processor.py:161} INFO - Started process (PID=483) to work on /opt/airflow/dags/anidata_scraper/scraper.py
[2026-04-27T09:00:55.330+0000] {processor.py:830} INFO - Processing file /opt/airflow/dags/anidata_scraper/scraper.py for tasks to queue
[2026-04-27T09:00:55.332+0000] {logging_mixin.py:188} INFO - [2026-04-27T09:00:55.331+0000] {dagbag.py:538} INFO - Filling up the DagBag from /opt/airflow/dags/anidata_scraper/scraper.py
[2026-04-27T09:00:55.498+0000] {processor.py:842} WARNING - No viable dags retrieved from /opt/airflow/dags/anidata_scraper/scraper.py
[2026-04-27T09:00:55.531+0000] {processor.py:183} INFO - Processing /opt/airflow/dags/anidata_scraper/scraper.py took 0.208 seconds
[2026-04-27T09:01:26.301+0000] {processor.py:161} INFO - Started process (PID=532) to work on /opt/airflow/dags/anidata_scraper/scraper.py
[2026-04-27T09:01:26.303+0000] {processor.py:830} INFO - Processing file /opt/airflow/dags/anidata_scraper/scraper.py for tasks to queue
[2026-04-27T09:01:26.305+0000] {logging_mixin.py:188} INFO - [2026-04-27T09:01:26.304+0000] {dagbag.py:538} INFO - Filling up the DagBag from /opt/airflow/dags/anidata_scraper/scraper.py
[2026-04-27T09:01:26.478+0000] {processor.py:842} WARNING - No viable dags retrieved from /opt/airflow/dags/anidata_scraper/scraper.py
[2026-04-27T09:01:26.510+0000] {processor.py:183} INFO - Processing /opt/airflow/dags/anidata_scraper/scraper.py took 0.215 seconds
[2026-04-27T09:01:57.090+0000] {processor.py:161} INFO - Started process (PID=581) to work on /opt/airflow/dags/anidata_scraper/scraper.py
[2026-04-27T09:01:57.091+0000] {processor.py:830} INFO - Processing file /opt/airflow/dags/anidata_scraper/scraper.py for tasks to queue
[2026-04-27T09:01:57.093+0000] {logging_mixin.py:188} INFO - [2026-04-27T09:01:57.093+0000] {dagbag.py:538} INFO - Filling up the DagBag from /opt/airflow/dags/anidata_scraper/scraper.py
[2026-04-27T09:01:57.262+0000] {processor.py:842} WARNING - No viable dags retrieved from /opt/airflow/dags/anidata_scraper/scraper.py
[2026-04-27T09:01:57.295+0000] {processor.py:183} INFO - Processing /opt/airflow/dags/anidata_scraper/scraper.py took 0.211 seconds
[2026-04-27T09:02:28.158+0000] {processor.py:161} INFO - Started process (PID=639) to work on /opt/airflow/dags/anidata_scraper/scraper.py
[2026-04-27T09:02:28.160+0000] {processor.py:830} INFO - Processing file /opt/airflow/dags/anidata_scraper/scraper.py for tasks to queue
[2026-04-27T09:02:28.162+0000] {logging_mixin.py:188} INFO - [2026-04-27T09:02:28.161+0000] {dagbag.py:538} INFO - Filling up the DagBag from /opt/airflow/dags/anidata_scraper/scraper.py
[2026-04-27T09:02:28.332+0000] {processor.py:842} WARNING - No viable dags retrieved from /opt/airflow/dags/anidata_scraper/scraper.py
[2026-04-27T09:02:28.363+0000] {processor.py:183} INFO - Processing /opt/airflow/dags/anidata_scraper/scraper.py took 0.211 seconds
[2026-04-27T09:02:59.014+0000] {processor.py:161} INFO - Started process (PID=688) to work on /opt/airflow/dags/anidata_scraper/scraper.py
[2026-04-27T09:02:59.016+0000] {processor.py:830} INFO - Processing file /opt/airflow/dags/anidata_scraper/scraper.py for tasks to queue
[2026-04-27T09:02:59.018+0000] {logging_mixin.py:188} INFO - [2026-04-27T09:02:59.017+0000] {dagbag.py:538} INFO - Filling up the DagBag from /opt/airflow/dags/anidata_scraper/scraper.py
[2026-04-27T09:02:59.186+0000] {processor.py:842} WARNING - No viable dags retrieved from /opt/airflow/dags/anidata_scraper/scraper.py
[2026-04-27T09:02:59.218+0000] {processor.py:183} INFO - Processing /opt/airflow/dags/anidata_scraper/scraper.py took 0.210 seconds
[2026-04-27T09:03:29.899+0000] {processor.py:161} INFO - Started process (PID=737) to work on /opt/airflow/dags/anidata_scraper/scraper.py
[2026-04-27T09:03:29.900+0000] {processor.py:830} INFO - Processing file /opt/airflow/dags/anidata_scraper/scraper.py for tasks to queue
[2026-04-27T09:03:29.902+0000] {logging_mixin.py:188} INFO - [2026-04-27T09:03:29.902+0000] {dagbag.py:538} INFO - Filling up the DagBag from /opt/airflow/dags/anidata_scraper/scraper.py
[2026-04-27T09:03:30.082+0000] {processor.py:842} WARNING - No viable dags retrieved from /opt/airflow/dags/anidata_scraper/scraper.py
[2026-04-27T09:03:30.115+0000] {processor.py:183} INFO - Processing /opt/airflow/dags/anidata_scraper/scraper.py took 0.223 seconds
[2026-04-27T09:04:01.041+0000] {processor.py:161} INFO - Started process (PID=786) to work on /opt/airflow/dags/anidata_scraper/scraper.py
[2026-04-27T09:04:01.043+0000] {processor.py:830} INFO - Processing file /opt/airflow/dags/anidata_scraper/scraper.py for tasks to queue
[2026-04-27T09:04:01.045+0000] {logging_mixin.py:188} INFO - [2026-04-27T09:04:01.044+0000] {dagbag.py:538} INFO - Filling up the DagBag from /opt/airflow/dags/anidata_scraper/scraper.py
[2026-04-27T09:04:01.211+0000] {processor.py:842} WARNING - No viable dags retrieved from /opt/airflow/dags/anidata_scraper/scraper.py
[2026-04-27T09:04:01.246+0000] {processor.py:183} INFO - Processing /opt/airflow/dags/anidata_scraper/scraper.py took 0.210 seconds
[2026-04-27T09:04:31.970+0000] {processor.py:161} INFO - Started process (PID=844) to work on /opt/airflow/dags/anidata_scraper/scraper.py
[2026-04-27T09:04:31.971+0000] {processor.py:830} INFO - Processing file /opt/airflow/dags/anidata_scraper/scraper.py for tasks to queue
[2026-04-27T09:04:31.973+0000] {logging_mixin.py:188} INFO - [2026-04-27T09:04:31.972+0000] {dagbag.py:538} INFO - Filling up the DagBag from /opt/airflow/dags/anidata_scraper/scraper.py
[2026-04-27T09:04:32.154+0000] {processor.py:842} WARNING - No viable dags retrieved from /opt/airflow/dags/anidata_scraper/scraper.py
[2026-04-27T09:04:32.186+0000] {processor.py:183} INFO - Processing /opt/airflow/dags/anidata_scraper/scraper.py took 0.223 seconds
[2026-04-27T09:05:02.707+0000] {processor.py:161} INFO - Started process (PID=893) to work on /opt/airflow/dags/anidata_scraper/scraper.py
[2026-04-27T09:05:02.709+0000] {processor.py:830} INFO - Processing file /opt/airflow/dags/anidata_scraper/scraper.py for tasks to queue
[2026-04-27T09:05:02.711+0000] {logging_mixin.py:188} INFO - [2026-04-27T09:05:02.710+0000] {dagbag.py:538} INFO - Filling up the DagBag from /opt/airflow/dags/anidata_scraper/scraper.py
[2026-04-27T09:05:02.893+0000] {processor.py:842} WARNING - No viable dags retrieved from /opt/airflow/dags/anidata_scraper/scraper.py
[2026-04-27T09:05:02.923+0000] {processor.py:183} INFO - Processing /opt/airflow/dags/anidata_scraper/scraper.py took 0.221 seconds
[2026-04-27T09:05:33.173+0000] {processor.py:161} INFO - Started process (PID=942) to work on /opt/airflow/dags/anidata_scraper/scraper.py
[2026-04-27T09:05:33.174+0000] {processor.py:830} INFO - Processing file /opt/airflow/dags/anidata_scraper/scraper.py for tasks to queue
[2026-04-27T09:05:33.176+0000] {logging_mixin.py:188} INFO - [2026-04-27T09:05:33.175+0000] {dagbag.py:538} INFO - Filling up the DagBag from /opt/airflow/dags/anidata_scraper/scraper.py
[2026-04-27T09:05:33.351+0000] {processor.py:842} WARNING - No viable dags retrieved from /opt/airflow/dags/anidata_scraper/scraper.py
[2026-04-27T09:05:33.380+0000] {processor.py:183} INFO - Processing /opt/airflow/dags/anidata_scraper/scraper.py took 0.213 seconds
[2026-04-27T09:06:04.304+0000] {processor.py:161} INFO - Started process (PID=991) to work on /opt/airflow/dags/anidata_scraper/scraper.py
[2026-04-27T09:06:04.306+0000] {processor.py:830} INFO - Processing file /opt/airflow/dags/anidata_scraper/scraper.py for tasks to queue
[2026-04-27T09:06:04.308+0000] {logging_mixin.py:188} INFO - [2026-04-27T09:06:04.307+0000] {dagbag.py:538} INFO - Filling up the DagBag from /opt/airflow/dags/anidata_scraper/scraper.py
[2026-04-27T09:06:04.495+0000] {processor.py:842} WARNING - No viable dags retrieved from /opt/airflow/dags/anidata_scraper/scraper.py
[2026-04-27T09:06:04.526+0000] {processor.py:183} INFO - Processing /opt/airflow/dags/anidata_scraper/scraper.py took 0.228 seconds
[2026-04-27T09:06:35.151+0000] {processor.py:161} INFO - Started process (PID=1051) to work on /opt/airflow/dags/anidata_scraper/scraper.py
[2026-04-27T09:06:35.153+0000] {processor.py:830} INFO - Processing file /opt/airflow/dags/anidata_scraper/scraper.py for tasks to queue
[2026-04-27T09:06:35.155+0000] {logging_mixin.py:188} INFO - [2026-04-27T09:06:35.154+0000] {dagbag.py:538} INFO - Filling up the DagBag from /opt/airflow/dags/anidata_scraper/scraper.py
[2026-04-27T09:06:35.339+0000] {processor.py:842} WARNING - No viable dags retrieved from /opt/airflow/dags/anidata_scraper/scraper.py
[2026-04-27T09:06:35.372+0000] {processor.py:183} INFO - Processing /opt/airflow/dags/anidata_scraper/scraper.py took 0.227 seconds
[2026-04-27T09:07:06.217+0000] {processor.py:161} INFO - Started process (PID=1100) to work on /opt/airflow/dags/anidata_scraper/scraper.py
[2026-04-27T09:07:06.219+0000] {processor.py:830} INFO - Processing file /opt/airflow/dags/anidata_scraper/scraper.py for tasks to queue
[2026-04-27T09:07:06.221+0000] {logging_mixin.py:188} INFO - [2026-04-27T09:07:06.220+0000] {dagbag.py:538} INFO - Filling up the DagBag from /opt/airflow/dags/anidata_scraper/scraper.py
[2026-04-27T09:07:06.404+0000] {processor.py:842} WARNING - No viable dags retrieved from /opt/airflow/dags/anidata_scraper/scraper.py
[2026-04-27T09:07:06.438+0000] {processor.py:183} INFO - Processing /opt/airflow/dags/anidata_scraper/scraper.py took 0.227 seconds
[2026-04-27T09:07:37.275+0000] {processor.py:161} INFO - Started process (PID=1149) to work on /opt/airflow/dags/anidata_scraper/scraper.py
[2026-04-27T09:07:37.277+0000] {processor.py:830} INFO - Processing file /opt/airflow/dags/anidata_scraper/scraper.py for tasks to queue
[2026-04-27T09:07:37.279+0000] {logging_mixin.py:188} INFO - [2026-04-27T09:07:37.278+0000] {dagbag.py:538} INFO - Filling up the DagBag from /opt/airflow/dags/anidata_scraper/scraper.py
[2026-04-27T09:07:37.467+0000] {processor.py:842} WARNING - No viable dags retrieved from /opt/airflow/dags/anidata_scraper/scraper.py
[2026-04-27T09:07:37.499+0000] {processor.py:183} INFO - Processing /opt/airflow/dags/anidata_scraper/scraper.py took 0.229 seconds
[2026-04-27T09:08:08.080+0000] {processor.py:161} INFO - Started process (PID=1198) to work on /opt/airflow/dags/anidata_scraper/scraper.py
[2026-04-27T09:08:08.082+0000] {processor.py:830} INFO - Processing file /opt/airflow/dags/anidata_scraper/scraper.py for tasks to queue
[2026-04-27T09:08:08.084+0000] {logging_mixin.py:188} INFO - [2026-04-27T09:08:08.083+0000] {dagbag.py:538} INFO - Filling up the DagBag from /opt/airflow/dags/anidata_scraper/scraper.py
[2026-04-27T09:08:08.266+0000] {processor.py:842} WARNING - No viable dags retrieved from /opt/airflow/dags/anidata_scraper/scraper.py
[2026-04-27T09:08:08.300+0000] {processor.py:183} INFO - Processing /opt/airflow/dags/anidata_scraper/scraper.py took 0.226 seconds
[2026-04-27T09:08:39.275+0000] {processor.py:161} INFO - Started process (PID=1256) to work on /opt/airflow/dags/anidata_scraper/scraper.py
[2026-04-27T09:08:39.277+0000] {processor.py:830} INFO - Processing file /opt/airflow/dags/anidata_scraper/scraper.py for tasks to queue
[2026-04-27T09:08:39.279+0000] {logging_mixin.py:188} INFO - [2026-04-27T09:08:39.279+0000] {dagbag.py:538} INFO - Filling up the DagBag from /opt/airflow/dags/anidata_scraper/scraper.py
[2026-04-27T09:08:39.462+0000] {processor.py:842} WARNING - No viable dags retrieved from /opt/airflow/dags/anidata_scraper/scraper.py
[2026-04-27T09:08:39.493+0000] {processor.py:183} INFO - Processing /opt/airflow/dags/anidata_scraper/scraper.py took 0.224 seconds
[2026-04-27T09:09:09.690+0000] {processor.py:161} INFO - Started process (PID=1305) to work on /opt/airflow/dags/anidata_scraper/scraper.py
[2026-04-27T09:09:09.692+0000] {processor.py:830} INFO - Processing file /opt/airflow/dags/anidata_scraper/scraper.py for tasks to queue
[2026-04-27T09:09:09.693+0000] {logging_mixin.py:188} INFO - [2026-04-27T09:09:09.693+0000] {dagbag.py:538} INFO - Filling up the DagBag from /opt/airflow/dags/anidata_scraper/scraper.py
[2026-04-27T09:09:09.873+0000] {processor.py:842} WARNING - No viable dags retrieved from /opt/airflow/dags/anidata_scraper/scraper.py
[2026-04-27T09:09:09.904+0000] {processor.py:183} INFO - Processing /opt/airflow/dags/anidata_scraper/scraper.py took 0.220 seconds
[2026-04-27T09:09:40.149+0000] {processor.py:161} INFO - Started process (PID=1354) to work on /opt/airflow/dags/anidata_scraper/scraper.py
[2026-04-27T09:09:40.151+0000] {processor.py:830} INFO - Processing file /opt/airflow/dags/anidata_scraper/scraper.py for tasks to queue
[2026-04-27T09:09:40.153+0000] {logging_mixin.py:188} INFO - [2026-04-27T09:09:40.152+0000] {dagbag.py:538} INFO - Filling up the DagBag from /opt/airflow/dags/anidata_scraper/scraper.py
[2026-04-27T09:09:40.328+0000] {processor.py:842} WARNING - No viable dags retrieved from /opt/airflow/dags/anidata_scraper/scraper.py
[2026-04-27T09:09:40.359+0000] {processor.py:183} INFO - Processing /opt/airflow/dags/anidata_scraper/scraper.py took 0.215 seconds
[2026-04-27T09:10:10.538+0000] {processor.py:161} INFO - Started process (PID=1400) to work on /opt/airflow/dags/anidata_scraper/scraper.py
[2026-04-27T09:10:10.540+0000] {processor.py:830} INFO - Processing file /opt/airflow/dags/anidata_scraper/scraper.py for tasks to queue
[2026-04-27T09:10:10.542+0000] {logging_mixin.py:188} INFO - [2026-04-27T09:10:10.541+0000] {dagbag.py:538} INFO - Filling up the DagBag from /opt/airflow/dags/anidata_scraper/scraper.py
[2026-04-27T09:10:10.728+0000] {processor.py:842} WARNING - No viable dags retrieved from /opt/airflow/dags/anidata_scraper/scraper.py
[2026-04-27T09:10:10.761+0000] {processor.py:183} INFO - Processing /opt/airflow/dags/anidata_scraper/scraper.py took 0.228 seconds
[2026-04-27T09:10:41.783+0000] {processor.py:161} INFO - Started process (PID=1461) to work on /opt/airflow/dags/anidata_scraper/scraper.py
[2026-04-27T09:10:41.785+0000] {processor.py:830} INFO - Processing file /opt/airflow/dags/anidata_scraper/scraper.py for tasks to queue
[2026-04-27T09:10:41.787+0000] {logging_mixin.py:188} INFO - [2026-04-27T09:10:41.786+0000] {dagbag.py:538} INFO - Filling up the DagBag from /opt/airflow/dags/anidata_scraper/scraper.py
[2026-04-27T09:10:41.998+0000] {processor.py:842} WARNING - No viable dags retrieved from /opt/airflow/dags/anidata_scraper/scraper.py
[2026-04-27T09:10:42.028+0000] {processor.py:183} INFO - Processing /opt/airflow/dags/anidata_scraper/scraper.py took 0.252 seconds
[2026-04-27T09:11:12.542+0000] {processor.py:161} INFO - Started process (PID=1510) to work on /opt/airflow/dags/anidata_scraper/scraper.py
[2026-04-27T09:11:12.545+0000] {processor.py:830} INFO - Processing file /opt/airflow/dags/anidata_scraper/scraper.py for tasks to queue
[2026-04-27T09:11:12.547+0000] {logging_mixin.py:188} INFO - [2026-04-27T09:11:12.546+0000] {dagbag.py:538} INFO - Filling up the DagBag from /opt/airflow/dags/anidata_scraper/scraper.py
[2026-04-27T09:11:12.732+0000] {processor.py:842} WARNING - No viable dags retrieved from /opt/airflow/dags/anidata_scraper/scraper.py
[2026-04-27T09:11:12.762+0000] {processor.py:183} INFO - Processing /opt/airflow/dags/anidata_scraper/scraper.py took 0.226 seconds
[2026-04-27T09:11:43.298+0000] {processor.py:161} INFO - Started process (PID=1559) to work on /opt/airflow/dags/anidata_scraper/scraper.py
[2026-04-27T09:11:43.299+0000] {processor.py:830} INFO - Processing file /opt/airflow/dags/anidata_scraper/scraper.py for tasks to queue
[2026-04-27T09:11:43.302+0000] {logging_mixin.py:188} INFO - [2026-04-27T09:11:43.301+0000] {dagbag.py:538} INFO - Filling up the DagBag from /opt/airflow/dags/anidata_scraper/scraper.py
[2026-04-27T09:11:43.487+0000] {processor.py:842} WARNING - No viable dags retrieved from /opt/airflow/dags/anidata_scraper/scraper.py
[2026-04-27T09:11:43.518+0000] {processor.py:183} INFO - Processing /opt/airflow/dags/anidata_scraper/scraper.py took 0.227 seconds
[2026-04-27T09:12:14.026+0000] {processor.py:161} INFO - Started process (PID=1608) to work on /opt/airflow/dags/anidata_scraper/scraper.py
[2026-04-27T09:12:14.027+0000] {processor.py:830} INFO - Processing file /opt/airflow/dags/anidata_scraper/scraper.py for tasks to queue
[2026-04-27T09:12:14.029+0000] {logging_mixin.py:188} INFO - [2026-04-27T09:12:14.029+0000] {dagbag.py:538} INFO - Filling up the DagBag from /opt/airflow/dags/anidata_scraper/scraper.py
[2026-04-27T09:12:14.202+0000] {processor.py:842} WARNING - No viable dags retrieved from /opt/airflow/dags/anidata_scraper/scraper.py
[2026-04-27T09:12:14.234+0000] {processor.py:183} INFO - Processing /opt/airflow/dags/anidata_scraper/scraper.py took 0.215 seconds
[2026-04-27T09:12:44.545+0000] {processor.py:161} INFO - Started process (PID=1657) to work on /opt/airflow/dags/anidata_scraper/scraper.py
[2026-04-27T09:12:44.547+0000] {processor.py:830} INFO - Processing file /opt/airflow/dags/anidata_scraper/scraper.py for tasks to queue
[2026-04-27T09:12:44.549+0000] {logging_mixin.py:188} INFO - [2026-04-27T09:12:44.548+0000] {dagbag.py:538} INFO - Filling up the DagBag from /opt/airflow/dags/anidata_scraper/scraper.py
[2026-04-27T09:12:44.723+0000] {processor.py:842} WARNING - No viable dags retrieved from /opt/airflow/dags/anidata_scraper/scraper.py
[2026-04-27T09:12:44.758+0000] {processor.py:183} INFO - Processing /opt/airflow/dags/anidata_scraper/scraper.py took 0.217 seconds
[2026-04-27T09:13:15.672+0000] {processor.py:161} INFO - Started process (PID=1727) to work on /opt/airflow/dags/anidata_scraper/scraper.py
[2026-04-27T09:13:15.674+0000] {processor.py:830} INFO - Processing file /opt/airflow/dags/anidata_scraper/scraper.py for tasks to queue
[2026-04-27T09:13:15.676+0000] {logging_mixin.py:188} INFO - [2026-04-27T09:13:15.675+0000] {dagbag.py:538} INFO - Filling up the DagBag from /opt/airflow/dags/anidata_scraper/scraper.py
[2026-04-27T09:13:15.848+0000] {processor.py:842} WARNING - No viable dags retrieved from /opt/airflow/dags/anidata_scraper/scraper.py
[2026-04-27T09:13:15.880+0000] {processor.py:183} INFO - Processing /opt/airflow/dags/anidata_scraper/scraper.py took 0.215 seconds
[2026-04-27T09:13:46.816+0000] {processor.py:161} INFO - Started process (PID=1784) to work on /opt/airflow/dags/anidata_scraper/scraper.py
[2026-04-27T09:13:46.817+0000] {processor.py:830} INFO - Processing file /opt/airflow/dags/anidata_scraper/scraper.py for tasks to queue
[2026-04-27T09:13:46.819+0000] {logging_mixin.py:188} INFO - [2026-04-27T09:13:46.819+0000] {dagbag.py:538} INFO - Filling up the DagBag from /opt/airflow/dags/anidata_scraper/scraper.py
[2026-04-27T09:13:47.003+0000] {processor.py:842} WARNING - No viable dags retrieved from /opt/airflow/dags/anidata_scraper/scraper.py
[2026-04-27T09:13:47.036+0000] {processor.py:183} INFO - Processing /opt/airflow/dags/anidata_scraper/scraper.py took 0.226 seconds
[2026-04-27T09:14:17.248+0000] {processor.py:161} INFO - Started process (PID=1873) to work on /opt/airflow/dags/anidata_scraper/scraper.py
[2026-04-27T09:14:17.250+0000] {processor.py:830} INFO - Processing file /opt/airflow/dags/anidata_scraper/scraper.py for tasks to queue
[2026-04-27T09:14:17.252+0000] {logging_mixin.py:188} INFO - [2026-04-27T09:14:17.251+0000] {dagbag.py:538} INFO - Filling up the DagBag from /opt/airflow/dags/anidata_scraper/scraper.py
[2026-04-27T09:14:17.438+0000] {processor.py:842} WARNING - No viable dags retrieved from /opt/airflow/dags/anidata_scraper/scraper.py
[2026-04-27T09:14:17.471+0000] {processor.py:183} INFO - Processing /opt/airflow/dags/anidata_scraper/scraper.py took 0.229 seconds
[2026-04-27T09:14:47.706+0000] {processor.py:161} INFO - Started process (PID=1978) to work on /opt/airflow/dags/anidata_scraper/scraper.py
[2026-04-27T09:14:47.708+0000] {processor.py:830} INFO - Processing file /opt/airflow/dags/anidata_scraper/scraper.py for tasks to queue
[2026-04-27T09:14:47.709+0000] {logging_mixin.py:188} INFO - [2026-04-27T09:14:47.709+0000] {dagbag.py:538} INFO - Filling up the DagBag from /opt/airflow/dags/anidata_scraper/scraper.py
[2026-04-27T09:14:47.936+0000] {processor.py:842} WARNING - No viable dags retrieved from /opt/airflow/dags/anidata_scraper/scraper.py
[2026-04-27T09:14:47.969+0000] {processor.py:183} INFO - Processing /opt/airflow/dags/anidata_scraper/scraper.py took 0.269 seconds
[2026-04-27T09:15:18.078+0000] {processor.py:161} INFO - Started process (PID=2031) to work on /opt/airflow/dags/anidata_scraper/scraper.py
[2026-04-27T09:15:18.080+0000] {processor.py:830} INFO - Processing file /opt/airflow/dags/anidata_scraper/scraper.py for tasks to queue
[2026-04-27T09:15:18.082+0000] {logging_mixin.py:188} INFO - [2026-04-27T09:15:18.081+0000] {dagbag.py:538} INFO - Filling up the DagBag from /opt/airflow/dags/anidata_scraper/scraper.py
[2026-04-27T09:15:18.263+0000] {processor.py:842} WARNING - No viable dags retrieved from /opt/airflow/dags/anidata_scraper/scraper.py
[2026-04-27T09:15:18.296+0000] {processor.py:183} INFO - Processing /opt/airflow/dags/anidata_scraper/scraper.py took 0.224 seconds
[2026-04-27T09:15:48.391+0000] {processor.py:161} INFO - Started process (PID=2122) to work on /opt/airflow/dags/anidata_scraper/scraper.py
[2026-04-27T09:15:48.393+0000] {processor.py:830} INFO - Processing file /opt/airflow/dags/anidata_scraper/scraper.py for tasks to queue
[2026-04-27T09:15:48.395+0000] {logging_mixin.py:188} INFO - [2026-04-27T09:15:48.395+0000] {dagbag.py:538} INFO - Filling up the DagBag from /opt/airflow/dags/anidata_scraper/scraper.py
[2026-04-27T09:15:48.579+0000] {processor.py:842} WARNING - No viable dags retrieved from /opt/airflow/dags/anidata_scraper/scraper.py
[2026-04-27T09:15:48.614+0000] {processor.py:183} INFO - Processing /opt/airflow/dags/anidata_scraper/scraper.py took 0.229 seconds
[2026-04-27T09:16:20.059+0000] {processor.py:161} INFO - Started process (PID=2176) to work on /opt/airflow/dags/anidata_scraper/scraper.py
[2026-04-27T09:16:20.061+0000] {processor.py:830} INFO - Processing file /opt/airflow/dags/anidata_scraper/scraper.py for tasks to queue
[2026-04-27T09:16:20.063+0000] {logging_mixin.py:188} INFO - [2026-04-27T09:16:20.063+0000] {dagbag.py:538} INFO - Filling up the DagBag from /opt/airflow/dags/anidata_scraper/scraper.py
[2026-04-27T09:16:20.247+0000] {processor.py:842} WARNING - No viable dags retrieved from /opt/airflow/dags/anidata_scraper/scraper.py
[2026-04-27T09:16:20.281+0000] {processor.py:183} INFO - Processing /opt/airflow/dags/anidata_scraper/scraper.py took 0.229 seconds
[2026-04-27T09:16:50.528+0000] {processor.py:161} INFO - Started process (PID=2225) to work on /opt/airflow/dags/anidata_scraper/scraper.py
[2026-04-27T09:16:50.530+0000] {processor.py:830} INFO - Processing file /opt/airflow/dags/anidata_scraper/scraper.py for tasks to queue
[2026-04-27T09:16:50.531+0000] {logging_mixin.py:188} INFO - [2026-04-27T09:16:50.531+0000] {dagbag.py:538} INFO - Filling up the DagBag from /opt/airflow/dags/anidata_scraper/scraper.py
[2026-04-27T09:16:50.709+0000] {processor.py:842} WARNING - No viable dags retrieved from /opt/airflow/dags/anidata_scraper/scraper.py
[2026-04-27T09:16:50.742+0000] {processor.py:183} INFO - Processing /opt/airflow/dags/anidata_scraper/scraper.py took 0.221 seconds
[2026-04-27T09:17:21.010+0000] {processor.py:161} INFO - Started process (PID=2274) to work on /opt/airflow/dags/anidata_scraper/scraper.py
[2026-04-27T09:17:21.012+0000] {processor.py:830} INFO - Processing file /opt/airflow/dags/anidata_scraper/scraper.py for tasks to queue
[2026-04-27T09:17:21.014+0000] {logging_mixin.py:188} INFO - [2026-04-27T09:17:21.013+0000] {dagbag.py:538} INFO - Filling up the DagBag from /opt/airflow/dags/anidata_scraper/scraper.py
[2026-04-27T09:17:21.185+0000] {processor.py:842} WARNING - No viable dags retrieved from /opt/airflow/dags/anidata_scraper/scraper.py
[2026-04-27T09:17:21.217+0000] {processor.py:183} INFO - Processing /opt/airflow/dags/anidata_scraper/scraper.py took 0.213 seconds
[2026-04-27T09:17:51.490+0000] {processor.py:161} INFO - Started process (PID=2323) to work on /opt/airflow/dags/anidata_scraper/scraper.py
[2026-04-27T09:17:51.492+0000] {processor.py:830} INFO - Processing file /opt/airflow/dags/anidata_scraper/scraper.py for tasks to queue
[2026-04-27T09:17:51.494+0000] {logging_mixin.py:188} INFO - [2026-04-27T09:17:51.494+0000] {dagbag.py:538} INFO - Filling up the DagBag from /opt/airflow/dags/anidata_scraper/scraper.py
[2026-04-27T09:17:51.667+0000] {processor.py:842} WARNING - No viable dags retrieved from /opt/airflow/dags/anidata_scraper/scraper.py
[2026-04-27T09:17:51.700+0000] {processor.py:183} INFO - Processing /opt/airflow/dags/anidata_scraper/scraper.py took 0.217 seconds
[2026-04-27T09:18:21.921+0000] {processor.py:161} INFO - Started process (PID=2372) to work on /opt/airflow/dags/anidata_scraper/scraper.py
[2026-04-27T09:18:21.923+0000] {processor.py:830} INFO - Processing file /opt/airflow/dags/anidata_scraper/scraper.py for tasks to queue
[2026-04-27T09:18:21.925+0000] {logging_mixin.py:188} INFO - [2026-04-27T09:18:21.924+0000] {dagbag.py:538} INFO - Filling up the DagBag from /opt/airflow/dags/anidata_scraper/scraper.py
[2026-04-27T09:18:22.103+0000] {processor.py:842} WARNING - No viable dags retrieved from /opt/airflow/dags/anidata_scraper/scraper.py
[2026-04-27T09:18:22.139+0000] {processor.py:183} INFO - Processing /opt/airflow/dags/anidata_scraper/scraper.py took 0.224 seconds
[2026-04-27T09:18:52.434+0000] {processor.py:161} INFO - Started process (PID=2423) to work on /opt/airflow/dags/anidata_scraper/scraper.py
[2026-04-27T09:18:52.436+0000] {processor.py:830} INFO - Processing file /opt/airflow/dags/anidata_scraper/scraper.py for tasks to queue
[2026-04-27T09:18:52.440+0000] {logging_mixin.py:188} INFO - [2026-04-27T09:18:52.439+0000] {dagbag.py:538} INFO - Filling up the DagBag from /opt/airflow/dags/anidata_scraper/scraper.py
[2026-04-27T09:18:52.655+0000] {processor.py:842} WARNING - No viable dags retrieved from /opt/airflow/dags/anidata_scraper/scraper.py
[2026-04-27T09:18:52.694+0000] {processor.py:183} INFO - Processing /opt/airflow/dags/anidata_scraper/scraper.py took 0.266 seconds
[2026-04-27T09:19:22.905+0000] {processor.py:161} INFO - Started process (PID=2476) to work on /opt/airflow/dags/anidata_scraper/scraper.py
[2026-04-27T09:19:22.907+0000] {processor.py:830} INFO - Processing file /opt/airflow/dags/anidata_scraper/scraper.py for tasks to queue
[2026-04-27T09:19:22.909+0000] {logging_mixin.py:188} INFO - [2026-04-27T09:19:22.908+0000] {dagbag.py:538} INFO - Filling up the DagBag from /opt/airflow/dags/anidata_scraper/scraper.py
[2026-04-27T09:19:23.085+0000] {processor.py:842} WARNING - No viable dags retrieved from /opt/airflow/dags/anidata_scraper/scraper.py
[2026-04-27T09:19:23.118+0000] {processor.py:183} INFO - Processing /opt/airflow/dags/anidata_scraper/scraper.py took 0.220 seconds
[2026-04-27T09:19:53.440+0000] {processor.py:161} INFO - Started process (PID=2525) to work on /opt/airflow/dags/anidata_scraper/scraper.py
[2026-04-27T09:19:53.443+0000] {processor.py:830} INFO - Processing file /opt/airflow/dags/anidata_scraper/scraper.py for tasks to queue
[2026-04-27T09:19:53.446+0000] {logging_mixin.py:188} INFO - [2026-04-27T09:19:53.445+0000] {dagbag.py:538} INFO - Filling up the DagBag from /opt/airflow/dags/anidata_scraper/scraper.py
[2026-04-27T09:19:53.646+0000] {processor.py:842} WARNING - No viable dags retrieved from /opt/airflow/dags/anidata_scraper/scraper.py
[2026-04-27T09:19:53.679+0000] {processor.py:183} INFO - Processing /opt/airflow/dags/anidata_scraper/scraper.py took 0.247 seconds
[2026-04-27T09:20:23.918+0000] {processor.py:161} INFO - Started process (PID=2574) to work on /opt/airflow/dags/anidata_scraper/scraper.py
[2026-04-27T09:20:23.920+0000] {processor.py:830} INFO - Processing file /opt/airflow/dags/anidata_scraper/scraper.py for tasks to queue
[2026-04-27T09:20:23.922+0000] {logging_mixin.py:188} INFO - [2026-04-27T09:20:23.921+0000] {dagbag.py:538} INFO - Filling up the DagBag from /opt/airflow/dags/anidata_scraper/scraper.py
[2026-04-27T09:20:24.095+0000] {processor.py:842} WARNING - No viable dags retrieved from /opt/airflow/dags/anidata_scraper/scraper.py
[2026-04-27T09:20:24.127+0000] {processor.py:183} INFO - Processing /opt/airflow/dags/anidata_scraper/scraper.py took 0.214 seconds
[2026-04-27T09:20:54.364+0000] {processor.py:161} INFO - Started process (PID=2623) to work on /opt/airflow/dags/anidata_scraper/scraper.py
[2026-04-27T09:20:54.366+0000] {processor.py:830} INFO - Processing file /opt/airflow/dags/anidata_scraper/scraper.py for tasks to queue
[2026-04-27T09:20:54.368+0000] {logging_mixin.py:188} INFO - [2026-04-27T09:20:54.367+0000] {dagbag.py:538} INFO - Filling up the DagBag from /opt/airflow/dags/anidata_scraper/scraper.py
[2026-04-27T09:20:54.548+0000] {processor.py:842} WARNING - No viable dags retrieved from /opt/airflow/dags/anidata_scraper/scraper.py
[2026-04-27T09:20:54.583+0000] {processor.py:183} INFO - Processing /opt/airflow/dags/anidata_scraper/scraper.py took 0.226 seconds
