[2026-03-24T14:02:35.410+0000] {taskinstance.py:1956} INFO - Dependencies all met for dep_context=non-requeueable deps ti=<TaskInstance: 03_load_anime.bulk_index manual__2026-03-24T14:02:32.057455+00:00 [queued]>
[2026-03-24T14:02:35.427+0000] {taskinstance.py:1956} INFO - Dependencies all met for dep_context=requeueable deps ti=<TaskInstance: 03_load_anime.bulk_index manual__2026-03-24T14:02:32.057455+00:00 [queued]>
[2026-03-24T14:02:35.428+0000] {taskinstance.py:2170} INFO - Starting attempt 1 of 3
[2026-03-24T14:02:35.454+0000] {taskinstance.py:2191} INFO - Executing <Task(PythonOperator): bulk_index> on 2026-03-24 14:02:32.057455+00:00
[2026-03-24T14:02:35.464+0000] {standard_task_runner.py:60} INFO - Started process 23138 to run task
[2026-03-24T14:02:35.469+0000] {standard_task_runner.py:87} INFO - Running: ['***', 'tasks', 'run', '03_load_anime', 'bulk_index', 'manual__2026-03-24T14:02:32.057455+00:00', '--job-id', '224', '--raw', '--subdir', 'DAGS_FOLDER/03_load_anime.py', '--cfg-path', '/tmp/tmpn8aolpl_']
[2026-03-24T14:02:35.474+0000] {standard_task_runner.py:88} INFO - Job 224: Subtask bulk_index
[2026-03-24T14:02:35.572+0000] {task_command.py:423} INFO - Running <TaskInstance: 03_load_anime.bulk_index manual__2026-03-24T14:02:32.057455+00:00 [running]> on host 67583f3fa599
[2026-03-24T14:02:36.030+0000] {taskinstance.py:2480} INFO - Exporting env vars: AIRFLOW_CTX_DAG_OWNER='anidata-lab' AIRFLOW_CTX_DAG_ID='03_load_anime' AIRFLOW_CTX_TASK_ID='bulk_index' AIRFLOW_CTX_EXECUTION_DATE='2026-03-24T14:02:32.057455+00:00' AIRFLOW_CTX_TRY_NUMBER='1' AIRFLOW_CTX_DAG_RUN_ID='manual__2026-03-24T14:02:32.057455+00:00'
[2026-03-24T14:02:36.571+0000] {_transport.py:335} INFO - HEAD http://elasticsearch:9200/ [status:200 duration:0.005s]
[2026-03-24T14:02:39.366+0000] {_transport.py:335} INFO - PUT http://elasticsearch:9200/_bulk [status:200 duration:0.154s]
[2026-03-24T14:02:39.493+0000] {_transport.py:335} INFO - PUT http://elasticsearch:9200/_bulk [status:200 duration:0.094s]
[2026-03-24T14:02:39.617+0000] {_transport.py:335} INFO - PUT http://elasticsearch:9200/_bulk [status:200 duration:0.090s]
[2026-03-24T14:02:39.792+0000] {_transport.py:335} INFO - PUT http://elasticsearch:9200/_bulk [status:200 duration:0.141s]
[2026-03-24T14:02:39.910+0000] {_transport.py:335} INFO - PUT http://elasticsearch:9200/_bulk [status:200 duration:0.087s]
[2026-03-24T14:02:40.025+0000] {_transport.py:335} INFO - PUT http://elasticsearch:9200/_bulk [status:200 duration:0.083s]
[2026-03-24T14:02:40.341+0000] {_transport.py:335} INFO - PUT http://elasticsearch:9200/_bulk [status:200 duration:0.078s]
[2026-03-24T14:02:40.456+0000] {_transport.py:335} INFO - PUT http://elasticsearch:9200/_bulk [status:200 duration:0.083s]
[2026-03-24T14:02:40.569+0000] {_transport.py:335} INFO - PUT http://elasticsearch:9200/_bulk [status:200 duration:0.077s]
[2026-03-24T14:02:40.677+0000] {_transport.py:335} INFO - PUT http://elasticsearch:9200/_bulk [status:200 duration:0.076s]
[2026-03-24T14:02:40.789+0000] {_transport.py:335} INFO - PUT http://elasticsearch:9200/_bulk [status:200 duration:0.080s]
[2026-03-24T14:02:40.895+0000] {_transport.py:335} INFO - PUT http://elasticsearch:9200/_bulk [status:200 duration:0.075s]
[2026-03-24T14:02:41.009+0000] {_transport.py:335} INFO - PUT http://elasticsearch:9200/_bulk [status:200 duration:0.082s]
[2026-03-24T14:02:41.121+0000] {_transport.py:335} INFO - PUT http://elasticsearch:9200/_bulk [status:200 duration:0.081s]
[2026-03-24T14:02:41.234+0000] {_transport.py:335} INFO - PUT http://elasticsearch:9200/_bulk [status:200 duration:0.080s]
[2026-03-24T14:02:41.349+0000] {_transport.py:335} INFO - PUT http://elasticsearch:9200/_bulk [status:200 duration:0.084s]
[2026-03-24T14:02:41.458+0000] {_transport.py:335} INFO - PUT http://elasticsearch:9200/_bulk [status:200 duration:0.079s]
[2026-03-24T14:02:41.565+0000] {_transport.py:335} INFO - PUT http://elasticsearch:9200/_bulk [status:200 duration:0.075s]
[2026-03-24T14:02:41.690+0000] {_transport.py:335} INFO - PUT http://elasticsearch:9200/_bulk [status:200 duration:0.096s]
[2026-03-24T14:02:41.817+0000] {_transport.py:335} INFO - PUT http://elasticsearch:9200/_bulk [status:200 duration:0.098s]
[2026-03-24T14:02:41.907+0000] {_transport.py:335} INFO - PUT http://elasticsearch:9200/_bulk [status:200 duration:0.061s]
[2026-03-24T14:02:42.013+0000] {_transport.py:335} INFO - PUT http://elasticsearch:9200/_bulk [status:200 duration:0.076s]
[2026-03-24T14:02:42.121+0000] {_transport.py:335} INFO - PUT http://elasticsearch:9200/_bulk [status:200 duration:0.076s]
[2026-03-24T14:02:42.231+0000] {_transport.py:335} INFO - PUT http://elasticsearch:9200/_bulk [status:200 duration:0.079s]
[2026-03-24T14:02:42.339+0000] {_transport.py:335} INFO - PUT http://elasticsearch:9200/_bulk [status:200 duration:0.077s]
[2026-03-24T14:02:42.441+0000] {_transport.py:335} INFO - PUT http://elasticsearch:9200/_bulk [status:200 duration:0.073s]
[2026-03-24T14:02:42.548+0000] {_transport.py:335} INFO - PUT http://elasticsearch:9200/_bulk [status:200 duration:0.076s]
[2026-03-24T14:02:42.655+0000] {_transport.py:335} INFO - PUT http://elasticsearch:9200/_bulk [status:200 duration:0.077s]
[2026-03-24T14:02:42.772+0000] {_transport.py:335} INFO - PUT http://elasticsearch:9200/_bulk [status:200 duration:0.086s]
[2026-03-24T14:02:42.880+0000] {_transport.py:335} INFO - PUT http://elasticsearch:9200/_bulk [status:200 duration:0.078s]
[2026-03-24T14:02:42.980+0000] {_transport.py:335} INFO - PUT http://elasticsearch:9200/_bulk [status:200 duration:0.070s]
[2026-03-24T14:02:43.083+0000] {_transport.py:335} INFO - PUT http://elasticsearch:9200/_bulk [status:200 duration:0.073s]
[2026-03-24T14:02:43.186+0000] {_transport.py:335} INFO - PUT http://elasticsearch:9200/_bulk [status:200 duration:0.072s]
[2026-03-24T14:02:43.279+0000] {_transport.py:335} INFO - PUT http://elasticsearch:9200/_bulk [status:200 duration:0.065s]
[2026-03-24T14:02:43.373+0000] {_transport.py:335} INFO - PUT http://elasticsearch:9200/_bulk [status:200 duration:0.067s]
[2026-03-24T14:02:43.401+0000] {_transport.py:335} INFO - PUT http://elasticsearch:9200/_bulk [status:200 duration:0.020s]
[2026-03-24T14:02:43.437+0000] {logging_mixin.py:188} INFO - Indexation : 17562/17562 docs, 0 erreurs
[2026-03-24T14:02:43.438+0000] {python.py:201} INFO - Done. Returned value was: None
[2026-03-24T14:02:43.463+0000] {taskinstance.py:1138} INFO - Marking task as SUCCESS. dag_id=03_load_anime, task_id=bulk_index, execution_date=20260324T140232, start_date=20260324T140235, end_date=20260324T140243
[2026-03-24T14:02:43.507+0000] {local_task_job_runner.py:234} INFO - Task exited with return code 0
[2026-03-24T14:02:43.539+0000] {taskinstance.py:3280} INFO - 0 downstream tasks scheduled from follow-on schedule check
