[2026-03-24T08:55:08.498+0000] {taskinstance.py:1956} INFO - Dependencies all met for dep_context=non-requeueable deps ti=<TaskInstance: 03_load_anime.bulk_index manual__2026-03-24T08:55:04.241767+00:00 [queued]>
[2026-03-24T08:55:08.512+0000] {taskinstance.py:1956} INFO - Dependencies all met for dep_context=requeueable deps ti=<TaskInstance: 03_load_anime.bulk_index manual__2026-03-24T08:55:04.241767+00:00 [queued]>
[2026-03-24T08:55:08.513+0000] {taskinstance.py:2170} INFO - Starting attempt 1 of 3
[2026-03-24T08:55:08.536+0000] {taskinstance.py:2191} INFO - Executing <Task(PythonOperator): bulk_index> on 2026-03-24 08:55:04.241767+00:00
[2026-03-24T08:55:08.545+0000] {standard_task_runner.py:60} INFO - Started process 2080 to run task
[2026-03-24T08:55:08.550+0000] {standard_task_runner.py:87} INFO - Running: ['***', 'tasks', 'run', '03_load_anime', 'bulk_index', 'manual__2026-03-24T08:55:04.241767+00:00', '--job-id', '94', '--raw', '--subdir', 'DAGS_FOLDER/03_load_anime.py', '--cfg-path', '/tmp/tmpasw1gdmp']
[2026-03-24T08:55:08.555+0000] {standard_task_runner.py:88} INFO - Job 94: Subtask bulk_index
[2026-03-24T08:55:08.653+0000] {task_command.py:423} INFO - Running <TaskInstance: 03_load_anime.bulk_index manual__2026-03-24T08:55:04.241767+00:00 [running]> on host 67583f3fa599
[2026-03-24T08:55:09.096+0000] {taskinstance.py:2480} INFO - Exporting env vars: AIRFLOW_CTX_DAG_OWNER='anidata-lab' AIRFLOW_CTX_DAG_ID='03_load_anime' AIRFLOW_CTX_TASK_ID='bulk_index' AIRFLOW_CTX_EXECUTION_DATE='2026-03-24T08:55:04.241767+00:00' AIRFLOW_CTX_TRY_NUMBER='1' AIRFLOW_CTX_DAG_RUN_ID='manual__2026-03-24T08:55:04.241767+00:00'
[2026-03-24T08:55:09.618+0000] {_transport.py:335} INFO - HEAD http://elasticsearch:9200/ [status:200 duration:0.006s]
[2026-03-24T08:55:12.112+0000] {_transport.py:335} INFO - PUT http://elasticsearch:9200/_bulk [status:200 duration:0.177s]
[2026-03-24T08:55:12.259+0000] {_transport.py:335} INFO - PUT http://elasticsearch:9200/_bulk [status:200 duration:0.114s]
[2026-03-24T08:55:12.420+0000] {_transport.py:335} INFO - PUT http://elasticsearch:9200/_bulk [status:200 duration:0.128s]
[2026-03-24T08:55:12.567+0000] {_transport.py:335} INFO - PUT http://elasticsearch:9200/_bulk [status:200 duration:0.116s]
[2026-03-24T08:55:12.691+0000] {_transport.py:335} INFO - PUT http://elasticsearch:9200/_bulk [status:200 duration:0.094s]
[2026-03-24T08:55:12.819+0000] {_transport.py:335} INFO - PUT http://elasticsearch:9200/_bulk [status:200 duration:0.099s]
[2026-03-24T08:55:13.148+0000] {_transport.py:335} INFO - PUT http://elasticsearch:9200/_bulk [status:200 duration:0.100s]
[2026-03-24T08:55:13.272+0000] {_transport.py:335} INFO - PUT http://elasticsearch:9200/_bulk [status:200 duration:0.094s]
[2026-03-24T08:55:13.390+0000] {_transport.py:335} INFO - PUT http://elasticsearch:9200/_bulk [status:200 duration:0.088s]
[2026-03-24T08:55:13.514+0000] {_transport.py:335} INFO - PUT http://elasticsearch:9200/_bulk [status:200 duration:0.094s]
[2026-03-24T08:55:13.633+0000] {_transport.py:335} INFO - PUT http://elasticsearch:9200/_bulk [status:200 duration:0.090s]
[2026-03-24T08:55:13.752+0000] {_transport.py:335} INFO - PUT http://elasticsearch:9200/_bulk [status:200 duration:0.089s]
[2026-03-24T08:55:13.883+0000] {_transport.py:335} INFO - PUT http://elasticsearch:9200/_bulk [status:200 duration:0.101s]
[2026-03-24T08:55:13.996+0000] {_transport.py:335} INFO - PUT http://elasticsearch:9200/_bulk [status:200 duration:0.084s]
[2026-03-24T08:55:14.134+0000] {_transport.py:335} INFO - PUT http://elasticsearch:9200/_bulk [status:200 duration:0.108s]
[2026-03-24T08:55:14.251+0000] {_transport.py:335} INFO - PUT http://elasticsearch:9200/_bulk [status:200 duration:0.084s]
[2026-03-24T08:55:14.368+0000] {_transport.py:335} INFO - PUT http://elasticsearch:9200/_bulk [status:200 duration:0.087s]
[2026-03-24T08:55:14.474+0000] {_transport.py:335} INFO - PUT http://elasticsearch:9200/_bulk [status:200 duration:0.077s]
[2026-03-24T08:55:14.582+0000] {_transport.py:335} INFO - PUT http://elasticsearch:9200/_bulk [status:200 duration:0.079s]
[2026-03-24T08:55:14.716+0000] {_transport.py:335} INFO - PUT http://elasticsearch:9200/_bulk [status:200 duration:0.088s]
[2026-03-24T08:55:14.807+0000] {_transport.py:335} INFO - PUT http://elasticsearch:9200/_bulk [status:200 duration:0.064s]
[2026-03-24T08:55:14.915+0000] {_transport.py:335} INFO - PUT http://elasticsearch:9200/_bulk [status:200 duration:0.080s]
[2026-03-24T08:55:15.028+0000] {_transport.py:335} INFO - PUT http://elasticsearch:9200/_bulk [status:200 duration:0.083s]
[2026-03-24T08:55:15.155+0000] {_transport.py:335} INFO - PUT http://elasticsearch:9200/_bulk [status:200 duration:0.093s]
[2026-03-24T08:55:15.273+0000] {_transport.py:335} INFO - PUT http://elasticsearch:9200/_bulk [status:200 duration:0.088s]
[2026-03-24T08:55:15.379+0000] {_transport.py:335} INFO - PUT http://elasticsearch:9200/_bulk [status:200 duration:0.073s]
[2026-03-24T08:55:15.482+0000] {_transport.py:335} INFO - PUT http://elasticsearch:9200/_bulk [status:200 duration:0.075s]
[2026-03-24T08:55:15.585+0000] {_transport.py:335} INFO - PUT http://elasticsearch:9200/_bulk [status:200 duration:0.074s]
[2026-03-24T08:55:15.717+0000] {_transport.py:335} INFO - PUT http://elasticsearch:9200/_bulk [status:200 duration:0.099s]
[2026-03-24T08:55:15.823+0000] {_transport.py:335} INFO - PUT http://elasticsearch:9200/_bulk [status:200 duration:0.077s]
[2026-03-24T08:55:15.925+0000] {_transport.py:335} INFO - PUT http://elasticsearch:9200/_bulk [status:200 duration:0.074s]
[2026-03-24T08:55:16.039+0000] {_transport.py:335} INFO - PUT http://elasticsearch:9200/_bulk [status:200 duration:0.087s]
[2026-03-24T08:55:16.157+0000] {_transport.py:335} INFO - PUT http://elasticsearch:9200/_bulk [status:200 duration:0.089s]
[2026-03-24T08:55:16.267+0000] {_transport.py:335} INFO - PUT http://elasticsearch:9200/_bulk [status:200 duration:0.083s]
[2026-03-24T08:55:16.360+0000] {_transport.py:335} INFO - PUT http://elasticsearch:9200/_bulk [status:200 duration:0.067s]
[2026-03-24T08:55:16.386+0000] {_transport.py:335} INFO - PUT http://elasticsearch:9200/_bulk [status:200 duration:0.019s]
[2026-03-24T08:55:16.418+0000] {logging_mixin.py:188} INFO - Indexation : 17562/17562 docs, 0 erreurs
[2026-03-24T08:55:16.419+0000] {python.py:201} INFO - Done. Returned value was: None
[2026-03-24T08:55:16.441+0000] {taskinstance.py:1138} INFO - Marking task as SUCCESS. dag_id=03_load_anime, task_id=bulk_index, execution_date=20260324T085504, start_date=20260324T085508, end_date=20260324T085516
[2026-03-24T08:55:16.513+0000] {local_task_job_runner.py:234} INFO - Task exited with return code 0
[2026-03-24T08:55:16.552+0000] {taskinstance.py:3280} INFO - 1 downstream tasks scheduled from follow-on schedule check
