[2026-03-24T08:37:07.244+0000] {taskinstance.py:1956} INFO - Dependencies all met for dep_context=non-requeueable deps ti=<TaskInstance: 03_load_anime.bulk_index manual__2026-03-24T08:37:02.967232+00:00 [queued]>
[2026-03-24T08:37:07.259+0000] {taskinstance.py:1956} INFO - Dependencies all met for dep_context=requeueable deps ti=<TaskInstance: 03_load_anime.bulk_index manual__2026-03-24T08:37:02.967232+00:00 [queued]>
[2026-03-24T08:37:07.260+0000] {taskinstance.py:2170} INFO - Starting attempt 1 of 3
[2026-03-24T08:37:07.280+0000] {taskinstance.py:2191} INFO - Executing <Task(PythonOperator): bulk_index> on 2026-03-24 08:37:02.967232+00:00
[2026-03-24T08:37:07.291+0000] {standard_task_runner.py:60} INFO - Started process 672 to run task
[2026-03-24T08:37:07.296+0000] {standard_task_runner.py:87} INFO - Running: ['***', 'tasks', 'run', '03_load_anime', 'bulk_index', 'manual__2026-03-24T08:37:02.967232+00:00', '--job-id', '61', '--raw', '--subdir', 'DAGS_FOLDER/03_load_anime.py', '--cfg-path', '/tmp/tmpwl_huhd1']
[2026-03-24T08:37:07.300+0000] {standard_task_runner.py:88} INFO - Job 61: Subtask bulk_index
[2026-03-24T08:37:07.400+0000] {task_command.py:423} INFO - Running <TaskInstance: 03_load_anime.bulk_index manual__2026-03-24T08:37:02.967232+00:00 [running]> on host 67583f3fa599
[2026-03-24T08:37:07.560+0000] {taskinstance.py:2480} INFO - Exporting env vars: AIRFLOW_CTX_DAG_OWNER='anidata-lab' AIRFLOW_CTX_DAG_ID='03_load_anime' AIRFLOW_CTX_TASK_ID='bulk_index' AIRFLOW_CTX_EXECUTION_DATE='2026-03-24T08:37:02.967232+00:00' AIRFLOW_CTX_TRY_NUMBER='1' AIRFLOW_CTX_DAG_RUN_ID='manual__2026-03-24T08:37:02.967232+00:00'
[2026-03-24T08:37:08.364+0000] {_transport.py:335} INFO - HEAD http://elasticsearch:9200/ [status:200 duration:0.008s]
[2026-03-24T08:37:11.523+0000] {_transport.py:335} INFO - PUT http://elasticsearch:9200/_bulk [status:200 duration:0.893s]
[2026-03-24T08:37:11.974+0000] {_transport.py:335} INFO - PUT http://elasticsearch:9200/_bulk [status:200 duration:0.419s]
[2026-03-24T08:37:12.341+0000] {_transport.py:335} INFO - PUT http://elasticsearch:9200/_bulk [status:200 duration:0.334s]
[2026-03-24T08:37:12.634+0000] {_transport.py:335} INFO - PUT http://elasticsearch:9200/_bulk [status:200 duration:0.261s]
[2026-03-24T08:37:12.899+0000] {_transport.py:335} INFO - PUT http://elasticsearch:9200/_bulk [status:200 duration:0.234s]
[2026-03-24T08:37:13.164+0000] {_transport.py:335} INFO - PUT http://elasticsearch:9200/_bulk [status:200 duration:0.230s]
[2026-03-24T08:37:13.648+0000] {_transport.py:335} INFO - PUT http://elasticsearch:9200/_bulk [status:200 duration:0.222s]
[2026-03-24T08:37:13.880+0000] {_transport.py:335} INFO - PUT http://elasticsearch:9200/_bulk [status:200 duration:0.201s]
[2026-03-24T08:37:14.089+0000] {_transport.py:335} INFO - PUT http://elasticsearch:9200/_bulk [status:200 duration:0.180s]
[2026-03-24T08:37:14.319+0000] {_transport.py:335} INFO - PUT http://elasticsearch:9200/_bulk [status:200 duration:0.198s]
[2026-03-24T08:37:14.533+0000] {_transport.py:335} INFO - PUT http://elasticsearch:9200/_bulk [status:200 duration:0.182s]
[2026-03-24T08:37:14.778+0000] {_transport.py:335} INFO - PUT http://elasticsearch:9200/_bulk [status:200 duration:0.215s]
[2026-03-24T08:37:15.004+0000] {_transport.py:335} INFO - PUT http://elasticsearch:9200/_bulk [status:200 duration:0.190s]
[2026-03-24T08:37:15.224+0000] {_transport.py:335} INFO - PUT http://elasticsearch:9200/_bulk [status:200 duration:0.190s]
[2026-03-24T08:37:15.416+0000] {_transport.py:335} INFO - PUT http://elasticsearch:9200/_bulk [status:200 duration:0.163s]
[2026-03-24T08:37:15.593+0000] {_transport.py:335} INFO - PUT http://elasticsearch:9200/_bulk [status:200 duration:0.148s]
[2026-03-24T08:37:15.798+0000] {_transport.py:335} INFO - PUT http://elasticsearch:9200/_bulk [status:200 duration:0.176s]
[2026-03-24T08:37:15.976+0000] {_transport.py:335} INFO - PUT http://elasticsearch:9200/_bulk [status:200 duration:0.147s]
[2026-03-24T08:37:16.163+0000] {_transport.py:335} INFO - PUT http://elasticsearch:9200/_bulk [status:200 duration:0.158s]
[2026-03-24T08:37:16.361+0000] {_transport.py:335} INFO - PUT http://elasticsearch:9200/_bulk [status:200 duration:0.168s]
[2026-03-24T08:37:16.962+0000] {_transport.py:335} INFO - PUT http://elasticsearch:9200/_bulk [status:200 duration:0.574s]
[2026-03-24T08:37:17.509+0000] {_transport.py:335} INFO - PUT http://elasticsearch:9200/_bulk [status:200 duration:0.517s]
[2026-03-24T08:37:17.719+0000] {_transport.py:335} INFO - PUT http://elasticsearch:9200/_bulk [status:200 duration:0.180s]
[2026-03-24T08:37:17.945+0000] {_transport.py:335} INFO - PUT http://elasticsearch:9200/_bulk [status:200 duration:0.191s]
[2026-03-24T08:37:18.155+0000] {_transport.py:335} INFO - PUT http://elasticsearch:9200/_bulk [status:200 duration:0.176s]
[2026-03-24T08:37:18.328+0000] {_transport.py:335} INFO - PUT http://elasticsearch:9200/_bulk [status:200 duration:0.145s]
[2026-03-24T08:37:18.501+0000] {_transport.py:335} INFO - PUT http://elasticsearch:9200/_bulk [status:200 duration:0.145s]
[2026-03-24T08:37:18.670+0000] {_transport.py:335} INFO - PUT http://elasticsearch:9200/_bulk [status:200 duration:0.140s]
[2026-03-24T08:37:18.846+0000] {_transport.py:335} INFO - PUT http://elasticsearch:9200/_bulk [status:200 duration:0.147s]
[2026-03-24T08:37:19.028+0000] {_transport.py:335} INFO - PUT http://elasticsearch:9200/_bulk [status:200 duration:0.151s]
[2026-03-24T08:37:19.200+0000] {_transport.py:335} INFO - PUT http://elasticsearch:9200/_bulk [status:200 duration:0.139s]
[2026-03-24T08:37:19.374+0000] {_transport.py:335} INFO - PUT http://elasticsearch:9200/_bulk [status:200 duration:0.146s]
[2026-03-24T08:37:19.540+0000] {_transport.py:335} INFO - PUT http://elasticsearch:9200/_bulk [status:200 duration:0.138s]
[2026-03-24T08:37:19.691+0000] {_transport.py:335} INFO - PUT http://elasticsearch:9200/_bulk [status:200 duration:0.125s]
[2026-03-24T08:37:19.842+0000] {_transport.py:335} INFO - PUT http://elasticsearch:9200/_bulk [status:200 duration:0.125s]
[2026-03-24T08:37:19.878+0000] {_transport.py:335} INFO - PUT http://elasticsearch:9200/_bulk [status:200 duration:0.028s]
[2026-03-24T08:37:19.915+0000] {logging_mixin.py:188} INFO - Indexation : 17062/17562 docs, 500 erreurs
[2026-03-24T08:37:19.916+0000] {python.py:201} INFO - Done. Returned value was: None
[2026-03-24T08:37:19.938+0000] {taskinstance.py:1138} INFO - Marking task as SUCCESS. dag_id=03_load_anime, task_id=bulk_index, execution_date=20260324T083702, start_date=20260324T083707, end_date=20260324T083719
[2026-03-24T08:37:20.009+0000] {local_task_job_runner.py:234} INFO - Task exited with return code 0
[2026-03-24T08:37:20.049+0000] {taskinstance.py:3280} INFO - 1 downstream tasks scheduled from follow-on schedule check
