[2026-03-24T08:35:39.643+0000] {taskinstance.py:1956} INFO - Dependencies all met for dep_context=non-requeueable deps ti=<TaskInstance: 05_full_pipeline.trigger_extract manual__2026-03-24T08:35:36.915262+00:00 [queued]>
[2026-03-24T08:35:39.662+0000] {taskinstance.py:1956} INFO - Dependencies all met for dep_context=requeueable deps ti=<TaskInstance: 05_full_pipeline.trigger_extract manual__2026-03-24T08:35:36.915262+00:00 [queued]>
[2026-03-24T08:35:39.663+0000] {taskinstance.py:2170} INFO - Starting attempt 1 of 2
[2026-03-24T08:35:39.689+0000] {taskinstance.py:2191} INFO - Executing <Task(TriggerDagRunOperator): trigger_extract> on 2026-03-24 08:35:36.915262+00:00
[2026-03-24T08:35:39.698+0000] {standard_task_runner.py:60} INFO - Started process 349 to run task
[2026-03-24T08:35:39.702+0000] {standard_task_runner.py:87} INFO - Running: ['***', 'tasks', 'run', '05_full_pipeline', 'trigger_extract', 'manual__2026-03-24T08:35:36.915262+00:00', '--job-id', '35', '--raw', '--subdir', 'DAGS_FOLDER/05_full_pipeline.py', '--cfg-path', '/tmp/tmpf_6_xeb6']
[2026-03-24T08:35:39.706+0000] {standard_task_runner.py:88} INFO - Job 35: Subtask trigger_extract
[2026-03-24T08:35:39.814+0000] {task_command.py:423} INFO - Running <TaskInstance: 05_full_pipeline.trigger_extract manual__2026-03-24T08:35:36.915262+00:00 [running]> on host 67583f3fa599
[2026-03-24T08:35:39.980+0000] {taskinstance.py:2480} INFO - Exporting env vars: AIRFLOW_CTX_DAG_OWNER='anidata-lab' AIRFLOW_CTX_DAG_ID='05_full_pipeline' AIRFLOW_CTX_TASK_ID='trigger_extract' AIRFLOW_CTX_EXECUTION_DATE='2026-03-24T08:35:36.915262+00:00' AIRFLOW_CTX_TRY_NUMBER='1' AIRFLOW_CTX_DAG_RUN_ID='manual__2026-03-24T08:35:36.915262+00:00'
[2026-03-24T08:35:40.143+0000] {trigger_dagrun.py:210} INFO - Waiting for 01_extract_anime on 2026-03-24 08:35:39.981656+00:00 to become allowed state ['success'] ...
[2026-03-24T08:35:50.164+0000] {trigger_dagrun.py:210} INFO - Waiting for 01_extract_anime on 2026-03-24 08:35:39.981656+00:00 to become allowed state ['success'] ...
[2026-03-24T08:35:59.999+0000] {trigger_dagrun.py:210} INFO - Waiting for 01_extract_anime on 2026-03-24 08:35:39.981656+00:00 to become allowed state ['success'] ...
[2026-03-24T08:36:10.023+0000] {trigger_dagrun.py:210} INFO - Waiting for 01_extract_anime on 2026-03-24 08:35:39.981656+00:00 to become allowed state ['success'] ...
[2026-03-24T08:36:20.597+0000] {trigger_dagrun.py:210} INFO - Waiting for 01_extract_anime on 2026-03-24 08:35:39.981656+00:00 to become allowed state ['success'] ...
[2026-03-24T08:36:30.523+0000] {trigger_dagrun.py:210} INFO - Waiting for 01_extract_anime on 2026-03-24 08:35:39.981656+00:00 to become allowed state ['success'] ...
[2026-03-24T08:36:40.549+0000] {trigger_dagrun.py:210} INFO - Waiting for 01_extract_anime on 2026-03-24 08:35:39.981656+00:00 to become allowed state ['success'] ...
[2026-03-24T08:36:50.577+0000] {trigger_dagrun.py:223} INFO - 01_extract_anime finished with allowed state success
[2026-03-24T08:36:50.817+0000] {taskinstance.py:1138} INFO - Marking task as SUCCESS. dag_id=05_full_pipeline, task_id=trigger_extract, execution_date=20260324T083536, start_date=20260324T083539, end_date=20260324T083650
[2026-03-24T08:36:51.046+0000] {local_task_job_runner.py:234} INFO - Task exited with return code 0
[2026-03-24T08:36:51.368+0000] {taskinstance.py:3280} INFO - 1 downstream tasks scheduled from follow-on schedule check
