[2026-03-26T19:27:49.249+0000] {taskinstance.py:1956} INFO - Dependencies all met for dep_context=non-requeueable deps ti=<TaskInstance: 03_load_anime.run_logstash manual__2026-03-26T19:27:45.114341+00:00 [queued]>
[2026-03-26T19:27:49.263+0000] {taskinstance.py:1956} INFO - Dependencies all met for dep_context=requeueable deps ti=<TaskInstance: 03_load_anime.run_logstash manual__2026-03-26T19:27:45.114341+00:00 [queued]>
[2026-03-26T19:27:49.265+0000] {taskinstance.py:2170} INFO - Starting attempt 1 of 3
[2026-03-26T19:27:49.286+0000] {taskinstance.py:2191} INFO - Executing <Task(DockerOperator): run_logstash> on 2026-03-26 19:27:45.114341+00:00
[2026-03-26T19:27:49.296+0000] {standard_task_runner.py:60} INFO - Started process 604 to run task
[2026-03-26T19:27:49.300+0000] {standard_task_runner.py:87} INFO - Running: ['***', 'tasks', 'run', '03_load_anime', 'run_logstash', 'manual__2026-03-26T19:27:45.114341+00:00', '--job-id', '275', '--raw', '--subdir', 'DAGS_FOLDER/03_load_anime.py', '--cfg-path', '/tmp/tmp_m06qic4']
[2026-03-26T19:27:49.305+0000] {standard_task_runner.py:88} INFO - Job 275: Subtask run_logstash
[2026-03-26T19:27:49.408+0000] {task_command.py:423} INFO - Running <TaskInstance: 03_load_anime.run_logstash manual__2026-03-26T19:27:45.114341+00:00 [running]> on host d05980edad3f
[2026-03-26T19:27:49.832+0000] {taskinstance.py:2480} INFO - Exporting env vars: AIRFLOW_CTX_DAG_OWNER='anidata-lab' AIRFLOW_CTX_DAG_ID='03_load_anime' AIRFLOW_CTX_TASK_ID='run_logstash' AIRFLOW_CTX_EXECUTION_DATE='2026-03-26T19:27:45.114341+00:00' AIRFLOW_CTX_TRY_NUMBER='1' AIRFLOW_CTX_DAG_RUN_ID='manual__2026-03-26T19:27:45.114341+00:00'
[2026-03-26T19:27:49.866+0000] {docker.py:486} INFO - Pulling docker image docker.elastic.co/logstash/logstash:8.12.0
[2026-03-26T19:27:51.731+0000] {docker.py:500} INFO - 8.12.0: Pulling from logstash/logstash
[2026-03-26T19:27:52.686+0000] {docker.py:500} INFO - d5e4452feb3e: Pulling fs layer
[2026-03-26T19:27:52.687+0000] {docker.py:500} INFO - 3e22d672285d: Pulling fs layer
[2026-03-26T19:27:52.688+0000] {docker.py:500} INFO - 89732bc75041: Pulling fs layer
[2026-03-26T19:27:52.689+0000] {docker.py:500} INFO - 3550b2a6e223: Pulling fs layer
[2026-03-26T19:27:52.690+0000] {docker.py:500} INFO - 442393d636f1: Pulling fs layer
[2026-03-26T19:27:52.690+0000] {docker.py:500} INFO - d1263139eb9a: Pulling fs layer
[2026-03-26T19:27:52.691+0000] {docker.py:500} INFO - 1dc6480eaccf: Pulling fs layer
[2026-03-26T19:27:52.691+0000] {docker.py:500} INFO - a0ab719ed32a: Pulling fs layer
[2026-03-26T19:27:52.692+0000] {docker.py:500} INFO - ca5dc07a5618: Pulling fs layer
[2026-03-26T19:27:52.692+0000] {docker.py:500} INFO - 72c1ce18e433: Pulling fs layer
[2026-03-26T19:27:52.693+0000] {docker.py:500} INFO - 2817b32fc7d0: Pulling fs layer
[2026-03-26T19:27:52.694+0000] {docker.py:500} INFO - 4b4713d9824a: Pulling fs layer
[2026-03-26T19:27:52.783+0000] {docker.py:500} INFO - 89732bc75041: Already exists
[2026-03-26T19:27:53.183+0000] {docker.py:500} INFO - d5e4452feb3e: Downloading
[2026-03-26T19:27:53.283+0000] {docker.py:500} INFO - d5e4452feb3e: Download complete
[2026-03-26T19:27:53.483+0000] {docker.py:500} INFO - 1dc6480eaccf: Download complete
[2026-03-26T19:27:53.484+0000] {docker.py:500} INFO - 2817b32fc7d0: Download complete
[2026-03-26T19:27:53.486+0000] {docker.py:500} INFO - ca5dc07a5618: Download complete
[2026-03-26T19:27:53.487+0000] {docker.py:500} INFO - d1263139eb9a: Download complete
[2026-03-26T19:27:53.488+0000] {docker.py:500} INFO - 3550b2a6e223: Download complete
[2026-03-26T19:27:53.489+0000] {docker.py:500} INFO - a0ab719ed32a: Download complete
[2026-03-26T19:27:53.490+0000] {docker.py:500} INFO - 3e22d672285d: Download complete
[2026-03-26T19:27:53.593+0000] {docker.py:500} INFO - 4b4713d9824a: Downloading
[2026-03-26T19:27:53.594+0000] {docker.py:500} INFO - 72c1ce18e433: Downloading
[2026-03-26T19:27:53.782+0000] {docker.py:500} INFO - 442393d636f1: Downloading
[2026-03-26T19:27:53.884+0000] {docker.py:500} INFO - 442393d636f1: Download complete
[2026-03-26T19:27:56.383+0000] {docker.py:500} INFO - 4b4713d9824a: Download complete
[2026-03-26T19:27:56.446+0000] {docker.py:500} INFO - 4b4713d9824a: Extracting
[2026-03-26T19:27:57.634+0000] {docker.py:500} INFO - 4b4713d9824a: Pull complete
[2026-03-26T19:27:57.707+0000] {docker.py:500} INFO - ca5dc07a5618: Pull complete
[2026-03-26T19:28:07.482+0000] {docker.py:500} INFO - 72c1ce18e433: Download complete
[2026-03-26T19:28:07.519+0000] {docker.py:500} INFO - 72c1ce18e433: Extracting
[2026-03-26T19:28:15.639+0000] {docker.py:500} INFO - 72c1ce18e433: Pull complete
[2026-03-26T19:28:15.705+0000] {docker.py:500} INFO - 89732bc75041: Pull complete
[2026-03-26T19:28:15.721+0000] {docker.py:500} INFO - d1263139eb9a: Pull complete
[2026-03-26T19:28:15.728+0000] {docker.py:500} INFO - a0ab719ed32a: Pull complete
[2026-03-26T19:28:15.808+0000] {docker.py:500} INFO - 1dc6480eaccf: Pull complete
[2026-03-26T19:28:15.817+0000] {docker.py:500} INFO - 2817b32fc7d0: Extracting
[2026-03-26T19:28:15.828+0000] {docker.py:500} INFO - 3550b2a6e223: Pull complete
[2026-03-26T19:28:15.834+0000] {docker.py:500} INFO - 3e22d672285d: Pull complete
[2026-03-26T19:28:15.916+0000] {docker.py:500} INFO - 2817b32fc7d0: Pull complete
[2026-03-26T19:28:15.922+0000] {docker.py:500} INFO - 442393d636f1: Pull complete
[2026-03-26T19:28:15.983+0000] {docker.py:500} INFO - d5e4452feb3e: Pull complete
[2026-03-26T19:28:15.984+0000] {docker.py:495} INFO - Digest: sha256:86b37d87b7ceffcb535eccae63bef85829daddcc79faca0fd0f93ff90266714e
[2026-03-26T19:28:15.985+0000] {docker.py:495} INFO - Status: Downloaded newer image for docker.elastic.co/logstash/logstash:8.12.0
[2026-03-26T19:28:15.988+0000] {docker.py:359} INFO - Starting docker container from image docker.elastic.co/logstash/logstash:8.12.0
[2026-03-26T19:28:16.009+0000] {taskinstance.py:2698} ERROR - Task failed with exception
Traceback (most recent call last):
  File "/home/airflow/.local/lib/python3.11/site-packages/docker/api/client.py", line 265, in _raise_for_status
    response.raise_for_status()
  File "/home/airflow/.local/lib/python3.11/site-packages/requests/models.py", line 1021, in raise_for_status
    raise HTTPError(http_error_msg, response=self)
requests.exceptions.HTTPError: 400 Client Error: Bad Request for url: http+docker://localhost/v1.48/containers/create?name=anidata-logstash-run

The above exception was the direct cause of the following exception:

Traceback (most recent call last):
  File "/home/airflow/.local/lib/python3.11/site-packages/airflow/models/taskinstance.py", line 428, in _execute_task
    result = execute_callable(context=context, **execute_callable_kwargs)
             ^^^^^^^^^^^^^^^^^^^^^^^^^^^^^^^^^^^^^^^^^^^^^^^^^^^^^^^^^^^^
  File "/home/airflow/.local/lib/python3.11/site-packages/airflow/providers/docker/operators/docker.py", line 502, in execute
    return self._run_image()
           ^^^^^^^^^^^^^^^^^
  File "/home/airflow/.local/lib/python3.11/site-packages/airflow/providers/docker/operators/docker.py", line 364, in _run_image
    return self._run_image_with_mounts([*self.mounts, tmp_mount], add_tmp_variable=True)
           ^^^^^^^^^^^^^^^^^^^^^^^^^^^^^^^^^^^^^^^^^^^^^^^^^^^^^^^^^^^^^^^^^^^^^^^^^^^^^
  File "/home/airflow/.local/lib/python3.11/site-packages/airflow/providers/docker/operators/docker.py", line 391, in _run_image_with_mounts
    self.container = self.cli.create_container(
                     ^^^^^^^^^^^^^^^^^^^^^^^^^^
  File "/home/airflow/.local/lib/python3.11/site-packages/docker/api/container.py", line 439, in create_container
    return self.create_container_from_config(config, name, platform)
           ^^^^^^^^^^^^^^^^^^^^^^^^^^^^^^^^^^^^^^^^^^^^^^^^^^^^^^^^^
  File "/home/airflow/.local/lib/python3.11/site-packages/docker/api/container.py", line 456, in create_container_from_config
    return self._result(res, True)
           ^^^^^^^^^^^^^^^^^^^^^^^
  File "/home/airflow/.local/lib/python3.11/site-packages/docker/api/client.py", line 271, in _result
    self._raise_for_status(response)
  File "/home/airflow/.local/lib/python3.11/site-packages/docker/api/client.py", line 267, in _raise_for_status
    raise create_api_error_from_http_exception(e) from e
          ^^^^^^^^^^^^^^^^^^^^^^^^^^^^^^^^^^^^^^^
  File "/home/airflow/.local/lib/python3.11/site-packages/docker/errors.py", line 39, in create_api_error_from_http_exception
    raise cls(e, response=response, explanation=explanation) from e
docker.errors.APIError: 400 Client Error for http+docker://localhost/v1.48/containers/create?name=anidata-logstash-run: Bad Request ("invalid mount config for type "bind": bind source path does not exist: /opt/airflow/data")
[2026-03-26T19:28:16.037+0000] {taskinstance.py:1138} INFO - Marking task as UP_FOR_RETRY. dag_id=03_load_anime, task_id=run_logstash, execution_date=20260326T192745, start_date=20260326T192749, end_date=20260326T192816
[2026-03-26T19:28:16.066+0000] {standard_task_runner.py:107} ERROR - Failed to execute job 275 for task run_logstash (400 Client Error for http+docker://localhost/v1.48/containers/create?name=anidata-logstash-run: Bad Request ("invalid mount config for type "bind": bind source path does not exist: /opt/airflow/data"); 604)
[2026-03-26T19:28:16.094+0000] {local_task_job_runner.py:234} INFO - Task exited with return code 1
[2026-03-26T19:28:16.174+0000] {taskinstance.py:3280} INFO - 0 downstream tasks scheduled from follow-on schedule check
