[2026-03-26T20:15:37.254+0000] {taskinstance.py:1956} INFO - Dependencies all met for dep_context=non-requeueable deps ti=<TaskInstance: 03_load_anime.run_logstash manual__2026-03-26T20:15:33.302703+00:00 [queued]>
[2026-03-26T20:15:37.269+0000] {taskinstance.py:1956} INFO - Dependencies all met for dep_context=requeueable deps ti=<TaskInstance: 03_load_anime.run_logstash manual__2026-03-26T20:15:33.302703+00:00 [queued]>
[2026-03-26T20:15:37.270+0000] {taskinstance.py:2170} INFO - Starting attempt 1 of 3
[2026-03-26T20:15:37.293+0000] {taskinstance.py:2191} INFO - Executing <Task(PythonOperator): run_logstash> on 2026-03-26 20:15:33.302703+00:00
[2026-03-26T20:15:37.303+0000] {standard_task_runner.py:60} INFO - Started process 1432 to run task
[2026-03-26T20:15:37.307+0000] {standard_task_runner.py:87} INFO - Running: ['***', 'tasks', 'run', '03_load_anime', 'run_logstash', 'manual__2026-03-26T20:15:33.302703+00:00', '--job-id', '309', '--raw', '--subdir', 'DAGS_FOLDER/03_load_anime.py', '--cfg-path', '/tmp/tmp6kqf32lx']
[2026-03-26T20:15:37.311+0000] {standard_task_runner.py:88} INFO - Job 309: Subtask run_logstash
[2026-03-26T20:15:37.408+0000] {task_command.py:423} INFO - Running <TaskInstance: 03_load_anime.run_logstash manual__2026-03-26T20:15:33.302703+00:00 [running]> on host 9da8d26a51c8
[2026-03-26T20:15:37.813+0000] {taskinstance.py:2480} INFO - Exporting env vars: AIRFLOW_CTX_DAG_OWNER='anidata-lab' AIRFLOW_CTX_DAG_ID='03_load_anime' AIRFLOW_CTX_TASK_ID='run_logstash' AIRFLOW_CTX_EXECUTION_DATE='2026-03-26T20:15:33.302703+00:00' AIRFLOW_CTX_TRY_NUMBER='1' AIRFLOW_CTX_DAG_RUN_ID='manual__2026-03-26T20:15:33.302703+00:00'
[2026-03-26T20:15:37.918+0000] {logging_mixin.py:188} INFO - Chemin hôte data     : C:\Users\Al\Desktop\Travail\Cours_HETIC\2nd_year\1st_semester\Feature_enginering\TP\Data-Engineering-101\data
[2026-03-26T20:15:37.919+0000] {logging_mixin.py:188} INFO - Chemin hôte pipeline : C:\Users\Al\Desktop\Travail\Cours_HETIC\2nd_year\1st_semester\Feature_enginering\TP\Data-Engineering-101\elk\logstash\pipeline
[2026-03-26T20:15:37.920+0000] {logging_mixin.py:188} INFO - Réseau Docker        : data-engineering-101_anidata-network
[2026-03-26T20:15:37.929+0000] {logging_mixin.py:188} INFO - Suppression du conteneur résiduel : anidata-logstash-run
[2026-03-26T20:15:38.380+0000] {logging_mixin.py:188} INFO - Conteneur Logstash démarré : 88188f8de6f3
[2026-03-26T20:15:38.400+0000] {logging_mixin.py:188} INFO - 2026/03/26 20:15:38 Setting 'xpack.monitoring.enabled' from environment.
[2026-03-26T20:15:38.413+0000] {logging_mixin.py:188} INFO - Using bundled JDK: /usr/share/logstash/jdk
[2026-03-26T20:15:48.365+0000] {logging_mixin.py:188} INFO - /usr/share/logstash/vendor/bundle/jruby/3.1.0/gems/concurrent-ruby-1.1.9/lib/concurrent-ruby/concurrent/executor/java_thread_pool_executor.rb:13: warning: method redefined; discarding old to_int
[2026-03-26T20:15:48.366+0000] {logging_mixin.py:188} INFO - /usr/share/logstash/vendor/bundle/jruby/3.1.0/gems/concurrent-ruby-1.1.9/lib/concurrent-ruby/concurrent/executor/java_thread_pool_executor.rb:13: warning: method redefined; discarding old to_f
[2026-03-26T20:15:53.124+0000] {logging_mixin.py:188} INFO - Sending Logstash logs to /usr/share/logstash/logs which is now configured via log4j2.properties
[2026-03-26T20:15:53.348+0000] {logging_mixin.py:188} INFO - [2026-03-26T20:15:53,343][INFO ][logstash.runner          ] Log4j configuration path used is: /usr/share/logstash/config/log4j2.properties
[2026-03-26T20:15:53.352+0000] {logging_mixin.py:188} INFO - [2026-03-26T20:15:53,350][INFO ][logstash.runner          ] Starting Logstash {"logstash.version"=>"8.12.0", "jruby.version"=>"jruby 9.4.5.0 (3.1.4) 2023-11-02 1abae2700f OpenJDK 64-Bit Server VM 17.0.9+9 on 17.0.9+9 +indy +jit [x86_64-linux]"}
[2026-03-26T20:15:53.354+0000] {logging_mixin.py:188} INFO - [2026-03-26T20:15:53,352][INFO ][logstash.runner          ] JVM bootstrap flags: [-Xms1g, -Xmx1g, -Djava.awt.headless=true, -Dfile.encoding=UTF-8, -Djruby.compile.invokedynamic=true, -XX:+HeapDumpOnOutOfMemoryError, -Djava.security.egd=file:/dev/urandom, -Dlog4j2.isThreadContextMapInheritable=true, -Dlogstash.jackson.stream-read-constraints.max-string-length=200000000, -Dlogstash.jackson.stream-read-constraints.max-number-length=10000, -Dls.cgroup.cpuacct.path.override=/, -Dls.cgroup.cpu.path.override=/, -Xms256m, -Xmx256m, -Djruby.regexp.interruptible=true, -Djdk.io.File.enableADS=true, --add-exports=jdk.compiler/com.sun.tools.javac.api=ALL-UNNAMED, --add-exports=jdk.compiler/com.sun.tools.javac.file=ALL-UNNAMED, --add-exports=jdk.compiler/com.sun.tools.javac.parser=ALL-UNNAMED, --add-exports=jdk.compiler/com.sun.tools.javac.tree=ALL-UNNAMED, --add-exports=jdk.compiler/com.sun.tools.javac.util=ALL-UNNAMED, --add-opens=java.base/java.security=ALL-UNNAMED, --add-opens=java.base/java.io=ALL-UNNAMED, --add-opens=java.base/java.nio.channels=ALL-UNNAMED, --add-opens=java.base/sun.nio.ch=ALL-UNNAMED, --add-opens=java.management/sun.management=ALL-UNNAMED]
[2026-03-26T20:15:53.357+0000] {logging_mixin.py:188} INFO - [2026-03-26T20:15:53,355][INFO ][logstash.runner          ] Jackson default value override `logstash.jackson.stream-read-constraints.max-string-length` configured to `200000000`
[2026-03-26T20:15:53.358+0000] {logging_mixin.py:188} INFO - [2026-03-26T20:15:53,355][INFO ][logstash.runner          ] Jackson default value override `logstash.jackson.stream-read-constraints.max-number-length` configured to `10000`
[2026-03-26T20:15:53.369+0000] {logging_mixin.py:188} INFO - [2026-03-26T20:15:53,366][INFO ][logstash.settings        ] Creating directory {:setting=>"path.queue", :path=>"/usr/share/logstash/data/queue"}
[2026-03-26T20:15:53.371+0000] {logging_mixin.py:188} INFO - [2026-03-26T20:15:53,369][INFO ][logstash.settings        ] Creating directory {:setting=>"path.dead_letter_queue", :path=>"/usr/share/logstash/data/dead_letter_queue"}
[2026-03-26T20:15:53.616+0000] {logging_mixin.py:188} INFO - [2026-03-26T20:15:53,613][INFO ][logstash.agent           ] No persistent UUID file found. Generating new UUID {:uuid=>"a325b150-aa62-4021-b5e8-ae8cc40ea28d", :path=>"/usr/share/logstash/data/uuid"}
[2026-03-26T20:15:54.209+0000] {logging_mixin.py:188} INFO - [2026-03-26T20:15:54,206][INFO ][logstash.agent           ] Successfully started Logstash API endpoint {:port=>9600, :ssl_enabled=>false}
[2026-03-26T20:15:55.386+0000] {logging_mixin.py:188} INFO - [2026-03-26T20:15:55,383][INFO ][org.reflections.Reflections] Reflections took 133 ms to scan 1 urls, producing 132 keys and 468 values
[2026-03-26T20:15:55.831+0000] {logging_mixin.py:188} INFO - [2026-03-26T20:15:55,828][INFO ][logstash.javapipeline    ] Pipeline `main` is configured with `pipeline.ecs_compatibility: v8` setting. All plugins in this pipeline will default to `ecs_compatibility => v8` unless explicitly configured otherwise.
[2026-03-26T20:15:55.867+0000] {logging_mixin.py:188} INFO - [2026-03-26T20:15:55,863][INFO ][logstash.outputs.elasticsearch][main] New Elasticsearch output {:class=>"LogStash::Outputs::ElasticSearch", :hosts=>["http://elasticsearch:9200"]}
[2026-03-26T20:15:56.001+0000] {logging_mixin.py:188} INFO - [2026-03-26T20:15:55,998][INFO ][logstash.outputs.elasticsearch][main] Elasticsearch pool URLs updated {:changes=>{:removed=>[], :added=>[http://elasticsearch:9200/]}}
[2026-03-26T20:15:56.141+0000] {logging_mixin.py:188} INFO - [2026-03-26T20:15:56,138][WARN ][logstash.outputs.elasticsearch][main] Restored connection to ES instance {:url=>"http://elasticsearch:9200/"}
[2026-03-26T20:15:56.142+0000] {logging_mixin.py:188} INFO - [2026-03-26T20:15:56,139][INFO ][logstash.outputs.elasticsearch][main] Elasticsearch version determined (8.12.0) {:es_version=>8}
[2026-03-26T20:15:56.143+0000] {logging_mixin.py:188} INFO - [2026-03-26T20:15:56,139][WARN ][logstash.outputs.elasticsearch][main] Detected a 6.x and above cluster: the `type` event field won't be used to determine the document _type {:es_version=>8}
[2026-03-26T20:15:56.161+0000] {logging_mixin.py:188} INFO - [2026-03-26T20:15:56,158][INFO ][logstash.outputs.elasticsearch][main] Not eligible for data streams because config contains one or more settings that are not compatible with data streams: {"index"=>"anime", "action"=>"index"}
[2026-03-26T20:15:56.162+0000] {logging_mixin.py:188} INFO - [2026-03-26T20:15:56,159][INFO ][logstash.outputs.elasticsearch][main] Data streams auto configuration (`data_stream => auto` or unset) resolved to `false`
[2026-03-26T20:15:56.165+0000] {logging_mixin.py:188} INFO - [2026-03-26T20:15:56,163][INFO ][logstash.filters.csv     ][main] ECS compatibility is enabled but `target` option was not specified. This may cause fields to be set at the top-level of the event where they are likely to clash with the Elastic Common Schema. It is recommended to set the `target` option to avoid potential schema conflicts (if your data is ECS compliant or non-conflicting, feel free to ignore this message)
[2026-03-26T20:15:56.176+0000] {logging_mixin.py:188} INFO - [2026-03-26T20:15:56,173][INFO ][logstash.outputs.elasticsearch][main] Using a default mapping template {:es_version=>8, :ecs_compatibility=>:v8}
[2026-03-26T20:15:56.190+0000] {logging_mixin.py:188} INFO - [2026-03-26T20:15:56,188][INFO ][logstash.javapipeline    ][main] Starting pipeline {:pipeline_id=>"main", "pipeline.workers"=>8, "pipeline.batch.size"=>125, "pipeline.batch.delay"=>50, "pipeline.max_inflight"=>1000, "pipeline.sources"=>["/usr/share/logstash/pipeline/anime.conf"], :thread=>"#<Thread:0x2bd1c3c8 /usr/share/logstash/logstash-core/lib/logstash/java_pipeline.rb:134 run>"}
[2026-03-26T20:15:56.221+0000] {logging_mixin.py:188} INFO - [2026-03-26T20:15:56,219][INFO ][logstash.outputs.elasticsearch][main] Installing Elasticsearch template {:name=>"ecs-logstash"}
[2026-03-26T20:15:57.817+0000] {logging_mixin.py:188} INFO - [2026-03-26T20:15:57,814][INFO ][logstash.javapipeline    ][main] Pipeline Java execution initialization time {"seconds"=>1.63}
[2026-03-26T20:15:57.835+0000] {logging_mixin.py:188} INFO - [2026-03-26T20:15:57,832][INFO ][logstash.javapipeline    ][main] Pipeline started {"pipeline.id"=>"main"}
[2026-03-26T20:15:57.842+0000] {logging_mixin.py:188} INFO - [2026-03-26T20:15:57,839][INFO ][filewatch.observingread  ][main][f559ce64b3c23407c7ae163125bb041205c951794d239c2e68135d15656047be] START, creating Discoverer, Watch with file and sincedb collections
[2026-03-26T20:15:57.856+0000] {logging_mixin.py:188} INFO - [2026-03-26T20:15:57,853][INFO ][logstash.agent           ] Pipelines running {:count=>1, :running_pipelines=>[:main], :non_running_pipelines=>[]}
[2026-03-26T20:30:38.758+0000] {timeout.py:68} ERROR - Process timed out, PID: 1432
[2026-03-26T20:30:38.782+0000] {taskinstance.py:2698} ERROR - Task failed with exception
Traceback (most recent call last):
  File "/home/airflow/.local/lib/python3.11/site-packages/airflow/models/taskinstance.py", line 428, in _execute_task
    result = execute_callable(context=context, **execute_callable_kwargs)
             ^^^^^^^^^^^^^^^^^^^^^^^^^^^^^^^^^^^^^^^^^^^^^^^^^^^^^^^^^^^^
  File "/home/airflow/.local/lib/python3.11/site-packages/airflow/operators/python.py", line 199, in execute
    return_value = self.execute_callable()
                   ^^^^^^^^^^^^^^^^^^^^^^^
  File "/home/airflow/.local/lib/python3.11/site-packages/airflow/operators/python.py", line 216, in execute_callable
    return self.python_callable(*self.op_args, **self.op_kwargs)
           ^^^^^^^^^^^^^^^^^^^^^^^^^^^^^^^^^^^^^^^^^^^^^^^^^^^^^
  File "/opt/airflow/dags/03_load_anime.py", line 89, in _run_logstash
    for line in container.logs(stream=True, follow=True):
  File "/home/airflow/.local/lib/python3.11/site-packages/docker/types/daemon.py", line 29, in __next__
    return next(self._stream)
           ^^^^^^^^^^^^^^^^^^
  File "/home/airflow/.local/lib/python3.11/site-packages/docker/api/client.py", line 392, in _multiplexed_response_stream_helper
    header = response.raw.read(STREAM_HEADER_SIZE_BYTES)
             ^^^^^^^^^^^^^^^^^^^^^^^^^^^^^^^^^^^^^^^^^^^
  File "/home/airflow/.local/lib/python3.11/site-packages/urllib3/response.py", line 879, in read
    data = self._raw_read(amt)
           ^^^^^^^^^^^^^^^^^^^
  File "/home/airflow/.local/lib/python3.11/site-packages/urllib3/response.py", line 814, in _raw_read
    data = self._fp_read(amt) if not fp_closed else b""
           ^^^^^^^^^^^^^^^^^^
  File "/home/airflow/.local/lib/python3.11/site-packages/urllib3/response.py", line 799, in _fp_read
    return self._fp.read(amt) if amt is not None else self._fp.read()
           ^^^^^^^^^^^^^^^^^^
  File "/usr/local/lib/python3.11/http/client.py", line 467, in read
    return self._read_chunked(amt)
           ^^^^^^^^^^^^^^^^^^^^^^^
  File "/usr/local/lib/python3.11/http/client.py", line 590, in _read_chunked
    chunk_left = self._get_chunk_left()
                 ^^^^^^^^^^^^^^^^^^^^^^
  File "/usr/local/lib/python3.11/http/client.py", line 573, in _get_chunk_left
    chunk_left = self._read_next_chunk_size()
                 ^^^^^^^^^^^^^^^^^^^^^^^^^^^^
  File "/usr/local/lib/python3.11/http/client.py", line 533, in _read_next_chunk_size
    line = self.fp.readline(_MAXLINE + 1)
           ^^^^^^^^^^^^^^^^^^^^^^^^^^^^^^
  File "/usr/local/lib/python3.11/socket.py", line 706, in readinto
    return self._sock.recv_into(b)
           ^^^^^^^^^^^^^^^^^^^^^^^
  File "/home/airflow/.local/lib/python3.11/site-packages/airflow/utils/timeout.py", line 69, in handle_timeout
    raise AirflowTaskTimeout(self.error_message)
airflow.exceptions.AirflowTaskTimeout: Timeout, PID: 1432
[2026-03-26T20:30:38.799+0000] {taskinstance.py:1138} INFO - Marking task as UP_FOR_RETRY. dag_id=03_load_anime, task_id=run_logstash, execution_date=20260326T201533, start_date=20260326T201537, end_date=20260326T203038
[2026-03-26T20:30:38.823+0000] {standard_task_runner.py:107} ERROR - Failed to execute job 309 for task run_logstash (Timeout, PID: 1432; 1432)
[2026-03-26T20:30:38.869+0000] {local_task_job_runner.py:234} INFO - Task exited with return code 1
[2026-03-26T20:30:38.913+0000] {taskinstance.py:3280} INFO - 0 downstream tasks scheduled from follow-on schedule check
