[2026-04-27T08:50:21.616+0000] {taskinstance.py:1956} INFO - Dependencies all met for dep_context=non-requeueable deps ti=<TaskInstance: 05_full_pipeline.trigger_extract manual__2026-04-27T08:50:18.878985+00:00 [queued]>
[2026-04-27T08:50:21.634+0000] {taskinstance.py:1956} INFO - Dependencies all met for dep_context=requeueable deps ti=<TaskInstance: 05_full_pipeline.trigger_extract manual__2026-04-27T08:50:18.878985+00:00 [queued]>
[2026-04-27T08:50:21.635+0000] {taskinstance.py:2170} INFO - Starting attempt 1 of 2
[2026-04-27T08:50:21.657+0000] {taskinstance.py:2191} INFO - Executing <Task(TriggerDagRunOperator): trigger_extract> on 2026-04-27 08:50:18.878985+00:00
[2026-04-27T08:50:21.665+0000] {standard_task_runner.py:60} INFO - Started process 3384 to run task
[2026-04-27T08:50:21.670+0000] {standard_task_runner.py:87} INFO - Running: ['***', 'tasks', 'run', '05_full_pipeline', 'trigger_extract', 'manual__2026-04-27T08:50:18.878985+00:00', '--job-id', '14', '--raw', '--subdir', 'DAGS_FOLDER/05_full_pipeline.py', '--cfg-path', '/tmp/tmp1foj6wam']
[2026-04-27T08:50:21.674+0000] {standard_task_runner.py:88} INFO - Job 14: Subtask trigger_extract
[2026-04-27T08:50:21.767+0000] {task_command.py:423} INFO - Running <TaskInstance: 05_full_pipeline.trigger_extract manual__2026-04-27T08:50:18.878985+00:00 [running]> on host 7f080beffe36
[2026-04-27T08:50:21.923+0000] {taskinstance.py:2480} INFO - Exporting env vars: AIRFLOW_CTX_DAG_OWNER='anidata-lab' AIRFLOW_CTX_DAG_ID='05_full_pipeline' AIRFLOW_CTX_TASK_ID='trigger_extract' AIRFLOW_CTX_EXECUTION_DATE='2026-04-27T08:50:18.878985+00:00' AIRFLOW_CTX_TRY_NUMBER='1' AIRFLOW_CTX_DAG_RUN_ID='manual__2026-04-27T08:50:18.878985+00:00'
[2026-04-27T08:50:22.073+0000] {trigger_dagrun.py:210} INFO - Waiting for 01_extract_anime on 2026-04-27 08:50:21.924667+00:00 to become allowed state ['success'] ...
[2026-04-27T08:50:32.093+0000] {trigger_dagrun.py:210} INFO - Waiting for 01_extract_anime on 2026-04-27 08:50:21.924667+00:00 to become allowed state ['success'] ...
[2026-04-27T08:50:42.090+0000] {trigger_dagrun.py:210} INFO - Waiting for 01_extract_anime on 2026-04-27 08:50:21.924667+00:00 to become allowed state ['success'] ...
[2026-04-27T08:50:52.109+0000] {trigger_dagrun.py:210} INFO - Waiting for 01_extract_anime on 2026-04-27 08:50:21.924667+00:00 to become allowed state ['success'] ...
[2026-04-27T08:51:02.128+0000] {trigger_dagrun.py:210} INFO - Waiting for 01_extract_anime on 2026-04-27 08:50:21.924667+00:00 to become allowed state ['success'] ...
[2026-04-27T08:51:12.142+0000] {trigger_dagrun.py:210} INFO - Waiting for 01_extract_anime on 2026-04-27 08:50:21.924667+00:00 to become allowed state ['success'] ...
[2026-04-27T08:51:22.161+0000] {trigger_dagrun.py:210} INFO - Waiting for 01_extract_anime on 2026-04-27 08:50:21.924667+00:00 to become allowed state ['success'] ...
[2026-04-27T08:51:32.179+0000] {trigger_dagrun.py:210} INFO - Waiting for 01_extract_anime on 2026-04-27 08:50:21.924667+00:00 to become allowed state ['success'] ...
[2026-04-27T08:51:42.188+0000] {trigger_dagrun.py:210} INFO - Waiting for 01_extract_anime on 2026-04-27 08:50:21.924667+00:00 to become allowed state ['success'] ...
[2026-04-27T08:51:52.207+0000] {trigger_dagrun.py:210} INFO - Waiting for 01_extract_anime on 2026-04-27 08:50:21.924667+00:00 to become allowed state ['success'] ...
[2026-04-27T08:52:02.226+0000] {trigger_dagrun.py:210} INFO - Waiting for 01_extract_anime on 2026-04-27 08:50:21.924667+00:00 to become allowed state ['success'] ...
[2026-04-27T08:52:12.226+0000] {trigger_dagrun.py:210} INFO - Waiting for 01_extract_anime on 2026-04-27 08:50:21.924667+00:00 to become allowed state ['success'] ...
[2026-04-27T08:52:22.245+0000] {trigger_dagrun.py:210} INFO - Waiting for 01_extract_anime on 2026-04-27 08:50:21.924667+00:00 to become allowed state ['success'] ...
[2026-04-27T08:52:32.264+0000] {trigger_dagrun.py:210} INFO - Waiting for 01_extract_anime on 2026-04-27 08:50:21.924667+00:00 to become allowed state ['success'] ...
[2026-04-27T08:52:42.279+0000] {trigger_dagrun.py:210} INFO - Waiting for 01_extract_anime on 2026-04-27 08:50:21.924667+00:00 to become allowed state ['success'] ...
[2026-04-27T08:52:52.297+0000] {trigger_dagrun.py:210} INFO - Waiting for 01_extract_anime on 2026-04-27 08:50:21.924667+00:00 to become allowed state ['success'] ...
[2026-04-27T08:53:02.317+0000] {trigger_dagrun.py:210} INFO - Waiting for 01_extract_anime on 2026-04-27 08:50:21.924667+00:00 to become allowed state ['success'] ...
[2026-04-27T08:53:12.333+0000] {trigger_dagrun.py:210} INFO - Waiting for 01_extract_anime on 2026-04-27 08:50:21.924667+00:00 to become allowed state ['success'] ...
[2026-04-27T08:53:22.351+0000] {trigger_dagrun.py:210} INFO - Waiting for 01_extract_anime on 2026-04-27 08:50:21.924667+00:00 to become allowed state ['success'] ...
[2026-04-27T08:53:32.370+0000] {trigger_dagrun.py:210} INFO - Waiting for 01_extract_anime on 2026-04-27 08:50:21.924667+00:00 to become allowed state ['success'] ...
[2026-04-27T08:53:42.393+0000] {trigger_dagrun.py:210} INFO - Waiting for 01_extract_anime on 2026-04-27 08:50:21.924667+00:00 to become allowed state ['success'] ...
[2026-04-27T08:53:52.413+0000] {trigger_dagrun.py:210} INFO - Waiting for 01_extract_anime on 2026-04-27 08:50:21.924667+00:00 to become allowed state ['success'] ...
[2026-04-27T08:54:02.435+0000] {trigger_dagrun.py:210} INFO - Waiting for 01_extract_anime on 2026-04-27 08:50:21.924667+00:00 to become allowed state ['success'] ...
[2026-04-27T08:54:12.462+0000] {trigger_dagrun.py:210} INFO - Waiting for 01_extract_anime on 2026-04-27 08:50:21.924667+00:00 to become allowed state ['success'] ...
[2026-04-27T08:54:22.482+0000] {trigger_dagrun.py:210} INFO - Waiting for 01_extract_anime on 2026-04-27 08:50:21.924667+00:00 to become allowed state ['success'] ...
[2026-04-27T08:54:32.523+0000] {taskinstance.py:2698} ERROR - Task failed with exception
Traceback (most recent call last):
  File "/home/airflow/.local/lib/python3.11/site-packages/airflow/models/taskinstance.py", line 433, in _execute_task
    result = execute_callable(context=context, **execute_callable_kwargs)
             ^^^^^^^^^^^^^^^^^^^^^^^^^^^^^^^^^^^^^^^^^^^^^^^^^^^^^^^^^^^^
  File "/home/airflow/.local/lib/python3.11/site-packages/airflow/operators/trigger_dagrun.py", line 221, in execute
    raise AirflowException(f"{self.trigger_dag_id} failed with failed states {state}")
airflow.exceptions.AirflowException: 01_extract_anime failed with failed states failed
[2026-04-27T08:54:32.529+0000] {taskinstance.py:1138} INFO - Marking task as UP_FOR_RETRY. dag_id=05_full_pipeline, task_id=trigger_extract, execution_date=20260427T085018, start_date=20260427T085021, end_date=20260427T085432
[2026-04-27T08:54:32.553+0000] {standard_task_runner.py:107} ERROR - Failed to execute job 14 for task trigger_extract (01_extract_anime failed with failed states failed; 3384)
[2026-04-27T08:54:32.597+0000] {local_task_job_runner.py:234} INFO - Task exited with return code 1
[2026-04-27T08:54:32.641+0000] {taskinstance.py:3280} INFO - 0 downstream tasks scheduled from follow-on schedule check
