[2026-04-27T08:56:33.192+0000] {taskinstance.py:1956} INFO - Dependencies all met for dep_context=non-requeueable deps ti=<TaskInstance: 05_full_pipeline.trigger_extract manual__2026-04-27T08:50:18.878985+00:00 [queued]>
[2026-04-27T08:56:33.211+0000] {taskinstance.py:1956} INFO - Dependencies all met for dep_context=requeueable deps ti=<TaskInstance: 05_full_pipeline.trigger_extract manual__2026-04-27T08:50:18.878985+00:00 [queued]>
[2026-04-27T08:56:33.212+0000] {taskinstance.py:2170} INFO - Starting attempt 2 of 2
[2026-04-27T08:56:33.235+0000] {taskinstance.py:2191} INFO - Executing <Task(TriggerDagRunOperator): trigger_extract> on 2026-04-27 08:50:18.878985+00:00
[2026-04-27T08:56:33.243+0000] {standard_task_runner.py:60} INFO - Started process 4059 to run task
[2026-04-27T08:56:33.248+0000] {standard_task_runner.py:87} INFO - Running: ['***', 'tasks', 'run', '05_full_pipeline', 'trigger_extract', 'manual__2026-04-27T08:50:18.878985+00:00', '--job-id', '44', '--raw', '--subdir', 'DAGS_FOLDER/05_full_pipeline.py', '--cfg-path', '/tmp/tmp4tw0qxwl']
[2026-04-27T08:56:33.252+0000] {standard_task_runner.py:88} INFO - Job 44: Subtask trigger_extract
[2026-04-27T08:56:33.353+0000] {task_command.py:423} INFO - Running <TaskInstance: 05_full_pipeline.trigger_extract manual__2026-04-27T08:50:18.878985+00:00 [running]> on host 7f080beffe36
[2026-04-27T08:56:33.508+0000] {taskinstance.py:2480} INFO - Exporting env vars: AIRFLOW_CTX_DAG_OWNER='anidata-lab' AIRFLOW_CTX_DAG_ID='05_full_pipeline' AIRFLOW_CTX_TASK_ID='trigger_extract' AIRFLOW_CTX_EXECUTION_DATE='2026-04-27T08:50:18.878985+00:00' AIRFLOW_CTX_TRY_NUMBER='2' AIRFLOW_CTX_DAG_RUN_ID='manual__2026-04-27T08:50:18.878985+00:00'
[2026-04-27T08:56:33.666+0000] {trigger_dagrun.py:210} INFO - Waiting for 01_extract_anime on 2026-04-27 08:56:33.510506+00:00 to become allowed state ['success'] ...
[2026-04-27T08:56:43.696+0000] {trigger_dagrun.py:210} INFO - Waiting for 01_extract_anime on 2026-04-27 08:56:33.510506+00:00 to become allowed state ['success'] ...
[2026-04-27T08:56:53.718+0000] {trigger_dagrun.py:210} INFO - Waiting for 01_extract_anime on 2026-04-27 08:56:33.510506+00:00 to become allowed state ['success'] ...
[2026-04-27T08:57:03.741+0000] {trigger_dagrun.py:210} INFO - Waiting for 01_extract_anime on 2026-04-27 08:56:33.510506+00:00 to become allowed state ['success'] ...
[2026-04-27T08:57:13.769+0000] {trigger_dagrun.py:210} INFO - Waiting for 01_extract_anime on 2026-04-27 08:56:33.510506+00:00 to become allowed state ['success'] ...
[2026-04-27T08:57:23.788+0000] {trigger_dagrun.py:210} INFO - Waiting for 01_extract_anime on 2026-04-27 08:56:33.510506+00:00 to become allowed state ['success'] ...
[2026-04-27T08:57:33.806+0000] {trigger_dagrun.py:210} INFO - Waiting for 01_extract_anime on 2026-04-27 08:56:33.510506+00:00 to become allowed state ['success'] ...
[2026-04-27T08:57:43.824+0000] {trigger_dagrun.py:210} INFO - Waiting for 01_extract_anime on 2026-04-27 08:56:33.510506+00:00 to become allowed state ['success'] ...
[2026-04-27T08:57:53.843+0000] {trigger_dagrun.py:210} INFO - Waiting for 01_extract_anime on 2026-04-27 08:56:33.510506+00:00 to become allowed state ['success'] ...
[2026-04-27T08:57:54.967+0000] {local_task_job_runner.py:121} ERROR - Received SIGTERM. Terminating subprocesses
[2026-04-27T08:57:54.998+0000] {process_utils.py:131} INFO - Sending 15 to group 4059. PIDs of all processes in the group: [4059]
[2026-04-27T08:57:54.999+0000] {process_utils.py:86} INFO - Sending the signal 15 to group 4059
[2026-04-27T08:57:55.009+0000] {taskinstance.py:2450} ERROR - Received SIGTERM. Terminating subprocesses.
[2026-04-27T08:57:55.057+0000] {taskinstance.py:2698} ERROR - Task failed with exception
Traceback (most recent call last):
  File "/home/airflow/.local/lib/python3.11/site-packages/airflow/models/taskinstance.py", line 433, in _execute_task
    result = execute_callable(context=context, **execute_callable_kwargs)
             ^^^^^^^^^^^^^^^^^^^^^^^^^^^^^^^^^^^^^^^^^^^^^^^^^^^^^^^^^^^^
  File "/home/airflow/.local/lib/python3.11/site-packages/airflow/operators/trigger_dagrun.py", line 216, in execute
    time.sleep(self.poke_interval)
  File "/home/airflow/.local/lib/python3.11/site-packages/airflow/models/taskinstance.py", line 2452, in signal_handler
    raise AirflowException("Task received SIGTERM signal")
airflow.exceptions.AirflowException: Task received SIGTERM signal
[2026-04-27T08:57:55.066+0000] {taskinstance.py:1138} INFO - Marking task as FAILED. dag_id=05_full_pipeline, task_id=trigger_extract, execution_date=20260427T085018, start_date=20260427T085633, end_date=20260427T085755
[2026-04-27T08:57:55.132+0000] {standard_task_runner.py:107} ERROR - Failed to execute job 44 for task trigger_extract (Task received SIGTERM signal; 4059)
[2026-04-27T08:57:55.216+0000] {process_utils.py:79} INFO - Process psutil.Process(pid=4059, status='terminated', exitcode=1, started='08:56:32') (4059) terminated with exit code 1
[2026-04-27T08:57:55.221+0000] {local_task_job_runner.py:234} INFO - Task exited with return code 143
[2026-04-27T08:57:55.291+0000] {taskinstance.py:3280} INFO - 0 downstream tasks scheduled from follow-on schedule check
