[2026-03-26T19:10:06.254+0000] {taskinstance.py:1956} INFO - Dependencies all met for dep_context=non-requeueable deps ti=<TaskInstance: 01_extract_anime.extract_anime manual__2026-03-26T19:06:01.253008+00:00 [queued]>
[2026-03-26T19:10:06.268+0000] {taskinstance.py:1956} INFO - Dependencies all met for dep_context=requeueable deps ti=<TaskInstance: 01_extract_anime.extract_anime manual__2026-03-26T19:06:01.253008+00:00 [queued]>
[2026-03-26T19:10:06.269+0000] {taskinstance.py:2170} INFO - Starting attempt 3 of 3
[2026-03-26T19:10:06.291+0000] {taskinstance.py:2191} INFO - Executing <Task(PythonOperator): extract_anime> on 2026-03-26 19:06:01.253008+00:00
[2026-03-26T19:10:06.299+0000] {standard_task_runner.py:60} INFO - Started process 506 to run task
[2026-03-26T19:10:06.305+0000] {standard_task_runner.py:87} INFO - Running: ['***', 'tasks', 'run', '01_extract_anime', 'extract_anime', 'manual__2026-03-26T19:06:01.253008+00:00', '--job-id', '246', '--raw', '--subdir', 'DAGS_FOLDER/01_extract_anime.py', '--cfg-path', '/tmp/tmpa3rdw7xq']
[2026-03-26T19:10:06.310+0000] {standard_task_runner.py:88} INFO - Job 246: Subtask extract_anime
[2026-03-26T19:10:06.414+0000] {task_command.py:423} INFO - Running <TaskInstance: 01_extract_anime.extract_anime manual__2026-03-26T19:06:01.253008+00:00 [running]> on host 397a5f27f712
[2026-03-26T19:10:06.590+0000] {taskinstance.py:2480} INFO - Exporting env vars: AIRFLOW_CTX_DAG_OWNER='anidata-lab' AIRFLOW_CTX_DAG_ID='01_extract_anime' AIRFLOW_CTX_TASK_ID='extract_anime' AIRFLOW_CTX_EXECUTION_DATE='2026-03-26T19:06:01.253008+00:00' AIRFLOW_CTX_TRY_NUMBER='3' AIRFLOW_CTX_DAG_RUN_ID='manual__2026-03-26T19:06:01.253008+00:00'
[2026-03-26T19:10:06.593+0000] {taskinstance.py:2698} ERROR - Task failed with exception
Traceback (most recent call last):
  File "/home/airflow/.local/lib/python3.11/site-packages/airflow/models/taskinstance.py", line 433, in _execute_task
    result = execute_callable(context=context, **execute_callable_kwargs)
             ^^^^^^^^^^^^^^^^^^^^^^^^^^^^^^^^^^^^^^^^^^^^^^^^^^^^^^^^^^^^
  File "/home/airflow/.local/lib/python3.11/site-packages/airflow/operators/python.py", line 199, in execute
    return_value = self.execute_callable()
                   ^^^^^^^^^^^^^^^^^^^^^^^
  File "/home/airflow/.local/lib/python3.11/site-packages/airflow/operators/python.py", line 216, in execute_callable
    return self.python_callable(*self.op_args, **self.op_kwargs)
           ^^^^^^^^^^^^^^^^^^^^^^^^^^^^^^^^^^^^^^^^^^^^^^^^^^^^^
  File "/opt/airflow/dags/01_extract_anime.py", line 24, in _extract_anime
    result = extract_csv("anime")
             ^^^^^^^^^^^^^^^^^^^^
  File "/opt/airflow/scripts/extract.py", line 34, in extract_csv
    raise FileNotFoundError(f"Fichier introuvable : {filepath}")
FileNotFoundError: Fichier introuvable : /opt/***/data/anime.csv
[2026-03-26T19:10:06.633+0000] {taskinstance.py:1138} INFO - Marking task as FAILED. dag_id=01_extract_anime, task_id=extract_anime, execution_date=20260326T190601, start_date=20260326T191006, end_date=20260326T191006
[2026-03-26T19:10:06.704+0000] {standard_task_runner.py:107} ERROR - Failed to execute job 246 for task extract_anime (Fichier introuvable : /opt/***/data/anime.csv; 506)
[2026-03-26T19:10:06.719+0000] {local_task_job_runner.py:234} INFO - Task exited with return code 1
[2026-03-26T19:10:06.788+0000] {taskinstance.py:3280} INFO - 0 downstream tasks scheduled from follow-on schedule check
