[2026-03-23T15:43:15.656+0000] {processor.py:161} INFO - Started process (PID=218) to work on /opt/airflow/dags/00_hello_anidata.py
[2026-03-23T15:43:15.657+0000] {processor.py:830} INFO - Processing file /opt/airflow/dags/00_hello_anidata.py for tasks to queue
[2026-03-23T15:43:15.659+0000] {logging_mixin.py:188} INFO - [2026-03-23T15:43:15.658+0000] {dagbag.py:538} INFO - Filling up the DagBag from /opt/airflow/dags/00_hello_anidata.py
[2026-03-23T15:43:15.705+0000] {processor.py:840} INFO - DAG(s) '00_hello_anidata' retrieved from /opt/airflow/dags/00_hello_anidata.py
[2026-03-23T15:43:15.878+0000] {logging_mixin.py:188} INFO - [2026-03-23T15:43:15.877+0000] {override.py:1769} INFO - Created Permission View: can read on DAG:00_hello_anidata
[2026-03-23T15:43:15.897+0000] {logging_mixin.py:188} INFO - [2026-03-23T15:43:15.896+0000] {override.py:1769} INFO - Created Permission View: can delete on DAG:00_hello_anidata
[2026-03-23T15:43:15.910+0000] {logging_mixin.py:188} INFO - [2026-03-23T15:43:15.909+0000] {override.py:1769} INFO - Created Permission View: can edit on DAG:00_hello_anidata
[2026-03-23T15:43:15.911+0000] {logging_mixin.py:188} INFO - [2026-03-23T15:43:15.911+0000] {dag.py:3036} INFO - Sync 1 DAGs
[2026-03-23T15:43:15.930+0000] {logging_mixin.py:188} INFO - [2026-03-23T15:43:15.930+0000] {dag.py:3058} INFO - Creating ORM DAG for 00_hello_anidata
[2026-03-23T15:43:15.932+0000] {logging_mixin.py:188} INFO - [2026-03-23T15:43:15.931+0000] {dag.py:3823} INFO - Setting next_dagrun for 00_hello_anidata to None, run_after=None
[2026-03-23T15:43:15.972+0000] {processor.py:183} INFO - Processing /opt/airflow/dags/00_hello_anidata.py took 0.322 seconds
[2026-03-23T15:43:46.413+0000] {processor.py:161} INFO - Started process (PID=252) to work on /opt/airflow/dags/00_hello_anidata.py
[2026-03-23T15:43:46.415+0000] {processor.py:830} INFO - Processing file /opt/airflow/dags/00_hello_anidata.py for tasks to queue
[2026-03-23T15:43:46.416+0000] {logging_mixin.py:188} INFO - [2026-03-23T15:43:46.416+0000] {dagbag.py:538} INFO - Filling up the DagBag from /opt/airflow/dags/00_hello_anidata.py
[2026-03-23T15:43:46.450+0000] {processor.py:840} INFO - DAG(s) '00_hello_anidata' retrieved from /opt/airflow/dags/00_hello_anidata.py
[2026-03-23T15:43:46.494+0000] {logging_mixin.py:188} INFO - [2026-03-23T15:43:46.494+0000] {dag.py:3036} INFO - Sync 1 DAGs
[2026-03-23T15:43:46.520+0000] {logging_mixin.py:188} INFO - [2026-03-23T15:43:46.520+0000] {dag.py:3823} INFO - Setting next_dagrun for 00_hello_anidata to None, run_after=None
[2026-03-23T15:43:46.560+0000] {processor.py:183} INFO - Processing /opt/airflow/dags/00_hello_anidata.py took 0.153 seconds
[2026-03-23T15:44:17.297+0000] {processor.py:161} INFO - Started process (PID=284) to work on /opt/airflow/dags/00_hello_anidata.py
[2026-03-23T15:44:17.299+0000] {processor.py:830} INFO - Processing file /opt/airflow/dags/00_hello_anidata.py for tasks to queue
[2026-03-23T15:44:17.301+0000] {logging_mixin.py:188} INFO - [2026-03-23T15:44:17.300+0000] {dagbag.py:538} INFO - Filling up the DagBag from /opt/airflow/dags/00_hello_anidata.py
[2026-03-23T15:44:17.347+0000] {processor.py:840} INFO - DAG(s) '00_hello_anidata' retrieved from /opt/airflow/dags/00_hello_anidata.py
[2026-03-23T15:44:17.395+0000] {logging_mixin.py:188} INFO - [2026-03-23T15:44:17.395+0000] {dag.py:3036} INFO - Sync 1 DAGs
[2026-03-23T15:44:17.420+0000] {logging_mixin.py:188} INFO - [2026-03-23T15:44:17.420+0000] {dag.py:3823} INFO - Setting next_dagrun for 00_hello_anidata to None, run_after=None
[2026-03-23T15:44:17.461+0000] {processor.py:183} INFO - Processing /opt/airflow/dags/00_hello_anidata.py took 0.170 seconds
[2026-03-23T15:44:48.091+0000] {processor.py:161} INFO - Started process (PID=312) to work on /opt/airflow/dags/00_hello_anidata.py
[2026-03-23T15:44:48.093+0000] {processor.py:830} INFO - Processing file /opt/airflow/dags/00_hello_anidata.py for tasks to queue
[2026-03-23T15:44:48.095+0000] {logging_mixin.py:188} INFO - [2026-03-23T15:44:48.094+0000] {dagbag.py:538} INFO - Filling up the DagBag from /opt/airflow/dags/00_hello_anidata.py
[2026-03-23T15:44:48.131+0000] {processor.py:840} INFO - DAG(s) '00_hello_anidata' retrieved from /opt/airflow/dags/00_hello_anidata.py
[2026-03-23T15:44:48.176+0000] {logging_mixin.py:188} INFO - [2026-03-23T15:44:48.176+0000] {dag.py:3036} INFO - Sync 1 DAGs
[2026-03-23T15:44:48.205+0000] {logging_mixin.py:188} INFO - [2026-03-23T15:44:48.204+0000] {dag.py:3823} INFO - Setting next_dagrun for 00_hello_anidata to None, run_after=None
[2026-03-23T15:44:48.248+0000] {processor.py:183} INFO - Processing /opt/airflow/dags/00_hello_anidata.py took 0.162 seconds
[2026-03-23T15:45:19.487+0000] {processor.py:161} INFO - Started process (PID=352) to work on /opt/airflow/dags/00_hello_anidata.py
[2026-03-23T15:45:19.489+0000] {processor.py:830} INFO - Processing file /opt/airflow/dags/00_hello_anidata.py for tasks to queue
[2026-03-23T15:45:19.491+0000] {logging_mixin.py:188} INFO - [2026-03-23T15:45:19.490+0000] {dagbag.py:538} INFO - Filling up the DagBag from /opt/airflow/dags/00_hello_anidata.py
[2026-03-23T15:45:19.524+0000] {processor.py:840} INFO - DAG(s) '00_hello_anidata' retrieved from /opt/airflow/dags/00_hello_anidata.py
[2026-03-23T15:45:19.571+0000] {logging_mixin.py:188} INFO - [2026-03-23T15:45:19.571+0000] {dag.py:3036} INFO - Sync 1 DAGs
[2026-03-23T15:45:19.595+0000] {logging_mixin.py:188} INFO - [2026-03-23T15:45:19.594+0000] {dag.py:3823} INFO - Setting next_dagrun for 00_hello_anidata to None, run_after=None
[2026-03-23T15:45:19.630+0000] {processor.py:183} INFO - Processing /opt/airflow/dags/00_hello_anidata.py took 0.150 seconds
[2026-03-23T15:45:51.231+0000] {processor.py:161} INFO - Started process (PID=390) to work on /opt/airflow/dags/00_hello_anidata.py
[2026-03-23T15:45:51.234+0000] {processor.py:830} INFO - Processing file /opt/airflow/dags/00_hello_anidata.py for tasks to queue
[2026-03-23T15:45:51.236+0000] {logging_mixin.py:188} INFO - [2026-03-23T15:45:51.235+0000] {dagbag.py:538} INFO - Filling up the DagBag from /opt/airflow/dags/00_hello_anidata.py
[2026-03-23T15:45:51.278+0000] {processor.py:840} INFO - DAG(s) '00_hello_anidata' retrieved from /opt/airflow/dags/00_hello_anidata.py
[2026-03-23T15:45:51.324+0000] {logging_mixin.py:188} INFO - [2026-03-23T15:45:51.324+0000] {dag.py:3036} INFO - Sync 1 DAGs
[2026-03-23T15:45:51.349+0000] {logging_mixin.py:188} INFO - [2026-03-23T15:45:51.349+0000] {dag.py:3823} INFO - Setting next_dagrun for 00_hello_anidata to None, run_after=None
[2026-03-23T15:45:51.389+0000] {processor.py:183} INFO - Processing /opt/airflow/dags/00_hello_anidata.py took 0.163 seconds
[2026-03-23T15:46:21.992+0000] {processor.py:161} INFO - Started process (PID=423) to work on /opt/airflow/dags/00_hello_anidata.py
[2026-03-23T15:46:21.994+0000] {processor.py:830} INFO - Processing file /opt/airflow/dags/00_hello_anidata.py for tasks to queue
[2026-03-23T15:46:21.996+0000] {logging_mixin.py:188} INFO - [2026-03-23T15:46:21.995+0000] {dagbag.py:538} INFO - Filling up the DagBag from /opt/airflow/dags/00_hello_anidata.py
[2026-03-23T15:46:22.031+0000] {processor.py:840} INFO - DAG(s) '00_hello_anidata' retrieved from /opt/airflow/dags/00_hello_anidata.py
[2026-03-23T15:46:22.078+0000] {logging_mixin.py:188} INFO - [2026-03-23T15:46:22.078+0000] {dag.py:3036} INFO - Sync 1 DAGs
[2026-03-23T15:46:22.106+0000] {logging_mixin.py:188} INFO - [2026-03-23T15:46:22.106+0000] {dag.py:3823} INFO - Setting next_dagrun for 00_hello_anidata to None, run_after=None
[2026-03-23T15:46:22.145+0000] {processor.py:183} INFO - Processing /opt/airflow/dags/00_hello_anidata.py took 0.158 seconds
[2026-03-23T15:46:52.789+0000] {processor.py:161} INFO - Started process (PID=452) to work on /opt/airflow/dags/00_hello_anidata.py
[2026-03-23T15:46:52.791+0000] {processor.py:830} INFO - Processing file /opt/airflow/dags/00_hello_anidata.py for tasks to queue
[2026-03-23T15:46:52.793+0000] {logging_mixin.py:188} INFO - [2026-03-23T15:46:52.792+0000] {dagbag.py:538} INFO - Filling up the DagBag from /opt/airflow/dags/00_hello_anidata.py
[2026-03-23T15:46:52.832+0000] {processor.py:840} INFO - DAG(s) '00_hello_anidata' retrieved from /opt/airflow/dags/00_hello_anidata.py
[2026-03-23T15:46:52.876+0000] {logging_mixin.py:188} INFO - [2026-03-23T15:46:52.875+0000] {dag.py:3036} INFO - Sync 1 DAGs
[2026-03-23T15:46:52.900+0000] {logging_mixin.py:188} INFO - [2026-03-23T15:46:52.900+0000] {dag.py:3823} INFO - Setting next_dagrun for 00_hello_anidata to None, run_after=None
[2026-03-23T15:46:52.936+0000] {processor.py:183} INFO - Processing /opt/airflow/dags/00_hello_anidata.py took 0.153 seconds
[2026-03-23T15:47:23.886+0000] {processor.py:161} INFO - Started process (PID=486) to work on /opt/airflow/dags/00_hello_anidata.py
[2026-03-23T15:47:23.888+0000] {processor.py:830} INFO - Processing file /opt/airflow/dags/00_hello_anidata.py for tasks to queue
[2026-03-23T15:47:23.890+0000] {logging_mixin.py:188} INFO - [2026-03-23T15:47:23.889+0000] {dagbag.py:538} INFO - Filling up the DagBag from /opt/airflow/dags/00_hello_anidata.py
[2026-03-23T15:47:23.925+0000] {processor.py:840} INFO - DAG(s) '00_hello_anidata' retrieved from /opt/airflow/dags/00_hello_anidata.py
[2026-03-23T15:47:23.970+0000] {logging_mixin.py:188} INFO - [2026-03-23T15:47:23.970+0000] {dag.py:3036} INFO - Sync 1 DAGs
[2026-03-23T15:47:23.994+0000] {logging_mixin.py:188} INFO - [2026-03-23T15:47:23.994+0000] {dag.py:3823} INFO - Setting next_dagrun for 00_hello_anidata to None, run_after=None
[2026-03-23T15:47:24.030+0000] {processor.py:183} INFO - Processing /opt/airflow/dags/00_hello_anidata.py took 0.150 seconds
[2026-03-23T15:47:54.955+0000] {processor.py:161} INFO - Started process (PID=520) to work on /opt/airflow/dags/00_hello_anidata.py
[2026-03-23T15:47:54.957+0000] {processor.py:830} INFO - Processing file /opt/airflow/dags/00_hello_anidata.py for tasks to queue
[2026-03-23T15:47:54.959+0000] {logging_mixin.py:188} INFO - [2026-03-23T15:47:54.958+0000] {dagbag.py:538} INFO - Filling up the DagBag from /opt/airflow/dags/00_hello_anidata.py
[2026-03-23T15:47:54.993+0000] {processor.py:840} INFO - DAG(s) '00_hello_anidata' retrieved from /opt/airflow/dags/00_hello_anidata.py
[2026-03-23T15:47:55.035+0000] {logging_mixin.py:188} INFO - [2026-03-23T15:47:55.035+0000] {dag.py:3036} INFO - Sync 1 DAGs
[2026-03-23T15:47:55.059+0000] {logging_mixin.py:188} INFO - [2026-03-23T15:47:55.058+0000] {dag.py:3823} INFO - Setting next_dagrun for 00_hello_anidata to None, run_after=None
[2026-03-23T15:47:55.096+0000] {processor.py:183} INFO - Processing /opt/airflow/dags/00_hello_anidata.py took 0.146 seconds
[2026-03-23T15:48:26.194+0000] {processor.py:161} INFO - Started process (PID=554) to work on /opt/airflow/dags/00_hello_anidata.py
[2026-03-23T15:48:26.196+0000] {processor.py:830} INFO - Processing file /opt/airflow/dags/00_hello_anidata.py for tasks to queue
[2026-03-23T15:48:26.198+0000] {logging_mixin.py:188} INFO - [2026-03-23T15:48:26.197+0000] {dagbag.py:538} INFO - Filling up the DagBag from /opt/airflow/dags/00_hello_anidata.py
[2026-03-23T15:48:26.234+0000] {processor.py:840} INFO - DAG(s) '00_hello_anidata' retrieved from /opt/airflow/dags/00_hello_anidata.py
[2026-03-23T15:48:26.279+0000] {logging_mixin.py:188} INFO - [2026-03-23T15:48:26.278+0000] {dag.py:3036} INFO - Sync 1 DAGs
[2026-03-23T15:48:26.304+0000] {logging_mixin.py:188} INFO - [2026-03-23T15:48:26.304+0000] {dag.py:3823} INFO - Setting next_dagrun for 00_hello_anidata to None, run_after=None
[2026-03-23T15:48:26.343+0000] {processor.py:183} INFO - Processing /opt/airflow/dags/00_hello_anidata.py took 0.155 seconds
[2026-03-23T15:48:57.435+0000] {processor.py:161} INFO - Started process (PID=588) to work on /opt/airflow/dags/00_hello_anidata.py
[2026-03-23T15:48:57.437+0000] {processor.py:830} INFO - Processing file /opt/airflow/dags/00_hello_anidata.py for tasks to queue
[2026-03-23T15:48:57.439+0000] {logging_mixin.py:188} INFO - [2026-03-23T15:48:57.438+0000] {dagbag.py:538} INFO - Filling up the DagBag from /opt/airflow/dags/00_hello_anidata.py
[2026-03-23T15:48:57.473+0000] {processor.py:840} INFO - DAG(s) '00_hello_anidata' retrieved from /opt/airflow/dags/00_hello_anidata.py
[2026-03-23T15:48:57.516+0000] {logging_mixin.py:188} INFO - [2026-03-23T15:48:57.516+0000] {dag.py:3036} INFO - Sync 1 DAGs
[2026-03-23T15:48:57.540+0000] {logging_mixin.py:188} INFO - [2026-03-23T15:48:57.540+0000] {dag.py:3823} INFO - Setting next_dagrun for 00_hello_anidata to None, run_after=None
[2026-03-23T15:48:57.580+0000] {processor.py:183} INFO - Processing /opt/airflow/dags/00_hello_anidata.py took 0.150 seconds
[2026-03-23T15:49:28.818+0000] {processor.py:161} INFO - Started process (PID=622) to work on /opt/airflow/dags/00_hello_anidata.py
[2026-03-23T15:49:28.820+0000] {processor.py:830} INFO - Processing file /opt/airflow/dags/00_hello_anidata.py for tasks to queue
[2026-03-23T15:49:28.822+0000] {logging_mixin.py:188} INFO - [2026-03-23T15:49:28.821+0000] {dagbag.py:538} INFO - Filling up the DagBag from /opt/airflow/dags/00_hello_anidata.py
[2026-03-23T15:49:28.857+0000] {processor.py:840} INFO - DAG(s) '00_hello_anidata' retrieved from /opt/airflow/dags/00_hello_anidata.py
[2026-03-23T15:49:28.902+0000] {logging_mixin.py:188} INFO - [2026-03-23T15:49:28.902+0000] {dag.py:3036} INFO - Sync 1 DAGs
[2026-03-23T15:49:28.926+0000] {logging_mixin.py:188} INFO - [2026-03-23T15:49:28.925+0000] {dag.py:3823} INFO - Setting next_dagrun for 00_hello_anidata to None, run_after=None
[2026-03-23T15:49:28.967+0000] {processor.py:183} INFO - Processing /opt/airflow/dags/00_hello_anidata.py took 0.155 seconds
[2026-03-23T15:49:59.644+0000] {processor.py:161} INFO - Started process (PID=652) to work on /opt/airflow/dags/00_hello_anidata.py
[2026-03-23T15:49:59.646+0000] {processor.py:830} INFO - Processing file /opt/airflow/dags/00_hello_anidata.py for tasks to queue
[2026-03-23T15:49:59.649+0000] {logging_mixin.py:188} INFO - [2026-03-23T15:49:59.648+0000] {dagbag.py:538} INFO - Filling up the DagBag from /opt/airflow/dags/00_hello_anidata.py
[2026-03-23T15:49:59.685+0000] {processor.py:840} INFO - DAG(s) '00_hello_anidata' retrieved from /opt/airflow/dags/00_hello_anidata.py
[2026-03-23T15:49:59.729+0000] {logging_mixin.py:188} INFO - [2026-03-23T15:49:59.728+0000] {dag.py:3036} INFO - Sync 1 DAGs
[2026-03-23T15:49:59.754+0000] {logging_mixin.py:188} INFO - [2026-03-23T15:49:59.754+0000] {dag.py:3823} INFO - Setting next_dagrun for 00_hello_anidata to None, run_after=None
[2026-03-23T15:49:59.791+0000] {processor.py:183} INFO - Processing /opt/airflow/dags/00_hello_anidata.py took 0.151 seconds
[2026-03-23T15:50:31.082+0000] {processor.py:161} INFO - Started process (PID=686) to work on /opt/airflow/dags/00_hello_anidata.py
[2026-03-23T15:50:31.084+0000] {processor.py:830} INFO - Processing file /opt/airflow/dags/00_hello_anidata.py for tasks to queue
[2026-03-23T15:50:31.086+0000] {logging_mixin.py:188} INFO - [2026-03-23T15:50:31.086+0000] {dagbag.py:538} INFO - Filling up the DagBag from /opt/airflow/dags/00_hello_anidata.py
[2026-03-23T15:50:31.129+0000] {processor.py:840} INFO - DAG(s) '00_hello_anidata' retrieved from /opt/airflow/dags/00_hello_anidata.py
[2026-03-23T15:50:31.175+0000] {logging_mixin.py:188} INFO - [2026-03-23T15:50:31.175+0000] {dag.py:3036} INFO - Sync 1 DAGs
[2026-03-23T15:50:31.200+0000] {logging_mixin.py:188} INFO - [2026-03-23T15:50:31.199+0000] {dag.py:3823} INFO - Setting next_dagrun for 00_hello_anidata to None, run_after=None
[2026-03-23T15:50:31.255+0000] {processor.py:183} INFO - Processing /opt/airflow/dags/00_hello_anidata.py took 0.178 seconds
