[2026-03-23T15:43:14.653+0000] {processor.py:161} INFO - Started process (PID=210) to work on /opt/airflow/dags/01_extract_anime.py
[2026-03-23T15:43:14.654+0000] {processor.py:830} INFO - Processing file /opt/airflow/dags/01_extract_anime.py for tasks to queue
[2026-03-23T15:43:14.656+0000] {logging_mixin.py:188} INFO - [2026-03-23T15:43:14.656+0000] {dagbag.py:538} INFO - Filling up the DagBag from /opt/airflow/dags/01_extract_anime.py
[2026-03-23T15:43:15.316+0000] {processor.py:840} INFO - DAG(s) '01_extract_anime' retrieved from /opt/airflow/dags/01_extract_anime.py
[2026-03-23T15:43:15.490+0000] {logging_mixin.py:188} INFO - [2026-03-23T15:43:15.490+0000] {override.py:1769} INFO - Created Permission View: can read on DAG:01_extract_anime
[2026-03-23T15:43:15.508+0000] {logging_mixin.py:188} INFO - [2026-03-23T15:43:15.507+0000] {override.py:1769} INFO - Created Permission View: can delete on DAG:01_extract_anime
[2026-03-23T15:43:15.521+0000] {logging_mixin.py:188} INFO - [2026-03-23T15:43:15.520+0000] {override.py:1769} INFO - Created Permission View: can edit on DAG:01_extract_anime
[2026-03-23T15:43:15.522+0000] {logging_mixin.py:188} INFO - [2026-03-23T15:43:15.522+0000] {dag.py:3036} INFO - Sync 1 DAGs
[2026-03-23T15:43:15.542+0000] {logging_mixin.py:188} INFO - [2026-03-23T15:43:15.542+0000] {dag.py:3058} INFO - Creating ORM DAG for 01_extract_anime
[2026-03-23T15:43:15.544+0000] {logging_mixin.py:188} INFO - [2026-03-23T15:43:15.544+0000] {dag.py:3823} INFO - Setting next_dagrun for 01_extract_anime to None, run_after=None
[2026-03-23T15:43:15.581+0000] {processor.py:183} INFO - Processing /opt/airflow/dags/01_extract_anime.py took 0.934 seconds
[2026-03-23T15:43:45.734+0000] {processor.py:161} INFO - Started process (PID=243) to work on /opt/airflow/dags/01_extract_anime.py
[2026-03-23T15:43:45.735+0000] {processor.py:830} INFO - Processing file /opt/airflow/dags/01_extract_anime.py for tasks to queue
[2026-03-23T15:43:45.737+0000] {logging_mixin.py:188} INFO - [2026-03-23T15:43:45.736+0000] {dagbag.py:538} INFO - Filling up the DagBag from /opt/airflow/dags/01_extract_anime.py
[2026-03-23T15:43:46.226+0000] {processor.py:840} INFO - DAG(s) '01_extract_anime' retrieved from /opt/airflow/dags/01_extract_anime.py
[2026-03-23T15:43:46.272+0000] {logging_mixin.py:188} INFO - [2026-03-23T15:43:46.271+0000] {dag.py:3036} INFO - Sync 1 DAGs
[2026-03-23T15:43:46.296+0000] {logging_mixin.py:188} INFO - [2026-03-23T15:43:46.296+0000] {dag.py:3823} INFO - Setting next_dagrun for 01_extract_anime to None, run_after=None
[2026-03-23T15:43:46.338+0000] {processor.py:183} INFO - Processing /opt/airflow/dags/01_extract_anime.py took 0.610 seconds
[2026-03-23T15:44:17.151+0000] {processor.py:161} INFO - Started process (PID=278) to work on /opt/airflow/dags/01_extract_anime.py
[2026-03-23T15:44:17.153+0000] {processor.py:830} INFO - Processing file /opt/airflow/dags/01_extract_anime.py for tasks to queue
[2026-03-23T15:44:17.155+0000] {logging_mixin.py:188} INFO - [2026-03-23T15:44:17.154+0000] {dagbag.py:538} INFO - Filling up the DagBag from /opt/airflow/dags/01_extract_anime.py
[2026-03-23T15:44:17.719+0000] {processor.py:840} INFO - DAG(s) '01_extract_anime' retrieved from /opt/airflow/dags/01_extract_anime.py
[2026-03-23T15:44:17.765+0000] {logging_mixin.py:188} INFO - [2026-03-23T15:44:17.764+0000] {dag.py:3036} INFO - Sync 1 DAGs
[2026-03-23T15:44:17.790+0000] {logging_mixin.py:188} INFO - [2026-03-23T15:44:17.790+0000] {dag.py:3823} INFO - Setting next_dagrun for 01_extract_anime to None, run_after=None
[2026-03-23T15:44:17.832+0000] {processor.py:183} INFO - Processing /opt/airflow/dags/01_extract_anime.py took 0.686 seconds
[2026-03-23T15:44:48.202+0000] {processor.py:161} INFO - Started process (PID=317) to work on /opt/airflow/dags/01_extract_anime.py
[2026-03-23T15:44:48.204+0000] {processor.py:830} INFO - Processing file /opt/airflow/dags/01_extract_anime.py for tasks to queue
[2026-03-23T15:44:48.206+0000] {logging_mixin.py:188} INFO - [2026-03-23T15:44:48.206+0000] {dagbag.py:538} INFO - Filling up the DagBag from /opt/airflow/dags/01_extract_anime.py
[2026-03-23T15:44:48.754+0000] {processor.py:840} INFO - DAG(s) '01_extract_anime' retrieved from /opt/airflow/dags/01_extract_anime.py
[2026-03-23T15:44:48.807+0000] {logging_mixin.py:188} INFO - [2026-03-23T15:44:48.806+0000] {dag.py:3036} INFO - Sync 1 DAGs
[2026-03-23T15:44:48.831+0000] {logging_mixin.py:188} INFO - [2026-03-23T15:44:48.830+0000] {dag.py:3823} INFO - Setting next_dagrun for 01_extract_anime to None, run_after=None
[2026-03-23T15:44:48.871+0000] {processor.py:183} INFO - Processing /opt/airflow/dags/01_extract_anime.py took 0.675 seconds
[2026-03-23T15:45:19.099+0000] {processor.py:161} INFO - Started process (PID=346) to work on /opt/airflow/dags/01_extract_anime.py
[2026-03-23T15:45:19.101+0000] {processor.py:830} INFO - Processing file /opt/airflow/dags/01_extract_anime.py for tasks to queue
[2026-03-23T15:45:19.103+0000] {logging_mixin.py:188} INFO - [2026-03-23T15:45:19.102+0000] {dagbag.py:538} INFO - Filling up the DagBag from /opt/airflow/dags/01_extract_anime.py
[2026-03-23T15:45:19.604+0000] {processor.py:840} INFO - DAG(s) '01_extract_anime' retrieved from /opt/airflow/dags/01_extract_anime.py
[2026-03-23T15:45:19.646+0000] {logging_mixin.py:188} INFO - [2026-03-23T15:45:19.645+0000] {dag.py:3036} INFO - Sync 1 DAGs
[2026-03-23T15:45:19.670+0000] {logging_mixin.py:188} INFO - [2026-03-23T15:45:19.670+0000] {dag.py:3823} INFO - Setting next_dagrun for 01_extract_anime to None, run_after=None
[2026-03-23T15:45:19.705+0000] {processor.py:183} INFO - Processing /opt/airflow/dags/01_extract_anime.py took 0.612 seconds
[2026-03-23T15:45:51.003+0000] {processor.py:161} INFO - Started process (PID=384) to work on /opt/airflow/dags/01_extract_anime.py
[2026-03-23T15:45:51.005+0000] {processor.py:830} INFO - Processing file /opt/airflow/dags/01_extract_anime.py for tasks to queue
[2026-03-23T15:45:51.006+0000] {logging_mixin.py:188} INFO - [2026-03-23T15:45:51.006+0000] {dagbag.py:538} INFO - Filling up the DagBag from /opt/airflow/dags/01_extract_anime.py
[2026-03-23T15:45:51.526+0000] {processor.py:840} INFO - DAG(s) '01_extract_anime' retrieved from /opt/airflow/dags/01_extract_anime.py
[2026-03-23T15:45:51.574+0000] {logging_mixin.py:188} INFO - [2026-03-23T15:45:51.573+0000] {dag.py:3036} INFO - Sync 1 DAGs
[2026-03-23T15:45:51.598+0000] {logging_mixin.py:188} INFO - [2026-03-23T15:45:51.597+0000] {dag.py:3823} INFO - Setting next_dagrun for 01_extract_anime to None, run_after=None
[2026-03-23T15:45:51.638+0000] {processor.py:183} INFO - Processing /opt/airflow/dags/01_extract_anime.py took 0.641 seconds
[2026-03-23T15:46:21.982+0000] {processor.py:161} INFO - Started process (PID=420) to work on /opt/airflow/dags/01_extract_anime.py
[2026-03-23T15:46:21.984+0000] {processor.py:830} INFO - Processing file /opt/airflow/dags/01_extract_anime.py for tasks to queue
[2026-03-23T15:46:21.986+0000] {logging_mixin.py:188} INFO - [2026-03-23T15:46:21.985+0000] {dagbag.py:538} INFO - Filling up the DagBag from /opt/airflow/dags/01_extract_anime.py
[2026-03-23T15:46:22.518+0000] {processor.py:840} INFO - DAG(s) '01_extract_anime' retrieved from /opt/airflow/dags/01_extract_anime.py
[2026-03-23T15:46:22.564+0000] {logging_mixin.py:188} INFO - [2026-03-23T15:46:22.563+0000] {dag.py:3036} INFO - Sync 1 DAGs
[2026-03-23T15:46:22.590+0000] {logging_mixin.py:188} INFO - [2026-03-23T15:46:22.589+0000] {dag.py:3823} INFO - Setting next_dagrun for 01_extract_anime to None, run_after=None
[2026-03-23T15:46:22.627+0000] {processor.py:183} INFO - Processing /opt/airflow/dags/01_extract_anime.py took 0.651 seconds
[2026-03-23T15:46:52.900+0000] {processor.py:161} INFO - Started process (PID=457) to work on /opt/airflow/dags/01_extract_anime.py
[2026-03-23T15:46:52.902+0000] {processor.py:830} INFO - Processing file /opt/airflow/dags/01_extract_anime.py for tasks to queue
[2026-03-23T15:46:52.904+0000] {logging_mixin.py:188} INFO - [2026-03-23T15:46:52.904+0000] {dagbag.py:538} INFO - Filling up the DagBag from /opt/airflow/dags/01_extract_anime.py
[2026-03-23T15:46:53.433+0000] {processor.py:840} INFO - DAG(s) '01_extract_anime' retrieved from /opt/airflow/dags/01_extract_anime.py
[2026-03-23T15:46:53.478+0000] {logging_mixin.py:188} INFO - [2026-03-23T15:46:53.477+0000] {dag.py:3036} INFO - Sync 1 DAGs
[2026-03-23T15:46:53.501+0000] {logging_mixin.py:188} INFO - [2026-03-23T15:46:53.501+0000] {dag.py:3823} INFO - Setting next_dagrun for 01_extract_anime to None, run_after=None
[2026-03-23T15:46:53.538+0000] {processor.py:183} INFO - Processing /opt/airflow/dags/01_extract_anime.py took 0.644 seconds
[2026-03-23T15:47:23.995+0000] {processor.py:161} INFO - Started process (PID=491) to work on /opt/airflow/dags/01_extract_anime.py
[2026-03-23T15:47:23.997+0000] {processor.py:830} INFO - Processing file /opt/airflow/dags/01_extract_anime.py for tasks to queue
[2026-03-23T15:47:23.999+0000] {logging_mixin.py:188} INFO - [2026-03-23T15:47:23.998+0000] {dagbag.py:538} INFO - Filling up the DagBag from /opt/airflow/dags/01_extract_anime.py
[2026-03-23T15:47:24.520+0000] {processor.py:840} INFO - DAG(s) '01_extract_anime' retrieved from /opt/airflow/dags/01_extract_anime.py
[2026-03-23T15:47:24.567+0000] {logging_mixin.py:188} INFO - [2026-03-23T15:47:24.566+0000] {dag.py:3036} INFO - Sync 1 DAGs
[2026-03-23T15:47:24.591+0000] {logging_mixin.py:188} INFO - [2026-03-23T15:47:24.590+0000] {dag.py:3823} INFO - Setting next_dagrun for 01_extract_anime to None, run_after=None
[2026-03-23T15:47:24.630+0000] {processor.py:183} INFO - Processing /opt/airflow/dags/01_extract_anime.py took 0.641 seconds
[2026-03-23T15:47:55.055+0000] {processor.py:161} INFO - Started process (PID=525) to work on /opt/airflow/dags/01_extract_anime.py
[2026-03-23T15:47:55.057+0000] {processor.py:830} INFO - Processing file /opt/airflow/dags/01_extract_anime.py for tasks to queue
[2026-03-23T15:47:55.059+0000] {logging_mixin.py:188} INFO - [2026-03-23T15:47:55.058+0000] {dagbag.py:538} INFO - Filling up the DagBag from /opt/airflow/dags/01_extract_anime.py
[2026-03-23T15:47:55.600+0000] {processor.py:840} INFO - DAG(s) '01_extract_anime' retrieved from /opt/airflow/dags/01_extract_anime.py
[2026-03-23T15:47:55.644+0000] {logging_mixin.py:188} INFO - [2026-03-23T15:47:55.643+0000] {dag.py:3036} INFO - Sync 1 DAGs
[2026-03-23T15:47:55.669+0000] {logging_mixin.py:188} INFO - [2026-03-23T15:47:55.669+0000] {dag.py:3823} INFO - Setting next_dagrun for 01_extract_anime to None, run_after=None
[2026-03-23T15:47:55.708+0000] {processor.py:183} INFO - Processing /opt/airflow/dags/01_extract_anime.py took 0.658 seconds
[2026-03-23T15:48:26.316+0000] {processor.py:161} INFO - Started process (PID=559) to work on /opt/airflow/dags/01_extract_anime.py
[2026-03-23T15:48:26.318+0000] {processor.py:830} INFO - Processing file /opt/airflow/dags/01_extract_anime.py for tasks to queue
[2026-03-23T15:48:26.319+0000] {logging_mixin.py:188} INFO - [2026-03-23T15:48:26.319+0000] {dagbag.py:538} INFO - Filling up the DagBag from /opt/airflow/dags/01_extract_anime.py
[2026-03-23T15:48:26.857+0000] {processor.py:840} INFO - DAG(s) '01_extract_anime' retrieved from /opt/airflow/dags/01_extract_anime.py
[2026-03-23T15:48:26.904+0000] {logging_mixin.py:188} INFO - [2026-03-23T15:48:26.903+0000] {dag.py:3036} INFO - Sync 1 DAGs
[2026-03-23T15:48:26.928+0000] {logging_mixin.py:188} INFO - [2026-03-23T15:48:26.928+0000] {dag.py:3823} INFO - Setting next_dagrun for 01_extract_anime to None, run_after=None
[2026-03-23T15:48:26.969+0000] {processor.py:183} INFO - Processing /opt/airflow/dags/01_extract_anime.py took 0.659 seconds
[2026-03-23T15:48:57.659+0000] {processor.py:161} INFO - Started process (PID=593) to work on /opt/airflow/dags/01_extract_anime.py
[2026-03-23T15:48:57.661+0000] {processor.py:830} INFO - Processing file /opt/airflow/dags/01_extract_anime.py for tasks to queue
[2026-03-23T15:48:57.663+0000] {logging_mixin.py:188} INFO - [2026-03-23T15:48:57.662+0000] {dagbag.py:538} INFO - Filling up the DagBag from /opt/airflow/dags/01_extract_anime.py
[2026-03-23T15:48:58.178+0000] {processor.py:840} INFO - DAG(s) '01_extract_anime' retrieved from /opt/airflow/dags/01_extract_anime.py
[2026-03-23T15:48:58.223+0000] {logging_mixin.py:188} INFO - [2026-03-23T15:48:58.222+0000] {dag.py:3036} INFO - Sync 1 DAGs
[2026-03-23T15:48:58.246+0000] {logging_mixin.py:188} INFO - [2026-03-23T15:48:58.246+0000] {dag.py:3823} INFO - Setting next_dagrun for 01_extract_anime to None, run_after=None
[2026-03-23T15:48:58.286+0000] {processor.py:183} INFO - Processing /opt/airflow/dags/01_extract_anime.py took 0.632 seconds
[2026-03-23T15:49:29.036+0000] {processor.py:161} INFO - Started process (PID=627) to work on /opt/airflow/dags/01_extract_anime.py
[2026-03-23T15:49:29.038+0000] {processor.py:830} INFO - Processing file /opt/airflow/dags/01_extract_anime.py for tasks to queue
[2026-03-23T15:49:29.040+0000] {logging_mixin.py:188} INFO - [2026-03-23T15:49:29.039+0000] {dagbag.py:538} INFO - Filling up the DagBag from /opt/airflow/dags/01_extract_anime.py
[2026-03-23T15:49:29.564+0000] {processor.py:840} INFO - DAG(s) '01_extract_anime' retrieved from /opt/airflow/dags/01_extract_anime.py
[2026-03-23T15:49:29.608+0000] {logging_mixin.py:188} INFO - [2026-03-23T15:49:29.607+0000] {dag.py:3036} INFO - Sync 1 DAGs
[2026-03-23T15:49:29.632+0000] {logging_mixin.py:188} INFO - [2026-03-23T15:49:29.632+0000] {dag.py:3823} INFO - Setting next_dagrun for 01_extract_anime to None, run_after=None
[2026-03-23T15:49:29.671+0000] {processor.py:183} INFO - Processing /opt/airflow/dags/01_extract_anime.py took 0.640 seconds
[2026-03-23T15:49:59.868+0000] {processor.py:161} INFO - Started process (PID=661) to work on /opt/airflow/dags/01_extract_anime.py
[2026-03-23T15:49:59.870+0000] {processor.py:830} INFO - Processing file /opt/airflow/dags/01_extract_anime.py for tasks to queue
[2026-03-23T15:49:59.872+0000] {logging_mixin.py:188} INFO - [2026-03-23T15:49:59.872+0000] {dagbag.py:538} INFO - Filling up the DagBag from /opt/airflow/dags/01_extract_anime.py
[2026-03-23T15:50:00.413+0000] {processor.py:840} INFO - DAG(s) '01_extract_anime' retrieved from /opt/airflow/dags/01_extract_anime.py
[2026-03-23T15:50:00.460+0000] {logging_mixin.py:188} INFO - [2026-03-23T15:50:00.459+0000] {dag.py:3036} INFO - Sync 1 DAGs
[2026-03-23T15:50:00.485+0000] {logging_mixin.py:188} INFO - [2026-03-23T15:50:00.485+0000] {dag.py:3823} INFO - Setting next_dagrun for 01_extract_anime to None, run_after=None
[2026-03-23T15:50:00.524+0000] {processor.py:183} INFO - Processing /opt/airflow/dags/01_extract_anime.py took 0.662 seconds
[2026-03-23T15:50:31.347+0000] {processor.py:161} INFO - Started process (PID=694) to work on /opt/airflow/dags/01_extract_anime.py
[2026-03-23T15:50:31.349+0000] {processor.py:830} INFO - Processing file /opt/airflow/dags/01_extract_anime.py for tasks to queue
[2026-03-23T15:50:31.351+0000] {logging_mixin.py:188} INFO - [2026-03-23T15:50:31.350+0000] {dagbag.py:538} INFO - Filling up the DagBag from /opt/airflow/dags/01_extract_anime.py
[2026-03-23T15:50:31.874+0000] {processor.py:840} INFO - DAG(s) '01_extract_anime' retrieved from /opt/airflow/dags/01_extract_anime.py
[2026-03-23T15:50:31.921+0000] {logging_mixin.py:188} INFO - [2026-03-23T15:50:31.921+0000] {dag.py:3036} INFO - Sync 1 DAGs
[2026-03-23T15:50:31.948+0000] {logging_mixin.py:188} INFO - [2026-03-23T15:50:31.948+0000] {dag.py:3823} INFO - Setting next_dagrun for 01_extract_anime to None, run_after=None
[2026-03-23T15:50:31.991+0000] {processor.py:183} INFO - Processing /opt/airflow/dags/01_extract_anime.py took 0.652 seconds
