[2026-03-23T15:43:11.900+0000] {processor.py:161} INFO - Started process (PID=198) to work on /opt/airflow/dags/03_load_anime.py
[2026-03-23T15:43:11.903+0000] {processor.py:830} INFO - Processing file /opt/airflow/dags/03_load_anime.py for tasks to queue
[2026-03-23T15:43:11.905+0000] {logging_mixin.py:188} INFO - [2026-03-23T15:43:11.905+0000] {dagbag.py:538} INFO - Filling up the DagBag from /opt/airflow/dags/03_load_anime.py
[2026-03-23T15:43:14.150+0000] {processor.py:840} INFO - DAG(s) '03_load_anime' retrieved from /opt/airflow/dags/03_load_anime.py
[2026-03-23T15:43:14.493+0000] {logging_mixin.py:188} INFO - [2026-03-23T15:43:14.492+0000] {override.py:1769} INFO - Created Permission View: can read on DAG:03_load_anime
[2026-03-23T15:43:14.509+0000] {logging_mixin.py:188} INFO - [2026-03-23T15:43:14.509+0000] {override.py:1769} INFO - Created Permission View: can delete on DAG:03_load_anime
[2026-03-23T15:43:14.520+0000] {logging_mixin.py:188} INFO - [2026-03-23T15:43:14.520+0000] {override.py:1769} INFO - Created Permission View: can edit on DAG:03_load_anime
[2026-03-23T15:43:14.522+0000] {logging_mixin.py:188} INFO - [2026-03-23T15:43:14.521+0000] {dag.py:3036} INFO - Sync 1 DAGs
[2026-03-23T15:43:14.542+0000] {logging_mixin.py:188} INFO - [2026-03-23T15:43:14.541+0000] {dag.py:3058} INFO - Creating ORM DAG for 03_load_anime
[2026-03-23T15:43:14.544+0000] {logging_mixin.py:188} INFO - [2026-03-23T15:43:14.543+0000] {dag.py:3823} INFO - Setting next_dagrun for 03_load_anime to None, run_after=None
[2026-03-23T15:43:14.583+0000] {processor.py:183} INFO - Processing /opt/airflow/dags/03_load_anime.py took 2.689 seconds
[2026-03-23T15:43:44.835+0000] {processor.py:161} INFO - Started process (PID=232) to work on /opt/airflow/dags/03_load_anime.py
[2026-03-23T15:43:44.837+0000] {processor.py:830} INFO - Processing file /opt/airflow/dags/03_load_anime.py for tasks to queue
[2026-03-23T15:43:44.839+0000] {logging_mixin.py:188} INFO - [2026-03-23T15:43:44.839+0000] {dagbag.py:538} INFO - Filling up the DagBag from /opt/airflow/dags/03_load_anime.py
[2026-03-23T15:43:45.534+0000] {processor.py:840} INFO - DAG(s) '03_load_anime' retrieved from /opt/airflow/dags/03_load_anime.py
[2026-03-23T15:43:45.578+0000] {logging_mixin.py:188} INFO - [2026-03-23T15:43:45.577+0000] {dag.py:3036} INFO - Sync 1 DAGs
[2026-03-23T15:43:45.599+0000] {logging_mixin.py:188} INFO - [2026-03-23T15:43:45.599+0000] {dag.py:3823} INFO - Setting next_dagrun for 03_load_anime to None, run_after=None
[2026-03-23T15:43:45.638+0000] {processor.py:183} INFO - Processing /opt/airflow/dags/03_load_anime.py took 0.809 seconds
[2026-03-23T15:44:16.262+0000] {processor.py:161} INFO - Started process (PID=268) to work on /opt/airflow/dags/03_load_anime.py
[2026-03-23T15:44:16.264+0000] {processor.py:830} INFO - Processing file /opt/airflow/dags/03_load_anime.py for tasks to queue
[2026-03-23T15:44:16.266+0000] {logging_mixin.py:188} INFO - [2026-03-23T15:44:16.265+0000] {dagbag.py:538} INFO - Filling up the DagBag from /opt/airflow/dags/03_load_anime.py
[2026-03-23T15:44:16.967+0000] {processor.py:840} INFO - DAG(s) '03_load_anime' retrieved from /opt/airflow/dags/03_load_anime.py
[2026-03-23T15:44:17.014+0000] {logging_mixin.py:188} INFO - [2026-03-23T15:44:17.013+0000] {dag.py:3036} INFO - Sync 1 DAGs
[2026-03-23T15:44:17.040+0000] {logging_mixin.py:188} INFO - [2026-03-23T15:44:17.040+0000] {dag.py:3823} INFO - Setting next_dagrun for 03_load_anime to None, run_after=None
[2026-03-23T15:44:17.080+0000] {processor.py:183} INFO - Processing /opt/airflow/dags/03_load_anime.py took 0.824 seconds
[2026-03-23T15:44:47.351+0000] {processor.py:161} INFO - Started process (PID=302) to work on /opt/airflow/dags/03_load_anime.py
[2026-03-23T15:44:47.352+0000] {processor.py:830} INFO - Processing file /opt/airflow/dags/03_load_anime.py for tasks to queue
[2026-03-23T15:44:47.354+0000] {logging_mixin.py:188} INFO - [2026-03-23T15:44:47.354+0000] {dagbag.py:538} INFO - Filling up the DagBag from /opt/airflow/dags/03_load_anime.py
[2026-03-23T15:44:48.015+0000] {processor.py:840} INFO - DAG(s) '03_load_anime' retrieved from /opt/airflow/dags/03_load_anime.py
[2026-03-23T15:44:48.061+0000] {logging_mixin.py:188} INFO - [2026-03-23T15:44:48.060+0000] {dag.py:3036} INFO - Sync 1 DAGs
[2026-03-23T15:44:48.084+0000] {logging_mixin.py:188} INFO - [2026-03-23T15:44:48.084+0000] {dag.py:3823} INFO - Setting next_dagrun for 03_load_anime to None, run_after=None
[2026-03-23T15:44:48.120+0000] {processor.py:183} INFO - Processing /opt/airflow/dags/03_load_anime.py took 0.775 seconds
[2026-03-23T15:45:18.259+0000] {processor.py:161} INFO - Started process (PID=334) to work on /opt/airflow/dags/03_load_anime.py
[2026-03-23T15:45:18.260+0000] {processor.py:830} INFO - Processing file /opt/airflow/dags/03_load_anime.py for tasks to queue
[2026-03-23T15:45:18.262+0000] {logging_mixin.py:188} INFO - [2026-03-23T15:45:18.262+0000] {dagbag.py:538} INFO - Filling up the DagBag from /opt/airflow/dags/03_load_anime.py
[2026-03-23T15:45:18.920+0000] {processor.py:840} INFO - DAG(s) '03_load_anime' retrieved from /opt/airflow/dags/03_load_anime.py
[2026-03-23T15:45:18.960+0000] {logging_mixin.py:188} INFO - [2026-03-23T15:45:18.959+0000] {dag.py:3036} INFO - Sync 1 DAGs
[2026-03-23T15:45:18.985+0000] {logging_mixin.py:188} INFO - [2026-03-23T15:45:18.985+0000] {dag.py:3823} INFO - Setting next_dagrun for 03_load_anime to None, run_after=None
[2026-03-23T15:45:19.020+0000] {processor.py:183} INFO - Processing /opt/airflow/dags/03_load_anime.py took 0.767 seconds
[2026-03-23T15:45:48.833+0000] {processor.py:161} INFO - Started process (PID=371) to work on /opt/airflow/dags/03_load_anime.py
[2026-03-23T15:45:48.835+0000] {processor.py:830} INFO - Processing file /opt/airflow/dags/03_load_anime.py for tasks to queue
[2026-03-23T15:45:48.837+0000] {logging_mixin.py:188} INFO - [2026-03-23T15:45:48.836+0000] {dagbag.py:538} INFO - Filling up the DagBag from /opt/airflow/dags/03_load_anime.py
[2026-03-23T15:45:50.061+0000] {processor.py:840} INFO - DAG(s) '03_load_anime' retrieved from /opt/airflow/dags/03_load_anime.py
[2026-03-23T15:45:50.109+0000] {logging_mixin.py:188} INFO - [2026-03-23T15:45:50.109+0000] {dag.py:3036} INFO - Sync 1 DAGs
[2026-03-23T15:45:50.137+0000] {logging_mixin.py:188} INFO - [2026-03-23T15:45:50.136+0000] {dag.py:3823} INFO - Setting next_dagrun for 03_load_anime to None, run_after=None
[2026-03-23T15:45:50.172+0000] {processor.py:183} INFO - Processing /opt/airflow/dags/03_load_anime.py took 1.345 seconds
[2026-03-23T15:46:20.503+0000] {processor.py:161} INFO - Started process (PID=405) to work on /opt/airflow/dags/03_load_anime.py
[2026-03-23T15:46:20.505+0000] {processor.py:830} INFO - Processing file /opt/airflow/dags/03_load_anime.py for tasks to queue
[2026-03-23T15:46:20.507+0000] {logging_mixin.py:188} INFO - [2026-03-23T15:46:20.506+0000] {dagbag.py:538} INFO - Filling up the DagBag from /opt/airflow/dags/03_load_anime.py
[2026-03-23T15:46:21.187+0000] {processor.py:840} INFO - DAG(s) '03_load_anime' retrieved from /opt/airflow/dags/03_load_anime.py
[2026-03-23T15:46:21.231+0000] {logging_mixin.py:188} INFO - [2026-03-23T15:46:21.231+0000] {dag.py:3036} INFO - Sync 1 DAGs
[2026-03-23T15:46:21.256+0000] {logging_mixin.py:188} INFO - [2026-03-23T15:46:21.256+0000] {dag.py:3823} INFO - Setting next_dagrun for 03_load_anime to None, run_after=None
[2026-03-23T15:46:21.294+0000] {processor.py:183} INFO - Processing /opt/airflow/dags/03_load_anime.py took 0.796 seconds
[2026-03-23T15:46:52.078+0000] {processor.py:161} INFO - Started process (PID=442) to work on /opt/airflow/dags/03_load_anime.py
[2026-03-23T15:46:52.080+0000] {processor.py:830} INFO - Processing file /opt/airflow/dags/03_load_anime.py for tasks to queue
[2026-03-23T15:46:52.082+0000] {logging_mixin.py:188} INFO - [2026-03-23T15:46:52.081+0000] {dagbag.py:538} INFO - Filling up the DagBag from /opt/airflow/dags/03_load_anime.py
[2026-03-23T15:46:52.720+0000] {processor.py:840} INFO - DAG(s) '03_load_anime' retrieved from /opt/airflow/dags/03_load_anime.py
[2026-03-23T15:46:52.763+0000] {logging_mixin.py:188} INFO - [2026-03-23T15:46:52.763+0000] {dag.py:3036} INFO - Sync 1 DAGs
[2026-03-23T15:46:52.786+0000] {logging_mixin.py:188} INFO - [2026-03-23T15:46:52.786+0000] {dag.py:3823} INFO - Setting next_dagrun for 03_load_anime to None, run_after=None
[2026-03-23T15:46:52.822+0000] {processor.py:183} INFO - Processing /opt/airflow/dags/03_load_anime.py took 0.749 seconds
[2026-03-23T15:47:23.165+0000] {processor.py:161} INFO - Started process (PID=476) to work on /opt/airflow/dags/03_load_anime.py
[2026-03-23T15:47:23.167+0000] {processor.py:830} INFO - Processing file /opt/airflow/dags/03_load_anime.py for tasks to queue
[2026-03-23T15:47:23.169+0000] {logging_mixin.py:188} INFO - [2026-03-23T15:47:23.168+0000] {dagbag.py:538} INFO - Filling up the DagBag from /opt/airflow/dags/03_load_anime.py
[2026-03-23T15:47:23.813+0000] {processor.py:840} INFO - DAG(s) '03_load_anime' retrieved from /opt/airflow/dags/03_load_anime.py
[2026-03-23T15:47:23.856+0000] {logging_mixin.py:188} INFO - [2026-03-23T15:47:23.855+0000] {dag.py:3036} INFO - Sync 1 DAGs
[2026-03-23T15:47:23.879+0000] {logging_mixin.py:188} INFO - [2026-03-23T15:47:23.878+0000] {dag.py:3823} INFO - Setting next_dagrun for 03_load_anime to None, run_after=None
[2026-03-23T15:47:23.917+0000] {processor.py:183} INFO - Processing /opt/airflow/dags/03_load_anime.py took 0.757 seconds
[2026-03-23T15:47:54.209+0000] {processor.py:161} INFO - Started process (PID=510) to work on /opt/airflow/dags/03_load_anime.py
[2026-03-23T15:47:54.211+0000] {processor.py:830} INFO - Processing file /opt/airflow/dags/03_load_anime.py for tasks to queue
[2026-03-23T15:47:54.213+0000] {logging_mixin.py:188} INFO - [2026-03-23T15:47:54.212+0000] {dagbag.py:538} INFO - Filling up the DagBag from /opt/airflow/dags/03_load_anime.py
[2026-03-23T15:47:54.871+0000] {processor.py:840} INFO - DAG(s) '03_load_anime' retrieved from /opt/airflow/dags/03_load_anime.py
[2026-03-23T15:47:54.918+0000] {logging_mixin.py:188} INFO - [2026-03-23T15:47:54.917+0000] {dag.py:3036} INFO - Sync 1 DAGs
[2026-03-23T15:47:54.943+0000] {logging_mixin.py:188} INFO - [2026-03-23T15:47:54.943+0000] {dag.py:3823} INFO - Setting next_dagrun for 03_load_anime to None, run_after=None
[2026-03-23T15:47:54.979+0000] {processor.py:183} INFO - Processing /opt/airflow/dags/03_load_anime.py took 0.776 seconds
[2026-03-23T15:48:25.430+0000] {processor.py:161} INFO - Started process (PID=544) to work on /opt/airflow/dags/03_load_anime.py
[2026-03-23T15:48:25.431+0000] {processor.py:830} INFO - Processing file /opt/airflow/dags/03_load_anime.py for tasks to queue
[2026-03-23T15:48:25.433+0000] {logging_mixin.py:188} INFO - [2026-03-23T15:48:25.433+0000] {dagbag.py:538} INFO - Filling up the DagBag from /opt/airflow/dags/03_load_anime.py
[2026-03-23T15:48:26.132+0000] {processor.py:840} INFO - DAG(s) '03_load_anime' retrieved from /opt/airflow/dags/03_load_anime.py
[2026-03-23T15:48:26.175+0000] {logging_mixin.py:188} INFO - [2026-03-23T15:48:26.174+0000] {dag.py:3036} INFO - Sync 1 DAGs
[2026-03-23T15:48:26.198+0000] {logging_mixin.py:188} INFO - [2026-03-23T15:48:26.198+0000] {dag.py:3823} INFO - Setting next_dagrun for 03_load_anime to None, run_after=None
[2026-03-23T15:48:26.234+0000] {processor.py:183} INFO - Processing /opt/airflow/dags/03_load_anime.py took 0.811 seconds
[2026-03-23T15:48:56.928+0000] {processor.py:161} INFO - Started process (PID=584) to work on /opt/airflow/dags/03_load_anime.py
[2026-03-23T15:48:56.930+0000] {processor.py:830} INFO - Processing file /opt/airflow/dags/03_load_anime.py for tasks to queue
[2026-03-23T15:48:56.932+0000] {logging_mixin.py:188} INFO - [2026-03-23T15:48:56.931+0000] {dagbag.py:538} INFO - Filling up the DagBag from /opt/airflow/dags/03_load_anime.py
[2026-03-23T15:48:57.554+0000] {processor.py:840} INFO - DAG(s) '03_load_anime' retrieved from /opt/airflow/dags/03_load_anime.py
[2026-03-23T15:48:57.597+0000] {logging_mixin.py:188} INFO - [2026-03-23T15:48:57.597+0000] {dag.py:3036} INFO - Sync 1 DAGs
[2026-03-23T15:48:57.621+0000] {logging_mixin.py:188} INFO - [2026-03-23T15:48:57.621+0000] {dag.py:3823} INFO - Setting next_dagrun for 03_load_anime to None, run_after=None
[2026-03-23T15:48:57.658+0000] {processor.py:183} INFO - Processing /opt/airflow/dags/03_load_anime.py took 0.735 seconds
[2026-03-23T15:49:28.318+0000] {processor.py:161} INFO - Started process (PID=618) to work on /opt/airflow/dags/03_load_anime.py
[2026-03-23T15:49:28.320+0000] {processor.py:830} INFO - Processing file /opt/airflow/dags/03_load_anime.py for tasks to queue
[2026-03-23T15:49:28.322+0000] {logging_mixin.py:188} INFO - [2026-03-23T15:49:28.321+0000] {dagbag.py:538} INFO - Filling up the DagBag from /opt/airflow/dags/03_load_anime.py
[2026-03-23T15:49:28.954+0000] {processor.py:840} INFO - DAG(s) '03_load_anime' retrieved from /opt/airflow/dags/03_load_anime.py
[2026-03-23T15:49:28.999+0000] {logging_mixin.py:188} INFO - [2026-03-23T15:49:28.999+0000] {dag.py:3036} INFO - Sync 1 DAGs
[2026-03-23T15:49:29.023+0000] {logging_mixin.py:188} INFO - [2026-03-23T15:49:29.022+0000] {dag.py:3823} INFO - Setting next_dagrun for 03_load_anime to None, run_after=None
[2026-03-23T15:49:29.057+0000] {processor.py:183} INFO - Processing /opt/airflow/dags/03_load_anime.py took 0.745 seconds
[2026-03-23T15:49:59.678+0000] {processor.py:161} INFO - Started process (PID=655) to work on /opt/airflow/dags/03_load_anime.py
[2026-03-23T15:49:59.680+0000] {processor.py:830} INFO - Processing file /opt/airflow/dags/03_load_anime.py for tasks to queue
[2026-03-23T15:49:59.682+0000] {logging_mixin.py:188} INFO - [2026-03-23T15:49:59.681+0000] {dagbag.py:538} INFO - Filling up the DagBag from /opt/airflow/dags/03_load_anime.py
[2026-03-23T15:50:00.328+0000] {processor.py:840} INFO - DAG(s) '03_load_anime' retrieved from /opt/airflow/dags/03_load_anime.py
[2026-03-23T15:50:00.370+0000] {logging_mixin.py:188} INFO - [2026-03-23T15:50:00.369+0000] {dag.py:3036} INFO - Sync 1 DAGs
[2026-03-23T15:50:00.393+0000] {logging_mixin.py:188} INFO - [2026-03-23T15:50:00.392+0000] {dag.py:3823} INFO - Setting next_dagrun for 03_load_anime to None, run_after=None
[2026-03-23T15:50:00.429+0000] {processor.py:183} INFO - Processing /opt/airflow/dags/03_load_anime.py took 0.757 seconds
[2026-03-23T15:50:31.328+0000] {processor.py:161} INFO - Started process (PID=691) to work on /opt/airflow/dags/03_load_anime.py
[2026-03-23T15:50:31.330+0000] {processor.py:830} INFO - Processing file /opt/airflow/dags/03_load_anime.py for tasks to queue
[2026-03-23T15:50:31.331+0000] {logging_mixin.py:188} INFO - [2026-03-23T15:50:31.331+0000] {dagbag.py:538} INFO - Filling up the DagBag from /opt/airflow/dags/03_load_anime.py
[2026-03-23T15:50:31.966+0000] {processor.py:840} INFO - DAG(s) '03_load_anime' retrieved from /opt/airflow/dags/03_load_anime.py
[2026-03-23T15:50:32.010+0000] {logging_mixin.py:188} INFO - [2026-03-23T15:50:32.009+0000] {dag.py:3036} INFO - Sync 1 DAGs
[2026-03-23T15:50:32.034+0000] {logging_mixin.py:188} INFO - [2026-03-23T15:50:32.034+0000] {dag.py:3823} INFO - Setting next_dagrun for 03_load_anime to None, run_after=None
[2026-03-23T15:50:32.069+0000] {processor.py:183} INFO - Processing /opt/airflow/dags/03_load_anime.py took 0.747 seconds
