[2026-03-23T15:43:11.012+0000] {processor.py:161} INFO - Started process (PID=192) to work on /opt/airflow/dags/04_anomaly_detector.py
[2026-03-23T15:43:11.014+0000] {processor.py:830} INFO - Processing file /opt/airflow/dags/04_anomaly_detector.py for tasks to queue
[2026-03-23T15:43:11.016+0000] {logging_mixin.py:188} INFO - [2026-03-23T15:43:11.015+0000] {dagbag.py:538} INFO - Filling up the DagBag from /opt/airflow/dags/04_anomaly_detector.py
[2026-03-23T15:43:13.490+0000] {processor.py:840} INFO - DAG(s) '04_anomaly_detector' retrieved from /opt/airflow/dags/04_anomaly_detector.py
[2026-03-23T15:43:14.207+0000] {logging_mixin.py:188} INFO - [2026-03-23T15:43:14.206+0000] {override.py:1769} INFO - Created Permission View: can read on DAG:04_anomaly_detector
[2026-03-23T15:43:14.235+0000] {logging_mixin.py:188} INFO - [2026-03-23T15:43:14.234+0000] {override.py:1769} INFO - Created Permission View: can delete on DAG:04_anomaly_detector
[2026-03-23T15:43:14.246+0000] {logging_mixin.py:188} INFO - [2026-03-23T15:43:14.246+0000] {override.py:1769} INFO - Created Permission View: can edit on DAG:04_anomaly_detector
[2026-03-23T15:43:14.249+0000] {logging_mixin.py:188} INFO - [2026-03-23T15:43:14.248+0000] {dag.py:3036} INFO - Sync 1 DAGs
[2026-03-23T15:43:14.302+0000] {logging_mixin.py:188} INFO - [2026-03-23T15:43:14.297+0000] {dag.py:3058} INFO - Creating ORM DAG for 04_anomaly_detector
[2026-03-23T15:43:14.308+0000] {logging_mixin.py:188} INFO - [2026-03-23T15:43:14.308+0000] {dag.py:3823} INFO - Setting next_dagrun for 04_anomaly_detector to None, run_after=None
[2026-03-23T15:43:14.368+0000] {processor.py:183} INFO - Processing /opt/airflow/dags/04_anomaly_detector.py took 3.361 seconds
[2026-03-23T15:43:44.598+0000] {processor.py:161} INFO - Started process (PID=228) to work on /opt/airflow/dags/04_anomaly_detector.py
[2026-03-23T15:43:44.600+0000] {processor.py:830} INFO - Processing file /opt/airflow/dags/04_anomaly_detector.py for tasks to queue
[2026-03-23T15:43:44.602+0000] {logging_mixin.py:188} INFO - [2026-03-23T15:43:44.601+0000] {dagbag.py:538} INFO - Filling up the DagBag from /opt/airflow/dags/04_anomaly_detector.py
[2026-03-23T15:43:45.176+0000] {processor.py:840} INFO - DAG(s) '04_anomaly_detector' retrieved from /opt/airflow/dags/04_anomaly_detector.py
[2026-03-23T15:43:45.230+0000] {logging_mixin.py:188} INFO - [2026-03-23T15:43:45.230+0000] {dag.py:3036} INFO - Sync 1 DAGs
[2026-03-23T15:43:45.257+0000] {logging_mixin.py:188} INFO - [2026-03-23T15:43:45.256+0000] {dag.py:3823} INFO - Setting next_dagrun for 04_anomaly_detector to None, run_after=None
[2026-03-23T15:43:45.299+0000] {processor.py:183} INFO - Processing /opt/airflow/dags/04_anomaly_detector.py took 0.707 seconds
[2026-03-23T15:44:15.465+0000] {processor.py:161} INFO - Started process (PID=262) to work on /opt/airflow/dags/04_anomaly_detector.py
[2026-03-23T15:44:15.467+0000] {processor.py:830} INFO - Processing file /opt/airflow/dags/04_anomaly_detector.py for tasks to queue
[2026-03-23T15:44:15.469+0000] {logging_mixin.py:188} INFO - [2026-03-23T15:44:15.468+0000] {dagbag.py:538} INFO - Filling up the DagBag from /opt/airflow/dags/04_anomaly_detector.py
[2026-03-23T15:44:16.041+0000] {processor.py:840} INFO - DAG(s) '04_anomaly_detector' retrieved from /opt/airflow/dags/04_anomaly_detector.py
[2026-03-23T15:44:16.094+0000] {logging_mixin.py:188} INFO - [2026-03-23T15:44:16.093+0000] {dag.py:3036} INFO - Sync 1 DAGs
[2026-03-23T15:44:16.121+0000] {logging_mixin.py:188} INFO - [2026-03-23T15:44:16.120+0000] {dag.py:3823} INFO - Setting next_dagrun for 04_anomaly_detector to None, run_after=None
[2026-03-23T15:44:16.165+0000] {processor.py:183} INFO - Processing /opt/airflow/dags/04_anomaly_detector.py took 0.705 seconds
[2026-03-23T15:44:46.621+0000] {processor.py:161} INFO - Started process (PID=296) to work on /opt/airflow/dags/04_anomaly_detector.py
[2026-03-23T15:44:46.623+0000] {processor.py:830} INFO - Processing file /opt/airflow/dags/04_anomaly_detector.py for tasks to queue
[2026-03-23T15:44:46.625+0000] {logging_mixin.py:188} INFO - [2026-03-23T15:44:46.624+0000] {dagbag.py:538} INFO - Filling up the DagBag from /opt/airflow/dags/04_anomaly_detector.py
[2026-03-23T15:44:47.151+0000] {processor.py:840} INFO - DAG(s) '04_anomaly_detector' retrieved from /opt/airflow/dags/04_anomaly_detector.py
[2026-03-23T15:44:47.199+0000] {logging_mixin.py:188} INFO - [2026-03-23T15:44:47.198+0000] {dag.py:3036} INFO - Sync 1 DAGs
[2026-03-23T15:44:47.227+0000] {logging_mixin.py:188} INFO - [2026-03-23T15:44:47.226+0000] {dag.py:3823} INFO - Setting next_dagrun for 04_anomaly_detector to None, run_after=None
[2026-03-23T15:44:47.269+0000] {processor.py:183} INFO - Processing /opt/airflow/dags/04_anomaly_detector.py took 0.654 seconds
[2026-03-23T15:45:18.080+0000] {processor.py:161} INFO - Started process (PID=330) to work on /opt/airflow/dags/04_anomaly_detector.py
[2026-03-23T15:45:18.083+0000] {processor.py:830} INFO - Processing file /opt/airflow/dags/04_anomaly_detector.py for tasks to queue
[2026-03-23T15:45:18.085+0000] {logging_mixin.py:188} INFO - [2026-03-23T15:45:18.084+0000] {dagbag.py:538} INFO - Filling up the DagBag from /opt/airflow/dags/04_anomaly_detector.py
[2026-03-23T15:45:18.619+0000] {processor.py:840} INFO - DAG(s) '04_anomaly_detector' retrieved from /opt/airflow/dags/04_anomaly_detector.py
[2026-03-23T15:45:18.667+0000] {logging_mixin.py:188} INFO - [2026-03-23T15:45:18.666+0000] {dag.py:3036} INFO - Sync 1 DAGs
[2026-03-23T15:45:18.694+0000] {logging_mixin.py:188} INFO - [2026-03-23T15:45:18.693+0000] {dag.py:3823} INFO - Setting next_dagrun for 04_anomaly_detector to None, run_after=None
[2026-03-23T15:45:18.735+0000] {processor.py:183} INFO - Processing /opt/airflow/dags/04_anomaly_detector.py took 0.661 seconds
[2026-03-23T15:45:48.820+0000] {processor.py:161} INFO - Started process (PID=368) to work on /opt/airflow/dags/04_anomaly_detector.py
[2026-03-23T15:45:48.822+0000] {processor.py:830} INFO - Processing file /opt/airflow/dags/04_anomaly_detector.py for tasks to queue
[2026-03-23T15:45:48.824+0000] {logging_mixin.py:188} INFO - [2026-03-23T15:45:48.823+0000] {dagbag.py:538} INFO - Filling up the DagBag from /opt/airflow/dags/04_anomaly_detector.py
[2026-03-23T15:45:49.927+0000] {processor.py:840} INFO - DAG(s) '04_anomaly_detector' retrieved from /opt/airflow/dags/04_anomaly_detector.py
[2026-03-23T15:45:50.000+0000] {logging_mixin.py:188} INFO - [2026-03-23T15:45:49.997+0000] {dag.py:3036} INFO - Sync 1 DAGs
[2026-03-23T15:45:50.089+0000] {logging_mixin.py:188} INFO - [2026-03-23T15:45:50.088+0000] {dag.py:3823} INFO - Setting next_dagrun for 04_anomaly_detector to None, run_after=None
[2026-03-23T15:45:50.150+0000] {processor.py:183} INFO - Processing /opt/airflow/dags/04_anomaly_detector.py took 1.335 seconds
[2026-03-23T15:46:20.491+0000] {processor.py:161} INFO - Started process (PID=402) to work on /opt/airflow/dags/04_anomaly_detector.py
[2026-03-23T15:46:20.493+0000] {processor.py:830} INFO - Processing file /opt/airflow/dags/04_anomaly_detector.py for tasks to queue
[2026-03-23T15:46:20.495+0000] {logging_mixin.py:188} INFO - [2026-03-23T15:46:20.494+0000] {dagbag.py:538} INFO - Filling up the DagBag from /opt/airflow/dags/04_anomaly_detector.py
[2026-03-23T15:46:21.065+0000] {processor.py:840} INFO - DAG(s) '04_anomaly_detector' retrieved from /opt/airflow/dags/04_anomaly_detector.py
[2026-03-23T15:46:21.116+0000] {logging_mixin.py:188} INFO - [2026-03-23T15:46:21.115+0000] {dag.py:3036} INFO - Sync 1 DAGs
[2026-03-23T15:46:21.142+0000] {logging_mixin.py:188} INFO - [2026-03-23T15:46:21.142+0000] {dag.py:3823} INFO - Setting next_dagrun for 04_anomaly_detector to None, run_after=None
[2026-03-23T15:46:21.186+0000] {processor.py:183} INFO - Processing /opt/airflow/dags/04_anomaly_detector.py took 0.701 seconds
[2026-03-23T15:46:51.364+0000] {processor.py:161} INFO - Started process (PID=436) to work on /opt/airflow/dags/04_anomaly_detector.py
[2026-03-23T15:46:51.366+0000] {processor.py:830} INFO - Processing file /opt/airflow/dags/04_anomaly_detector.py for tasks to queue
[2026-03-23T15:46:51.368+0000] {logging_mixin.py:188} INFO - [2026-03-23T15:46:51.367+0000] {dagbag.py:538} INFO - Filling up the DagBag from /opt/airflow/dags/04_anomaly_detector.py
[2026-03-23T15:46:51.890+0000] {processor.py:840} INFO - DAG(s) '04_anomaly_detector' retrieved from /opt/airflow/dags/04_anomaly_detector.py
[2026-03-23T15:46:51.935+0000] {logging_mixin.py:188} INFO - [2026-03-23T15:46:51.934+0000] {dag.py:3036} INFO - Sync 1 DAGs
[2026-03-23T15:46:51.959+0000] {logging_mixin.py:188} INFO - [2026-03-23T15:46:51.958+0000] {dag.py:3823} INFO - Setting next_dagrun for 04_anomaly_detector to None, run_after=None
[2026-03-23T15:46:51.996+0000] {processor.py:183} INFO - Processing /opt/airflow/dags/04_anomaly_detector.py took 0.638 seconds
[2026-03-23T15:47:22.448+0000] {processor.py:161} INFO - Started process (PID=470) to work on /opt/airflow/dags/04_anomaly_detector.py
[2026-03-23T15:47:22.450+0000] {processor.py:830} INFO - Processing file /opt/airflow/dags/04_anomaly_detector.py for tasks to queue
[2026-03-23T15:47:22.452+0000] {logging_mixin.py:188} INFO - [2026-03-23T15:47:22.451+0000] {dagbag.py:538} INFO - Filling up the DagBag from /opt/airflow/dags/04_anomaly_detector.py
[2026-03-23T15:47:22.966+0000] {processor.py:840} INFO - DAG(s) '04_anomaly_detector' retrieved from /opt/airflow/dags/04_anomaly_detector.py
[2026-03-23T15:47:23.011+0000] {logging_mixin.py:188} INFO - [2026-03-23T15:47:23.010+0000] {dag.py:3036} INFO - Sync 1 DAGs
[2026-03-23T15:47:23.034+0000] {logging_mixin.py:188} INFO - [2026-03-23T15:47:23.034+0000] {dag.py:3823} INFO - Setting next_dagrun for 04_anomaly_detector to None, run_after=None
[2026-03-23T15:47:23.074+0000] {processor.py:183} INFO - Processing /opt/airflow/dags/04_anomaly_detector.py took 0.632 seconds
[2026-03-23T15:47:53.170+0000] {processor.py:161} INFO - Started process (PID=504) to work on /opt/airflow/dags/04_anomaly_detector.py
[2026-03-23T15:47:53.172+0000] {processor.py:830} INFO - Processing file /opt/airflow/dags/04_anomaly_detector.py for tasks to queue
[2026-03-23T15:47:53.174+0000] {logging_mixin.py:188} INFO - [2026-03-23T15:47:53.173+0000] {dagbag.py:538} INFO - Filling up the DagBag from /opt/airflow/dags/04_anomaly_detector.py
[2026-03-23T15:47:53.694+0000] {processor.py:840} INFO - DAG(s) '04_anomaly_detector' retrieved from /opt/airflow/dags/04_anomaly_detector.py
[2026-03-23T15:47:53.740+0000] {logging_mixin.py:188} INFO - [2026-03-23T15:47:53.739+0000] {dag.py:3036} INFO - Sync 1 DAGs
[2026-03-23T15:47:53.765+0000] {logging_mixin.py:188} INFO - [2026-03-23T15:47:53.764+0000] {dag.py:3823} INFO - Setting next_dagrun for 04_anomaly_detector to None, run_after=None
[2026-03-23T15:47:53.805+0000] {processor.py:183} INFO - Processing /opt/airflow/dags/04_anomaly_detector.py took 0.641 seconds
[2026-03-23T15:48:24.664+0000] {processor.py:161} INFO - Started process (PID=538) to work on /opt/airflow/dags/04_anomaly_detector.py
[2026-03-23T15:48:24.666+0000] {processor.py:830} INFO - Processing file /opt/airflow/dags/04_anomaly_detector.py for tasks to queue
[2026-03-23T15:48:24.668+0000] {logging_mixin.py:188} INFO - [2026-03-23T15:48:24.667+0000] {dagbag.py:538} INFO - Filling up the DagBag from /opt/airflow/dags/04_anomaly_detector.py
[2026-03-23T15:48:25.231+0000] {processor.py:840} INFO - DAG(s) '04_anomaly_detector' retrieved from /opt/airflow/dags/04_anomaly_detector.py
[2026-03-23T15:48:25.278+0000] {logging_mixin.py:188} INFO - [2026-03-23T15:48:25.275+0000] {dag.py:3036} INFO - Sync 1 DAGs
[2026-03-23T15:48:25.301+0000] {logging_mixin.py:188} INFO - [2026-03-23T15:48:25.300+0000] {dag.py:3823} INFO - Setting next_dagrun for 04_anomaly_detector to None, run_after=None
[2026-03-23T15:48:25.342+0000] {processor.py:183} INFO - Processing /opt/airflow/dags/04_anomaly_detector.py took 0.685 seconds
[2026-03-23T15:48:56.212+0000] {processor.py:161} INFO - Started process (PID=572) to work on /opt/airflow/dags/04_anomaly_detector.py
[2026-03-23T15:48:56.214+0000] {processor.py:830} INFO - Processing file /opt/airflow/dags/04_anomaly_detector.py for tasks to queue
[2026-03-23T15:48:56.216+0000] {logging_mixin.py:188} INFO - [2026-03-23T15:48:56.215+0000] {dagbag.py:538} INFO - Filling up the DagBag from /opt/airflow/dags/04_anomaly_detector.py
[2026-03-23T15:48:56.734+0000] {processor.py:840} INFO - DAG(s) '04_anomaly_detector' retrieved from /opt/airflow/dags/04_anomaly_detector.py
[2026-03-23T15:48:56.784+0000] {logging_mixin.py:188} INFO - [2026-03-23T15:48:56.783+0000] {dag.py:3036} INFO - Sync 1 DAGs
[2026-03-23T15:48:56.810+0000] {logging_mixin.py:188} INFO - [2026-03-23T15:48:56.809+0000] {dag.py:3823} INFO - Setting next_dagrun for 04_anomaly_detector to None, run_after=None
[2026-03-23T15:48:56.852+0000] {processor.py:183} INFO - Processing /opt/airflow/dags/04_anomaly_detector.py took 0.645 seconds
[2026-03-23T15:49:27.588+0000] {processor.py:161} INFO - Started process (PID=606) to work on /opt/airflow/dags/04_anomaly_detector.py
[2026-03-23T15:49:27.589+0000] {processor.py:830} INFO - Processing file /opt/airflow/dags/04_anomaly_detector.py for tasks to queue
[2026-03-23T15:49:27.591+0000] {logging_mixin.py:188} INFO - [2026-03-23T15:49:27.591+0000] {dagbag.py:538} INFO - Filling up the DagBag from /opt/airflow/dags/04_anomaly_detector.py
[2026-03-23T15:49:28.121+0000] {processor.py:840} INFO - DAG(s) '04_anomaly_detector' retrieved from /opt/airflow/dags/04_anomaly_detector.py
[2026-03-23T15:49:28.164+0000] {logging_mixin.py:188} INFO - [2026-03-23T15:49:28.163+0000] {dag.py:3036} INFO - Sync 1 DAGs
[2026-03-23T15:49:28.189+0000] {logging_mixin.py:188} INFO - [2026-03-23T15:49:28.189+0000] {dag.py:3823} INFO - Setting next_dagrun for 04_anomaly_detector to None, run_after=None
[2026-03-23T15:49:28.234+0000] {processor.py:183} INFO - Processing /opt/airflow/dags/04_anomaly_detector.py took 0.652 seconds
[2026-03-23T15:49:58.921+0000] {processor.py:161} INFO - Started process (PID=640) to work on /opt/airflow/dags/04_anomaly_detector.py
[2026-03-23T15:49:58.923+0000] {processor.py:830} INFO - Processing file /opt/airflow/dags/04_anomaly_detector.py for tasks to queue
[2026-03-23T15:49:58.925+0000] {logging_mixin.py:188} INFO - [2026-03-23T15:49:58.924+0000] {dagbag.py:538} INFO - Filling up the DagBag from /opt/airflow/dags/04_anomaly_detector.py
[2026-03-23T15:49:59.448+0000] {processor.py:840} INFO - DAG(s) '04_anomaly_detector' retrieved from /opt/airflow/dags/04_anomaly_detector.py
[2026-03-23T15:49:59.499+0000] {logging_mixin.py:188} INFO - [2026-03-23T15:49:59.498+0000] {dag.py:3036} INFO - Sync 1 DAGs
[2026-03-23T15:49:59.526+0000] {logging_mixin.py:188} INFO - [2026-03-23T15:49:59.525+0000] {dag.py:3823} INFO - Setting next_dagrun for 04_anomaly_detector to None, run_after=None
[2026-03-23T15:49:59.571+0000] {processor.py:183} INFO - Processing /opt/airflow/dags/04_anomaly_detector.py took 0.656 seconds
[2026-03-23T15:50:30.362+0000] {processor.py:161} INFO - Started process (PID=674) to work on /opt/airflow/dags/04_anomaly_detector.py
[2026-03-23T15:50:30.364+0000] {processor.py:830} INFO - Processing file /opt/airflow/dags/04_anomaly_detector.py for tasks to queue
[2026-03-23T15:50:30.366+0000] {logging_mixin.py:188} INFO - [2026-03-23T15:50:30.365+0000] {dagbag.py:538} INFO - Filling up the DagBag from /opt/airflow/dags/04_anomaly_detector.py
[2026-03-23T15:50:30.884+0000] {processor.py:840} INFO - DAG(s) '04_anomaly_detector' retrieved from /opt/airflow/dags/04_anomaly_detector.py
[2026-03-23T15:50:30.933+0000] {logging_mixin.py:188} INFO - [2026-03-23T15:50:30.932+0000] {dag.py:3036} INFO - Sync 1 DAGs
[2026-03-23T15:50:30.962+0000] {logging_mixin.py:188} INFO - [2026-03-23T15:50:30.961+0000] {dag.py:3823} INFO - Setting next_dagrun for 04_anomaly_detector to None, run_after=None
[2026-03-23T15:50:31.008+0000] {processor.py:183} INFO - Processing /opt/airflow/dags/04_anomaly_detector.py took 0.651 seconds
