[2026-03-23T15:43:10.996+0000] {processor.py:161} INFO - Started process (PID=189) to work on /opt/airflow/dags/05_full_pipeline.py
[2026-03-23T15:43:10.999+0000] {processor.py:830} INFO - Processing file /opt/airflow/dags/05_full_pipeline.py for tasks to queue
[2026-03-23T15:43:11.008+0000] {logging_mixin.py:188} INFO - [2026-03-23T15:43:11.000+0000] {dagbag.py:538} INFO - Filling up the DagBag from /opt/airflow/dags/05_full_pipeline.py
[2026-03-23T15:43:11.086+0000] {processor.py:840} INFO - DAG(s) '05_full_pipeline' retrieved from /opt/airflow/dags/05_full_pipeline.py
[2026-03-23T15:43:11.679+0000] {logging_mixin.py:188} INFO - [2026-03-23T15:43:11.675+0000] {override.py:1769} INFO - Created Permission View: can read on DAG:05_full_pipeline
[2026-03-23T15:43:11.703+0000] {logging_mixin.py:188} INFO - [2026-03-23T15:43:11.703+0000] {override.py:1769} INFO - Created Permission View: can delete on DAG:05_full_pipeline
[2026-03-23T15:43:11.714+0000] {logging_mixin.py:188} INFO - [2026-03-23T15:43:11.714+0000] {override.py:1769} INFO - Created Permission View: can edit on DAG:05_full_pipeline
[2026-03-23T15:43:11.715+0000] {logging_mixin.py:188} INFO - [2026-03-23T15:43:11.715+0000] {dag.py:3036} INFO - Sync 1 DAGs
[2026-03-23T15:43:11.757+0000] {logging_mixin.py:188} INFO - [2026-03-23T15:43:11.757+0000] {dag.py:3058} INFO - Creating ORM DAG for 05_full_pipeline
[2026-03-23T15:43:11.760+0000] {logging_mixin.py:188} INFO - [2026-03-23T15:43:11.759+0000] {dag.py:3823} INFO - Setting next_dagrun for 05_full_pipeline to None, run_after=None
[2026-03-23T15:43:11.833+0000] {processor.py:183} INFO - Processing /opt/airflow/dags/05_full_pipeline.py took 0.847 seconds
[2026-03-23T15:43:42.525+0000] {processor.py:161} INFO - Started process (PID=223) to work on /opt/airflow/dags/05_full_pipeline.py
[2026-03-23T15:43:42.527+0000] {processor.py:830} INFO - Processing file /opt/airflow/dags/05_full_pipeline.py for tasks to queue
[2026-03-23T15:43:42.529+0000] {logging_mixin.py:188} INFO - [2026-03-23T15:43:42.528+0000] {dagbag.py:538} INFO - Filling up the DagBag from /opt/airflow/dags/05_full_pipeline.py
[2026-03-23T15:43:42.569+0000] {processor.py:840} INFO - DAG(s) '05_full_pipeline' retrieved from /opt/airflow/dags/05_full_pipeline.py
[2026-03-23T15:43:42.627+0000] {logging_mixin.py:188} INFO - [2026-03-23T15:43:42.627+0000] {dag.py:3036} INFO - Sync 1 DAGs
[2026-03-23T15:43:42.656+0000] {logging_mixin.py:188} INFO - [2026-03-23T15:43:42.656+0000] {dag.py:3823} INFO - Setting next_dagrun for 05_full_pipeline to None, run_after=None
[2026-03-23T15:43:42.702+0000] {processor.py:183} INFO - Processing /opt/airflow/dags/05_full_pipeline.py took 0.183 seconds
[2026-03-23T15:44:13.245+0000] {processor.py:161} INFO - Started process (PID=257) to work on /opt/airflow/dags/05_full_pipeline.py
[2026-03-23T15:44:13.246+0000] {processor.py:830} INFO - Processing file /opt/airflow/dags/05_full_pipeline.py for tasks to queue
[2026-03-23T15:44:13.248+0000] {logging_mixin.py:188} INFO - [2026-03-23T15:44:13.247+0000] {dagbag.py:538} INFO - Filling up the DagBag from /opt/airflow/dags/05_full_pipeline.py
[2026-03-23T15:44:13.284+0000] {processor.py:840} INFO - DAG(s) '05_full_pipeline' retrieved from /opt/airflow/dags/05_full_pipeline.py
[2026-03-23T15:44:13.334+0000] {logging_mixin.py:188} INFO - [2026-03-23T15:44:13.333+0000] {dag.py:3036} INFO - Sync 1 DAGs
[2026-03-23T15:44:13.357+0000] {logging_mixin.py:188} INFO - [2026-03-23T15:44:13.356+0000] {dag.py:3823} INFO - Setting next_dagrun for 05_full_pipeline to None, run_after=None
[2026-03-23T15:44:13.391+0000] {processor.py:183} INFO - Processing /opt/airflow/dags/05_full_pipeline.py took 0.152 seconds
[2026-03-23T15:44:43.532+0000] {processor.py:161} INFO - Started process (PID=291) to work on /opt/airflow/dags/05_full_pipeline.py
[2026-03-23T15:44:43.534+0000] {processor.py:830} INFO - Processing file /opt/airflow/dags/05_full_pipeline.py for tasks to queue
[2026-03-23T15:44:43.536+0000] {logging_mixin.py:188} INFO - [2026-03-23T15:44:43.535+0000] {dagbag.py:538} INFO - Filling up the DagBag from /opt/airflow/dags/05_full_pipeline.py
[2026-03-23T15:44:43.576+0000] {processor.py:840} INFO - DAG(s) '05_full_pipeline' retrieved from /opt/airflow/dags/05_full_pipeline.py
[2026-03-23T15:44:43.623+0000] {logging_mixin.py:188} INFO - [2026-03-23T15:44:43.622+0000] {dag.py:3036} INFO - Sync 1 DAGs
[2026-03-23T15:44:43.647+0000] {logging_mixin.py:188} INFO - [2026-03-23T15:44:43.647+0000] {dag.py:3823} INFO - Setting next_dagrun for 05_full_pipeline to None, run_after=None
[2026-03-23T15:44:43.687+0000] {processor.py:183} INFO - Processing /opt/airflow/dags/05_full_pipeline.py took 0.161 seconds
[2026-03-23T15:45:13.968+0000] {processor.py:161} INFO - Started process (PID=325) to work on /opt/airflow/dags/05_full_pipeline.py
[2026-03-23T15:45:13.970+0000] {processor.py:830} INFO - Processing file /opt/airflow/dags/05_full_pipeline.py for tasks to queue
[2026-03-23T15:45:13.972+0000] {logging_mixin.py:188} INFO - [2026-03-23T15:45:13.971+0000] {dagbag.py:538} INFO - Filling up the DagBag from /opt/airflow/dags/05_full_pipeline.py
[2026-03-23T15:45:14.009+0000] {processor.py:840} INFO - DAG(s) '05_full_pipeline' retrieved from /opt/airflow/dags/05_full_pipeline.py
[2026-03-23T15:45:14.059+0000] {logging_mixin.py:188} INFO - [2026-03-23T15:45:14.058+0000] {dag.py:3036} INFO - Sync 1 DAGs
[2026-03-23T15:45:14.082+0000] {logging_mixin.py:188} INFO - [2026-03-23T15:45:14.082+0000] {dag.py:3823} INFO - Setting next_dagrun for 05_full_pipeline to None, run_after=None
[2026-03-23T15:45:14.118+0000] {processor.py:183} INFO - Processing /opt/airflow/dags/05_full_pipeline.py took 0.156 seconds
[2026-03-23T15:45:44.464+0000] {processor.py:161} INFO - Started process (PID=363) to work on /opt/airflow/dags/05_full_pipeline.py
[2026-03-23T15:45:44.466+0000] {processor.py:830} INFO - Processing file /opt/airflow/dags/05_full_pipeline.py for tasks to queue
[2026-03-23T15:45:44.468+0000] {logging_mixin.py:188} INFO - [2026-03-23T15:45:44.467+0000] {dagbag.py:538} INFO - Filling up the DagBag from /opt/airflow/dags/05_full_pipeline.py
[2026-03-23T15:45:44.508+0000] {processor.py:840} INFO - DAG(s) '05_full_pipeline' retrieved from /opt/airflow/dags/05_full_pipeline.py
[2026-03-23T15:45:44.560+0000] {logging_mixin.py:188} INFO - [2026-03-23T15:45:44.560+0000] {dag.py:3036} INFO - Sync 1 DAGs
[2026-03-23T15:45:44.587+0000] {logging_mixin.py:188} INFO - [2026-03-23T15:45:44.587+0000] {dag.py:3823} INFO - Setting next_dagrun for 05_full_pipeline to None, run_after=None
[2026-03-23T15:45:44.627+0000] {processor.py:183} INFO - Processing /opt/airflow/dags/05_full_pipeline.py took 0.169 seconds
[2026-03-23T15:46:14.959+0000] {processor.py:161} INFO - Started process (PID=397) to work on /opt/airflow/dags/05_full_pipeline.py
[2026-03-23T15:46:14.961+0000] {processor.py:830} INFO - Processing file /opt/airflow/dags/05_full_pipeline.py for tasks to queue
[2026-03-23T15:46:14.963+0000] {logging_mixin.py:188} INFO - [2026-03-23T15:46:14.962+0000] {dagbag.py:538} INFO - Filling up the DagBag from /opt/airflow/dags/05_full_pipeline.py
[2026-03-23T15:46:15.002+0000] {processor.py:840} INFO - DAG(s) '05_full_pipeline' retrieved from /opt/airflow/dags/05_full_pipeline.py
[2026-03-23T15:46:15.052+0000] {logging_mixin.py:188} INFO - [2026-03-23T15:46:15.052+0000] {dag.py:3036} INFO - Sync 1 DAGs
[2026-03-23T15:46:15.075+0000] {logging_mixin.py:188} INFO - [2026-03-23T15:46:15.075+0000] {dag.py:3823} INFO - Setting next_dagrun for 05_full_pipeline to None, run_after=None
[2026-03-23T15:46:15.113+0000] {processor.py:183} INFO - Processing /opt/airflow/dags/05_full_pipeline.py took 0.160 seconds
[2026-03-23T15:46:45.773+0000] {processor.py:161} INFO - Started process (PID=431) to work on /opt/airflow/dags/05_full_pipeline.py
[2026-03-23T15:46:45.775+0000] {processor.py:830} INFO - Processing file /opt/airflow/dags/05_full_pipeline.py for tasks to queue
[2026-03-23T15:46:45.777+0000] {logging_mixin.py:188} INFO - [2026-03-23T15:46:45.776+0000] {dagbag.py:538} INFO - Filling up the DagBag from /opt/airflow/dags/05_full_pipeline.py
[2026-03-23T15:46:45.812+0000] {processor.py:840} INFO - DAG(s) '05_full_pipeline' retrieved from /opt/airflow/dags/05_full_pipeline.py
[2026-03-23T15:46:45.861+0000] {logging_mixin.py:188} INFO - [2026-03-23T15:46:45.860+0000] {dag.py:3036} INFO - Sync 1 DAGs
[2026-03-23T15:46:45.885+0000] {logging_mixin.py:188} INFO - [2026-03-23T15:46:45.885+0000] {dag.py:3823} INFO - Setting next_dagrun for 05_full_pipeline to None, run_after=None
[2026-03-23T15:46:45.923+0000] {processor.py:183} INFO - Processing /opt/airflow/dags/05_full_pipeline.py took 0.157 seconds
[2026-03-23T15:47:16.084+0000] {processor.py:161} INFO - Started process (PID=465) to work on /opt/airflow/dags/05_full_pipeline.py
[2026-03-23T15:47:16.086+0000] {processor.py:830} INFO - Processing file /opt/airflow/dags/05_full_pipeline.py for tasks to queue
[2026-03-23T15:47:16.088+0000] {logging_mixin.py:188} INFO - [2026-03-23T15:47:16.087+0000] {dagbag.py:538} INFO - Filling up the DagBag from /opt/airflow/dags/05_full_pipeline.py
[2026-03-23T15:47:16.130+0000] {processor.py:840} INFO - DAG(s) '05_full_pipeline' retrieved from /opt/airflow/dags/05_full_pipeline.py
[2026-03-23T15:47:16.179+0000] {logging_mixin.py:188} INFO - [2026-03-23T15:47:16.178+0000] {dag.py:3036} INFO - Sync 1 DAGs
[2026-03-23T15:47:16.203+0000] {logging_mixin.py:188} INFO - [2026-03-23T15:47:16.202+0000] {dag.py:3823} INFO - Setting next_dagrun for 05_full_pipeline to None, run_after=None
[2026-03-23T15:47:16.243+0000] {processor.py:183} INFO - Processing /opt/airflow/dags/05_full_pipeline.py took 0.165 seconds
[2026-03-23T15:47:45.790+0000] {processor.py:161} INFO - Started process (PID=499) to work on /opt/airflow/dags/05_full_pipeline.py
[2026-03-23T15:47:45.791+0000] {processor.py:830} INFO - Processing file /opt/airflow/dags/05_full_pipeline.py for tasks to queue
[2026-03-23T15:47:45.793+0000] {logging_mixin.py:188} INFO - [2026-03-23T15:47:45.793+0000] {dagbag.py:538} INFO - Filling up the DagBag from /opt/airflow/dags/05_full_pipeline.py
[2026-03-23T15:47:45.832+0000] {processor.py:840} INFO - DAG(s) '05_full_pipeline' retrieved from /opt/airflow/dags/05_full_pipeline.py
[2026-03-23T15:47:45.881+0000] {logging_mixin.py:188} INFO - [2026-03-23T15:47:45.880+0000] {dag.py:3036} INFO - Sync 1 DAGs
[2026-03-23T15:47:45.905+0000] {logging_mixin.py:188} INFO - [2026-03-23T15:47:45.904+0000] {dag.py:3823} INFO - Setting next_dagrun for 05_full_pipeline to None, run_after=None
[2026-03-23T15:47:45.946+0000] {processor.py:183} INFO - Processing /opt/airflow/dags/05_full_pipeline.py took 0.162 seconds
[2026-03-23T15:48:16.466+0000] {processor.py:161} INFO - Started process (PID=533) to work on /opt/airflow/dags/05_full_pipeline.py
[2026-03-23T15:48:16.468+0000] {processor.py:830} INFO - Processing file /opt/airflow/dags/05_full_pipeline.py for tasks to queue
[2026-03-23T15:48:16.470+0000] {logging_mixin.py:188} INFO - [2026-03-23T15:48:16.469+0000] {dagbag.py:538} INFO - Filling up the DagBag from /opt/airflow/dags/05_full_pipeline.py
[2026-03-23T15:48:16.507+0000] {processor.py:840} INFO - DAG(s) '05_full_pipeline' retrieved from /opt/airflow/dags/05_full_pipeline.py
[2026-03-23T15:48:16.556+0000] {logging_mixin.py:188} INFO - [2026-03-23T15:48:16.555+0000] {dag.py:3036} INFO - Sync 1 DAGs
[2026-03-23T15:48:16.581+0000] {logging_mixin.py:188} INFO - [2026-03-23T15:48:16.581+0000] {dag.py:3823} INFO - Setting next_dagrun for 05_full_pipeline to None, run_after=None
[2026-03-23T15:48:16.619+0000] {processor.py:183} INFO - Processing /opt/airflow/dags/05_full_pipeline.py took 0.159 seconds
[2026-03-23T15:48:47.022+0000] {processor.py:161} INFO - Started process (PID=567) to work on /opt/airflow/dags/05_full_pipeline.py
[2026-03-23T15:48:47.024+0000] {processor.py:830} INFO - Processing file /opt/airflow/dags/05_full_pipeline.py for tasks to queue
[2026-03-23T15:48:47.026+0000] {logging_mixin.py:188} INFO - [2026-03-23T15:48:47.025+0000] {dagbag.py:538} INFO - Filling up the DagBag from /opt/airflow/dags/05_full_pipeline.py
[2026-03-23T15:48:47.074+0000] {processor.py:840} INFO - DAG(s) '05_full_pipeline' retrieved from /opt/airflow/dags/05_full_pipeline.py
[2026-03-23T15:48:47.126+0000] {logging_mixin.py:188} INFO - [2026-03-23T15:48:47.125+0000] {dag.py:3036} INFO - Sync 1 DAGs
[2026-03-23T15:48:47.150+0000] {logging_mixin.py:188} INFO - [2026-03-23T15:48:47.149+0000] {dag.py:3823} INFO - Setting next_dagrun for 05_full_pipeline to None, run_after=None
[2026-03-23T15:48:47.188+0000] {processor.py:183} INFO - Processing /opt/airflow/dags/05_full_pipeline.py took 0.173 seconds
[2026-03-23T15:49:17.372+0000] {processor.py:161} INFO - Started process (PID=601) to work on /opt/airflow/dags/05_full_pipeline.py
[2026-03-23T15:49:17.374+0000] {processor.py:830} INFO - Processing file /opt/airflow/dags/05_full_pipeline.py for tasks to queue
[2026-03-23T15:49:17.376+0000] {logging_mixin.py:188} INFO - [2026-03-23T15:49:17.375+0000] {dagbag.py:538} INFO - Filling up the DagBag from /opt/airflow/dags/05_full_pipeline.py
[2026-03-23T15:49:17.417+0000] {processor.py:840} INFO - DAG(s) '05_full_pipeline' retrieved from /opt/airflow/dags/05_full_pipeline.py
[2026-03-23T15:49:17.466+0000] {logging_mixin.py:188} INFO - [2026-03-23T15:49:17.465+0000] {dag.py:3036} INFO - Sync 1 DAGs
[2026-03-23T15:49:17.490+0000] {logging_mixin.py:188} INFO - [2026-03-23T15:49:17.490+0000] {dag.py:3823} INFO - Setting next_dagrun for 05_full_pipeline to None, run_after=None
[2026-03-23T15:49:17.534+0000] {processor.py:183} INFO - Processing /opt/airflow/dags/05_full_pipeline.py took 0.169 seconds
[2026-03-23T15:49:47.675+0000] {processor.py:161} INFO - Started process (PID=635) to work on /opt/airflow/dags/05_full_pipeline.py
[2026-03-23T15:49:47.678+0000] {processor.py:830} INFO - Processing file /opt/airflow/dags/05_full_pipeline.py for tasks to queue
[2026-03-23T15:49:47.680+0000] {logging_mixin.py:188} INFO - [2026-03-23T15:49:47.679+0000] {dagbag.py:538} INFO - Filling up the DagBag from /opt/airflow/dags/05_full_pipeline.py
[2026-03-23T15:49:47.726+0000] {processor.py:840} INFO - DAG(s) '05_full_pipeline' retrieved from /opt/airflow/dags/05_full_pipeline.py
[2026-03-23T15:49:47.776+0000] {logging_mixin.py:188} INFO - [2026-03-23T15:49:47.775+0000] {dag.py:3036} INFO - Sync 1 DAGs
[2026-03-23T15:49:47.801+0000] {logging_mixin.py:188} INFO - [2026-03-23T15:49:47.800+0000] {dag.py:3823} INFO - Setting next_dagrun for 05_full_pipeline to None, run_after=None
[2026-03-23T15:49:47.842+0000] {processor.py:183} INFO - Processing /opt/airflow/dags/05_full_pipeline.py took 0.173 seconds
[2026-03-23T15:50:18.076+0000] {processor.py:161} INFO - Started process (PID=669) to work on /opt/airflow/dags/05_full_pipeline.py
[2026-03-23T15:50:18.078+0000] {processor.py:830} INFO - Processing file /opt/airflow/dags/05_full_pipeline.py for tasks to queue
[2026-03-23T15:50:18.080+0000] {logging_mixin.py:188} INFO - [2026-03-23T15:50:18.079+0000] {dagbag.py:538} INFO - Filling up the DagBag from /opt/airflow/dags/05_full_pipeline.py
[2026-03-23T15:50:18.114+0000] {processor.py:840} INFO - DAG(s) '05_full_pipeline' retrieved from /opt/airflow/dags/05_full_pipeline.py
[2026-03-23T15:50:18.163+0000] {logging_mixin.py:188} INFO - [2026-03-23T15:50:18.162+0000] {dag.py:3036} INFO - Sync 1 DAGs
[2026-03-23T15:50:18.188+0000] {logging_mixin.py:188} INFO - [2026-03-23T15:50:18.187+0000] {dag.py:3823} INFO - Setting next_dagrun for 05_full_pipeline to None, run_after=None
[2026-03-23T15:50:18.232+0000] {processor.py:183} INFO - Processing /opt/airflow/dags/05_full_pipeline.py took 0.161 seconds
[2026-03-23T15:50:48.673+0000] {processor.py:161} INFO - Started process (PID=703) to work on /opt/airflow/dags/05_full_pipeline.py
[2026-03-23T15:50:48.675+0000] {processor.py:830} INFO - Processing file /opt/airflow/dags/05_full_pipeline.py for tasks to queue
[2026-03-23T15:50:48.677+0000] {logging_mixin.py:188} INFO - [2026-03-23T15:50:48.676+0000] {dagbag.py:538} INFO - Filling up the DagBag from /opt/airflow/dags/05_full_pipeline.py
[2026-03-23T15:50:48.714+0000] {processor.py:840} INFO - DAG(s) '05_full_pipeline' retrieved from /opt/airflow/dags/05_full_pipeline.py
[2026-03-23T15:50:48.762+0000] {logging_mixin.py:188} INFO - [2026-03-23T15:50:48.761+0000] {dag.py:3036} INFO - Sync 1 DAGs
[2026-03-23T15:50:48.788+0000] {logging_mixin.py:188} INFO - [2026-03-23T15:50:48.788+0000] {dag.py:3823} INFO - Setting next_dagrun for 05_full_pipeline to None, run_after=None
[2026-03-23T15:50:48.826+0000] {processor.py:183} INFO - Processing /opt/airflow/dags/05_full_pipeline.py took 0.158 seconds
