[2026-03-24T09:32:56.509+0000] {taskinstance.py:1956} INFO - Dependencies all met for dep_context=non-requeueable deps ti=<TaskInstance: 03_load_anime.bulk_index manual__2026-03-24T09:32:52.247376+00:00 [queued]>
[2026-03-24T09:32:56.525+0000] {taskinstance.py:1956} INFO - Dependencies all met for dep_context=requeueable deps ti=<TaskInstance: 03_load_anime.bulk_index manual__2026-03-24T09:32:52.247376+00:00 [queued]>
[2026-03-24T09:32:56.526+0000] {taskinstance.py:2170} INFO - Starting attempt 1 of 3
[2026-03-24T09:32:56.550+0000] {taskinstance.py:2191} INFO - Executing <Task(PythonOperator): bulk_index> on 2026-03-24 09:32:52.247376+00:00
[2026-03-24T09:32:56.559+0000] {standard_task_runner.py:60} INFO - Started process 4925 to run task
[2026-03-24T09:32:56.563+0000] {standard_task_runner.py:87} INFO - Running: ['***', 'tasks', 'run', '03_load_anime', 'bulk_index', 'manual__2026-03-24T09:32:52.247376+00:00', '--job-id', '142', '--raw', '--subdir', 'DAGS_FOLDER/03_load_anime.py', '--cfg-path', '/tmp/tmp_ixzvl76']
[2026-03-24T09:32:56.568+0000] {standard_task_runner.py:88} INFO - Job 142: Subtask bulk_index
[2026-03-24T09:32:56.667+0000] {task_command.py:423} INFO - Running <TaskInstance: 03_load_anime.bulk_index manual__2026-03-24T09:32:52.247376+00:00 [running]> on host 67583f3fa599
[2026-03-24T09:32:57.113+0000] {taskinstance.py:2480} INFO - Exporting env vars: AIRFLOW_CTX_DAG_OWNER='anidata-lab' AIRFLOW_CTX_DAG_ID='03_load_anime' AIRFLOW_CTX_TASK_ID='bulk_index' AIRFLOW_CTX_EXECUTION_DATE='2026-03-24T09:32:52.247376+00:00' AIRFLOW_CTX_TRY_NUMBER='1' AIRFLOW_CTX_DAG_RUN_ID='manual__2026-03-24T09:32:52.247376+00:00'
[2026-03-24T09:32:57.601+0000] {_transport.py:335} INFO - HEAD http://elasticsearch:9200/ [status:200 duration:0.005s]
[2026-03-24T09:33:00.078+0000] {_transport.py:335} INFO - PUT http://elasticsearch:9200/_bulk [status:200 duration:0.158s]
[2026-03-24T09:33:00.204+0000] {_transport.py:335} INFO - PUT http://elasticsearch:9200/_bulk [status:200 duration:0.092s]
[2026-03-24T09:33:00.327+0000] {_transport.py:335} INFO - PUT http://elasticsearch:9200/_bulk [status:200 duration:0.091s]
[2026-03-24T09:33:00.457+0000] {_transport.py:335} INFO - PUT http://elasticsearch:9200/_bulk [status:200 duration:0.100s]
[2026-03-24T09:33:00.566+0000] {_transport.py:335} INFO - PUT http://elasticsearch:9200/_bulk [status:200 duration:0.079s]
[2026-03-24T09:33:00.701+0000] {_transport.py:335} INFO - PUT http://elasticsearch:9200/_bulk [status:200 duration:0.105s]
[2026-03-24T09:33:01.001+0000] {_transport.py:335} INFO - PUT http://elasticsearch:9200/_bulk [status:200 duration:0.078s]
[2026-03-24T09:33:01.117+0000] {_transport.py:335} INFO - PUT http://elasticsearch:9200/_bulk [status:200 duration:0.086s]
[2026-03-24T09:33:01.224+0000] {_transport.py:335} INFO - PUT http://elasticsearch:9200/_bulk [status:200 duration:0.077s]
[2026-03-24T09:33:01.333+0000] {_transport.py:335} INFO - PUT http://elasticsearch:9200/_bulk [status:200 duration:0.080s]
[2026-03-24T09:33:01.440+0000] {_transport.py:335} INFO - PUT http://elasticsearch:9200/_bulk [status:200 duration:0.078s]
[2026-03-24T09:33:01.546+0000] {_transport.py:335} INFO - PUT http://elasticsearch:9200/_bulk [status:200 duration:0.076s]
[2026-03-24T09:33:01.656+0000] {_transport.py:335} INFO - PUT http://elasticsearch:9200/_bulk [status:200 duration:0.080s]
[2026-03-24T09:33:01.760+0000] {_transport.py:335} INFO - PUT http://elasticsearch:9200/_bulk [status:200 duration:0.075s]
[2026-03-24T09:33:01.868+0000] {_transport.py:335} INFO - PUT http://elasticsearch:9200/_bulk [status:200 duration:0.075s]
[2026-03-24T09:33:01.969+0000] {_transport.py:335} INFO - PUT http://elasticsearch:9200/_bulk [status:200 duration:0.072s]
[2026-03-24T09:33:02.075+0000] {_transport.py:335} INFO - PUT http://elasticsearch:9200/_bulk [status:200 duration:0.077s]
[2026-03-24T09:33:02.189+0000] {_transport.py:335} INFO - PUT http://elasticsearch:9200/_bulk [status:200 duration:0.087s]
[2026-03-24T09:33:02.289+0000] {_transport.py:335} INFO - PUT http://elasticsearch:9200/_bulk [status:200 duration:0.071s]
[2026-03-24T09:33:02.393+0000] {_transport.py:335} INFO - PUT http://elasticsearch:9200/_bulk [status:200 duration:0.076s]
[2026-03-24T09:33:02.486+0000] {_transport.py:335} INFO - PUT http://elasticsearch:9200/_bulk [status:200 duration:0.066s]
[2026-03-24T09:33:02.592+0000] {_transport.py:335} INFO - PUT http://elasticsearch:9200/_bulk [status:200 duration:0.076s]
[2026-03-24T09:33:02.721+0000] {_transport.py:335} INFO - PUT http://elasticsearch:9200/_bulk [status:200 duration:0.100s]
[2026-03-24T09:33:02.917+0000] {_transport.py:335} INFO - PUT http://elasticsearch:9200/_bulk [status:200 duration:0.160s]
[2026-03-24T09:33:03.030+0000] {_transport.py:335} INFO - PUT http://elasticsearch:9200/_bulk [status:200 duration:0.084s]
[2026-03-24T09:33:03.131+0000] {_transport.py:335} INFO - PUT http://elasticsearch:9200/_bulk [status:200 duration:0.073s]
[2026-03-24T09:33:03.232+0000] {_transport.py:335} INFO - PUT http://elasticsearch:9200/_bulk [status:200 duration:0.073s]
[2026-03-24T09:33:03.348+0000] {_transport.py:335} INFO - PUT http://elasticsearch:9200/_bulk [status:200 duration:0.082s]
[2026-03-24T09:33:03.458+0000] {_transport.py:335} INFO - PUT http://elasticsearch:9200/_bulk [status:200 duration:0.075s]
[2026-03-24T09:33:03.566+0000] {_transport.py:335} INFO - PUT http://elasticsearch:9200/_bulk [status:200 duration:0.079s]
[2026-03-24T09:33:03.665+0000] {_transport.py:335} INFO - PUT http://elasticsearch:9200/_bulk [status:200 duration:0.072s]
[2026-03-24T09:33:03.769+0000] {_transport.py:335} INFO - PUT http://elasticsearch:9200/_bulk [status:200 duration:0.075s]
[2026-03-24T09:33:03.872+0000] {_transport.py:335} INFO - PUT http://elasticsearch:9200/_bulk [status:200 duration:0.075s]
[2026-03-24T09:33:03.964+0000] {_transport.py:335} INFO - PUT http://elasticsearch:9200/_bulk [status:200 duration:0.065s]
[2026-03-24T09:33:04.053+0000] {_transport.py:335} INFO - PUT http://elasticsearch:9200/_bulk [status:200 duration:0.063s]
[2026-03-24T09:33:04.079+0000] {_transport.py:335} INFO - PUT http://elasticsearch:9200/_bulk [status:200 duration:0.019s]
[2026-03-24T09:33:04.111+0000] {logging_mixin.py:188} INFO - Indexation : 17562/17562 docs, 0 erreurs
[2026-03-24T09:33:04.112+0000] {python.py:201} INFO - Done. Returned value was: None
[2026-03-24T09:33:04.135+0000] {taskinstance.py:1138} INFO - Marking task as SUCCESS. dag_id=03_load_anime, task_id=bulk_index, execution_date=20260324T093252, start_date=20260324T093256, end_date=20260324T093304
[2026-03-24T09:33:04.185+0000] {local_task_job_runner.py:234} INFO - Task exited with return code 0
[2026-03-24T09:33:04.225+0000] {taskinstance.py:3280} INFO - 1 downstream tasks scheduled from follow-on schedule check
