[2026-03-24T08:19:36.600+0000] {taskinstance.py:1956} INFO - Dependencies all met for dep_context=non-requeueable deps ti=<TaskInstance: 05_full_pipeline.trigger_extract manual__2026-03-24T08:06:39.360129+00:00 [queued]>
[2026-03-24T08:19:36.635+0000] {taskinstance.py:1956} INFO - Dependencies all met for dep_context=requeueable deps ti=<TaskInstance: 05_full_pipeline.trigger_extract manual__2026-03-24T08:06:39.360129+00:00 [queued]>
[2026-03-24T08:19:36.636+0000] {taskinstance.py:2170} INFO - Starting attempt 2 of 2
[2026-03-24T08:19:36.676+0000] {taskinstance.py:2191} INFO - Executing <Task(TriggerDagRunOperator): trigger_extract> on 2026-03-24 08:06:39.360129+00:00
[2026-03-24T08:19:36.690+0000] {standard_task_runner.py:60} INFO - Started process 189 to run task
[2026-03-24T08:19:36.699+0000] {standard_task_runner.py:87} INFO - Running: ['***', 'tasks', 'run', '05_full_pipeline', 'trigger_extract', 'manual__2026-03-24T08:06:39.360129+00:00', '--job-id', '11', '--raw', '--subdir', 'DAGS_FOLDER/05_full_pipeline.py', '--cfg-path', '/tmp/tmpv1_e66xk']
[2026-03-24T08:19:36.704+0000] {standard_task_runner.py:88} INFO - Job 11: Subtask trigger_extract
[2026-03-24T08:19:36.873+0000] {task_command.py:423} INFO - Running <TaskInstance: 05_full_pipeline.trigger_extract manual__2026-03-24T08:06:39.360129+00:00 [running]> on host 2345ef06643f
[2026-03-24T08:19:37.086+0000] {taskinstance.py:2480} INFO - Exporting env vars: AIRFLOW_CTX_DAG_OWNER='anidata-lab' AIRFLOW_CTX_DAG_ID='05_full_pipeline' AIRFLOW_CTX_TASK_ID='trigger_extract' AIRFLOW_CTX_EXECUTION_DATE='2026-03-24T08:06:39.360129+00:00' AIRFLOW_CTX_TRY_NUMBER='2' AIRFLOW_CTX_DAG_RUN_ID='manual__2026-03-24T08:06:39.360129+00:00'
[2026-03-24T08:19:37.162+0000] {taskinstance.py:2698} ERROR - Task failed with exception
Traceback (most recent call last):
  File "/home/airflow/.local/lib/python3.11/site-packages/airflow/models/taskinstance.py", line 433, in _execute_task
    result = execute_callable(context=context, **execute_callable_kwargs)
             ^^^^^^^^^^^^^^^^^^^^^^^^^^^^^^^^^^^^^^^^^^^^^^^^^^^^^^^^^^^^
  File "/home/airflow/.local/lib/python3.11/site-packages/airflow/operators/trigger_dagrun.py", line 165, in execute
    dag_run = trigger_dag(
              ^^^^^^^^^^^^
  File "/home/airflow/.local/lib/python3.11/site-packages/airflow/api/common/trigger_dag.py", line 125, in trigger_dag
    triggers = _trigger_dag(
               ^^^^^^^^^^^^^
  File "/home/airflow/.local/lib/python3.11/site-packages/airflow/api/common/trigger_dag.py", line 55, in _trigger_dag
    raise DagNotFound(f"Dag id {dag_id} not found")
airflow.exceptions.DagNotFound: Dag id 01_extract_anime not found
[2026-03-24T08:19:37.171+0000] {taskinstance.py:1138} INFO - Marking task as FAILED. dag_id=05_full_pipeline, task_id=trigger_extract, execution_date=20260324T080639, start_date=20260324T081936, end_date=20260324T081937
[2026-03-24T08:19:37.198+0000] {standard_task_runner.py:107} ERROR - Failed to execute job 11 for task trigger_extract (Dag id 01_extract_anime not found; 189)
[2026-03-24T08:19:37.240+0000] {local_task_job_runner.py:234} INFO - Task exited with return code 1
[2026-03-24T08:19:37.301+0000] {taskinstance.py:3280} INFO - 0 downstream tasks scheduled from follow-on schedule check
