[2026-03-24T08:06:58.582+0000] {taskinstance.py:1956} INFO - Dependencies all met for dep_context=non-requeueable deps ti=<TaskInstance: 05_full_pipeline.trigger_extract manual__2026-03-24T08:06:39.360129+00:00 [queued]>
[2026-03-24T08:06:58.596+0000] {taskinstance.py:1956} INFO - Dependencies all met for dep_context=requeueable deps ti=<TaskInstance: 05_full_pipeline.trigger_extract manual__2026-03-24T08:06:39.360129+00:00 [queued]>
[2026-03-24T08:06:58.597+0000] {taskinstance.py:2170} INFO - Starting attempt 1 of 2
[2026-03-24T08:06:58.618+0000] {taskinstance.py:2191} INFO - Executing <Task(TriggerDagRunOperator): trigger_extract> on 2026-03-24 08:06:39.360129+00:00
[2026-03-24T08:06:58.626+0000] {standard_task_runner.py:60} INFO - Started process 379 to run task
[2026-03-24T08:06:58.631+0000] {standard_task_runner.py:87} INFO - Running: ['***', 'tasks', 'run', '05_full_pipeline', 'trigger_extract', 'manual__2026-03-24T08:06:39.360129+00:00', '--job-id', '7', '--raw', '--subdir', 'DAGS_FOLDER/05_full_pipeline.py', '--cfg-path', '/tmp/tmpfm8c3jgd']
[2026-03-24T08:06:58.636+0000] {standard_task_runner.py:88} INFO - Job 7: Subtask trigger_extract
[2026-03-24T08:06:58.742+0000] {task_command.py:423} INFO - Running <TaskInstance: 05_full_pipeline.trigger_extract manual__2026-03-24T08:06:39.360129+00:00 [running]> on host 2345ef06643f
[2026-03-24T08:06:58.907+0000] {taskinstance.py:2480} INFO - Exporting env vars: AIRFLOW_CTX_DAG_OWNER='anidata-lab' AIRFLOW_CTX_DAG_ID='05_full_pipeline' AIRFLOW_CTX_TASK_ID='trigger_extract' AIRFLOW_CTX_EXECUTION_DATE='2026-03-24T08:06:39.360129+00:00' AIRFLOW_CTX_TRY_NUMBER='1' AIRFLOW_CTX_DAG_RUN_ID='manual__2026-03-24T08:06:39.360129+00:00'
[2026-03-24T08:06:59.055+0000] {trigger_dagrun.py:210} INFO - Waiting for 01_extract_anime on 2026-03-24 08:06:58.908915+00:00 to become allowed state ['success'] ...
[2026-03-24T08:07:08.996+0000] {trigger_dagrun.py:210} INFO - Waiting for 01_extract_anime on 2026-03-24 08:06:58.908915+00:00 to become allowed state ['success'] ...
[2026-03-24T08:07:19.015+0000] {trigger_dagrun.py:210} INFO - Waiting for 01_extract_anime on 2026-03-24 08:06:58.908915+00:00 to become allowed state ['success'] ...
[2026-03-24T08:07:29.033+0000] {trigger_dagrun.py:210} INFO - Waiting for 01_extract_anime on 2026-03-24 08:06:58.908915+00:00 to become allowed state ['success'] ...
[2026-03-24T08:07:38.938+0000] {trigger_dagrun.py:210} INFO - Waiting for 01_extract_anime on 2026-03-24 08:06:58.908915+00:00 to become allowed state ['success'] ...
[2026-03-24T08:07:48.955+0000] {trigger_dagrun.py:210} INFO - Waiting for 01_extract_anime on 2026-03-24 08:06:58.908915+00:00 to become allowed state ['success'] ...
[2026-03-24T08:07:58.980+0000] {trigger_dagrun.py:210} INFO - Waiting for 01_extract_anime on 2026-03-24 08:06:58.908915+00:00 to become allowed state ['success'] ...
[2026-03-24T08:08:08.499+0000] {trigger_dagrun.py:210} INFO - Waiting for 01_extract_anime on 2026-03-24 08:06:58.908915+00:00 to become allowed state ['success'] ...
[2026-03-24T08:08:18.519+0000] {trigger_dagrun.py:210} INFO - Waiting for 01_extract_anime on 2026-03-24 08:06:58.908915+00:00 to become allowed state ['success'] ...
[2026-03-24T08:08:28.538+0000] {trigger_dagrun.py:210} INFO - Waiting for 01_extract_anime on 2026-03-24 08:06:58.908915+00:00 to become allowed state ['success'] ...
[2026-03-24T08:08:38.289+0000] {trigger_dagrun.py:210} INFO - Waiting for 01_extract_anime on 2026-03-24 08:06:58.908915+00:00 to become allowed state ['success'] ...
[2026-03-24T08:08:48.308+0000] {trigger_dagrun.py:210} INFO - Waiting for 01_extract_anime on 2026-03-24 08:06:58.908915+00:00 to become allowed state ['success'] ...
[2026-03-24T08:08:58.327+0000] {trigger_dagrun.py:210} INFO - Waiting for 01_extract_anime on 2026-03-24 08:06:58.908915+00:00 to become allowed state ['success'] ...
[2026-03-24T08:09:07.819+0000] {trigger_dagrun.py:210} INFO - Waiting for 01_extract_anime on 2026-03-24 08:06:58.908915+00:00 to become allowed state ['success'] ...
[2026-03-24T08:09:17.858+0000] {trigger_dagrun.py:210} INFO - Waiting for 01_extract_anime on 2026-03-24 08:06:58.908915+00:00 to become allowed state ['success'] ...
[2026-03-24T08:09:27.879+0000] {trigger_dagrun.py:210} INFO - Waiting for 01_extract_anime on 2026-03-24 08:06:58.908915+00:00 to become allowed state ['success'] ...
[2026-03-24T08:09:37.780+0000] {trigger_dagrun.py:210} INFO - Waiting for 01_extract_anime on 2026-03-24 08:06:58.908915+00:00 to become allowed state ['success'] ...
[2026-03-24T08:09:47.798+0000] {trigger_dagrun.py:210} INFO - Waiting for 01_extract_anime on 2026-03-24 08:06:58.908915+00:00 to become allowed state ['success'] ...
[2026-03-24T08:09:57.817+0000] {trigger_dagrun.py:210} INFO - Waiting for 01_extract_anime on 2026-03-24 08:06:58.908915+00:00 to become allowed state ['success'] ...
[2026-03-24T08:10:07.259+0000] {trigger_dagrun.py:210} INFO - Waiting for 01_extract_anime on 2026-03-24 08:06:58.908915+00:00 to become allowed state ['success'] ...
[2026-03-24T08:10:17.278+0000] {trigger_dagrun.py:210} INFO - Waiting for 01_extract_anime on 2026-03-24 08:06:58.908915+00:00 to become allowed state ['success'] ...
[2026-03-24T08:10:27.298+0000] {trigger_dagrun.py:210} INFO - Waiting for 01_extract_anime on 2026-03-24 08:06:58.908915+00:00 to become allowed state ['success'] ...
[2026-03-24T08:10:36.750+0000] {trigger_dagrun.py:210} INFO - Waiting for 01_extract_anime on 2026-03-24 08:06:58.908915+00:00 to become allowed state ['success'] ...
[2026-03-24T08:10:46.769+0000] {trigger_dagrun.py:210} INFO - Waiting for 01_extract_anime on 2026-03-24 08:06:58.908915+00:00 to become allowed state ['success'] ...
[2026-03-24T08:10:56.789+0000] {trigger_dagrun.py:210} INFO - Waiting for 01_extract_anime on 2026-03-24 08:06:58.908915+00:00 to become allowed state ['success'] ...
[2026-03-24T08:11:06.222+0000] {trigger_dagrun.py:210} INFO - Waiting for 01_extract_anime on 2026-03-24 08:06:58.908915+00:00 to become allowed state ['success'] ...
[2026-03-24T08:11:16.245+0000] {trigger_dagrun.py:210} INFO - Waiting for 01_extract_anime on 2026-03-24 08:06:58.908915+00:00 to become allowed state ['success'] ...
[2026-03-24T08:11:26.265+0000] {trigger_dagrun.py:210} INFO - Waiting for 01_extract_anime on 2026-03-24 08:06:58.908915+00:00 to become allowed state ['success'] ...
[2026-03-24T08:11:35.788+0000] {trigger_dagrun.py:210} INFO - Waiting for 01_extract_anime on 2026-03-24 08:06:58.908915+00:00 to become allowed state ['success'] ...
[2026-03-24T08:11:45.817+0000] {trigger_dagrun.py:210} INFO - Waiting for 01_extract_anime on 2026-03-24 08:06:58.908915+00:00 to become allowed state ['success'] ...
[2026-03-24T08:11:55.842+0000] {trigger_dagrun.py:210} INFO - Waiting for 01_extract_anime on 2026-03-24 08:06:58.908915+00:00 to become allowed state ['success'] ...
[2026-03-24T08:12:05.299+0000] {trigger_dagrun.py:210} INFO - Waiting for 01_extract_anime on 2026-03-24 08:06:58.908915+00:00 to become allowed state ['success'] ...
[2026-03-24T08:12:15.319+0000] {trigger_dagrun.py:210} INFO - Waiting for 01_extract_anime on 2026-03-24 08:06:58.908915+00:00 to become allowed state ['success'] ...
[2026-03-24T08:12:25.340+0000] {trigger_dagrun.py:210} INFO - Waiting for 01_extract_anime on 2026-03-24 08:06:58.908915+00:00 to become allowed state ['success'] ...
[2026-03-24T08:12:35.206+0000] {trigger_dagrun.py:210} INFO - Waiting for 01_extract_anime on 2026-03-24 08:06:58.908915+00:00 to become allowed state ['success'] ...
[2026-03-24T08:12:45.226+0000] {trigger_dagrun.py:210} INFO - Waiting for 01_extract_anime on 2026-03-24 08:06:58.908915+00:00 to become allowed state ['success'] ...
[2026-03-24T08:12:55.246+0000] {trigger_dagrun.py:210} INFO - Waiting for 01_extract_anime on 2026-03-24 08:06:58.908915+00:00 to become allowed state ['success'] ...
[2026-03-24T08:13:04.666+0000] {trigger_dagrun.py:210} INFO - Waiting for 01_extract_anime on 2026-03-24 08:06:58.908915+00:00 to become allowed state ['success'] ...
[2026-03-24T08:13:14.687+0000] {trigger_dagrun.py:210} INFO - Waiting for 01_extract_anime on 2026-03-24 08:06:58.908915+00:00 to become allowed state ['success'] ...
[2026-03-24T08:13:24.713+0000] {trigger_dagrun.py:210} INFO - Waiting for 01_extract_anime on 2026-03-24 08:06:58.908915+00:00 to become allowed state ['success'] ...
[2026-03-24T08:13:34.118+0000] {trigger_dagrun.py:210} INFO - Waiting for 01_extract_anime on 2026-03-24 08:06:58.908915+00:00 to become allowed state ['success'] ...
[2026-03-24T08:13:44.142+0000] {trigger_dagrun.py:210} INFO - Waiting for 01_extract_anime on 2026-03-24 08:06:58.908915+00:00 to become allowed state ['success'] ...
[2026-03-24T08:13:54.164+0000] {trigger_dagrun.py:210} INFO - Waiting for 01_extract_anime on 2026-03-24 08:06:58.908915+00:00 to become allowed state ['success'] ...
[2026-03-24T08:14:04.042+0000] {trigger_dagrun.py:210} INFO - Waiting for 01_extract_anime on 2026-03-24 08:06:58.908915+00:00 to become allowed state ['success'] ...
[2026-03-24T08:14:14.063+0000] {trigger_dagrun.py:210} INFO - Waiting for 01_extract_anime on 2026-03-24 08:06:58.908915+00:00 to become allowed state ['success'] ...
[2026-03-24T08:14:24.089+0000] {trigger_dagrun.py:210} INFO - Waiting for 01_extract_anime on 2026-03-24 08:06:58.908915+00:00 to become allowed state ['success'] ...
[2026-03-24T08:14:33.937+0000] {trigger_dagrun.py:210} INFO - Waiting for 01_extract_anime on 2026-03-24 08:06:58.908915+00:00 to become allowed state ['success'] ...
[2026-03-24T08:14:43.958+0000] {trigger_dagrun.py:210} INFO - Waiting for 01_extract_anime on 2026-03-24 08:06:58.908915+00:00 to become allowed state ['success'] ...
[2026-03-24T08:14:53.977+0000] {trigger_dagrun.py:210} INFO - Waiting for 01_extract_anime on 2026-03-24 08:06:58.908915+00:00 to become allowed state ['success'] ...
[2026-03-24T08:15:03.814+0000] {trigger_dagrun.py:210} INFO - Waiting for 01_extract_anime on 2026-03-24 08:06:58.908915+00:00 to become allowed state ['success'] ...
[2026-03-24T08:15:13.834+0000] {trigger_dagrun.py:210} INFO - Waiting for 01_extract_anime on 2026-03-24 08:06:58.908915+00:00 to become allowed state ['success'] ...
[2026-03-24T08:15:23.856+0000] {trigger_dagrun.py:210} INFO - Waiting for 01_extract_anime on 2026-03-24 08:06:58.908915+00:00 to become allowed state ['success'] ...
[2026-03-24T08:15:33.696+0000] {trigger_dagrun.py:210} INFO - Waiting for 01_extract_anime on 2026-03-24 08:06:58.908915+00:00 to become allowed state ['success'] ...
[2026-03-24T08:15:43.716+0000] {trigger_dagrun.py:210} INFO - Waiting for 01_extract_anime on 2026-03-24 08:06:58.908915+00:00 to become allowed state ['success'] ...
[2026-03-24T08:15:53.735+0000] {trigger_dagrun.py:210} INFO - Waiting for 01_extract_anime on 2026-03-24 08:06:58.908915+00:00 to become allowed state ['success'] ...
[2026-03-24T08:16:03.574+0000] {trigger_dagrun.py:210} INFO - Waiting for 01_extract_anime on 2026-03-24 08:06:58.908915+00:00 to become allowed state ['success'] ...
[2026-03-24T08:16:13.591+0000] {trigger_dagrun.py:210} INFO - Waiting for 01_extract_anime on 2026-03-24 08:06:58.908915+00:00 to become allowed state ['success'] ...
[2026-03-24T08:16:23.611+0000] {trigger_dagrun.py:210} INFO - Waiting for 01_extract_anime on 2026-03-24 08:06:58.908915+00:00 to become allowed state ['success'] ...
[2026-03-24T08:16:33.446+0000] {trigger_dagrun.py:210} INFO - Waiting for 01_extract_anime on 2026-03-24 08:06:58.908915+00:00 to become allowed state ['success'] ...
[2026-03-24T08:16:43.468+0000] {trigger_dagrun.py:210} INFO - Waiting for 01_extract_anime on 2026-03-24 08:06:58.908915+00:00 to become allowed state ['success'] ...
[2026-03-24T08:16:53.491+0000] {trigger_dagrun.py:210} INFO - Waiting for 01_extract_anime on 2026-03-24 08:06:58.908915+00:00 to become allowed state ['success'] ...
[2026-03-24T08:17:03.322+0000] {trigger_dagrun.py:210} INFO - Waiting for 01_extract_anime on 2026-03-24 08:06:58.908915+00:00 to become allowed state ['success'] ...
[2026-03-24T08:17:13.341+0000] {trigger_dagrun.py:210} INFO - Waiting for 01_extract_anime on 2026-03-24 08:06:58.908915+00:00 to become allowed state ['success'] ...
[2026-03-24T08:17:23.366+0000] {trigger_dagrun.py:210} INFO - Waiting for 01_extract_anime on 2026-03-24 08:06:58.908915+00:00 to become allowed state ['success'] ...
[2026-03-24T08:17:33.209+0000] {trigger_dagrun.py:210} INFO - Waiting for 01_extract_anime on 2026-03-24 08:06:58.908915+00:00 to become allowed state ['success'] ...
[2026-03-24T08:17:43.229+0000] {trigger_dagrun.py:210} INFO - Waiting for 01_extract_anime on 2026-03-24 08:06:58.908915+00:00 to become allowed state ['success'] ...
[2026-03-24T08:17:53.248+0000] {trigger_dagrun.py:210} INFO - Waiting for 01_extract_anime on 2026-03-24 08:06:58.908915+00:00 to become allowed state ['success'] ...
[2026-03-24T08:18:03.074+0000] {trigger_dagrun.py:210} INFO - Waiting for 01_extract_anime on 2026-03-24 08:06:58.908915+00:00 to become allowed state ['success'] ...
[2026-03-24T08:18:13.093+0000] {trigger_dagrun.py:210} INFO - Waiting for 01_extract_anime on 2026-03-24 08:06:58.908915+00:00 to become allowed state ['success'] ...
[2026-03-24T08:18:23.112+0000] {trigger_dagrun.py:210} INFO - Waiting for 01_extract_anime on 2026-03-24 08:06:58.908915+00:00 to become allowed state ['success'] ...
